<?xml version="1.0" encoding="UTF-8" ?>
<testsuite failures="3" time="9.703" errors="0" skipped="0" tests="10" name="com.taotao.manage.mapper.ItemMapperTest">
  <properties>
    <property name="java.runtime.name" value="Java(TM) SE Runtime Environment"/>
    <property name="sun.boot.library.path" value="D:\install.exe\jdk_1.7\jre\bin"/>
    <property name="java.vm.version" value="24.60-b09"/>
    <property name="java.vm.vendor" value="Oracle Corporation"/>
    <property name="java.vendor.url" value="http://java.oracle.com/"/>
    <property name="path.separator" value=";"/>
    <property name="guice.disable.misplaced.annotation.check" value="true"/>
    <property name="java.vm.name" value="Java HotSpot(TM) 64-Bit Server VM"/>
    <property name="file.encoding.pkg" value="sun.io"/>
    <property name="user.script" value=""/>
    <property name="user.country" value="CN"/>
    <property name="sun.java.launcher" value="SUN_STANDARD"/>
    <property name="sun.os.patch.level" value="Service Pack 1"/>
    <property name="java.vm.specification.name" value="Java Virtual Machine Specification"/>
    <property name="user.dir" value="D:\work0326\eclipse-workspace\taotao-manage"/>
    <property name="java.runtime.version" value="1.7.0_60-ea-b15"/>
    <property name="java.awt.graphicsenv" value="sun.awt.Win32GraphicsEnvironment"/>
    <property name="java.endorsed.dirs" value="D:\install.exe\jdk_1.7\jre\lib\endorsed"/>
    <property name="os.arch" value="amd64"/>
    <property name="java.io.tmpdir" value="C:\Users\ADMINI~1\AppData\Local\Temp\"/>
    <property name="line.separator" value="
"/>
    <property name="java.vm.specification.vendor" value="Oracle Corporation"/>
    <property name="user.variant" value=""/>
    <property name="os.name" value="Windows 7"/>
    <property name="classworlds.conf" value="D:\work0326\eclipse-workspace\.metadata\.plugins\org.eclipse.m2e.launching\launches\m2conf6673155700137628926.tmp"/>
    <property name="sun.jnu.encoding" value="GBK"/>
    <property name="java.library.path" value="D:\install.exe\jdk_1.7\bin;C:\Windows\Sun\Java\bin;C:\Windows\system32;C:\Windows;C:\Program Files (x86)\NVIDIA Corporation\PhysX\Common;C:\Windows\system32;C:\Windows;C:\Windows\System32\Wbem;C:\Windows\System32\WindowsPowerShell\v1.0\;D:\install.exe\jdk_1.7\bin;D:\install.exe\jdk_1.7\jre\bin;D:\install.exe\tomcat\lib;D:\install.exe\tomcat\bin;D:\install.exe\mysql5.5\bin;D:\install.exe\DB\instantclient-sqlplus-nt-12.1.0.2.0\instantclient_12_1;D:\install.exe\apache-cxf-3.0.1\bin;D:\install.exe\apache-maven-3.1.1\bin;D:\install.exe\Subversion\bin;D:\install.exe\TortoiseSVN\bin;D:\install.exe\jre7\bin;."/>
    <property name="java.specification.name" value="Java Platform API Specification"/>
    <property name="java.class.version" value="51.0"/>
    <property name="sun.management.compiler" value="HotSpot 64-Bit Tiered Compilers"/>
    <property name="os.version" value="6.1"/>
    <property name="user.home" value="C:\Users\Administrator"/>
    <property name="user.timezone" value="Asia/Shanghai"/>
    <property name="java.awt.printerjob" value="sun.awt.windows.WPrinterJob"/>
    <property name="java.specification.version" value="1.7"/>
    <property name="file.encoding" value="UTF-8"/>
    <property name="user.name" value="Administrator"/>
    <property name="java.class.path" value="D:\work0326\apache-maven-3.2.3\boot\plexus-classworlds-2.5.1.jar"/>
    <property name="java.vm.specification.version" value="1.7"/>
    <property name="sun.arch.data.model" value="64"/>
    <property name="java.home" value="D:\install.exe\jdk_1.7\jre"/>
    <property name="sun.java.command" value="org.codehaus.plexus.classworlds.launcher.Launcher -B -s D:\work0326\apache-maven-3.2.3\conf\settings.xml install"/>
    <property name="java.specification.vendor" value="Oracle Corporation"/>
    <property name="user.language" value="zh"/>
    <property name="awt.toolkit" value="sun.awt.windows.WToolkit"/>
    <property name="java.vm.info" value="mixed mode"/>
    <property name="java.version" value="1.7.0_60-ea"/>
    <property name="java.ext.dirs" value="D:\install.exe\jdk_1.7\jre\lib\ext;C:\Windows\Sun\Java\lib\ext"/>
    <property name="sun.boot.class.path" value="D:\install.exe\jdk_1.7\jre\lib\resources.jar;D:\install.exe\jdk_1.7\jre\lib\rt.jar;D:\install.exe\jdk_1.7\jre\lib\sunrsasign.jar;D:\install.exe\jdk_1.7\jre\lib\jsse.jar;D:\install.exe\jdk_1.7\jre\lib\jce.jar;D:\install.exe\jdk_1.7\jre\lib\charsets.jar;D:\install.exe\jdk_1.7\jre\lib\jfr.jar;D:\install.exe\jdk_1.7\jre\classes"/>
    <property name="java.vendor" value="Oracle Corporation"/>
    <property name="maven.home" value="D:\work0326\apache-maven-3.2.3"/>
    <property name="file.separator" value="\"/>
    <property name="java.vendor.url.bug" value="http://bugreport.sun.com/bugreport/"/>
    <property name="sun.cpu.endian" value="little"/>
    <property name="sun.io.unicode.encoding" value="UnicodeLittle"/>
    <property name="sun.desktop" value="windows"/>
    <property name="sun.cpu.isalist" value="amd64"/>
  </properties>
  <testcase time="5.397" classname="com.taotao.manage.mapper.ItemMapperTest" name="testSelect"/>
  <testcase time="0.946" classname="com.taotao.manage.mapper.ItemMapperTest" name="testInsert"/>
  <testcase time="0.489" classname="com.taotao.manage.mapper.ItemMapperTest" name="testDelete"/>
  <testcase time="0.476" classname="com.taotao.manage.mapper.ItemMapperTest" name="testSelectCount"/>
  <testcase time="0.459" classname="com.taotao.manage.mapper.ItemMapperTest" name="testSelectByPrimaryKey"/>
  <testcase time="0.496" classname="com.taotao.manage.mapper.ItemMapperTest" name="testInsertSelective"/>
  <testcase time="0.454" classname="com.taotao.manage.mapper.ItemMapperTest" name="testDeleteByIDS"/>
  <testcase time="0.348" classname="com.taotao.manage.mapper.ItemMapperTest" name="testDeleteByPrimaryKey">
    <failure message="Not yet implemented" type="java.lang.AssertionError">java.lang.AssertionError: Not yet implemented
	at org.junit.Assert.fail(Assert.java:93)
	at com.taotao.manage.mapper.ItemMapperTest.testDeleteByPrimaryKey(ItemMapperTest.java:88)
	at sun.reflect.NativeMethodAccessorImpl.invoke0(Native Method)
	at sun.reflect.NativeMethodAccessorImpl.invoke(NativeMethodAccessorImpl.java:57)
	at sun.reflect.DelegatingMethodAccessorImpl.invoke(DelegatingMethodAccessorImpl.java:43)
	at java.lang.reflect.Method.invoke(Method.java:606)
	at org.junit.runners.model.FrameworkMethod$1.runReflectiveCall(FrameworkMethod.java:45)
	at org.junit.internal.runners.model.ReflectiveCallable.run(ReflectiveCallable.java:15)
	at org.junit.runners.model.FrameworkMethod.invokeExplosively(FrameworkMethod.java:42)
	at org.junit.internal.runners.statements.InvokeMethod.evaluate(InvokeMethod.java:20)
	at org.junit.internal.runners.statements.RunBefores.evaluate(RunBefores.java:28)
	at org.junit.runners.ParentRunner.runLeaf(ParentRunner.java:263)
	at org.junit.runners.BlockJUnit4ClassRunner.runChild(BlockJUnit4ClassRunner.java:68)
	at org.junit.runners.BlockJUnit4ClassRunner.runChild(BlockJUnit4ClassRunner.java:47)
	at org.junit.runners.ParentRunner$3.run(ParentRunner.java:231)
	at org.junit.runners.ParentRunner$1.schedule(ParentRunner.java:60)
	at org.junit.runners.ParentRunner.runChildren(ParentRunner.java:229)
	at org.junit.runners.ParentRunner.access$000(ParentRunner.java:50)
	at org.junit.runners.ParentRunner$2.evaluate(ParentRunner.java:222)
	at org.junit.runners.ParentRunner.run(ParentRunner.java:300)
	at org.apache.maven.surefire.junit4.JUnit4Provider.execute(JUnit4Provider.java:252)
	at org.apache.maven.surefire.junit4.JUnit4Provider.executeTestSet(JUnit4Provider.java:141)
	at org.apache.maven.surefire.junit4.JUnit4Provider.invoke(JUnit4Provider.java:112)
	at sun.reflect.NativeMethodAccessorImpl.invoke0(Native Method)
	at sun.reflect.NativeMethodAccessorImpl.invoke(NativeMethodAccessorImpl.java:57)
	at sun.reflect.DelegatingMethodAccessorImpl.invoke(DelegatingMethodAccessorImpl.java:43)
	at java.lang.reflect.Method.invoke(Method.java:606)
	at org.apache.maven.surefire.util.ReflectionUtils.invokeMethodWithArray(ReflectionUtils.java:189)
	at org.apache.maven.surefire.booter.ProviderFactory$ProviderProxy.invoke(ProviderFactory.java:165)
	at org.apache.maven.surefire.booter.ProviderFactory.invokeProvider(ProviderFactory.java:85)
	at org.apache.maven.surefire.booter.ForkedBooter.runSuitesInProcess(ForkedBooter.java:115)
	at org.apache.maven.surefire.booter.ForkedBooter.main(ForkedBooter.java:75)
</failure>
    <system-out>2015-04-04 18:11:12,112 [main] [org.springframework.core.env.StandardEnvironment]-[DEBUG] Adding [systemProperties] PropertySource with lowest search precedence
2015-04-04 18:11:12,112 [main] [org.springframework.core.env.StandardEnvironment]-[DEBUG] Adding [systemEnvironment] PropertySource with lowest search precedence
2015-04-04 18:11:12,112 [main] [org.springframework.core.env.StandardEnvironment]-[DEBUG] Initialized StandardEnvironment with PropertySources [systemProperties,systemEnvironment]
2015-04-04 18:11:12,112 [main] [org.springframework.context.support.ClassPathXmlApplicationContext]-[INFO] Refreshing org.springframework.context.support.ClassPathXmlApplicationContext@3af54caa: startup date [Sat Apr 04 18:11:12 CST 2015]; root of context hierarchy
2015-04-04 18:11:12,113 [main] [org.springframework.core.env.StandardEnvironment]-[DEBUG] Adding [systemProperties] PropertySource with lowest search precedence
2015-04-04 18:11:12,113 [main] [org.springframework.core.env.StandardEnvironment]-[DEBUG] Adding [systemEnvironment] PropertySource with lowest search precedence
2015-04-04 18:11:12,113 [main] [org.springframework.core.env.StandardEnvironment]-[DEBUG] Initialized StandardEnvironment with PropertySources [systemProperties,systemEnvironment]
2015-04-04 18:11:12,113 [main] [org.springframework.core.io.support.PathMatchingResourcePatternResolver]-[DEBUG] Looking for matching resources in directory tree [D:\work0326\eclipse-workspace\taotao-manage\taotao-manage-web\target\classes\spring]
2015-04-04 18:11:12,113 [main] [org.springframework.core.io.support.PathMatchingResourcePatternResolver]-[DEBUG] Searching directory [D:\work0326\eclipse-workspace\taotao-manage\taotao-manage-web\target\classes\spring] for files matching pattern [D:/work0326/eclipse-workspace/taotao-manage/taotao-manage-web/target/classes/spring/applicationContext*.xml]
2015-04-04 18:11:12,114 [main] [org.springframework.core.io.support.PathMatchingResourcePatternResolver]-[DEBUG] Resolved location pattern [spring/applicationContext*.xml] to resources [file [D:\work0326\eclipse-workspace\taotao-manage\taotao-manage-web\target\classes\spring\applicationContext-mybatis.xml], file [D:\work0326\eclipse-workspace\taotao-manage\taotao-manage-web\target\classes\spring\applicationContext-transaction.xml], file [D:\work0326\eclipse-workspace\taotao-manage\taotao-manage-web\target\classes\spring\applicationContext.xml]]
2015-04-04 18:11:12,114 [main] [org.springframework.beans.factory.xml.XmlBeanDefinitionReader]-[INFO] Loading XML bean definitions from file [D:\work0326\eclipse-workspace\taotao-manage\taotao-manage-web\target\classes\spring\applicationContext-mybatis.xml]
2015-04-04 18:11:12,115 [main] [org.springframework.beans.factory.xml.DefaultDocumentLoader]-[DEBUG] Using JAXP provider [com.sun.org.apache.xerces.internal.jaxp.DocumentBuilderFactoryImpl]
2015-04-04 18:11:12,116 [main] [org.springframework.beans.factory.xml.PluggableSchemaResolver]-[DEBUG] Loading schema mappings from [META-INF/spring.schemas]
2015-04-04 18:11:12,118 [main] [org.springframework.beans.factory.xml.PluggableSchemaResolver]-[DEBUG] Loaded schema mappings: {http://www.springframework.org/schema/tx/spring-tx-2.5.xsd=org/springframework/transaction/config/spring-tx-2.5.xsd, http://www.springframework.org/schema/aop/spring-aop-4.1.xsd=org/springframework/aop/config/spring-aop-4.1.xsd, http://www.springframework.org/schema/context/spring-context-3.1.xsd=org/springframework/context/config/spring-context-3.1.xsd, http://www.springframework.org/schema/jdbc/spring-jdbc-4.1.xsd=org/springframework/jdbc/config/spring-jdbc-4.1.xsd, http://www.springframework.org/schema/util/spring-util-3.0.xsd=org/springframework/beans/factory/xml/spring-util-3.0.xsd, http://www.springframework.org/schema/mvc/spring-mvc-4.1.xsd=org/springframework/web/servlet/config/spring-mvc-4.1.xsd, http://www.springframework.org/schema/tool/spring-tool.xsd=org/springframework/beans/factory/xml/spring-tool-4.1.xsd, http://www.springframework.org/schema/aop/spring-aop-3.2.xsd=org/springframework/aop/config/spring-aop-3.2.xsd, http://mybatis.org/schema/mybatis-spring-1.2.xsd=org/mybatis/spring/config/mybatis-spring-1.2.xsd, http://www.springframework.org/schema/lang/spring-lang-4.1.xsd=org/springframework/scripting/config/spring-lang-4.1.xsd, http://www.springframework.org/schema/context/spring-context-4.0.xsd=org/springframework/context/config/spring-context-4.0.xsd, http://www.springframework.org/schema/mvc/spring-mvc-3.2.xsd=org/springframework/web/servlet/config/spring-mvc-3.2.xsd, http://www.springframework.org/schema/tool/spring-tool-4.1.xsd=org/springframework/beans/factory/xml/spring-tool-4.1.xsd, http://www.springframework.org/schema/lang/spring-lang-3.2.xsd=org/springframework/scripting/config/spring-lang-3.2.xsd, http://www.springframework.org/schema/cache/spring-cache-3.2.xsd=org/springframework/cache/config/spring-cache-3.2.xsd, http://www.springframework.org/schema/jee/spring-jee-4.1.xsd=org/springframework/ejb/config/spring-jee-4.1.xsd, http://www.springframework.org/schema/jdbc/spring-jdbc-3.1.xsd=org/springframework/jdbc/config/spring-jdbc-3.1.xsd, http://www.springframework.org/schema/util/spring-util-2.0.xsd=org/springframework/beans/factory/xml/spring-util-2.0.xsd, http://www.springframework.org/schema/tool/spring-tool-3.2.xsd=org/springframework/beans/factory/xml/spring-tool-3.2.xsd, http://www.springframework.org/schema/context/spring-context.xsd=org/springframework/context/config/spring-context-4.1.xsd, http://www.springframework.org/schema/cache/spring-cache-4.1.xsd=org/springframework/cache/config/spring-cache-4.1.xsd, http://www.springframework.org/schema/aop/spring-aop-4.0.xsd=org/springframework/aop/config/spring-aop-4.0.xsd, http://www.springframework.org/schema/jee/spring-jee-3.2.xsd=org/springframework/ejb/config/spring-jee-3.2.xsd, http://www.springframework.org/schema/context/spring-context-3.0.xsd=org/springframework/context/config/spring-context-3.0.xsd, http://www.springframework.org/schema/jdbc/spring-jdbc-4.0.xsd=org/springframework/jdbc/config/spring-jdbc-4.0.xsd, http://www.springframework.org/schema/util/spring-util-2.5.xsd=org/springframework/beans/factory/xml/spring-util-2.5.xsd, http://www.springframework.org/schema/mvc/spring-mvc-4.0.xsd=org/springframework/web/servlet/config/spring-mvc-4.0.xsd, http://www.springframework.org/schema/beans/spring-beans-3.2.xsd=org/springframework/beans/factory/xml/spring-beans-3.2.xsd, http://www.springframework.org/schema/aop/spring-aop-3.1.xsd=org/springframework/aop/config/spring-aop-3.1.xsd, http://www.springframework.org/schema/lang/spring-lang-4.0.xsd=org/springframework/scripting/config/spring-lang-4.0.xsd, http://www.springframework.org/schema/mvc/spring-mvc.xsd=org/springframework/web/servlet/config/spring-mvc-4.1.xsd, http://www.springframework.org/schema/mvc/spring-mvc-3.1.xsd=org/springframework/web/servlet/config/spring-mvc-3.1.xsd, http://www.springframework.org/schema/beans/spring-beans-4.1.xsd=org/springframework/beans/factory/xml/spring-beans-4.1.xsd, http://www.springframework.org/schema/tool/spring-tool-4.0.xsd=org/springframework/beans/factory/xml/spring-tool-4.0.xsd, http://www.springframework.org/schema/lang/spring-lang-3.1.xsd=org/springframework/scripting/config/spring-lang-3.1.xsd, http://www.springframework.org/schema/tx/spring-tx-3.2.xsd=org/springframework/transaction/config/spring-tx-3.2.xsd, http://www.springframework.org/schema/cache/spring-cache-3.1.xsd=org/springframework/cache/config/spring-cache-3.1.xsd, http://www.springframework.org/schema/jee/spring-jee-4.0.xsd=org/springframework/ejb/config/spring-jee-4.0.xsd, http://www.springframework.org/schema/jdbc/spring-jdbc-3.0.xsd=org/springframework/jdbc/config/spring-jdbc-3.0.xsd, http://www.springframework.org/schema/task/spring-task-4.1.xsd=org/springframework/scheduling/config/spring-task-4.1.xsd, http://www.springframework.org/schema/tool/spring-tool-3.1.xsd=org/springframework/beans/factory/xml/spring-tool-3.1.xsd, http://www.springframework.org/schema/jdbc/spring-jdbc.xsd=org/springframework/jdbc/config/spring-jdbc-4.1.xsd, http://www.springframework.org/schema/tx/spring-tx-4.1.xsd=org/springframework/transaction/config/spring-tx-4.1.xsd, http://www.springframework.org/schema/cache/spring-cache-4.0.xsd=org/springframework/cache/config/spring-cache-4.0.xsd, http://www.springframework.org/schema/jee/spring-jee-3.1.xsd=org/springframework/ejb/config/spring-jee-3.1.xsd, http://www.springframework.org/schema/task/spring-task-3.2.xsd=org/springframework/scheduling/config/spring-task-3.2.xsd, http://www.springframework.org/schema/beans/spring-beans-3.1.xsd=org/springframework/beans/factory/xml/spring-beans-3.1.xsd, http://www.springframework.org/schema/util/spring-util.xsd=org/springframework/beans/factory/xml/spring-util-4.1.xsd, http://www.springframework.org/schema/aop/spring-aop-3.0.xsd=org/springframework/aop/config/spring-aop-3.0.xsd, http://www.springframework.org/schema/mvc/spring-mvc-3.0.xsd=org/springframework/web/servlet/config/spring-mvc-3.0.xsd, http://www.springframework.org/schema/beans/spring-beans-4.0.xsd=org/springframework/beans/factory/xml/spring-beans-4.0.xsd, http://www.springframework.org/schema/beans/spring-beans.xsd=org/springframework/beans/factory/xml/spring-beans-4.1.xsd, http://www.springframework.org/schema/lang/spring-lang-3.0.xsd=org/springframework/scripting/config/spring-lang-3.0.xsd, http://www.springframework.org/schema/tx/spring-tx-3.1.xsd=org/springframework/transaction/config/spring-tx-3.1.xsd, http://mybatis.org/schema/mybatis-spring.xsd=org/mybatis/spring/config/mybatis-spring-1.2.xsd, http://www.springframework.org/schema/context/spring-context-2.5.xsd=org/springframework/context/config/spring-context-2.5.xsd, http://www.springframework.org/schema/task/spring-task-4.0.xsd=org/springframework/scheduling/config/spring-task-4.0.xsd, http://www.springframework.org/schema/tool/spring-tool-3.0.xsd=org/springframework/beans/factory/xml/spring-tool-3.0.xsd, http://www.springframework.org/schema/tx/spring-tx-4.0.xsd=org/springframework/transaction/config/spring-tx-4.0.xsd, http://www.springframework.org/schema/aop/spring-aop-2.0.xsd=org/springframework/aop/config/spring-aop-2.0.xsd, http://www.springframework.org/schema/jee/spring-jee-3.0.xsd=org/springframework/ejb/config/spring-jee-3.0.xsd, http://www.springframework.org/schema/util/spring-util-4.1.xsd=org/springframework/beans/factory/xml/spring-util-4.1.xsd, http://www.springframework.org/schema/task/spring-task-3.1.xsd=org/springframework/scheduling/config/spring-task-3.1.xsd, http://www.springframework.org/schema/beans/spring-beans-3.0.xsd=org/springframework/beans/factory/xml/spring-beans-3.0.xsd, http://www.springframework.org/schema/jee/spring-jee.xsd=org/springframework/ejb/config/spring-jee-4.1.xsd, http://www.springframework.org/schema/aop/spring-aop-2.5.xsd=org/springframework/aop/config/spring-aop-2.5.xsd, http://www.springframework.org/schema/lang/spring-lang-2.0.xsd=org/springframework/scripting/config/spring-lang-2.0.xsd, http://www.springframework.org/schema/util/spring-util-3.2.xsd=org/springframework/beans/factory/xml/spring-util-3.2.xsd, http://www.springframework.org/schema/task/spring-task.xsd=org/springframework/scheduling/config/spring-task-4.1.xsd, http://www.springframework.org/schema/tool/spring-tool-2.0.xsd=org/springframework/beans/factory/xml/spring-tool-2.0.xsd, http://www.springframework.org/schema/tx/spring-tx-3.0.xsd=org/springframework/transaction/config/spring-tx-3.0.xsd, http://www.springframework.org/schema/lang/spring-lang-2.5.xsd=org/springframework/scripting/config/spring-lang-2.5.xsd, http://www.springframework.org/schema/jee/spring-jee-2.0.xsd=org/springframework/ejb/config/spring-jee-2.0.xsd, http://www.springframework.org/schema/tool/spring-tool-2.5.xsd=org/springframework/beans/factory/xml/spring-tool-2.5.xsd, http://www.springframework.org/schema/jee/spring-jee-2.5.xsd=org/springframework/ejb/config/spring-jee-2.5.xsd, http://www.springframework.org/schema/util/spring-util-4.0.xsd=org/springframework/beans/factory/xml/spring-util-4.0.xsd, http://www.springframework.org/schema/task/spring-task-3.0.xsd=org/springframework/scheduling/config/spring-task-3.0.xsd, http://www.springframework.org/schema/lang/spring-lang.xsd=org/springframework/scripting/config/spring-lang-4.1.xsd, http://www.springframework.org/schema/context/spring-context-3.2.xsd=org/springframework/context/config/spring-context-3.2.xsd, http://www.springframework.org/schema/util/spring-util-3.1.xsd=org/springframework/beans/factory/xml/spring-util-3.1.xsd, http://www.springframework.org/schema/beans/spring-beans-2.0.xsd=org/springframework/beans/factory/xml/spring-beans-2.0.xsd, http://www.springframework.org/schema/cache/spring-cache.xsd=org/springframework/cache/config/spring-cache-4.1.xsd, http://www.springframework.org/schema/tx/spring-tx.xsd=org/springframework/transaction/config/spring-tx-4.1.xsd, http://www.springframework.org/schema/context/spring-context-4.1.xsd=org/springframework/context/config/spring-context-4.1.xsd, http://www.springframework.org/schema/beans/spring-beans-2.5.xsd=org/springframework/beans/factory/xml/spring-beans-2.5.xsd, http://www.springframework.org/schema/tx/spring-tx-2.0.xsd=org/springframework/transaction/config/spring-tx-2.0.xsd, http://www.springframework.org/schema/jdbc/spring-jdbc-3.2.xsd=org/springframework/jdbc/config/spring-jdbc-3.2.xsd, http://www.springframework.org/schema/aop/spring-aop.xsd=org/springframework/aop/config/spring-aop-4.1.xsd}
2015-04-04 18:11:12,119 [main] [org.springframework.beans.factory.xml.PluggableSchemaResolver]-[DEBUG] Found XML schema [http://www.springframework.org/schema/beans/spring-beans-4.0.xsd] in classpath: org/springframework/beans/factory/xml/spring-beans-4.0.xsd
2015-04-04 18:11:12,124 [main] [org.springframework.beans.factory.xml.DefaultBeanDefinitionDocumentReader]-[DEBUG] Loading bean definitions
2015-04-04 18:11:12,125 [main] [org.springframework.beans.factory.xml.BeanDefinitionParserDelegate]-[DEBUG] Neither XML &apos;id&apos; nor &apos;name&apos; specified - using generated bean name [org.mybatis.spring.mapper.MapperScannerConfigurer#0]
2015-04-04 18:11:12,126 [main] [org.springframework.beans.factory.xml.XmlBeanDefinitionReader]-[INFO] Loading XML bean definitions from file [D:\work0326\eclipse-workspace\taotao-manage\taotao-manage-web\target\classes\spring\applicationContext-transaction.xml]
2015-04-04 18:11:12,126 [main] [org.springframework.beans.factory.xml.DefaultDocumentLoader]-[DEBUG] Using JAXP provider [com.sun.org.apache.xerces.internal.jaxp.DocumentBuilderFactoryImpl]
2015-04-04 18:11:12,128 [main] [org.springframework.beans.factory.xml.PluggableSchemaResolver]-[DEBUG] Found XML schema [http://www.springframework.org/schema/beans/spring-beans-4.0.xsd] in classpath: org/springframework/beans/factory/xml/spring-beans-4.0.xsd
2015-04-04 18:11:12,133 [main] [org.springframework.beans.factory.xml.PluggableSchemaResolver]-[DEBUG] Found XML schema [http://www.springframework.org/schema/tx/spring-tx-4.0.xsd] in classpath: org/springframework/transaction/config/spring-tx-4.0.xsd
2015-04-04 18:11:12,134 [main] [org.springframework.beans.factory.xml.PluggableSchemaResolver]-[DEBUG] Found XML schema [http://www.springframework.org/schema/tool/spring-tool-4.0.xsd] in classpath: org/springframework/beans/factory/xml/spring-tool-4.0.xsd
2015-04-04 18:11:12,137 [main] [org.springframework.beans.factory.xml.PluggableSchemaResolver]-[DEBUG] Found XML schema [http://www.springframework.org/schema/aop/spring-aop-4.0.xsd] in classpath: org/springframework/aop/config/spring-aop-4.0.xsd
2015-04-04 18:11:12,139 [main] [org.springframework.beans.factory.xml.DefaultBeanDefinitionDocumentReader]-[DEBUG] Loading bean definitions
2015-04-04 18:11:12,141 [main] [org.springframework.beans.factory.xml.DefaultNamespaceHandlerResolver]-[DEBUG] Loaded NamespaceHandler mappings: {http://www.springframework.org/schema/p=org.springframework.beans.factory.xml.SimplePropertyNamespaceHandler, http://www.springframework.org/schema/mvc=org.springframework.web.servlet.config.MvcNamespaceHandler, http://www.springframework.org/schema/util=org.springframework.beans.factory.xml.UtilNamespaceHandler, http://www.springframework.org/schema/jee=org.springframework.ejb.config.JeeNamespaceHandler, http://www.springframework.org/schema/aop=org.springframework.aop.config.AopNamespaceHandler, http://www.springframework.org/schema/jdbc=org.springframework.jdbc.config.JdbcNamespaceHandler, http://www.springframework.org/schema/cache=org.springframework.cache.config.CacheNamespaceHandler, http://mybatis.org/schema/mybatis-spring=org.mybatis.spring.config.NamespaceHandler, http://www.springframework.org/schema/c=org.springframework.beans.factory.xml.SimpleConstructorNamespaceHandler, http://www.springframework.org/schema/tx=org.springframework.transaction.config.TxNamespaceHandler, http://www.springframework.org/schema/task=org.springframework.scheduling.config.TaskNamespaceHandler, http://www.springframework.org/schema/lang=org.springframework.scripting.config.LangNamespaceHandler, http://www.springframework.org/schema/context=org.springframework.context.config.ContextNamespaceHandler}
2015-04-04 18:11:12,142 [main] [org.springframework.beans.factory.xml.XmlBeanDefinitionReader]-[INFO] Loading XML bean definitions from file [D:\work0326\eclipse-workspace\taotao-manage\taotao-manage-web\target\classes\spring\applicationContext.xml]
2015-04-04 18:11:12,143 [main] [org.springframework.beans.factory.xml.DefaultDocumentLoader]-[DEBUG] Using JAXP provider [com.sun.org.apache.xerces.internal.jaxp.DocumentBuilderFactoryImpl]
2015-04-04 18:11:12,144 [main] [org.springframework.beans.factory.xml.PluggableSchemaResolver]-[DEBUG] Found XML schema [http://www.springframework.org/schema/beans/spring-beans-4.0.xsd] in classpath: org/springframework/beans/factory/xml/spring-beans-4.0.xsd
2015-04-04 18:11:12,152 [main] [org.springframework.beans.factory.xml.PluggableSchemaResolver]-[DEBUG] Found XML schema [http://www.springframework.org/schema/context/spring-context-4.0.xsd] in classpath: org/springframework/context/config/spring-context-4.0.xsd
2015-04-04 18:11:12,154 [main] [org.springframework.beans.factory.xml.PluggableSchemaResolver]-[DEBUG] Found XML schema [http://www.springframework.org/schema/tool/spring-tool-4.0.xsd] in classpath: org/springframework/beans/factory/xml/spring-tool-4.0.xsd
2015-04-04 18:11:12,159 [main] [org.springframework.beans.factory.xml.DefaultBeanDefinitionDocumentReader]-[DEBUG] Loading bean definitions
2015-04-04 18:11:12,160 [main] [org.springframework.beans.factory.xml.BeanDefinitionParserDelegate]-[DEBUG] Neither XML &apos;id&apos; nor &apos;name&apos; specified - using generated bean name [org.springframework.beans.factory.config.PropertyPlaceholderConfigurer#0]
2015-04-04 18:11:12,161 [main] [org.springframework.core.env.StandardEnvironment]-[DEBUG] Adding [systemProperties] PropertySource with lowest search precedence
2015-04-04 18:11:12,161 [main] [org.springframework.core.env.StandardEnvironment]-[DEBUG] Adding [systemEnvironment] PropertySource with lowest search precedence
2015-04-04 18:11:12,162 [main] [org.springframework.core.env.StandardEnvironment]-[DEBUG] Initialized StandardEnvironment with PropertySources [systemProperties,systemEnvironment]
2015-04-04 18:11:12,163 [main] [org.springframework.core.io.support.PathMatchingResourcePatternResolver]-[DEBUG] Looking for matching resources in directory tree [D:\work0326\eclipse-workspace\taotao-manage\taotao-manage-web\target\test-classes\com\taotao]
2015-04-04 18:11:12,164 [main] [org.springframework.core.io.support.PathMatchingResourcePatternResolver]-[DEBUG] Searching directory [D:\work0326\eclipse-workspace\taotao-manage\taotao-manage-web\target\test-classes\com\taotao] for files matching pattern [D:/work0326/eclipse-workspace/taotao-manage/taotao-manage-web/target/test-classes/com/taotao/**/*.class]
2015-04-04 18:11:12,164 [main] [org.springframework.core.io.support.PathMatchingResourcePatternResolver]-[DEBUG] Searching directory [D:\work0326\eclipse-workspace\taotao-manage\taotao-manage-web\target\test-classes\com\taotao\manage] for files matching pattern [D:/work0326/eclipse-workspace/taotao-manage/taotao-manage-web/target/test-classes/com/taotao/**/*.class]
2015-04-04 18:11:12,164 [main] [org.springframework.core.io.support.PathMatchingResourcePatternResolver]-[DEBUG] Searching directory [D:\work0326\eclipse-workspace\taotao-manage\taotao-manage-web\target\test-classes\com\taotao\manage\mapper] for files matching pattern [D:/work0326/eclipse-workspace/taotao-manage/taotao-manage-web/target/test-classes/com/taotao/**/*.class]
2015-04-04 18:11:12,165 [main] [org.springframework.core.io.support.PathMatchingResourcePatternResolver]-[DEBUG] Looking for matching resources in directory tree [D:\work0326\eclipse-workspace\taotao-manage\taotao-manage-web\target\classes\com\taotao]
2015-04-04 18:11:12,165 [main] [org.springframework.core.io.support.PathMatchingResourcePatternResolver]-[DEBUG] Searching directory [D:\work0326\eclipse-workspace\taotao-manage\taotao-manage-web\target\classes\com\taotao] for files matching pattern [D:/work0326/eclipse-workspace/taotao-manage/taotao-manage-web/target/classes/com/taotao/**/*.class]
2015-04-04 18:11:12,165 [main] [org.springframework.core.io.support.PathMatchingResourcePatternResolver]-[DEBUG] Searching directory [D:\work0326\eclipse-workspace\taotao-manage\taotao-manage-web\target\classes\com\taotao\manage] for files matching pattern [D:/work0326/eclipse-workspace/taotao-manage/taotao-manage-web/target/classes/com/taotao/**/*.class]
2015-04-04 18:11:12,165 [main] [org.springframework.core.io.support.PathMatchingResourcePatternResolver]-[DEBUG] Searching directory [D:\work0326\eclipse-workspace\taotao-manage\taotao-manage-web\target\classes\com\taotao\manage\controller] for files matching pattern [D:/work0326/eclipse-workspace/taotao-manage/taotao-manage-web/target/classes/com/taotao/**/*.class]
2015-04-04 18:11:12,166 [main] [org.springframework.core.io.support.PathMatchingResourcePatternResolver]-[DEBUG] Searching directory [D:\work0326\eclipse-workspace\taotao-manage\taotao-manage-web\target\classes\com\taotao\manage\controller\web] for files matching pattern [D:/work0326/eclipse-workspace/taotao-manage/taotao-manage-web/target/classes/com/taotao/**/*.class]
2015-04-04 18:11:12,167 [main] [org.springframework.core.io.support.PathMatchingResourcePatternResolver]-[DEBUG] Looking for matching resources in jar file [file:/D:/work0326/eclipse-workspace/taotao-manage/taotao-manage-service/target/taotao-manage-service.jar]
2015-04-04 18:11:12,168 [main] [org.springframework.core.io.support.PathMatchingResourcePatternResolver]-[DEBUG] Looking for matching resources in jar file [file:/D:/work0326/eclipse-workspace/taotao-manage/taotao-manage-mapper/target/taotao-manage-mapper.jar]
2015-04-04 18:11:12,169 [main] [org.springframework.core.io.support.PathMatchingResourcePatternResolver]-[DEBUG] Looking for matching resources in jar file [file:/D:/work0326/eclipse-workspace/taotao-manage/taotao-manage-pojo/target/taotao-manage-pojo.jar]
2015-04-04 18:11:12,170 [main] [org.springframework.core.io.support.PathMatchingResourcePatternResolver]-[DEBUG] Looking for matching resources in jar file [file:/D:/work0326/repository/com/taotao/common/taotao-common/1.0.0-SNAPSHOT/taotao-common-1.0.0-SNAPSHOT.jar]
2015-04-04 18:11:12,171 [main] [org.springframework.core.io.support.PathMatchingResourcePatternResolver]-[DEBUG] Resolved location pattern [classpath*:com/taotao/**/*.class] to resources [file [D:\work0326\eclipse-workspace\taotao-manage\taotao-manage-web\target\test-classes\com\taotao\manage\mapper\ItemMapperTest.class], file [D:\work0326\eclipse-workspace\taotao-manage\taotao-manage-web\target\classes\com\taotao\manage\controller\ContentCategoryController.class], file [D:\work0326\eclipse-workspace\taotao-manage\taotao-manage-web\target\classes\com\taotao\manage\controller\ContentController.class], file [D:\work0326\eclipse-workspace\taotao-manage\taotao-manage-web\target\classes\com\taotao\manage\controller\ItemCatController.class], file [D:\work0326\eclipse-workspace\taotao-manage\taotao-manage-web\target\classes\com\taotao\manage\controller\ItemController.class], file [D:\work0326\eclipse-workspace\taotao-manage\taotao-manage-web\target\classes\com\taotao\manage\controller\ItemParamController.class], file [D:\work0326\eclipse-workspace\taotao-manage\taotao-manage-web\target\classes\com\taotao\manage\controller\PageController.class], file [D:\work0326\eclipse-workspace\taotao-manage\taotao-manage-web\target\classes\com\taotao\manage\controller\PicUploadController.class], file [D:\work0326\eclipse-workspace\taotao-manage\taotao-manage-web\target\classes\com\taotao\manage\controller\web\WebItemCatController.class], URL [jar:file:/D:/work0326/eclipse-workspace/taotao-manage/taotao-manage-service/target/taotao-manage-service.jar!/com/taotao/manage/service/BaseService.class], URL [jar:file:/D:/work0326/eclipse-workspace/taotao-manage/taotao-manage-service/target/taotao-manage-service.jar!/com/taotao/manage/service/ContentCategoryService.class], URL [jar:file:/D:/work0326/eclipse-workspace/taotao-manage/taotao-manage-service/target/taotao-manage-service.jar!/com/taotao/manage/service/ContentService.class], URL [jar:file:/D:/work0326/eclipse-workspace/taotao-manage/taotao-manage-service/target/taotao-manage-service.jar!/com/taotao/manage/service/ItemCatService.class], URL [jar:file:/D:/work0326/eclipse-workspace/taotao-manage/taotao-manage-service/target/taotao-manage-service.jar!/com/taotao/manage/service/ItemDescService.class], URL [jar:file:/D:/work0326/eclipse-workspace/taotao-manage/taotao-manage-service/target/taotao-manage-service.jar!/com/taotao/manage/service/ItemParamItemService.class], URL [jar:file:/D:/work0326/eclipse-workspace/taotao-manage/taotao-manage-service/target/taotao-manage-service.jar!/com/taotao/manage/service/ItemParamService.class], URL [jar:file:/D:/work0326/eclipse-workspace/taotao-manage/taotao-manage-service/target/taotao-manage-service.jar!/com/taotao/manage/service/ItemService.class], URL [jar:file:/D:/work0326/eclipse-workspace/taotao-manage/taotao-manage-service/target/taotao-manage-service.jar!/com/taotao/manage/service/PicUploadService.class], URL [jar:file:/D:/work0326/eclipse-workspace/taotao-manage/taotao-manage-mapper/target/taotao-manage-mapper.jar!/com/taotao/manage/base/mapper/TaotaoMapper.class], URL [jar:file:/D:/work0326/eclipse-workspace/taotao-manage/taotao-manage-mapper/target/taotao-manage-mapper.jar!/com/taotao/manage/base/mapper/TaotaoMapperProvider.class], URL [jar:file:/D:/work0326/eclipse-workspace/taotao-manage/taotao-manage-mapper/target/taotao-manage-mapper.jar!/com/taotao/manage/mapper/ContentCategoryMapper.class], URL [jar:file:/D:/work0326/eclipse-workspace/taotao-manage/taotao-manage-mapper/target/taotao-manage-mapper.jar!/com/taotao/manage/mapper/ContentMapper.class], URL [jar:file:/D:/work0326/eclipse-workspace/taotao-manage/taotao-manage-mapper/target/taotao-manage-mapper.jar!/com/taotao/manage/mapper/ItemCatMapper.class], URL [jar:file:/D:/work0326/eclipse-workspace/taotao-manage/taotao-manage-mapper/target/taotao-manage-mapper.jar!/com/taotao/manage/mapper/ItemDescMapper.class], URL [jar:file:/D:/work0326/eclipse-workspace/taotao-manage/taotao-manage-mapper/target/taotao-manage-mapper.jar!/com/taotao/manage/mapper/ItemMapper.class], URL [jar:file:/D:/work0326/eclipse-workspace/taotao-manage/taotao-manage-mapper/target/taotao-manage-mapper.jar!/com/taotao/manage/mapper/ItemParamItemMapper.class], URL [jar:file:/D:/work0326/eclipse-workspace/taotao-manage/taotao-manage-mapper/target/taotao-manage-mapper.jar!/com/taotao/manage/mapper/ItemParamMapper.class], URL [jar:file:/D:/work0326/eclipse-workspace/taotao-manage/taotao-manage-pojo/target/taotao-manage-pojo.jar!/com/taotao/manage/pojo/BasePojo.class], URL [jar:file:/D:/work0326/eclipse-workspace/taotao-manage/taotao-manage-pojo/target/taotao-manage-pojo.jar!/com/taotao/manage/pojo/Content.class], URL [jar:file:/D:/work0326/eclipse-workspace/taotao-manage/taotao-manage-pojo/target/taotao-manage-pojo.jar!/com/taotao/manage/pojo/ContentCategory.class], URL [jar:file:/D:/work0326/eclipse-workspace/taotao-manage/taotao-manage-pojo/target/taotao-manage-pojo.jar!/com/taotao/manage/pojo/Item.class], URL [jar:file:/D:/work0326/eclipse-workspace/taotao-manage/taotao-manage-pojo/target/taotao-manage-pojo.jar!/com/taotao/manage/pojo/ItemCat.class], URL [jar:file:/D:/work0326/eclipse-workspace/taotao-manage/taotao-manage-pojo/target/taotao-manage-pojo.jar!/com/taotao/manage/pojo/ItemDesc.class], URL [jar:file:/D:/work0326/eclipse-workspace/taotao-manage/taotao-manage-pojo/target/taotao-manage-pojo.jar!/com/taotao/manage/pojo/ItemParam.class], URL [jar:file:/D:/work0326/eclipse-workspace/taotao-manage/taotao-manage-pojo/target/taotao-manage-pojo.jar!/com/taotao/manage/pojo/ItemParamItem.class], URL [jar:file:/D:/work0326/repository/com/taotao/common/taotao-common/1.0.0-SNAPSHOT/taotao-common-1.0.0-SNAPSHOT.jar!/com/taotao/common/spring/exetend/converter/json/CallbackMappingJackson2HttpMessageConverter.class], URL [jar:file:/D:/work0326/repository/com/taotao/common/taotao-common/1.0.0-SNAPSHOT/taotao-common-1.0.0-SNAPSHOT.jar!/com/taotao/common/vo/EasyUIResult.class], URL [jar:file:/D:/work0326/repository/com/taotao/common/taotao-common/1.0.0-SNAPSHOT/taotao-common-1.0.0-SNAPSHOT.jar!/com/taotao/common/vo/ItemCatData.class], URL [jar:file:/D:/work0326/repository/com/taotao/common/taotao-common/1.0.0-SNAPSHOT/taotao-common-1.0.0-SNAPSHOT.jar!/com/taotao/common/vo/ItemCatResult.class], URL [jar:file:/D:/work0326/repository/com/taotao/common/taotao-common/1.0.0-SNAPSHOT/taotao-common-1.0.0-SNAPSHOT.jar!/com/taotao/common/vo/PicUploadResult.class], URL [jar:file:/D:/work0326/repository/com/taotao/common/taotao-common/1.0.0-SNAPSHOT/taotao-common-1.0.0-SNAPSHOT.jar!/com/taotao/common/vo/TaotaoResult.class]]
2015-04-04 18:11:12,172 [main] [org.springframework.context.annotation.ClassPathBeanDefinitionScanner]-[DEBUG] Identified candidate component class: file [D:\work0326\eclipse-workspace\taotao-manage\taotao-manage-web\target\classes\com\taotao\manage\controller\ContentCategoryController.class]
2015-04-04 18:11:12,173 [main] [org.springframework.context.annotation.ClassPathBeanDefinitionScanner]-[DEBUG] Identified candidate component class: file [D:\work0326\eclipse-workspace\taotao-manage\taotao-manage-web\target\classes\com\taotao\manage\controller\ContentController.class]
2015-04-04 18:11:12,173 [main] [org.springframework.context.annotation.ClassPathBeanDefinitionScanner]-[DEBUG] Identified candidate component class: file [D:\work0326\eclipse-workspace\taotao-manage\taotao-manage-web\target\classes\com\taotao\manage\controller\ItemCatController.class]
2015-04-04 18:11:12,174 [main] [org.springframework.context.annotation.ClassPathBeanDefinitionScanner]-[DEBUG] Identified candidate component class: file [D:\work0326\eclipse-workspace\taotao-manage\taotao-manage-web\target\classes\com\taotao\manage\controller\ItemController.class]
2015-04-04 18:11:12,175 [main] [org.springframework.context.annotation.ClassPathBeanDefinitionScanner]-[DEBUG] Identified candidate component class: file [D:\work0326\eclipse-workspace\taotao-manage\taotao-manage-web\target\classes\com\taotao\manage\controller\ItemParamController.class]
2015-04-04 18:11:12,175 [main] [org.springframework.context.annotation.ClassPathBeanDefinitionScanner]-[DEBUG] Identified candidate component class: file [D:\work0326\eclipse-workspace\taotao-manage\taotao-manage-web\target\classes\com\taotao\manage\controller\PageController.class]
2015-04-04 18:11:12,176 [main] [org.springframework.context.annotation.ClassPathBeanDefinitionScanner]-[DEBUG] Identified candidate component class: file [D:\work0326\eclipse-workspace\taotao-manage\taotao-manage-web\target\classes\com\taotao\manage\controller\PicUploadController.class]
2015-04-04 18:11:12,176 [main] [org.springframework.context.annotation.ClassPathBeanDefinitionScanner]-[DEBUG] Identified candidate component class: file [D:\work0326\eclipse-workspace\taotao-manage\taotao-manage-web\target\classes\com\taotao\manage\controller\web\WebItemCatController.class]
2015-04-04 18:11:12,177 [main] [org.springframework.context.annotation.ClassPathBeanDefinitionScanner]-[DEBUG] Ignored because not a concrete top-level class: URL [jar:file:/D:/work0326/eclipse-workspace/taotao-manage/taotao-manage-service/target/taotao-manage-service.jar!/com/taotao/manage/service/BaseService.class]
2015-04-04 18:11:12,177 [main] [org.springframework.context.annotation.ClassPathBeanDefinitionScanner]-[DEBUG] Identified candidate component class: URL [jar:file:/D:/work0326/eclipse-workspace/taotao-manage/taotao-manage-service/target/taotao-manage-service.jar!/com/taotao/manage/service/ContentCategoryService.class]
2015-04-04 18:11:12,178 [main] [org.springframework.context.annotation.ClassPathBeanDefinitionScanner]-[DEBUG] Identified candidate component class: URL [jar:file:/D:/work0326/eclipse-workspace/taotao-manage/taotao-manage-service/target/taotao-manage-service.jar!/com/taotao/manage/service/ContentService.class]
2015-04-04 18:11:12,178 [main] [org.springframework.context.annotation.ClassPathBeanDefinitionScanner]-[DEBUG] Identified candidate component class: URL [jar:file:/D:/work0326/eclipse-workspace/taotao-manage/taotao-manage-service/target/taotao-manage-service.jar!/com/taotao/manage/service/ItemCatService.class]
2015-04-04 18:11:12,179 [main] [org.springframework.context.annotation.ClassPathBeanDefinitionScanner]-[DEBUG] Identified candidate component class: URL [jar:file:/D:/work0326/eclipse-workspace/taotao-manage/taotao-manage-service/target/taotao-manage-service.jar!/com/taotao/manage/service/ItemDescService.class]
2015-04-04 18:11:12,179 [main] [org.springframework.context.annotation.ClassPathBeanDefinitionScanner]-[DEBUG] Identified candidate component class: URL [jar:file:/D:/work0326/eclipse-workspace/taotao-manage/taotao-manage-service/target/taotao-manage-service.jar!/com/taotao/manage/service/ItemParamItemService.class]
2015-04-04 18:11:12,180 [main] [org.springframework.context.annotation.ClassPathBeanDefinitionScanner]-[DEBUG] Identified candidate component class: URL [jar:file:/D:/work0326/eclipse-workspace/taotao-manage/taotao-manage-service/target/taotao-manage-service.jar!/com/taotao/manage/service/ItemParamService.class]
2015-04-04 18:11:12,180 [main] [org.springframework.context.annotation.ClassPathBeanDefinitionScanner]-[DEBUG] Identified candidate component class: URL [jar:file:/D:/work0326/eclipse-workspace/taotao-manage/taotao-manage-service/target/taotao-manage-service.jar!/com/taotao/manage/service/ItemService.class]
2015-04-04 18:11:12,181 [main] [org.springframework.context.annotation.ClassPathBeanDefinitionScanner]-[DEBUG] Identified candidate component class: URL [jar:file:/D:/work0326/eclipse-workspace/taotao-manage/taotao-manage-service/target/taotao-manage-service.jar!/com/taotao/manage/service/PicUploadService.class]
2015-04-04 18:11:12,191 [main] [org.springframework.beans.factory.xml.XmlBeanDefinitionReader]-[DEBUG] Loaded 29 bean definitions from location pattern [spring/applicationContext*.xml]
2015-04-04 18:11:12,191 [main] [org.springframework.context.support.ClassPathXmlApplicationContext]-[DEBUG] Bean factory for org.springframework.context.support.ClassPathXmlApplicationContext@3af54caa: org.springframework.beans.factory.support.DefaultListableBeanFactory@3e5b112a: defining beans [sqlSessionFactory,org.mybatis.spring.mapper.MapperScannerConfigurer#0,transactionManager,txAdvice,org.springframework.aop.config.internalAutoProxyCreator,myPointcut,org.springframework.aop.support.DefaultBeanFactoryPointcutAdvisor#0,org.springframework.beans.factory.config.PropertyPlaceholderConfigurer#0,contentCategoryController,contentController,itemCatController,itemController,itemParamController,pageController,picUploadController,webItemCatController,contentCategoryService,contentService,itemCatService,itemDescService,itemParamItemService,itemParamService,itemService,picUploadService,org.springframework.context.annotation.internalConfigurationAnnotationProcessor,org.springframework.context.annotation.internalAutowiredAnnotationProcessor,org.springframework.context.annotation.internalRequiredAnnotationProcessor,org.springframework.context.annotation.internalCommonAnnotationProcessor,dataSource]; root of factory hierarchy
2015-04-04 18:11:12,193 [main] [org.springframework.beans.factory.support.DefaultListableBeanFactory]-[DEBUG] Creating shared instance of singleton bean &apos;org.springframework.context.annotation.internalConfigurationAnnotationProcessor&apos;
2015-04-04 18:11:12,193 [main] [org.springframework.beans.factory.support.DefaultListableBeanFactory]-[DEBUG] Creating instance of bean &apos;org.springframework.context.annotation.internalConfigurationAnnotationProcessor&apos;
2015-04-04 18:11:12,193 [main] [org.springframework.beans.factory.support.DefaultListableBeanFactory]-[DEBUG] Eagerly caching bean &apos;org.springframework.context.annotation.internalConfigurationAnnotationProcessor&apos; to allow for resolving potential circular references
2015-04-04 18:11:12,193 [main] [org.springframework.beans.factory.support.DefaultListableBeanFactory]-[DEBUG] Finished creating instance of bean &apos;org.springframework.context.annotation.internalConfigurationAnnotationProcessor&apos;
2015-04-04 18:11:12,221 [main] [org.springframework.beans.factory.support.DefaultListableBeanFactory]-[DEBUG] Creating shared instance of singleton bean &apos;org.mybatis.spring.mapper.MapperScannerConfigurer#0&apos;
2015-04-04 18:11:12,221 [main] [org.springframework.beans.factory.support.DefaultListableBeanFactory]-[DEBUG] Creating instance of bean &apos;org.mybatis.spring.mapper.MapperScannerConfigurer#0&apos;
2015-04-04 18:11:12,221 [main] [org.springframework.beans.factory.support.DefaultListableBeanFactory]-[DEBUG] Eagerly caching bean &apos;org.mybatis.spring.mapper.MapperScannerConfigurer#0&apos; to allow for resolving potential circular references
2015-04-04 18:11:12,222 [main] [org.springframework.beans.factory.support.DefaultListableBeanFactory]-[DEBUG] Invoking afterPropertiesSet() on bean with name &apos;org.mybatis.spring.mapper.MapperScannerConfigurer#0&apos;
2015-04-04 18:11:12,222 [main] [org.springframework.beans.factory.support.DefaultListableBeanFactory]-[DEBUG] Finished creating instance of bean &apos;org.mybatis.spring.mapper.MapperScannerConfigurer#0&apos;
2015-04-04 18:11:12,223 [main] [org.springframework.core.env.StandardEnvironment]-[DEBUG] Adding [systemProperties] PropertySource with lowest search precedence
2015-04-04 18:11:12,223 [main] [org.springframework.core.env.StandardEnvironment]-[DEBUG] Adding [systemEnvironment] PropertySource with lowest search precedence
2015-04-04 18:11:12,223 [main] [org.springframework.core.env.StandardEnvironment]-[DEBUG] Initialized StandardEnvironment with PropertySources [systemProperties,systemEnvironment]
2015-04-04 18:11:12,224 [main] [org.springframework.core.io.support.PathMatchingResourcePatternResolver]-[DEBUG] Looking for matching resources in directory tree [D:\work0326\eclipse-workspace\taotao-manage\taotao-manage-web\target\test-classes\com\taotao\manage\mapper]
2015-04-04 18:11:12,224 [main] [org.springframework.core.io.support.PathMatchingResourcePatternResolver]-[DEBUG] Searching directory [D:\work0326\eclipse-workspace\taotao-manage\taotao-manage-web\target\test-classes\com\taotao\manage\mapper] for files matching pattern [D:/work0326/eclipse-workspace/taotao-manage/taotao-manage-web/target/test-classes/com/taotao/manage/mapper/**/*.class]
2015-04-04 18:11:12,224 [main] [org.springframework.core.io.support.PathMatchingResourcePatternResolver]-[DEBUG] Looking for matching resources in jar file [file:/D:/work0326/eclipse-workspace/taotao-manage/taotao-manage-mapper/target/taotao-manage-mapper.jar]
2015-04-04 18:11:12,225 [main] [org.springframework.core.io.support.PathMatchingResourcePatternResolver]-[DEBUG] Resolved location pattern [classpath*:com/taotao/manage/mapper/**/*.class] to resources [file [D:\work0326\eclipse-workspace\taotao-manage\taotao-manage-web\target\test-classes\com\taotao\manage\mapper\ItemMapperTest.class], URL [jar:file:/D:/work0326/eclipse-workspace/taotao-manage/taotao-manage-mapper/target/taotao-manage-mapper.jar!/com/taotao/manage/mapper/ContentCategoryMapper.class], URL [jar:file:/D:/work0326/eclipse-workspace/taotao-manage/taotao-manage-mapper/target/taotao-manage-mapper.jar!/com/taotao/manage/mapper/ContentMapper.class], URL [jar:file:/D:/work0326/eclipse-workspace/taotao-manage/taotao-manage-mapper/target/taotao-manage-mapper.jar!/com/taotao/manage/mapper/ItemCatMapper.class], URL [jar:file:/D:/work0326/eclipse-workspace/taotao-manage/taotao-manage-mapper/target/taotao-manage-mapper.jar!/com/taotao/manage/mapper/ItemDescMapper.class], URL [jar:file:/D:/work0326/eclipse-workspace/taotao-manage/taotao-manage-mapper/target/taotao-manage-mapper.jar!/com/taotao/manage/mapper/ItemMapper.class], URL [jar:file:/D:/work0326/eclipse-workspace/taotao-manage/taotao-manage-mapper/target/taotao-manage-mapper.jar!/com/taotao/manage/mapper/ItemParamItemMapper.class], URL [jar:file:/D:/work0326/eclipse-workspace/taotao-manage/taotao-manage-mapper/target/taotao-manage-mapper.jar!/com/taotao/manage/mapper/ItemParamMapper.class]]
2015-04-04 18:11:12,226 [main] [org.mybatis.spring.mapper.ClassPathMapperScanner]-[DEBUG] Ignored because not a concrete top-level class: file [D:\work0326\eclipse-workspace\taotao-manage\taotao-manage-web\target\test-classes\com\taotao\manage\mapper\ItemMapperTest.class]
2015-04-04 18:11:12,227 [main] [org.mybatis.spring.mapper.ClassPathMapperScanner]-[DEBUG] Identified candidate component class: URL [jar:file:/D:/work0326/eclipse-workspace/taotao-manage/taotao-manage-mapper/target/taotao-manage-mapper.jar!/com/taotao/manage/mapper/ContentCategoryMapper.class]
2015-04-04 18:11:12,227 [main] [org.mybatis.spring.mapper.ClassPathMapperScanner]-[DEBUG] Identified candidate component class: URL [jar:file:/D:/work0326/eclipse-workspace/taotao-manage/taotao-manage-mapper/target/taotao-manage-mapper.jar!/com/taotao/manage/mapper/ContentMapper.class]
2015-04-04 18:11:12,228 [main] [org.mybatis.spring.mapper.ClassPathMapperScanner]-[DEBUG] Identified candidate component class: URL [jar:file:/D:/work0326/eclipse-workspace/taotao-manage/taotao-manage-mapper/target/taotao-manage-mapper.jar!/com/taotao/manage/mapper/ItemCatMapper.class]
2015-04-04 18:11:12,228 [main] [org.mybatis.spring.mapper.ClassPathMapperScanner]-[DEBUG] Identified candidate component class: URL [jar:file:/D:/work0326/eclipse-workspace/taotao-manage/taotao-manage-mapper/target/taotao-manage-mapper.jar!/com/taotao/manage/mapper/ItemDescMapper.class]
2015-04-04 18:11:12,229 [main] [org.mybatis.spring.mapper.ClassPathMapperScanner]-[DEBUG] Identified candidate component class: URL [jar:file:/D:/work0326/eclipse-workspace/taotao-manage/taotao-manage-mapper/target/taotao-manage-mapper.jar!/com/taotao/manage/mapper/ItemMapper.class]
2015-04-04 18:11:12,229 [main] [org.mybatis.spring.mapper.ClassPathMapperScanner]-[DEBUG] Identified candidate component class: URL [jar:file:/D:/work0326/eclipse-workspace/taotao-manage/taotao-manage-mapper/target/taotao-manage-mapper.jar!/com/taotao/manage/mapper/ItemParamItemMapper.class]
2015-04-04 18:11:12,229 [main] [org.mybatis.spring.mapper.ClassPathMapperScanner]-[DEBUG] Identified candidate component class: URL [jar:file:/D:/work0326/eclipse-workspace/taotao-manage/taotao-manage-mapper/target/taotao-manage-mapper.jar!/com/taotao/manage/mapper/ItemParamMapper.class]
2015-04-04 18:11:12,230 [main] [org.mybatis.spring.mapper.ClassPathMapperScanner]-[DEBUG] Creating MapperFactoryBean with name &apos;contentCategoryMapper&apos; and &apos;com.taotao.manage.mapper.ContentCategoryMapper&apos; mapperInterface
2015-04-04 18:11:12,230 [main] [org.mybatis.spring.mapper.ClassPathMapperScanner]-[DEBUG] Enabling autowire by type for MapperFactoryBean with name &apos;contentCategoryMapper&apos;.
2015-04-04 18:11:12,230 [main] [org.mybatis.spring.mapper.ClassPathMapperScanner]-[DEBUG] Creating MapperFactoryBean with name &apos;contentMapper&apos; and &apos;com.taotao.manage.mapper.ContentMapper&apos; mapperInterface
2015-04-04 18:11:12,230 [main] [org.mybatis.spring.mapper.ClassPathMapperScanner]-[DEBUG] Enabling autowire by type for MapperFactoryBean with name &apos;contentMapper&apos;.
2015-04-04 18:11:12,230 [main] [org.mybatis.spring.mapper.ClassPathMapperScanner]-[DEBUG] Creating MapperFactoryBean with name &apos;itemCatMapper&apos; and &apos;com.taotao.manage.mapper.ItemCatMapper&apos; mapperInterface
2015-04-04 18:11:12,230 [main] [org.mybatis.spring.mapper.ClassPathMapperScanner]-[DEBUG] Enabling autowire by type for MapperFactoryBean with name &apos;itemCatMapper&apos;.
2015-04-04 18:11:12,230 [main] [org.mybatis.spring.mapper.ClassPathMapperScanner]-[DEBUG] Creating MapperFactoryBean with name &apos;itemDescMapper&apos; and &apos;com.taotao.manage.mapper.ItemDescMapper&apos; mapperInterface
2015-04-04 18:11:12,230 [main] [org.mybatis.spring.mapper.ClassPathMapperScanner]-[DEBUG] Enabling autowire by type for MapperFactoryBean with name &apos;itemDescMapper&apos;.
2015-04-04 18:11:12,230 [main] [org.mybatis.spring.mapper.ClassPathMapperScanner]-[DEBUG] Creating MapperFactoryBean with name &apos;itemMapper&apos; and &apos;com.taotao.manage.mapper.ItemMapper&apos; mapperInterface
2015-04-04 18:11:12,230 [main] [org.mybatis.spring.mapper.ClassPathMapperScanner]-[DEBUG] Enabling autowire by type for MapperFactoryBean with name &apos;itemMapper&apos;.
2015-04-04 18:11:12,230 [main] [org.mybatis.spring.mapper.ClassPathMapperScanner]-[DEBUG] Creating MapperFactoryBean with name &apos;itemParamItemMapper&apos; and &apos;com.taotao.manage.mapper.ItemParamItemMapper&apos; mapperInterface
2015-04-04 18:11:12,230 [main] [org.mybatis.spring.mapper.ClassPathMapperScanner]-[DEBUG] Enabling autowire by type for MapperFactoryBean with name &apos;itemParamItemMapper&apos;.
2015-04-04 18:11:12,230 [main] [org.mybatis.spring.mapper.ClassPathMapperScanner]-[DEBUG] Creating MapperFactoryBean with name &apos;itemParamMapper&apos; and &apos;com.taotao.manage.mapper.ItemParamMapper&apos; mapperInterface
2015-04-04 18:11:12,230 [main] [org.mybatis.spring.mapper.ClassPathMapperScanner]-[DEBUG] Enabling autowire by type for MapperFactoryBean with name &apos;itemParamMapper&apos;.
2015-04-04 18:11:12,234 [main] [org.springframework.beans.factory.support.DefaultListableBeanFactory]-[DEBUG] Creating shared instance of singleton bean &apos;org.springframework.beans.factory.config.PropertyPlaceholderConfigurer#0&apos;
2015-04-04 18:11:12,234 [main] [org.springframework.beans.factory.support.DefaultListableBeanFactory]-[DEBUG] Creating instance of bean &apos;org.springframework.beans.factory.config.PropertyPlaceholderConfigurer#0&apos;
2015-04-04 18:11:12,235 [main] [org.springframework.beans.factory.support.DefaultListableBeanFactory]-[DEBUG] Eagerly caching bean &apos;org.springframework.beans.factory.config.PropertyPlaceholderConfigurer#0&apos; to allow for resolving potential circular references
2015-04-04 18:11:12,235 [main] [org.springframework.beans.factory.support.DefaultListableBeanFactory]-[DEBUG] Finished creating instance of bean &apos;org.springframework.beans.factory.config.PropertyPlaceholderConfigurer#0&apos;
2015-04-04 18:11:12,235 [main] [org.springframework.beans.factory.config.PropertyPlaceholderConfigurer]-[INFO] Loading properties file from class path resource [jdbc.properties]
2015-04-04 18:11:12,236 [main] [org.springframework.beans.factory.config.PropertyPlaceholderConfigurer]-[INFO] Loading properties file from class path resource [env.properties]
2015-04-04 18:11:12,239 [main] [org.springframework.beans.factory.support.DefaultListableBeanFactory]-[DEBUG] Creating shared instance of singleton bean &apos;org.springframework.context.annotation.internalAutowiredAnnotationProcessor&apos;
2015-04-04 18:11:12,239 [main] [org.springframework.beans.factory.support.DefaultListableBeanFactory]-[DEBUG] Creating instance of bean &apos;org.springframework.context.annotation.internalAutowiredAnnotationProcessor&apos;
2015-04-04 18:11:12,240 [main] [org.springframework.beans.factory.support.DefaultListableBeanFactory]-[DEBUG] Eagerly caching bean &apos;org.springframework.context.annotation.internalAutowiredAnnotationProcessor&apos; to allow for resolving potential circular references
2015-04-04 18:11:12,240 [main] [org.springframework.beans.factory.support.DefaultListableBeanFactory]-[DEBUG] Finished creating instance of bean &apos;org.springframework.context.annotation.internalAutowiredAnnotationProcessor&apos;
2015-04-04 18:11:12,240 [main] [org.springframework.beans.factory.support.DefaultListableBeanFactory]-[DEBUG] Creating shared instance of singleton bean &apos;org.springframework.context.annotation.internalRequiredAnnotationProcessor&apos;
2015-04-04 18:11:12,240 [main] [org.springframework.beans.factory.support.DefaultListableBeanFactory]-[DEBUG] Creating instance of bean &apos;org.springframework.context.annotation.internalRequiredAnnotationProcessor&apos;
2015-04-04 18:11:12,240 [main] [org.springframework.beans.factory.support.DefaultListableBeanFactory]-[DEBUG] Eagerly caching bean &apos;org.springframework.context.annotation.internalRequiredAnnotationProcessor&apos; to allow for resolving potential circular references
2015-04-04 18:11:12,240 [main] [org.springframework.beans.factory.support.DefaultListableBeanFactory]-[DEBUG] Finished creating instance of bean &apos;org.springframework.context.annotation.internalRequiredAnnotationProcessor&apos;
2015-04-04 18:11:12,240 [main] [org.springframework.beans.factory.support.DefaultListableBeanFactory]-[DEBUG] Creating shared instance of singleton bean &apos;org.springframework.context.annotation.internalCommonAnnotationProcessor&apos;
2015-04-04 18:11:12,241 [main] [org.springframework.beans.factory.support.DefaultListableBeanFactory]-[DEBUG] Creating instance of bean &apos;org.springframework.context.annotation.internalCommonAnnotationProcessor&apos;
2015-04-04 18:11:12,241 [main] [org.springframework.beans.factory.support.DefaultListableBeanFactory]-[DEBUG] Eagerly caching bean &apos;org.springframework.context.annotation.internalCommonAnnotationProcessor&apos; to allow for resolving potential circular references
2015-04-04 18:11:12,241 [main] [org.springframework.beans.factory.support.DefaultListableBeanFactory]-[DEBUG] Finished creating instance of bean &apos;org.springframework.context.annotation.internalCommonAnnotationProcessor&apos;
2015-04-04 18:11:12,241 [main] [org.springframework.beans.factory.support.DefaultListableBeanFactory]-[DEBUG] Creating shared instance of singleton bean &apos;org.springframework.context.annotation.ConfigurationClassPostProcessor.importAwareProcessor&apos;
2015-04-04 18:11:12,241 [main] [org.springframework.beans.factory.support.DefaultListableBeanFactory]-[DEBUG] Creating instance of bean &apos;org.springframework.context.annotation.ConfigurationClassPostProcessor.importAwareProcessor&apos;
2015-04-04 18:11:12,241 [main] [org.springframework.beans.factory.support.DefaultListableBeanFactory]-[DEBUG] Eagerly caching bean &apos;org.springframework.context.annotation.ConfigurationClassPostProcessor.importAwareProcessor&apos; to allow for resolving potential circular references
2015-04-04 18:11:12,241 [main] [org.springframework.beans.factory.support.DefaultListableBeanFactory]-[DEBUG] Finished creating instance of bean &apos;org.springframework.context.annotation.ConfigurationClassPostProcessor.importAwareProcessor&apos;
2015-04-04 18:11:12,241 [main] [org.springframework.beans.factory.support.DefaultListableBeanFactory]-[DEBUG] Creating shared instance of singleton bean &apos;org.springframework.context.annotation.ConfigurationClassPostProcessor.enhancedConfigurationProcessor&apos;
2015-04-04 18:11:12,242 [main] [org.springframework.beans.factory.support.DefaultListableBeanFactory]-[DEBUG] Creating instance of bean &apos;org.springframework.context.annotation.ConfigurationClassPostProcessor.enhancedConfigurationProcessor&apos;
2015-04-04 18:11:12,242 [main] [org.springframework.beans.factory.support.DefaultListableBeanFactory]-[DEBUG] Eagerly caching bean &apos;org.springframework.context.annotation.ConfigurationClassPostProcessor.enhancedConfigurationProcessor&apos; to allow for resolving potential circular references
2015-04-04 18:11:12,242 [main] [org.springframework.beans.factory.support.DefaultListableBeanFactory]-[DEBUG] Finished creating instance of bean &apos;org.springframework.context.annotation.ConfigurationClassPostProcessor.enhancedConfigurationProcessor&apos;
2015-04-04 18:11:12,242 [main] [org.springframework.beans.factory.support.DefaultListableBeanFactory]-[DEBUG] Creating shared instance of singleton bean &apos;org.springframework.aop.config.internalAutoProxyCreator&apos;
2015-04-04 18:11:12,242 [main] [org.springframework.beans.factory.support.DefaultListableBeanFactory]-[DEBUG] Creating instance of bean &apos;org.springframework.aop.config.internalAutoProxyCreator&apos;
2015-04-04 18:11:12,243 [main] [org.springframework.beans.factory.support.DefaultListableBeanFactory]-[DEBUG] Eagerly caching bean &apos;org.springframework.aop.config.internalAutoProxyCreator&apos; to allow for resolving potential circular references
2015-04-04 18:11:12,243 [main] [org.springframework.beans.factory.support.DefaultListableBeanFactory]-[DEBUG] Finished creating instance of bean &apos;org.springframework.aop.config.internalAutoProxyCreator&apos;
2015-04-04 18:11:12,243 [main] [org.springframework.context.support.ClassPathXmlApplicationContext]-[DEBUG] Unable to locate MessageSource with name &apos;messageSource&apos;: using default [org.springframework.context.support.DelegatingMessageSource@412865cb]
2015-04-04 18:11:12,243 [main] [org.springframework.context.support.ClassPathXmlApplicationContext]-[DEBUG] Unable to locate ApplicationEventMulticaster with name &apos;applicationEventMulticaster&apos;: using default [org.springframework.context.event.SimpleApplicationEventMulticaster@433313d8]
2015-04-04 18:11:12,246 [main] [org.springframework.beans.factory.support.DefaultListableBeanFactory]-[DEBUG] Pre-instantiating singletons in org.springframework.beans.factory.support.DefaultListableBeanFactory@3e5b112a: defining beans [sqlSessionFactory,org.mybatis.spring.mapper.MapperScannerConfigurer#0,transactionManager,txAdvice,org.springframework.aop.config.internalAutoProxyCreator,myPointcut,org.springframework.aop.support.DefaultBeanFactoryPointcutAdvisor#0,org.springframework.beans.factory.config.PropertyPlaceholderConfigurer#0,contentCategoryController,contentController,itemCatController,itemController,itemParamController,pageController,picUploadController,webItemCatController,contentCategoryService,contentService,itemCatService,itemDescService,itemParamItemService,itemParamService,itemService,picUploadService,org.springframework.context.annotation.internalConfigurationAnnotationProcessor,org.springframework.context.annotation.internalAutowiredAnnotationProcessor,org.springframework.context.annotation.internalRequiredAnnotationProcessor,org.springframework.context.annotation.internalCommonAnnotationProcessor,dataSource,org.springframework.context.annotation.ConfigurationClassPostProcessor.importAwareProcessor,org.springframework.context.annotation.ConfigurationClassPostProcessor.enhancedConfigurationProcessor,contentCategoryMapper,contentMapper,itemCatMapper,itemDescMapper,itemMapper,itemParamItemMapper,itemParamMapper]; root of factory hierarchy
2015-04-04 18:11:12,247 [main] [org.springframework.beans.factory.support.DefaultListableBeanFactory]-[DEBUG] Creating shared instance of singleton bean &apos;sqlSessionFactory&apos;
2015-04-04 18:11:12,247 [main] [org.springframework.beans.factory.support.DefaultListableBeanFactory]-[DEBUG] Creating instance of bean &apos;sqlSessionFactory&apos;
2015-04-04 18:11:12,248 [main] [org.springframework.beans.factory.support.DefaultListableBeanFactory]-[DEBUG] Creating shared instance of singleton bean &apos;org.springframework.aop.support.DefaultBeanFactoryPointcutAdvisor#0&apos;
2015-04-04 18:11:12,248 [main] [org.springframework.beans.factory.support.DefaultListableBeanFactory]-[DEBUG] Creating instance of bean &apos;org.springframework.aop.support.DefaultBeanFactoryPointcutAdvisor#0&apos;
2015-04-04 18:11:12,248 [main] [org.springframework.beans.factory.support.DefaultListableBeanFactory]-[DEBUG] Eagerly caching bean &apos;org.springframework.aop.support.DefaultBeanFactoryPointcutAdvisor#0&apos; to allow for resolving potential circular references
2015-04-04 18:11:12,249 [main] [org.springframework.beans.factory.support.DefaultListableBeanFactory]-[DEBUG] Creating instance of bean &apos;myPointcut&apos;
2015-04-04 18:11:12,249 [main] [org.springframework.beans.factory.support.DefaultListableBeanFactory]-[DEBUG] Finished creating instance of bean &apos;myPointcut&apos;
2015-04-04 18:11:12,249 [main] [org.springframework.beans.factory.support.DefaultListableBeanFactory]-[DEBUG] Finished creating instance of bean &apos;org.springframework.aop.support.DefaultBeanFactoryPointcutAdvisor#0&apos;
2015-04-04 18:11:12,250 [main] [org.springframework.beans.factory.support.DefaultListableBeanFactory]-[DEBUG] Eagerly caching bean &apos;sqlSessionFactory&apos; to allow for resolving potential circular references
2015-04-04 18:11:12,250 [main] [org.springframework.beans.factory.support.DefaultListableBeanFactory]-[DEBUG] Creating shared instance of singleton bean &apos;dataSource&apos;
2015-04-04 18:11:12,250 [main] [org.springframework.beans.factory.support.DefaultListableBeanFactory]-[DEBUG] Creating instance of bean &apos;dataSource&apos;
2015-04-04 18:11:12,250 [main] [org.springframework.beans.factory.support.DefaultListableBeanFactory]-[DEBUG] Returning cached instance of singleton bean &apos;org.springframework.aop.support.DefaultBeanFactoryPointcutAdvisor#0&apos;
2015-04-04 18:11:12,260 [main] [org.springframework.beans.factory.support.DefaultListableBeanFactory]-[DEBUG] Eagerly caching bean &apos;dataSource&apos; to allow for resolving potential circular references
2015-04-04 18:11:12,261 [main] [com.jolbox.bonecp.BoneCPConfig]-[WARN] Please use setIdleConnectionTestPeriodInMinutes in place of setIdleConnectionTestPeriod. This method has been deprecated.
2015-04-04 18:11:12,261 [main] [com.jolbox.bonecp.BoneCPConfig]-[WARN] Please use setIdleMaxAgeInMinutes in place of setIdleMaxAge. This method has been deprecated.
2015-04-04 18:11:12,261 [main] [org.springframework.beans.factory.support.DefaultListableBeanFactory]-[DEBUG] Returning cached instance of singleton bean &apos;org.springframework.aop.support.DefaultBeanFactoryPointcutAdvisor#0&apos;
2015-04-04 18:11:12,261 [main] [org.springframework.beans.factory.support.DefaultListableBeanFactory]-[DEBUG] Returning cached instance of singleton bean &apos;org.springframework.aop.support.DefaultBeanFactoryPointcutAdvisor#0&apos;
2015-04-04 18:11:12,281 [main] [org.springframework.beans.factory.support.DefaultListableBeanFactory]-[DEBUG] Finished creating instance of bean &apos;dataSource&apos;
2015-04-04 18:11:12,282 [main] [org.springframework.core.io.support.PathMatchingResourcePatternResolver]-[DEBUG] Looking for matching resources in directory tree [D:\work0326\eclipse-workspace\taotao-manage\taotao-manage-web\target\classes\mybatis\mappers]
2015-04-04 18:11:12,282 [main] [org.springframework.core.io.support.PathMatchingResourcePatternResolver]-[DEBUG] Searching directory [D:\work0326\eclipse-workspace\taotao-manage\taotao-manage-web\target\classes\mybatis\mappers] for files matching pattern [D:/work0326/eclipse-workspace/taotao-manage/taotao-manage-web/target/classes/mybatis/mappers/**/*.xml]
2015-04-04 18:11:12,282 [main] [org.springframework.core.io.support.PathMatchingResourcePatternResolver]-[DEBUG] Resolved location pattern [classpath:mybatis/mappers/**/*.xml] to resources [file [D:\work0326\eclipse-workspace\taotao-manage\taotao-manage-web\target\classes\mybatis\mappers\ContentMapper.xml], file [D:\work0326\eclipse-workspace\taotao-manage\taotao-manage-web\target\classes\mybatis\mappers\ItemCatMapper.xml]]
2015-04-04 18:11:12,283 [main] [org.springframework.beans.factory.support.DefaultListableBeanFactory]-[DEBUG] Invoking afterPropertiesSet() on bean with name &apos;sqlSessionFactory&apos;
2015-04-04 18:11:12,288 [main] [org.apache.ibatis.io.ResolverUtil]-[DEBUG] Find JAR URL: jar:file:/D:/work0326/eclipse-workspace/taotao-manage/taotao-manage-pojo/target/taotao-manage-pojo.jar!/com/taotao/manage/pojo
2015-04-04 18:11:12,288 [main] [org.apache.ibatis.io.ResolverUtil]-[DEBUG] Inner URL: file:/D:/work0326/eclipse-workspace/taotao-manage/taotao-manage-pojo/target/taotao-manage-pojo.jar!/com/taotao/manage/pojo
2015-04-04 18:11:12,288 [main] [org.apache.ibatis.io.ResolverUtil]-[DEBUG] Extracted JAR URL: file:/D:/work0326/eclipse-workspace/taotao-manage/taotao-manage-pojo/target/taotao-manage-pojo.jar
2015-04-04 18:11:12,288 [main] [org.apache.ibatis.io.ResolverUtil]-[DEBUG] Found JAR: file:/D:/work0326/eclipse-workspace/taotao-manage/taotao-manage-pojo/target/taotao-manage-pojo.jar
2015-04-04 18:11:12,288 [main] [org.apache.ibatis.io.ResolverUtil]-[DEBUG] Listing jar:file:/D:/work0326/eclipse-workspace/taotao-manage/taotao-manage-pojo/target/taotao-manage-pojo.jar!/com/taotao/manage/pojo
2015-04-04 18:11:12,289 [main] [org.apache.ibatis.io.ResolverUtil]-[DEBUG] Found resource: /com/taotao/manage/pojo/BasePojo.class
2015-04-04 18:11:12,289 [main] [org.apache.ibatis.io.ResolverUtil]-[DEBUG] Found resource: /com/taotao/manage/pojo/Content.class
2015-04-04 18:11:12,289 [main] [org.apache.ibatis.io.ResolverUtil]-[DEBUG] Found resource: /com/taotao/manage/pojo/ContentCategory.class
2015-04-04 18:11:12,290 [main] [org.apache.ibatis.io.ResolverUtil]-[DEBUG] Found resource: /com/taotao/manage/pojo/Item.class
2015-04-04 18:11:12,290 [main] [org.apache.ibatis.io.ResolverUtil]-[DEBUG] Found resource: /com/taotao/manage/pojo/ItemCat.class
2015-04-04 18:11:12,290 [main] [org.apache.ibatis.io.ResolverUtil]-[DEBUG] Found resource: /com/taotao/manage/pojo/ItemDesc.class
2015-04-04 18:11:12,290 [main] [org.apache.ibatis.io.ResolverUtil]-[DEBUG] Found resource: /com/taotao/manage/pojo/ItemParam.class
2015-04-04 18:11:12,290 [main] [org.apache.ibatis.io.ResolverUtil]-[DEBUG] Found resource: /com/taotao/manage/pojo/ItemParamItem.class
2015-04-04 18:11:12,290 [main] [org.apache.ibatis.io.ResolverUtil]-[DEBUG] Checking to see if class com.taotao.manage.pojo.BasePojo matches criteria [is assignable to Object]
2015-04-04 18:11:12,290 [main] [org.apache.ibatis.io.ResolverUtil]-[DEBUG] Checking to see if class com.taotao.manage.pojo.Content matches criteria [is assignable to Object]
2015-04-04 18:11:12,290 [main] [org.apache.ibatis.io.ResolverUtil]-[DEBUG] Checking to see if class com.taotao.manage.pojo.ContentCategory matches criteria [is assignable to Object]
2015-04-04 18:11:12,291 [main] [org.apache.ibatis.io.ResolverUtil]-[DEBUG] Checking to see if class com.taotao.manage.pojo.Item matches criteria [is assignable to Object]
2015-04-04 18:11:12,291 [main] [org.apache.ibatis.io.ResolverUtil]-[DEBUG] Checking to see if class com.taotao.manage.pojo.ItemCat matches criteria [is assignable to Object]
2015-04-04 18:11:12,291 [main] [org.apache.ibatis.io.ResolverUtil]-[DEBUG] Checking to see if class com.taotao.manage.pojo.ItemDesc matches criteria [is assignable to Object]
2015-04-04 18:11:12,291 [main] [org.apache.ibatis.io.ResolverUtil]-[DEBUG] Checking to see if class com.taotao.manage.pojo.ItemParam matches criteria [is assignable to Object]
2015-04-04 18:11:12,291 [main] [org.apache.ibatis.io.ResolverUtil]-[DEBUG] Checking to see if class com.taotao.manage.pojo.ItemParamItem matches criteria [is assignable to Object]
2015-04-04 18:11:12,291 [main] [org.mybatis.spring.SqlSessionFactoryBean]-[DEBUG] Scanned package: &apos;com.taotao.manage.pojo&apos; for aliases
2015-04-04 18:11:12,304 [main] [org.mybatis.spring.SqlSessionFactoryBean]-[DEBUG] Parsed configuration file: &apos;class path resource [mybatis/mybatis-config.xml]&apos;
2015-04-04 18:11:12,317 [main] [org.mybatis.spring.SqlSessionFactoryBean]-[DEBUG] Parsed mapper file: &apos;file [D:\work0326\eclipse-workspace\taotao-manage\taotao-manage-web\target\classes\mybatis\mappers\ContentMapper.xml]&apos;
2015-04-04 18:11:12,326 [main] [org.mybatis.spring.SqlSessionFactoryBean]-[DEBUG] Parsed mapper file: &apos;file [D:\work0326\eclipse-workspace\taotao-manage\taotao-manage-web\target\classes\mybatis\mappers\ItemCatMapper.xml]&apos;
2015-04-04 18:11:12,326 [main] [org.springframework.beans.factory.support.DefaultListableBeanFactory]-[DEBUG] Returning cached instance of singleton bean &apos;org.springframework.aop.support.DefaultBeanFactoryPointcutAdvisor#0&apos;
2015-04-04 18:11:12,326 [main] [org.springframework.beans.factory.support.DefaultListableBeanFactory]-[DEBUG] Returning cached instance of singleton bean &apos;org.springframework.aop.support.DefaultBeanFactoryPointcutAdvisor#0&apos;
2015-04-04 18:11:12,329 [main] [org.springframework.beans.factory.support.DefaultListableBeanFactory]-[DEBUG] Finished creating instance of bean &apos;sqlSessionFactory&apos;
2015-04-04 18:11:12,329 [main] [org.springframework.beans.factory.support.DefaultListableBeanFactory]-[DEBUG] Returning cached instance of singleton bean &apos;org.mybatis.spring.mapper.MapperScannerConfigurer#0&apos;
2015-04-04 18:11:12,329 [main] [org.springframework.beans.factory.support.DefaultListableBeanFactory]-[DEBUG] Creating shared instance of singleton bean &apos;transactionManager&apos;
2015-04-04 18:11:12,329 [main] [org.springframework.beans.factory.support.DefaultListableBeanFactory]-[DEBUG] Creating instance of bean &apos;transactionManager&apos;
2015-04-04 18:11:12,329 [main] [org.springframework.beans.factory.support.DefaultListableBeanFactory]-[DEBUG] Returning cached instance of singleton bean &apos;org.springframework.aop.support.DefaultBeanFactoryPointcutAdvisor#0&apos;
2015-04-04 18:11:12,330 [main] [org.springframework.beans.factory.support.DefaultListableBeanFactory]-[DEBUG] Eagerly caching bean &apos;transactionManager&apos; to allow for resolving potential circular references
2015-04-04 18:11:12,330 [main] [org.springframework.beans.factory.support.DefaultListableBeanFactory]-[DEBUG] Returning cached instance of singleton bean &apos;dataSource&apos;
2015-04-04 18:11:12,330 [main] [org.springframework.beans.factory.support.DefaultListableBeanFactory]-[DEBUG] Invoking afterPropertiesSet() on bean with name &apos;transactionManager&apos;
2015-04-04 18:11:12,330 [main] [org.springframework.beans.factory.support.DefaultListableBeanFactory]-[DEBUG] Returning cached instance of singleton bean &apos;org.springframework.aop.support.DefaultBeanFactoryPointcutAdvisor#0&apos;
2015-04-04 18:11:12,330 [main] [org.springframework.beans.factory.support.DefaultListableBeanFactory]-[DEBUG] Returning cached instance of singleton bean &apos;org.springframework.aop.support.DefaultBeanFactoryPointcutAdvisor#0&apos;
2015-04-04 18:11:12,332 [main] [org.springframework.beans.factory.support.DefaultListableBeanFactory]-[DEBUG] Finished creating instance of bean &apos;transactionManager&apos;
2015-04-04 18:11:12,333 [main] [org.springframework.beans.factory.support.DefaultListableBeanFactory]-[DEBUG] Creating shared instance of singleton bean &apos;txAdvice&apos;
2015-04-04 18:11:12,333 [main] [org.springframework.beans.factory.support.DefaultListableBeanFactory]-[DEBUG] Creating instance of bean &apos;txAdvice&apos;
2015-04-04 18:11:12,333 [main] [org.springframework.beans.factory.support.DefaultListableBeanFactory]-[DEBUG] Eagerly caching bean &apos;txAdvice&apos; to allow for resolving potential circular references
2015-04-04 18:11:12,334 [main] [org.springframework.beans.factory.support.DefaultListableBeanFactory]-[DEBUG] Returning cached instance of singleton bean &apos;transactionManager&apos;
2015-04-04 18:11:12,334 [main] [org.springframework.beans.factory.support.DefaultListableBeanFactory]-[DEBUG] Creating instance of bean &apos;(inner bean)#725746c&apos;
2015-04-04 18:11:12,334 [main] [org.springframework.beans.factory.support.DefaultListableBeanFactory]-[DEBUG] Returning cached instance of singleton bean &apos;org.springframework.aop.support.DefaultBeanFactoryPointcutAdvisor#0&apos;
2015-04-04 18:11:12,334 [main] [org.springframework.transaction.interceptor.NameMatchTransactionAttributeSource]-[DEBUG] Adding transactional method [query*] with attribute [PROPAGATION_REQUIRED,ISOLATION_DEFAULT,readOnly]
2015-04-04 18:11:12,334 [main] [org.springframework.transaction.interceptor.NameMatchTransactionAttributeSource]-[DEBUG] Adding transactional method [*] with attribute [PROPAGATION_REQUIRED,ISOLATION_DEFAULT]
2015-04-04 18:11:12,335 [main] [org.springframework.beans.factory.support.DefaultListableBeanFactory]-[DEBUG] Returning cached instance of singleton bean &apos;org.springframework.aop.support.DefaultBeanFactoryPointcutAdvisor#0&apos;
2015-04-04 18:11:12,335 [main] [org.springframework.beans.factory.support.DefaultListableBeanFactory]-[DEBUG] Returning cached instance of singleton bean &apos;org.springframework.aop.support.DefaultBeanFactoryPointcutAdvisor#0&apos;
2015-04-04 18:11:12,336 [main] [org.springframework.beans.factory.support.DefaultListableBeanFactory]-[DEBUG] Finished creating instance of bean &apos;(inner bean)#725746c&apos;
2015-04-04 18:11:12,336 [main] [org.springframework.beans.factory.support.DefaultListableBeanFactory]-[DEBUG] Invoking afterPropertiesSet() on bean with name &apos;txAdvice&apos;
2015-04-04 18:11:12,336 [main] [org.springframework.beans.factory.support.DefaultListableBeanFactory]-[DEBUG] Finished creating instance of bean &apos;txAdvice&apos;
2015-04-04 18:11:12,336 [main] [org.springframework.beans.factory.support.DefaultListableBeanFactory]-[DEBUG] Returning cached instance of singleton bean &apos;org.springframework.aop.config.internalAutoProxyCreator&apos;
2015-04-04 18:11:12,336 [main] [org.springframework.beans.factory.support.DefaultListableBeanFactory]-[DEBUG] Returning cached instance of singleton bean &apos;org.springframework.aop.support.DefaultBeanFactoryPointcutAdvisor#0&apos;
2015-04-04 18:11:12,336 [main] [org.springframework.beans.factory.support.DefaultListableBeanFactory]-[DEBUG] Returning cached instance of singleton bean &apos;org.springframework.beans.factory.config.PropertyPlaceholderConfigurer#0&apos;
2015-04-04 18:11:12,336 [main] [org.springframework.beans.factory.support.DefaultListableBeanFactory]-[DEBUG] Creating shared instance of singleton bean &apos;contentCategoryController&apos;
2015-04-04 18:11:12,336 [main] [org.springframework.beans.factory.support.DefaultListableBeanFactory]-[DEBUG] Creating instance of bean &apos;contentCategoryController&apos;
2015-04-04 18:11:12,336 [main] [org.springframework.beans.factory.support.DefaultListableBeanFactory]-[DEBUG] Returning cached instance of singleton bean &apos;org.springframework.aop.support.DefaultBeanFactoryPointcutAdvisor#0&apos;
2015-04-04 18:11:12,338 [main] [org.springframework.beans.factory.annotation.InjectionMetadata]-[DEBUG] Registered injected element on class [com.taotao.manage.controller.ContentCategoryController]: AutowiredFieldElement for private com.taotao.manage.service.ContentCategoryService com.taotao.manage.controller.ContentCategoryController.contentCategoryService
2015-04-04 18:11:12,338 [main] [org.springframework.beans.factory.support.DefaultListableBeanFactory]-[DEBUG] Eagerly caching bean &apos;contentCategoryController&apos; to allow for resolving potential circular references
2015-04-04 18:11:12,338 [main] [org.springframework.beans.factory.annotation.InjectionMetadata]-[DEBUG] Processing injected method of bean &apos;contentCategoryController&apos;: AutowiredFieldElement for private com.taotao.manage.service.ContentCategoryService com.taotao.manage.controller.ContentCategoryController.contentCategoryService
2015-04-04 18:11:12,338 [main] [org.springframework.beans.factory.support.DefaultListableBeanFactory]-[DEBUG] Returning cached instance of singleton bean &apos;org.springframework.aop.support.DefaultBeanFactoryPointcutAdvisor#0&apos;
2015-04-04 18:11:12,338 [main] [org.springframework.beans.factory.support.DefaultListableBeanFactory]-[DEBUG] Creating shared instance of singleton bean &apos;contentCategoryMapper&apos;
2015-04-04 18:11:12,339 [main] [org.springframework.beans.factory.support.DefaultListableBeanFactory]-[DEBUG] Creating instance of bean &apos;contentCategoryMapper&apos;
2015-04-04 18:11:12,339 [main] [org.springframework.beans.factory.support.DefaultListableBeanFactory]-[DEBUG] Eagerly caching bean &apos;contentCategoryMapper&apos; to allow for resolving potential circular references
2015-04-04 18:11:12,339 [main] [org.springframework.beans.factory.support.DefaultListableBeanFactory]-[DEBUG] Returning cached instance of singleton bean &apos;org.springframework.aop.support.DefaultBeanFactoryPointcutAdvisor#0&apos;
2015-04-04 18:11:12,339 [main] [org.springframework.beans.factory.support.DefaultListableBeanFactory]-[DEBUG] Returning cached instance of singleton bean &apos;org.springframework.aop.support.DefaultBeanFactoryPointcutAdvisor#0&apos;
2015-04-04 18:11:12,341 [main] [org.springframework.beans.factory.support.DefaultListableBeanFactory]-[DEBUG] Returning eagerly cached instance of singleton bean &apos;contentCategoryMapper&apos; that is not fully initialized yet - a consequence of a circular reference
2015-04-04 18:11:12,341 [main] [org.springframework.beans.factory.support.DefaultListableBeanFactory]-[DEBUG] Returning cached instance of singleton bean &apos;org.springframework.aop.support.DefaultBeanFactoryPointcutAdvisor#0&apos;
2015-04-04 18:11:12,341 [main] [org.springframework.beans.factory.support.DefaultListableBeanFactory]-[DEBUG] Creating shared instance of singleton bean &apos;contentMapper&apos;
2015-04-04 18:11:12,341 [main] [org.springframework.beans.factory.support.DefaultListableBeanFactory]-[DEBUG] Creating instance of bean &apos;contentMapper&apos;
2015-04-04 18:11:12,342 [main] [org.springframework.beans.factory.support.DefaultListableBeanFactory]-[DEBUG] Eagerly caching bean &apos;contentMapper&apos; to allow for resolving potential circular references
2015-04-04 18:11:12,342 [main] [org.springframework.beans.factory.support.DefaultListableBeanFactory]-[DEBUG] Returning cached instance of singleton bean &apos;org.springframework.aop.support.DefaultBeanFactoryPointcutAdvisor#0&apos;
2015-04-04 18:11:12,342 [main] [org.springframework.beans.factory.support.DefaultListableBeanFactory]-[DEBUG] Returning cached instance of singleton bean &apos;org.springframework.aop.support.DefaultBeanFactoryPointcutAdvisor#0&apos;
2015-04-04 18:11:12,343 [main] [org.springframework.beans.factory.support.DefaultListableBeanFactory]-[DEBUG] Returning eagerly cached instance of singleton bean &apos;contentMapper&apos; that is not fully initialized yet - a consequence of a circular reference
2015-04-04 18:11:12,343 [main] [org.springframework.beans.factory.support.DefaultListableBeanFactory]-[DEBUG] Returning cached instance of singleton bean &apos;org.springframework.aop.support.DefaultBeanFactoryPointcutAdvisor#0&apos;
2015-04-04 18:11:12,343 [main] [org.springframework.beans.factory.support.DefaultListableBeanFactory]-[DEBUG] Creating shared instance of singleton bean &apos;itemCatMapper&apos;
2015-04-04 18:11:12,343 [main] [org.springframework.beans.factory.support.DefaultListableBeanFactory]-[DEBUG] Creating instance of bean &apos;itemCatMapper&apos;
2015-04-04 18:11:12,343 [main] [org.springframework.beans.factory.support.DefaultListableBeanFactory]-[DEBUG] Eagerly caching bean &apos;itemCatMapper&apos; to allow for resolving potential circular references
2015-04-04 18:11:12,344 [main] [org.springframework.beans.factory.support.DefaultListableBeanFactory]-[DEBUG] Returning cached instance of singleton bean &apos;org.springframework.aop.support.DefaultBeanFactoryPointcutAdvisor#0&apos;
2015-04-04 18:11:12,344 [main] [org.springframework.beans.factory.support.DefaultListableBeanFactory]-[DEBUG] Returning cached instance of singleton bean &apos;org.springframework.aop.support.DefaultBeanFactoryPointcutAdvisor#0&apos;
2015-04-04 18:11:12,344 [main] [org.springframework.beans.factory.support.DefaultListableBeanFactory]-[DEBUG] Returning eagerly cached instance of singleton bean &apos;itemCatMapper&apos; that is not fully initialized yet - a consequence of a circular reference
2015-04-04 18:11:12,344 [main] [org.springframework.beans.factory.support.DefaultListableBeanFactory]-[DEBUG] Returning cached instance of singleton bean &apos;org.springframework.aop.support.DefaultBeanFactoryPointcutAdvisor#0&apos;
2015-04-04 18:11:12,345 [main] [org.springframework.beans.factory.support.DefaultListableBeanFactory]-[DEBUG] Creating shared instance of singleton bean &apos;itemDescMapper&apos;
2015-04-04 18:11:12,345 [main] [org.springframework.beans.factory.support.DefaultListableBeanFactory]-[DEBUG] Creating instance of bean &apos;itemDescMapper&apos;
2015-04-04 18:11:12,345 [main] [org.springframework.beans.factory.support.DefaultListableBeanFactory]-[DEBUG] Eagerly caching bean &apos;itemDescMapper&apos; to allow for resolving potential circular references
2015-04-04 18:11:12,346 [main] [org.springframework.beans.factory.support.DefaultListableBeanFactory]-[DEBUG] Returning cached instance of singleton bean &apos;org.springframework.aop.support.DefaultBeanFactoryPointcutAdvisor#0&apos;
2015-04-04 18:11:12,346 [main] [org.springframework.beans.factory.support.DefaultListableBeanFactory]-[DEBUG] Returning cached instance of singleton bean &apos;org.springframework.aop.support.DefaultBeanFactoryPointcutAdvisor#0&apos;
2015-04-04 18:11:12,346 [main] [org.springframework.beans.factory.support.DefaultListableBeanFactory]-[DEBUG] Returning eagerly cached instance of singleton bean &apos;itemDescMapper&apos; that is not fully initialized yet - a consequence of a circular reference
2015-04-04 18:11:12,346 [main] [org.springframework.beans.factory.support.DefaultListableBeanFactory]-[DEBUG] Returning cached instance of singleton bean &apos;org.springframework.aop.support.DefaultBeanFactoryPointcutAdvisor#0&apos;
2015-04-04 18:11:12,346 [main] [org.springframework.beans.factory.support.DefaultListableBeanFactory]-[DEBUG] Creating shared instance of singleton bean &apos;itemMapper&apos;
2015-04-04 18:11:12,346 [main] [org.springframework.beans.factory.support.DefaultListableBeanFactory]-[DEBUG] Creating instance of bean &apos;itemMapper&apos;
2015-04-04 18:11:12,347 [main] [org.springframework.beans.factory.support.DefaultListableBeanFactory]-[DEBUG] Eagerly caching bean &apos;itemMapper&apos; to allow for resolving potential circular references
2015-04-04 18:11:12,347 [main] [org.springframework.beans.factory.support.DefaultListableBeanFactory]-[DEBUG] Returning cached instance of singleton bean &apos;org.springframework.aop.support.DefaultBeanFactoryPointcutAdvisor#0&apos;
2015-04-04 18:11:12,347 [main] [org.springframework.beans.factory.support.DefaultListableBeanFactory]-[DEBUG] Returning cached instance of singleton bean &apos;org.springframework.aop.support.DefaultBeanFactoryPointcutAdvisor#0&apos;
2015-04-04 18:11:12,348 [main] [org.springframework.beans.factory.support.DefaultListableBeanFactory]-[DEBUG] Returning eagerly cached instance of singleton bean &apos;itemMapper&apos; that is not fully initialized yet - a consequence of a circular reference
2015-04-04 18:11:12,348 [main] [org.springframework.beans.factory.support.DefaultListableBeanFactory]-[DEBUG] Returning cached instance of singleton bean &apos;org.springframework.aop.support.DefaultBeanFactoryPointcutAdvisor#0&apos;
2015-04-04 18:11:12,348 [main] [org.springframework.beans.factory.support.DefaultListableBeanFactory]-[DEBUG] Creating shared instance of singleton bean &apos;itemParamItemMapper&apos;
2015-04-04 18:11:12,348 [main] [org.springframework.beans.factory.support.DefaultListableBeanFactory]-[DEBUG] Creating instance of bean &apos;itemParamItemMapper&apos;
2015-04-04 18:11:12,348 [main] [org.springframework.beans.factory.support.DefaultListableBeanFactory]-[DEBUG] Eagerly caching bean &apos;itemParamItemMapper&apos; to allow for resolving potential circular references
2015-04-04 18:11:12,349 [main] [org.springframework.beans.factory.support.DefaultListableBeanFactory]-[DEBUG] Returning cached instance of singleton bean &apos;org.springframework.aop.support.DefaultBeanFactoryPointcutAdvisor#0&apos;
2015-04-04 18:11:12,349 [main] [org.springframework.beans.factory.support.DefaultListableBeanFactory]-[DEBUG] Returning cached instance of singleton bean &apos;org.springframework.aop.support.DefaultBeanFactoryPointcutAdvisor#0&apos;
2015-04-04 18:11:12,350 [main] [org.springframework.beans.factory.support.DefaultListableBeanFactory]-[DEBUG] Returning eagerly cached instance of singleton bean &apos;itemParamItemMapper&apos; that is not fully initialized yet - a consequence of a circular reference
2015-04-04 18:11:12,350 [main] [org.springframework.beans.factory.support.DefaultListableBeanFactory]-[DEBUG] Returning cached instance of singleton bean &apos;org.springframework.aop.support.DefaultBeanFactoryPointcutAdvisor#0&apos;
2015-04-04 18:11:12,350 [main] [org.springframework.beans.factory.support.DefaultListableBeanFactory]-[DEBUG] Creating shared instance of singleton bean &apos;itemParamMapper&apos;
2015-04-04 18:11:12,350 [main] [org.springframework.beans.factory.support.DefaultListableBeanFactory]-[DEBUG] Creating instance of bean &apos;itemParamMapper&apos;
2015-04-04 18:11:12,351 [main] [org.springframework.beans.factory.support.DefaultListableBeanFactory]-[DEBUG] Eagerly caching bean &apos;itemParamMapper&apos; to allow for resolving potential circular references
2015-04-04 18:11:12,351 [main] [org.springframework.beans.factory.support.DefaultListableBeanFactory]-[DEBUG] Returning cached instance of singleton bean &apos;org.springframework.aop.support.DefaultBeanFactoryPointcutAdvisor#0&apos;
2015-04-04 18:11:12,351 [main] [org.springframework.beans.factory.support.DefaultListableBeanFactory]-[DEBUG] Returning cached instance of singleton bean &apos;org.springframework.aop.support.DefaultBeanFactoryPointcutAdvisor#0&apos;
2015-04-04 18:11:12,352 [main] [org.springframework.beans.factory.support.DefaultListableBeanFactory]-[DEBUG] Returning eagerly cached instance of singleton bean &apos;itemParamMapper&apos; that is not fully initialized yet - a consequence of a circular reference
2015-04-04 18:11:12,352 [main] [org.springframework.beans.factory.support.DefaultListableBeanFactory]-[DEBUG] Returning cached instance of singleton bean &apos;sqlSessionFactory&apos;
2015-04-04 18:11:12,352 [main] [org.springframework.beans.factory.support.DefaultListableBeanFactory]-[DEBUG] Returning cached instance of singleton bean &apos;org.springframework.aop.support.DefaultBeanFactoryPointcutAdvisor#0&apos;
2015-04-04 18:11:12,352 [main] [org.springframework.beans.factory.support.DefaultListableBeanFactory]-[DEBUG] Returning cached instance of singleton bean &apos;org.springframework.aop.support.DefaultBeanFactoryPointcutAdvisor#0&apos;
2015-04-04 18:11:12,354 [main] [org.springframework.beans.factory.support.DefaultListableBeanFactory]-[DEBUG] Autowiring by type from bean name &apos;itemParamMapper&apos; via property &apos;sqlSessionFactory&apos; to bean named &apos;sqlSessionFactory&apos;
2015-04-04 18:11:12,355 [main] [org.springframework.beans.factory.support.DefaultListableBeanFactory]-[DEBUG] Invoking afterPropertiesSet() on bean with name &apos;itemParamMapper&apos;
2015-04-04 18:11:12,357 [main] [org.springframework.beans.factory.support.DefaultListableBeanFactory]-[DEBUG] Finished creating instance of bean &apos;itemParamMapper&apos;
2015-04-04 18:11:12,358 [main] [org.springframework.beans.factory.support.DefaultListableBeanFactory]-[DEBUG] Returning cached instance of singleton bean &apos;sqlSessionFactory&apos;
2015-04-04 18:11:12,358 [main] [org.springframework.beans.factory.support.DefaultListableBeanFactory]-[DEBUG] Autowiring by type from bean name &apos;itemParamItemMapper&apos; via property &apos;sqlSessionFactory&apos; to bean named &apos;sqlSessionFactory&apos;
2015-04-04 18:11:12,358 [main] [org.springframework.beans.factory.support.DefaultListableBeanFactory]-[DEBUG] Invoking afterPropertiesSet() on bean with name &apos;itemParamItemMapper&apos;
2015-04-04 18:11:12,361 [main] [org.springframework.beans.factory.support.DefaultListableBeanFactory]-[DEBUG] Finished creating instance of bean &apos;itemParamItemMapper&apos;
2015-04-04 18:11:12,361 [main] [org.springframework.beans.factory.support.DefaultListableBeanFactory]-[DEBUG] Returning cached instance of singleton bean &apos;sqlSessionFactory&apos;
2015-04-04 18:11:12,361 [main] [org.springframework.beans.factory.support.DefaultListableBeanFactory]-[DEBUG] Autowiring by type from bean name &apos;itemMapper&apos; via property &apos;sqlSessionFactory&apos; to bean named &apos;sqlSessionFactory&apos;
2015-04-04 18:11:12,362 [main] [org.springframework.beans.factory.support.DefaultListableBeanFactory]-[DEBUG] Invoking afterPropertiesSet() on bean with name &apos;itemMapper&apos;
2015-04-04 18:11:12,364 [main] [org.springframework.beans.factory.support.DefaultListableBeanFactory]-[DEBUG] Finished creating instance of bean &apos;itemMapper&apos;
2015-04-04 18:11:12,365 [main] [org.springframework.beans.factory.support.DefaultListableBeanFactory]-[DEBUG] Returning cached instance of singleton bean &apos;sqlSessionFactory&apos;
2015-04-04 18:11:12,365 [main] [org.springframework.beans.factory.support.DefaultListableBeanFactory]-[DEBUG] Autowiring by type from bean name &apos;itemDescMapper&apos; via property &apos;sqlSessionFactory&apos; to bean named &apos;sqlSessionFactory&apos;
2015-04-04 18:11:12,365 [main] [org.springframework.beans.factory.support.DefaultListableBeanFactory]-[DEBUG] Invoking afterPropertiesSet() on bean with name &apos;itemDescMapper&apos;
2015-04-04 18:11:12,368 [main] [org.springframework.beans.factory.support.DefaultListableBeanFactory]-[DEBUG] Finished creating instance of bean &apos;itemDescMapper&apos;
2015-04-04 18:11:12,369 [main] [org.springframework.beans.factory.support.DefaultListableBeanFactory]-[DEBUG] Returning cached instance of singleton bean &apos;sqlSessionFactory&apos;
2015-04-04 18:11:12,369 [main] [org.springframework.beans.factory.support.DefaultListableBeanFactory]-[DEBUG] Autowiring by type from bean name &apos;itemCatMapper&apos; via property &apos;sqlSessionFactory&apos; to bean named &apos;sqlSessionFactory&apos;
2015-04-04 18:11:12,369 [main] [org.springframework.beans.factory.support.DefaultListableBeanFactory]-[DEBUG] Invoking afterPropertiesSet() on bean with name &apos;itemCatMapper&apos;
2015-04-04 18:11:12,370 [main] [org.springframework.beans.factory.support.DefaultListableBeanFactory]-[DEBUG] Finished creating instance of bean &apos;itemCatMapper&apos;
2015-04-04 18:11:12,370 [main] [org.springframework.beans.factory.support.DefaultListableBeanFactory]-[DEBUG] Returning cached instance of singleton bean &apos;sqlSessionFactory&apos;
2015-04-04 18:11:12,370 [main] [org.springframework.beans.factory.support.DefaultListableBeanFactory]-[DEBUG] Autowiring by type from bean name &apos;contentMapper&apos; via property &apos;sqlSessionFactory&apos; to bean named &apos;sqlSessionFactory&apos;
2015-04-04 18:11:12,370 [main] [org.springframework.beans.factory.support.DefaultListableBeanFactory]-[DEBUG] Invoking afterPropertiesSet() on bean with name &apos;contentMapper&apos;
2015-04-04 18:11:12,370 [main] [org.springframework.beans.factory.support.DefaultListableBeanFactory]-[DEBUG] Finished creating instance of bean &apos;contentMapper&apos;
2015-04-04 18:11:12,371 [main] [org.springframework.beans.factory.support.DefaultListableBeanFactory]-[DEBUG] Returning cached instance of singleton bean &apos;sqlSessionFactory&apos;
2015-04-04 18:11:12,371 [main] [org.springframework.beans.factory.support.DefaultListableBeanFactory]-[DEBUG] Autowiring by type from bean name &apos;contentCategoryMapper&apos; via property &apos;sqlSessionFactory&apos; to bean named &apos;sqlSessionFactory&apos;
2015-04-04 18:11:12,371 [main] [org.springframework.beans.factory.support.DefaultListableBeanFactory]-[DEBUG] Invoking afterPropertiesSet() on bean with name &apos;contentCategoryMapper&apos;
2015-04-04 18:11:12,375 [main] [org.springframework.beans.factory.support.DefaultListableBeanFactory]-[DEBUG] Finished creating instance of bean &apos;contentCategoryMapper&apos;
2015-04-04 18:11:12,375 [main] [org.springframework.beans.factory.support.DefaultListableBeanFactory]-[DEBUG] Creating shared instance of singleton bean &apos;contentCategoryService&apos;
2015-04-04 18:11:12,375 [main] [org.springframework.beans.factory.support.DefaultListableBeanFactory]-[DEBUG] Creating instance of bean &apos;contentCategoryService&apos;
2015-04-04 18:11:12,375 [main] [org.springframework.beans.factory.support.DefaultListableBeanFactory]-[DEBUG] Returning cached instance of singleton bean &apos;org.springframework.aop.support.DefaultBeanFactoryPointcutAdvisor#0&apos;
2015-04-04 18:11:12,376 [main] [org.springframework.beans.factory.annotation.InjectionMetadata]-[DEBUG] Registered injected element on class [com.taotao.manage.service.ContentCategoryService]: AutowiredFieldElement for private com.taotao.manage.base.mapper.TaotaoMapper com.taotao.manage.service.BaseService.taotaoMapper
2015-04-04 18:11:12,376 [main] [org.springframework.beans.factory.support.DefaultListableBeanFactory]-[DEBUG] Eagerly caching bean &apos;contentCategoryService&apos; to allow for resolving potential circular references
2015-04-04 18:11:12,376 [main] [org.springframework.beans.factory.annotation.InjectionMetadata]-[DEBUG] Processing injected method of bean &apos;contentCategoryService&apos;: AutowiredFieldElement for private com.taotao.manage.base.mapper.TaotaoMapper com.taotao.manage.service.BaseService.taotaoMapper
2015-04-04 18:11:12,377 [main] [org.springframework.beans.factory.support.DefaultListableBeanFactory]-[DEBUG] Returning cached instance of singleton bean &apos;contentCategoryMapper&apos;
2015-04-04 18:11:12,377 [main] [org.springframework.beans.factory.support.DefaultListableBeanFactory]-[DEBUG] Returning cached instance of singleton bean &apos;org.springframework.aop.support.DefaultBeanFactoryPointcutAdvisor#0&apos;
2015-04-04 18:11:12,377 [main] [org.springframework.beans.factory.support.DefaultListableBeanFactory]-[DEBUG] Returning cached instance of singleton bean &apos;org.springframework.aop.support.DefaultBeanFactoryPointcutAdvisor#0&apos;
2015-04-04 18:11:12,384 [main] [org.springframework.beans.factory.annotation.AutowiredAnnotationBeanPostProcessor]-[DEBUG] Autowiring by type from bean name &apos;contentCategoryService&apos; to bean named &apos;contentCategoryMapper&apos;
2015-04-04 18:11:12,384 [main] [org.springframework.beans.factory.support.DefaultListableBeanFactory]-[DEBUG] Returning cached instance of singleton bean &apos;org.springframework.aop.support.DefaultBeanFactoryPointcutAdvisor#0&apos;
2015-04-04 18:11:12,384 [main] [org.springframework.beans.factory.support.DefaultListableBeanFactory]-[DEBUG] Returning cached instance of singleton bean &apos;org.springframework.aop.support.DefaultBeanFactoryPointcutAdvisor#0&apos;
2015-04-04 18:11:12,384 [main] [org.springframework.beans.factory.support.DefaultListableBeanFactory]-[DEBUG] Returning cached instance of singleton bean &apos;txAdvice&apos;
2015-04-04 18:11:12,384 [main] [org.springframework.aop.aspectj.autoproxy.AspectJAwareAdvisorAutoProxyCreator]-[DEBUG] Creating implicit proxy for bean &apos;contentCategoryService&apos; with 0 common interceptors and 2 specific interceptors
2015-04-04 18:11:12,385 [main] [org.springframework.aop.framework.CglibAopProxy]-[DEBUG] Creating CGLIB proxy: target source is SingletonTargetSource for target object [com.taotao.manage.service.ContentCategoryService@59b742f1]
2015-04-04 18:11:12,385 [main] [org.springframework.beans.factory.support.DefaultListableBeanFactory]-[DEBUG] Finished creating instance of bean &apos;contentCategoryService&apos;
2015-04-04 18:11:12,385 [main] [org.springframework.beans.factory.annotation.AutowiredAnnotationBeanPostProcessor]-[DEBUG] Autowiring by type from bean name &apos;contentCategoryController&apos; to bean named &apos;contentCategoryService&apos;
2015-04-04 18:11:12,385 [main] [org.springframework.beans.factory.support.DefaultListableBeanFactory]-[DEBUG] Returning cached instance of singleton bean &apos;org.springframework.aop.support.DefaultBeanFactoryPointcutAdvisor#0&apos;
2015-04-04 18:11:12,385 [main] [org.springframework.beans.factory.support.DefaultListableBeanFactory]-[DEBUG] Returning cached instance of singleton bean &apos;org.springframework.aop.support.DefaultBeanFactoryPointcutAdvisor#0&apos;
2015-04-04 18:11:12,386 [main] [org.springframework.beans.factory.support.DefaultListableBeanFactory]-[DEBUG] Finished creating instance of bean &apos;contentCategoryController&apos;
2015-04-04 18:11:12,386 [main] [org.springframework.beans.factory.support.DefaultListableBeanFactory]-[DEBUG] Creating shared instance of singleton bean &apos;contentController&apos;
2015-04-04 18:11:12,386 [main] [org.springframework.beans.factory.support.DefaultListableBeanFactory]-[DEBUG] Creating instance of bean &apos;contentController&apos;
2015-04-04 18:11:12,386 [main] [org.springframework.beans.factory.support.DefaultListableBeanFactory]-[DEBUG] Returning cached instance of singleton bean &apos;org.springframework.aop.support.DefaultBeanFactoryPointcutAdvisor#0&apos;
2015-04-04 18:11:12,388 [main] [org.springframework.beans.factory.annotation.InjectionMetadata]-[DEBUG] Registered injected element on class [com.taotao.manage.controller.ContentController]: AutowiredFieldElement for private com.taotao.manage.service.ContentService com.taotao.manage.controller.ContentController.contentService
2015-04-04 18:11:12,388 [main] [org.springframework.beans.factory.support.DefaultListableBeanFactory]-[DEBUG] Eagerly caching bean &apos;contentController&apos; to allow for resolving potential circular references
2015-04-04 18:11:12,388 [main] [org.springframework.beans.factory.annotation.InjectionMetadata]-[DEBUG] Processing injected method of bean &apos;contentController&apos;: AutowiredFieldElement for private com.taotao.manage.service.ContentService com.taotao.manage.controller.ContentController.contentService
2015-04-04 18:11:12,388 [main] [org.springframework.beans.factory.support.DefaultListableBeanFactory]-[DEBUG] Creating shared instance of singleton bean &apos;contentService&apos;
2015-04-04 18:11:12,389 [main] [org.springframework.beans.factory.support.DefaultListableBeanFactory]-[DEBUG] Creating instance of bean &apos;contentService&apos;
2015-04-04 18:11:12,389 [main] [org.springframework.beans.factory.support.DefaultListableBeanFactory]-[DEBUG] Returning cached instance of singleton bean &apos;org.springframework.aop.support.DefaultBeanFactoryPointcutAdvisor#0&apos;
2015-04-04 18:11:12,390 [main] [org.springframework.beans.factory.annotation.InjectionMetadata]-[DEBUG] Registered injected element on class [com.taotao.manage.service.ContentService]: AutowiredFieldElement for private com.taotao.manage.base.mapper.TaotaoMapper com.taotao.manage.service.BaseService.taotaoMapper
2015-04-04 18:11:12,390 [main] [org.springframework.beans.factory.annotation.InjectionMetadata]-[DEBUG] Registered injected element on class [com.taotao.manage.service.ContentService]: AutowiredFieldElement for private com.taotao.manage.mapper.ContentMapper com.taotao.manage.service.ContentService.contentMapper
2015-04-04 18:11:12,390 [main] [org.springframework.beans.factory.support.DefaultListableBeanFactory]-[DEBUG] Eagerly caching bean &apos;contentService&apos; to allow for resolving potential circular references
2015-04-04 18:11:12,390 [main] [org.springframework.beans.factory.annotation.InjectionMetadata]-[DEBUG] Processing injected method of bean &apos;contentService&apos;: AutowiredFieldElement for private com.taotao.manage.base.mapper.TaotaoMapper com.taotao.manage.service.BaseService.taotaoMapper
2015-04-04 18:11:12,391 [main] [org.springframework.beans.factory.support.DefaultListableBeanFactory]-[DEBUG] Returning cached instance of singleton bean &apos;contentMapper&apos;
2015-04-04 18:11:12,391 [main] [org.springframework.beans.factory.support.DefaultListableBeanFactory]-[DEBUG] Returning cached instance of singleton bean &apos;org.springframework.aop.support.DefaultBeanFactoryPointcutAdvisor#0&apos;
2015-04-04 18:11:12,391 [main] [org.springframework.beans.factory.support.DefaultListableBeanFactory]-[DEBUG] Returning cached instance of singleton bean &apos;org.springframework.aop.support.DefaultBeanFactoryPointcutAdvisor#0&apos;
2015-04-04 18:11:12,396 [main] [org.springframework.beans.factory.annotation.AutowiredAnnotationBeanPostProcessor]-[DEBUG] Autowiring by type from bean name &apos;contentService&apos; to bean named &apos;contentMapper&apos;
2015-04-04 18:11:12,396 [main] [org.springframework.beans.factory.annotation.InjectionMetadata]-[DEBUG] Processing injected method of bean &apos;contentService&apos;: AutowiredFieldElement for private com.taotao.manage.mapper.ContentMapper com.taotao.manage.service.ContentService.contentMapper
2015-04-04 18:11:12,396 [main] [org.springframework.beans.factory.support.DefaultListableBeanFactory]-[DEBUG] Returning cached instance of singleton bean &apos;contentMapper&apos;
2015-04-04 18:11:12,396 [main] [org.springframework.beans.factory.annotation.AutowiredAnnotationBeanPostProcessor]-[DEBUG] Autowiring by type from bean name &apos;contentService&apos; to bean named &apos;contentMapper&apos;
2015-04-04 18:11:12,397 [main] [org.springframework.beans.factory.support.DefaultListableBeanFactory]-[DEBUG] Returning cached instance of singleton bean &apos;org.springframework.aop.support.DefaultBeanFactoryPointcutAdvisor#0&apos;
2015-04-04 18:11:12,397 [main] [org.springframework.beans.factory.support.DefaultListableBeanFactory]-[DEBUG] Returning cached instance of singleton bean &apos;org.springframework.aop.support.DefaultBeanFactoryPointcutAdvisor#0&apos;
2015-04-04 18:11:12,398 [main] [org.springframework.aop.aspectj.autoproxy.AspectJAwareAdvisorAutoProxyCreator]-[DEBUG] Creating implicit proxy for bean &apos;contentService&apos; with 0 common interceptors and 2 specific interceptors
2015-04-04 18:11:12,398 [main] [org.springframework.aop.framework.CglibAopProxy]-[DEBUG] Creating CGLIB proxy: target source is SingletonTargetSource for target object [com.taotao.manage.service.ContentService@2b62d9a6]
2015-04-04 18:11:12,399 [main] [org.springframework.beans.factory.support.DefaultListableBeanFactory]-[DEBUG] Finished creating instance of bean &apos;contentService&apos;
2015-04-04 18:11:12,399 [main] [org.springframework.beans.factory.annotation.AutowiredAnnotationBeanPostProcessor]-[DEBUG] Autowiring by type from bean name &apos;contentController&apos; to bean named &apos;contentService&apos;
2015-04-04 18:11:12,399 [main] [org.springframework.beans.factory.support.DefaultListableBeanFactory]-[DEBUG] Returning cached instance of singleton bean &apos;org.springframework.aop.support.DefaultBeanFactoryPointcutAdvisor#0&apos;
2015-04-04 18:11:12,399 [main] [org.springframework.beans.factory.support.DefaultListableBeanFactory]-[DEBUG] Returning cached instance of singleton bean &apos;org.springframework.aop.support.DefaultBeanFactoryPointcutAdvisor#0&apos;
2015-04-04 18:11:12,399 [main] [org.springframework.beans.factory.support.DefaultListableBeanFactory]-[DEBUG] Finished creating instance of bean &apos;contentController&apos;
2015-04-04 18:11:12,400 [main] [org.springframework.beans.factory.support.DefaultListableBeanFactory]-[DEBUG] Creating shared instance of singleton bean &apos;itemCatController&apos;
2015-04-04 18:11:12,400 [main] [org.springframework.beans.factory.support.DefaultListableBeanFactory]-[DEBUG] Creating instance of bean &apos;itemCatController&apos;
2015-04-04 18:11:12,400 [main] [org.springframework.beans.factory.support.DefaultListableBeanFactory]-[DEBUG] Returning cached instance of singleton bean &apos;org.springframework.aop.support.DefaultBeanFactoryPointcutAdvisor#0&apos;
2015-04-04 18:11:12,401 [main] [org.springframework.beans.factory.annotation.InjectionMetadata]-[DEBUG] Registered injected element on class [com.taotao.manage.controller.ItemCatController]: AutowiredFieldElement for private com.taotao.manage.service.ItemCatService com.taotao.manage.controller.ItemCatController.itemCatService
2015-04-04 18:11:12,401 [main] [org.springframework.beans.factory.support.DefaultListableBeanFactory]-[DEBUG] Eagerly caching bean &apos;itemCatController&apos; to allow for resolving potential circular references
2015-04-04 18:11:12,401 [main] [org.springframework.beans.factory.annotation.InjectionMetadata]-[DEBUG] Processing injected method of bean &apos;itemCatController&apos;: AutowiredFieldElement for private com.taotao.manage.service.ItemCatService com.taotao.manage.controller.ItemCatController.itemCatService
2015-04-04 18:11:12,401 [main] [org.springframework.beans.factory.support.DefaultListableBeanFactory]-[DEBUG] Creating shared instance of singleton bean &apos;itemCatService&apos;
2015-04-04 18:11:12,401 [main] [org.springframework.beans.factory.support.DefaultListableBeanFactory]-[DEBUG] Creating instance of bean &apos;itemCatService&apos;
2015-04-04 18:11:12,402 [main] [org.springframework.beans.factory.support.DefaultListableBeanFactory]-[DEBUG] Returning cached instance of singleton bean &apos;org.springframework.aop.support.DefaultBeanFactoryPointcutAdvisor#0&apos;
2015-04-04 18:11:12,402 [main] [org.springframework.beans.factory.annotation.InjectionMetadata]-[DEBUG] Registered injected element on class [com.taotao.manage.service.ItemCatService]: AutowiredFieldElement for private com.taotao.manage.base.mapper.TaotaoMapper com.taotao.manage.service.BaseService.taotaoMapper
2015-04-04 18:11:12,402 [main] [org.springframework.beans.factory.support.DefaultListableBeanFactory]-[DEBUG] Eagerly caching bean &apos;itemCatService&apos; to allow for resolving potential circular references
2015-04-04 18:11:12,402 [main] [org.springframework.beans.factory.annotation.InjectionMetadata]-[DEBUG] Processing injected method of bean &apos;itemCatService&apos;: AutowiredFieldElement for private com.taotao.manage.base.mapper.TaotaoMapper com.taotao.manage.service.BaseService.taotaoMapper
2015-04-04 18:11:12,403 [main] [org.springframework.beans.factory.support.DefaultListableBeanFactory]-[DEBUG] Returning cached instance of singleton bean &apos;itemCatMapper&apos;
2015-04-04 18:11:12,404 [main] [org.springframework.beans.factory.support.DefaultListableBeanFactory]-[DEBUG] Returning cached instance of singleton bean &apos;org.springframework.aop.support.DefaultBeanFactoryPointcutAdvisor#0&apos;
2015-04-04 18:11:12,404 [main] [org.springframework.beans.factory.support.DefaultListableBeanFactory]-[DEBUG] Returning cached instance of singleton bean &apos;org.springframework.aop.support.DefaultBeanFactoryPointcutAdvisor#0&apos;
2015-04-04 18:11:12,407 [main] [org.springframework.beans.factory.annotation.AutowiredAnnotationBeanPostProcessor]-[DEBUG] Autowiring by type from bean name &apos;itemCatService&apos; to bean named &apos;itemCatMapper&apos;
2015-04-04 18:11:12,408 [main] [org.springframework.beans.factory.support.DefaultListableBeanFactory]-[DEBUG] Returning cached instance of singleton bean &apos;org.springframework.aop.support.DefaultBeanFactoryPointcutAdvisor#0&apos;
2015-04-04 18:11:12,408 [main] [org.springframework.beans.factory.support.DefaultListableBeanFactory]-[DEBUG] Returning cached instance of singleton bean &apos;org.springframework.aop.support.DefaultBeanFactoryPointcutAdvisor#0&apos;
2015-04-04 18:11:12,408 [main] [org.springframework.aop.aspectj.autoproxy.AspectJAwareAdvisorAutoProxyCreator]-[DEBUG] Creating implicit proxy for bean &apos;itemCatService&apos; with 0 common interceptors and 2 specific interceptors
2015-04-04 18:11:12,408 [main] [org.springframework.aop.framework.CglibAopProxy]-[DEBUG] Creating CGLIB proxy: target source is SingletonTargetSource for target object [com.taotao.manage.service.ItemCatService@27786adc]
2015-04-04 18:11:12,409 [main] [org.springframework.beans.factory.support.DefaultListableBeanFactory]-[DEBUG] Finished creating instance of bean &apos;itemCatService&apos;
2015-04-04 18:11:12,409 [main] [org.springframework.beans.factory.annotation.AutowiredAnnotationBeanPostProcessor]-[DEBUG] Autowiring by type from bean name &apos;itemCatController&apos; to bean named &apos;itemCatService&apos;
2015-04-04 18:11:12,409 [main] [org.springframework.beans.factory.support.DefaultListableBeanFactory]-[DEBUG] Returning cached instance of singleton bean &apos;org.springframework.aop.support.DefaultBeanFactoryPointcutAdvisor#0&apos;
2015-04-04 18:11:12,409 [main] [org.springframework.beans.factory.support.DefaultListableBeanFactory]-[DEBUG] Returning cached instance of singleton bean &apos;org.springframework.aop.support.DefaultBeanFactoryPointcutAdvisor#0&apos;
2015-04-04 18:11:12,410 [main] [org.springframework.beans.factory.support.DefaultListableBeanFactory]-[DEBUG] Finished creating instance of bean &apos;itemCatController&apos;
2015-04-04 18:11:12,410 [main] [org.springframework.beans.factory.support.DefaultListableBeanFactory]-[DEBUG] Creating shared instance of singleton bean &apos;itemController&apos;
2015-04-04 18:11:12,410 [main] [org.springframework.beans.factory.support.DefaultListableBeanFactory]-[DEBUG] Creating instance of bean &apos;itemController&apos;
2015-04-04 18:11:12,410 [main] [org.springframework.beans.factory.support.DefaultListableBeanFactory]-[DEBUG] Returning cached instance of singleton bean &apos;org.springframework.aop.support.DefaultBeanFactoryPointcutAdvisor#0&apos;
2015-04-04 18:11:12,411 [main] [org.springframework.beans.factory.annotation.InjectionMetadata]-[DEBUG] Registered injected element on class [com.taotao.manage.controller.ItemController]: AutowiredFieldElement for private com.taotao.manage.service.ItemService com.taotao.manage.controller.ItemController.itemService
2015-04-04 18:11:12,411 [main] [org.springframework.beans.factory.support.DefaultListableBeanFactory]-[DEBUG] Eagerly caching bean &apos;itemController&apos; to allow for resolving potential circular references
2015-04-04 18:11:12,411 [main] [org.springframework.beans.factory.annotation.InjectionMetadata]-[DEBUG] Processing injected method of bean &apos;itemController&apos;: AutowiredFieldElement for private com.taotao.manage.service.ItemService com.taotao.manage.controller.ItemController.itemService
2015-04-04 18:11:12,412 [main] [org.springframework.beans.factory.support.DefaultListableBeanFactory]-[DEBUG] Creating shared instance of singleton bean &apos;itemService&apos;
2015-04-04 18:11:12,412 [main] [org.springframework.beans.factory.support.DefaultListableBeanFactory]-[DEBUG] Creating instance of bean &apos;itemService&apos;
2015-04-04 18:11:12,412 [main] [org.springframework.beans.factory.support.DefaultListableBeanFactory]-[DEBUG] Returning cached instance of singleton bean &apos;org.springframework.aop.support.DefaultBeanFactoryPointcutAdvisor#0&apos;
2015-04-04 18:11:12,413 [main] [org.springframework.beans.factory.annotation.InjectionMetadata]-[DEBUG] Registered injected element on class [com.taotao.manage.service.ItemService]: AutowiredFieldElement for private com.taotao.manage.base.mapper.TaotaoMapper com.taotao.manage.service.BaseService.taotaoMapper
2015-04-04 18:11:12,413 [main] [org.springframework.beans.factory.annotation.InjectionMetadata]-[DEBUG] Registered injected element on class [com.taotao.manage.service.ItemService]: AutowiredFieldElement for private com.taotao.manage.service.ItemDescService com.taotao.manage.service.ItemService.itemDescService
2015-04-04 18:11:12,413 [main] [org.springframework.beans.factory.annotation.InjectionMetadata]-[DEBUG] Registered injected element on class [com.taotao.manage.service.ItemService]: AutowiredFieldElement for private com.taotao.manage.service.ItemParamItemService com.taotao.manage.service.ItemService.itemParamItemService
2015-04-04 18:11:12,413 [main] [org.springframework.beans.factory.support.DefaultListableBeanFactory]-[DEBUG] Eagerly caching bean &apos;itemService&apos; to allow for resolving potential circular references
2015-04-04 18:11:12,414 [main] [org.springframework.beans.factory.annotation.InjectionMetadata]-[DEBUG] Processing injected method of bean &apos;itemService&apos;: AutowiredFieldElement for private com.taotao.manage.base.mapper.TaotaoMapper com.taotao.manage.service.BaseService.taotaoMapper
2015-04-04 18:11:12,415 [main] [org.springframework.beans.factory.support.DefaultListableBeanFactory]-[DEBUG] Returning cached instance of singleton bean &apos;itemMapper&apos;
2015-04-04 18:11:12,415 [main] [org.springframework.beans.factory.support.DefaultListableBeanFactory]-[DEBUG] Returning cached instance of singleton bean &apos;org.springframework.aop.support.DefaultBeanFactoryPointcutAdvisor#0&apos;
2015-04-04 18:11:12,415 [main] [org.springframework.beans.factory.support.DefaultListableBeanFactory]-[DEBUG] Returning cached instance of singleton bean &apos;org.springframework.aop.support.DefaultBeanFactoryPointcutAdvisor#0&apos;
2015-04-04 18:11:12,419 [main] [org.springframework.beans.factory.annotation.AutowiredAnnotationBeanPostProcessor]-[DEBUG] Autowiring by type from bean name &apos;itemService&apos; to bean named &apos;itemMapper&apos;
2015-04-04 18:11:12,419 [main] [org.springframework.beans.factory.annotation.InjectionMetadata]-[DEBUG] Processing injected method of bean &apos;itemService&apos;: AutowiredFieldElement for private com.taotao.manage.service.ItemDescService com.taotao.manage.service.ItemService.itemDescService
2015-04-04 18:11:12,419 [main] [org.springframework.beans.factory.support.DefaultListableBeanFactory]-[DEBUG] Creating shared instance of singleton bean &apos;itemDescService&apos;
2015-04-04 18:11:12,419 [main] [org.springframework.beans.factory.support.DefaultListableBeanFactory]-[DEBUG] Creating instance of bean &apos;itemDescService&apos;
2015-04-04 18:11:12,419 [main] [org.springframework.beans.factory.support.DefaultListableBeanFactory]-[DEBUG] Returning cached instance of singleton bean &apos;org.springframework.aop.support.DefaultBeanFactoryPointcutAdvisor#0&apos;
2015-04-04 18:11:12,420 [main] [org.springframework.beans.factory.annotation.InjectionMetadata]-[DEBUG] Registered injected element on class [com.taotao.manage.service.ItemDescService]: AutowiredFieldElement for private com.taotao.manage.base.mapper.TaotaoMapper com.taotao.manage.service.BaseService.taotaoMapper
2015-04-04 18:11:12,420 [main] [org.springframework.beans.factory.support.DefaultListableBeanFactory]-[DEBUG] Eagerly caching bean &apos;itemDescService&apos; to allow for resolving potential circular references
2015-04-04 18:11:12,420 [main] [org.springframework.beans.factory.annotation.InjectionMetadata]-[DEBUG] Processing injected method of bean &apos;itemDescService&apos;: AutowiredFieldElement for private com.taotao.manage.base.mapper.TaotaoMapper com.taotao.manage.service.BaseService.taotaoMapper
2015-04-04 18:11:12,421 [main] [org.springframework.beans.factory.support.DefaultListableBeanFactory]-[DEBUG] Returning cached instance of singleton bean &apos;itemDescMapper&apos;
2015-04-04 18:11:12,421 [main] [org.springframework.beans.factory.support.DefaultListableBeanFactory]-[DEBUG] Returning cached instance of singleton bean &apos;org.springframework.aop.support.DefaultBeanFactoryPointcutAdvisor#0&apos;
2015-04-04 18:11:12,422 [main] [org.springframework.beans.factory.support.DefaultListableBeanFactory]-[DEBUG] Returning cached instance of singleton bean &apos;org.springframework.aop.support.DefaultBeanFactoryPointcutAdvisor#0&apos;
2015-04-04 18:11:12,425 [main] [org.springframework.beans.factory.annotation.AutowiredAnnotationBeanPostProcessor]-[DEBUG] Autowiring by type from bean name &apos;itemDescService&apos; to bean named &apos;itemDescMapper&apos;
2015-04-04 18:11:12,426 [main] [org.springframework.beans.factory.support.DefaultListableBeanFactory]-[DEBUG] Returning cached instance of singleton bean &apos;org.springframework.aop.support.DefaultBeanFactoryPointcutAdvisor#0&apos;
2015-04-04 18:11:12,426 [main] [org.springframework.beans.factory.support.DefaultListableBeanFactory]-[DEBUG] Returning cached instance of singleton bean &apos;org.springframework.aop.support.DefaultBeanFactoryPointcutAdvisor#0&apos;
2015-04-04 18:11:12,426 [main] [org.springframework.aop.aspectj.autoproxy.AspectJAwareAdvisorAutoProxyCreator]-[DEBUG] Creating implicit proxy for bean &apos;itemDescService&apos; with 0 common interceptors and 2 specific interceptors
2015-04-04 18:11:12,426 [main] [org.springframework.aop.framework.CglibAopProxy]-[DEBUG] Creating CGLIB proxy: target source is SingletonTargetSource for target object [com.taotao.manage.service.ItemDescService@5df55816]
2015-04-04 18:11:12,427 [main] [org.springframework.beans.factory.support.DefaultListableBeanFactory]-[DEBUG] Finished creating instance of bean &apos;itemDescService&apos;
2015-04-04 18:11:12,427 [main] [org.springframework.beans.factory.annotation.AutowiredAnnotationBeanPostProcessor]-[DEBUG] Autowiring by type from bean name &apos;itemService&apos; to bean named &apos;itemDescService&apos;
2015-04-04 18:11:12,427 [main] [org.springframework.beans.factory.annotation.InjectionMetadata]-[DEBUG] Processing injected method of bean &apos;itemService&apos;: AutowiredFieldElement for private com.taotao.manage.service.ItemParamItemService com.taotao.manage.service.ItemService.itemParamItemService
2015-04-04 18:11:12,428 [main] [org.springframework.beans.factory.support.DefaultListableBeanFactory]-[DEBUG] Creating shared instance of singleton bean &apos;itemParamItemService&apos;
2015-04-04 18:11:12,428 [main] [org.springframework.beans.factory.support.DefaultListableBeanFactory]-[DEBUG] Creating instance of bean &apos;itemParamItemService&apos;
2015-04-04 18:11:12,428 [main] [org.springframework.beans.factory.support.DefaultListableBeanFactory]-[DEBUG] Returning cached instance of singleton bean &apos;org.springframework.aop.support.DefaultBeanFactoryPointcutAdvisor#0&apos;
2015-04-04 18:11:12,428 [main] [org.springframework.beans.factory.annotation.InjectionMetadata]-[DEBUG] Registered injected element on class [com.taotao.manage.service.ItemParamItemService]: AutowiredFieldElement for private com.taotao.manage.base.mapper.TaotaoMapper com.taotao.manage.service.BaseService.taotaoMapper
2015-04-04 18:11:12,428 [main] [org.springframework.beans.factory.support.DefaultListableBeanFactory]-[DEBUG] Eagerly caching bean &apos;itemParamItemService&apos; to allow for resolving potential circular references
2015-04-04 18:11:12,429 [main] [org.springframework.beans.factory.annotation.InjectionMetadata]-[DEBUG] Processing injected method of bean &apos;itemParamItemService&apos;: AutowiredFieldElement for private com.taotao.manage.base.mapper.TaotaoMapper com.taotao.manage.service.BaseService.taotaoMapper
2015-04-04 18:11:12,430 [main] [org.springframework.beans.factory.support.DefaultListableBeanFactory]-[DEBUG] Returning cached instance of singleton bean &apos;itemParamItemMapper&apos;
2015-04-04 18:11:12,430 [main] [org.springframework.beans.factory.support.DefaultListableBeanFactory]-[DEBUG] Returning cached instance of singleton bean &apos;org.springframework.aop.support.DefaultBeanFactoryPointcutAdvisor#0&apos;
2015-04-04 18:11:12,430 [main] [org.springframework.beans.factory.support.DefaultListableBeanFactory]-[DEBUG] Returning cached instance of singleton bean &apos;org.springframework.aop.support.DefaultBeanFactoryPointcutAdvisor#0&apos;
2015-04-04 18:11:12,434 [main] [org.springframework.beans.factory.annotation.AutowiredAnnotationBeanPostProcessor]-[DEBUG] Autowiring by type from bean name &apos;itemParamItemService&apos; to bean named &apos;itemParamItemMapper&apos;
2015-04-04 18:11:12,434 [main] [org.springframework.beans.factory.support.DefaultListableBeanFactory]-[DEBUG] Returning cached instance of singleton bean &apos;org.springframework.aop.support.DefaultBeanFactoryPointcutAdvisor#0&apos;
2015-04-04 18:11:12,434 [main] [org.springframework.beans.factory.support.DefaultListableBeanFactory]-[DEBUG] Returning cached instance of singleton bean &apos;org.springframework.aop.support.DefaultBeanFactoryPointcutAdvisor#0&apos;
2015-04-04 18:11:12,434 [main] [org.springframework.aop.aspectj.autoproxy.AspectJAwareAdvisorAutoProxyCreator]-[DEBUG] Creating implicit proxy for bean &apos;itemParamItemService&apos; with 0 common interceptors and 2 specific interceptors
2015-04-04 18:11:12,434 [main] [org.springframework.aop.framework.CglibAopProxy]-[DEBUG] Creating CGLIB proxy: target source is SingletonTargetSource for target object [com.taotao.manage.service.ItemParamItemService@7adf485b]
2015-04-04 18:11:12,435 [main] [org.springframework.beans.factory.support.DefaultListableBeanFactory]-[DEBUG] Finished creating instance of bean &apos;itemParamItemService&apos;
2015-04-04 18:11:12,435 [main] [org.springframework.beans.factory.annotation.AutowiredAnnotationBeanPostProcessor]-[DEBUG] Autowiring by type from bean name &apos;itemService&apos; to bean named &apos;itemParamItemService&apos;
2015-04-04 18:11:12,435 [main] [org.springframework.beans.factory.support.DefaultListableBeanFactory]-[DEBUG] Returning cached instance of singleton bean &apos;org.springframework.aop.support.DefaultBeanFactoryPointcutAdvisor#0&apos;
2015-04-04 18:11:12,435 [main] [org.springframework.beans.factory.support.DefaultListableBeanFactory]-[DEBUG] Returning cached instance of singleton bean &apos;org.springframework.aop.support.DefaultBeanFactoryPointcutAdvisor#0&apos;
2015-04-04 18:11:12,436 [main] [org.springframework.aop.aspectj.autoproxy.AspectJAwareAdvisorAutoProxyCreator]-[DEBUG] Creating implicit proxy for bean &apos;itemService&apos; with 0 common interceptors and 2 specific interceptors
2015-04-04 18:11:12,436 [main] [org.springframework.aop.framework.CglibAopProxy]-[DEBUG] Creating CGLIB proxy: target source is SingletonTargetSource for target object [com.taotao.manage.service.ItemService@61c6408d]
2015-04-04 18:11:12,436 [main] [org.springframework.beans.factory.support.DefaultListableBeanFactory]-[DEBUG] Finished creating instance of bean &apos;itemService&apos;
2015-04-04 18:11:12,436 [main] [org.springframework.beans.factory.annotation.AutowiredAnnotationBeanPostProcessor]-[DEBUG] Autowiring by type from bean name &apos;itemController&apos; to bean named &apos;itemService&apos;
2015-04-04 18:11:12,436 [main] [org.springframework.beans.factory.support.DefaultListableBeanFactory]-[DEBUG] Returning cached instance of singleton bean &apos;org.springframework.aop.support.DefaultBeanFactoryPointcutAdvisor#0&apos;
2015-04-04 18:11:12,436 [main] [org.springframework.beans.factory.support.DefaultListableBeanFactory]-[DEBUG] Returning cached instance of singleton bean &apos;org.springframework.aop.support.DefaultBeanFactoryPointcutAdvisor#0&apos;
2015-04-04 18:11:12,437 [main] [org.springframework.beans.factory.support.DefaultListableBeanFactory]-[DEBUG] Finished creating instance of bean &apos;itemController&apos;
2015-04-04 18:11:12,437 [main] [org.springframework.beans.factory.support.DefaultListableBeanFactory]-[DEBUG] Creating shared instance of singleton bean &apos;itemParamController&apos;
2015-04-04 18:11:12,437 [main] [org.springframework.beans.factory.support.DefaultListableBeanFactory]-[DEBUG] Creating instance of bean &apos;itemParamController&apos;
2015-04-04 18:11:12,437 [main] [org.springframework.beans.factory.support.DefaultListableBeanFactory]-[DEBUG] Returning cached instance of singleton bean &apos;org.springframework.aop.support.DefaultBeanFactoryPointcutAdvisor#0&apos;
2015-04-04 18:11:12,438 [main] [org.springframework.beans.factory.annotation.InjectionMetadata]-[DEBUG] Registered injected element on class [com.taotao.manage.controller.ItemParamController]: AutowiredFieldElement for private com.taotao.manage.service.ItemParamService com.taotao.manage.controller.ItemParamController.itemParamService
2015-04-04 18:11:12,438 [main] [org.springframework.beans.factory.support.DefaultListableBeanFactory]-[DEBUG] Eagerly caching bean &apos;itemParamController&apos; to allow for resolving potential circular references
2015-04-04 18:11:12,438 [main] [org.springframework.beans.factory.annotation.InjectionMetadata]-[DEBUG] Processing injected method of bean &apos;itemParamController&apos;: AutowiredFieldElement for private com.taotao.manage.service.ItemParamService com.taotao.manage.controller.ItemParamController.itemParamService
2015-04-04 18:11:12,439 [main] [org.springframework.beans.factory.support.DefaultListableBeanFactory]-[DEBUG] Creating shared instance of singleton bean &apos;itemParamService&apos;
2015-04-04 18:11:12,439 [main] [org.springframework.beans.factory.support.DefaultListableBeanFactory]-[DEBUG] Creating instance of bean &apos;itemParamService&apos;
2015-04-04 18:11:12,439 [main] [org.springframework.beans.factory.support.DefaultListableBeanFactory]-[DEBUG] Returning cached instance of singleton bean &apos;org.springframework.aop.support.DefaultBeanFactoryPointcutAdvisor#0&apos;
2015-04-04 18:11:12,439 [main] [org.springframework.beans.factory.annotation.InjectionMetadata]-[DEBUG] Registered injected element on class [com.taotao.manage.service.ItemParamService]: AutowiredFieldElement for private com.taotao.manage.base.mapper.TaotaoMapper com.taotao.manage.service.BaseService.taotaoMapper
2015-04-04 18:11:12,439 [main] [org.springframework.beans.factory.support.DefaultListableBeanFactory]-[DEBUG] Eagerly caching bean &apos;itemParamService&apos; to allow for resolving potential circular references
2015-04-04 18:11:12,439 [main] [org.springframework.beans.factory.annotation.InjectionMetadata]-[DEBUG] Processing injected method of bean &apos;itemParamService&apos;: AutowiredFieldElement for private com.taotao.manage.base.mapper.TaotaoMapper com.taotao.manage.service.BaseService.taotaoMapper
2015-04-04 18:11:12,441 [main] [org.springframework.beans.factory.support.DefaultListableBeanFactory]-[DEBUG] Returning cached instance of singleton bean &apos;itemParamMapper&apos;
2015-04-04 18:11:12,441 [main] [org.springframework.beans.factory.support.DefaultListableBeanFactory]-[DEBUG] Returning cached instance of singleton bean &apos;org.springframework.aop.support.DefaultBeanFactoryPointcutAdvisor#0&apos;
2015-04-04 18:11:12,441 [main] [org.springframework.beans.factory.support.DefaultListableBeanFactory]-[DEBUG] Returning cached instance of singleton bean &apos;org.springframework.aop.support.DefaultBeanFactoryPointcutAdvisor#0&apos;
2015-04-04 18:11:12,443 [main] [org.springframework.beans.factory.annotation.AutowiredAnnotationBeanPostProcessor]-[DEBUG] Autowiring by type from bean name &apos;itemParamService&apos; to bean named &apos;itemParamMapper&apos;
2015-04-04 18:11:12,443 [main] [org.springframework.beans.factory.support.DefaultListableBeanFactory]-[DEBUG] Returning cached instance of singleton bean &apos;org.springframework.aop.support.DefaultBeanFactoryPointcutAdvisor#0&apos;
2015-04-04 18:11:12,443 [main] [org.springframework.beans.factory.support.DefaultListableBeanFactory]-[DEBUG] Returning cached instance of singleton bean &apos;org.springframework.aop.support.DefaultBeanFactoryPointcutAdvisor#0&apos;
2015-04-04 18:11:12,444 [main] [org.springframework.aop.aspectj.autoproxy.AspectJAwareAdvisorAutoProxyCreator]-[DEBUG] Creating implicit proxy for bean &apos;itemParamService&apos; with 0 common interceptors and 2 specific interceptors
2015-04-04 18:11:12,444 [main] [org.springframework.aop.framework.CglibAopProxy]-[DEBUG] Creating CGLIB proxy: target source is SingletonTargetSource for target object [com.taotao.manage.service.ItemParamService@63177167]
2015-04-04 18:11:12,444 [main] [org.springframework.beans.factory.support.DefaultListableBeanFactory]-[DEBUG] Finished creating instance of bean &apos;itemParamService&apos;
2015-04-04 18:11:12,444 [main] [org.springframework.beans.factory.annotation.AutowiredAnnotationBeanPostProcessor]-[DEBUG] Autowiring by type from bean name &apos;itemParamController&apos; to bean named &apos;itemParamService&apos;
2015-04-04 18:11:12,444 [main] [org.springframework.beans.factory.support.DefaultListableBeanFactory]-[DEBUG] Returning cached instance of singleton bean &apos;org.springframework.aop.support.DefaultBeanFactoryPointcutAdvisor#0&apos;
2015-04-04 18:11:12,445 [main] [org.springframework.beans.factory.support.DefaultListableBeanFactory]-[DEBUG] Returning cached instance of singleton bean &apos;org.springframework.aop.support.DefaultBeanFactoryPointcutAdvisor#0&apos;
2015-04-04 18:11:12,445 [main] [org.springframework.beans.factory.support.DefaultListableBeanFactory]-[DEBUG] Finished creating instance of bean &apos;itemParamController&apos;
2015-04-04 18:11:12,445 [main] [org.springframework.beans.factory.support.DefaultListableBeanFactory]-[DEBUG] Creating shared instance of singleton bean &apos;pageController&apos;
2015-04-04 18:11:12,445 [main] [org.springframework.beans.factory.support.DefaultListableBeanFactory]-[DEBUG] Creating instance of bean &apos;pageController&apos;
2015-04-04 18:11:12,445 [main] [org.springframework.beans.factory.support.DefaultListableBeanFactory]-[DEBUG] Returning cached instance of singleton bean &apos;org.springframework.aop.support.DefaultBeanFactoryPointcutAdvisor#0&apos;
2015-04-04 18:11:12,446 [main] [org.springframework.beans.factory.support.DefaultListableBeanFactory]-[DEBUG] Eagerly caching bean &apos;pageController&apos; to allow for resolving potential circular references
2015-04-04 18:11:12,446 [main] [org.springframework.beans.factory.support.DefaultListableBeanFactory]-[DEBUG] Returning cached instance of singleton bean &apos;org.springframework.aop.support.DefaultBeanFactoryPointcutAdvisor#0&apos;
2015-04-04 18:11:12,446 [main] [org.springframework.beans.factory.support.DefaultListableBeanFactory]-[DEBUG] Returning cached instance of singleton bean &apos;org.springframework.aop.support.DefaultBeanFactoryPointcutAdvisor#0&apos;
2015-04-04 18:11:12,446 [main] [org.springframework.beans.factory.support.DefaultListableBeanFactory]-[DEBUG] Finished creating instance of bean &apos;pageController&apos;
2015-04-04 18:11:12,446 [main] [org.springframework.beans.factory.support.DefaultListableBeanFactory]-[DEBUG] Creating shared instance of singleton bean &apos;picUploadController&apos;
2015-04-04 18:11:12,446 [main] [org.springframework.beans.factory.support.DefaultListableBeanFactory]-[DEBUG] Creating instance of bean &apos;picUploadController&apos;
2015-04-04 18:11:12,446 [main] [org.springframework.beans.factory.support.DefaultListableBeanFactory]-[DEBUG] Returning cached instance of singleton bean &apos;org.springframework.aop.support.DefaultBeanFactoryPointcutAdvisor#0&apos;
2015-04-04 18:11:12,447 [main] [org.springframework.beans.factory.annotation.InjectionMetadata]-[DEBUG] Registered injected element on class [com.taotao.manage.controller.PicUploadController]: AutowiredFieldElement for private com.taotao.manage.service.PicUploadService com.taotao.manage.controller.PicUploadController.picUploadService
2015-04-04 18:11:12,447 [main] [org.springframework.beans.factory.support.DefaultListableBeanFactory]-[DEBUG] Eagerly caching bean &apos;picUploadController&apos; to allow for resolving potential circular references
2015-04-04 18:11:12,447 [main] [org.springframework.beans.factory.annotation.InjectionMetadata]-[DEBUG] Processing injected method of bean &apos;picUploadController&apos;: AutowiredFieldElement for private com.taotao.manage.service.PicUploadService com.taotao.manage.controller.PicUploadController.picUploadService
2015-04-04 18:11:12,448 [main] [org.springframework.beans.factory.support.DefaultListableBeanFactory]-[DEBUG] Creating shared instance of singleton bean &apos;picUploadService&apos;
2015-04-04 18:11:12,448 [main] [org.springframework.beans.factory.support.DefaultListableBeanFactory]-[DEBUG] Creating instance of bean &apos;picUploadService&apos;
2015-04-04 18:11:12,448 [main] [org.springframework.beans.factory.support.DefaultListableBeanFactory]-[DEBUG] Returning cached instance of singleton bean &apos;org.springframework.aop.support.DefaultBeanFactoryPointcutAdvisor#0&apos;
2015-04-04 18:11:12,448 [main] [org.springframework.beans.factory.annotation.InjectionMetadata]-[DEBUG] Registered injected element on class [com.taotao.manage.service.PicUploadService]: AutowiredFieldElement for public java.lang.String com.taotao.manage.service.PicUploadService.REPOSITORY_PATH
2015-04-04 18:11:12,448 [main] [org.springframework.beans.factory.annotation.InjectionMetadata]-[DEBUG] Registered injected element on class [com.taotao.manage.service.PicUploadService]: AutowiredFieldElement for public java.lang.String com.taotao.manage.service.PicUploadService.IMAGE_BASE_URL
2015-04-04 18:11:12,448 [main] [org.springframework.beans.factory.support.DefaultListableBeanFactory]-[DEBUG] Eagerly caching bean &apos;picUploadService&apos; to allow for resolving potential circular references
2015-04-04 18:11:12,449 [main] [org.springframework.beans.factory.annotation.InjectionMetadata]-[DEBUG] Processing injected method of bean &apos;picUploadService&apos;: AutowiredFieldElement for public java.lang.String com.taotao.manage.service.PicUploadService.REPOSITORY_PATH
2015-04-04 18:11:12,449 [main] [org.springframework.beans.factory.annotation.InjectionMetadata]-[DEBUG] Processing injected method of bean &apos;picUploadService&apos;: AutowiredFieldElement for public java.lang.String com.taotao.manage.service.PicUploadService.IMAGE_BASE_URL
2015-04-04 18:11:12,449 [main] [org.springframework.beans.factory.support.DefaultListableBeanFactory]-[DEBUG] Returning cached instance of singleton bean &apos;org.springframework.aop.support.DefaultBeanFactoryPointcutAdvisor#0&apos;
2015-04-04 18:11:12,449 [main] [org.springframework.beans.factory.support.DefaultListableBeanFactory]-[DEBUG] Returning cached instance of singleton bean &apos;org.springframework.aop.support.DefaultBeanFactoryPointcutAdvisor#0&apos;
2015-04-04 18:11:12,449 [main] [org.springframework.beans.factory.support.DefaultListableBeanFactory]-[DEBUG] Finished creating instance of bean &apos;picUploadService&apos;
2015-04-04 18:11:12,449 [main] [org.springframework.beans.factory.annotation.AutowiredAnnotationBeanPostProcessor]-[DEBUG] Autowiring by type from bean name &apos;picUploadController&apos; to bean named &apos;picUploadService&apos;
2015-04-04 18:11:12,449 [main] [org.springframework.beans.factory.support.DefaultListableBeanFactory]-[DEBUG] Returning cached instance of singleton bean &apos;org.springframework.aop.support.DefaultBeanFactoryPointcutAdvisor#0&apos;
2015-04-04 18:11:12,450 [main] [org.springframework.beans.factory.support.DefaultListableBeanFactory]-[DEBUG] Returning cached instance of singleton bean &apos;org.springframework.aop.support.DefaultBeanFactoryPointcutAdvisor#0&apos;
2015-04-04 18:11:12,450 [main] [org.springframework.beans.factory.support.DefaultListableBeanFactory]-[DEBUG] Finished creating instance of bean &apos;picUploadController&apos;
2015-04-04 18:11:12,450 [main] [org.springframework.beans.factory.support.DefaultListableBeanFactory]-[DEBUG] Creating shared instance of singleton bean &apos;webItemCatController&apos;
2015-04-04 18:11:12,450 [main] [org.springframework.beans.factory.support.DefaultListableBeanFactory]-[DEBUG] Creating instance of bean &apos;webItemCatController&apos;
2015-04-04 18:11:12,450 [main] [org.springframework.beans.factory.support.DefaultListableBeanFactory]-[DEBUG] Returning cached instance of singleton bean &apos;org.springframework.aop.support.DefaultBeanFactoryPointcutAdvisor#0&apos;
2015-04-04 18:11:12,451 [main] [org.springframework.beans.factory.annotation.InjectionMetadata]-[DEBUG] Registered injected element on class [com.taotao.manage.controller.web.WebItemCatController]: AutowiredFieldElement for private com.taotao.manage.service.ItemCatService com.taotao.manage.controller.web.WebItemCatController.itemCatService
2015-04-04 18:11:12,451 [main] [org.springframework.beans.factory.support.DefaultListableBeanFactory]-[DEBUG] Eagerly caching bean &apos;webItemCatController&apos; to allow for resolving potential circular references
2015-04-04 18:11:12,451 [main] [org.springframework.beans.factory.annotation.InjectionMetadata]-[DEBUG] Processing injected method of bean &apos;webItemCatController&apos;: AutowiredFieldElement for private com.taotao.manage.service.ItemCatService com.taotao.manage.controller.web.WebItemCatController.itemCatService
2015-04-04 18:11:12,451 [main] [org.springframework.beans.factory.support.DefaultListableBeanFactory]-[DEBUG] Returning cached instance of singleton bean &apos;itemCatService&apos;
2015-04-04 18:11:12,451 [main] [org.springframework.beans.factory.annotation.AutowiredAnnotationBeanPostProcessor]-[DEBUG] Autowiring by type from bean name &apos;webItemCatController&apos; to bean named &apos;itemCatService&apos;
2015-04-04 18:11:12,451 [main] [org.springframework.beans.factory.support.DefaultListableBeanFactory]-[DEBUG] Returning cached instance of singleton bean &apos;org.springframework.aop.support.DefaultBeanFactoryPointcutAdvisor#0&apos;
2015-04-04 18:11:12,451 [main] [org.springframework.beans.factory.support.DefaultListableBeanFactory]-[DEBUG] Returning cached instance of singleton bean &apos;org.springframework.aop.support.DefaultBeanFactoryPointcutAdvisor#0&apos;
2015-04-04 18:11:12,452 [main] [org.springframework.beans.factory.support.DefaultListableBeanFactory]-[DEBUG] Finished creating instance of bean &apos;webItemCatController&apos;
2015-04-04 18:11:12,452 [main] [org.springframework.beans.factory.support.DefaultListableBeanFactory]-[DEBUG] Returning cached instance of singleton bean &apos;contentCategoryService&apos;
2015-04-04 18:11:12,452 [main] [org.springframework.beans.factory.support.DefaultListableBeanFactory]-[DEBUG] Returning cached instance of singleton bean &apos;contentService&apos;
2015-04-04 18:11:12,452 [main] [org.springframework.beans.factory.support.DefaultListableBeanFactory]-[DEBUG] Returning cached instance of singleton bean &apos;itemCatService&apos;
2015-04-04 18:11:12,452 [main] [org.springframework.beans.factory.support.DefaultListableBeanFactory]-[DEBUG] Returning cached instance of singleton bean &apos;itemDescService&apos;
2015-04-04 18:11:12,452 [main] [org.springframework.beans.factory.support.DefaultListableBeanFactory]-[DEBUG] Returning cached instance of singleton bean &apos;itemParamItemService&apos;
2015-04-04 18:11:12,452 [main] [org.springframework.beans.factory.support.DefaultListableBeanFactory]-[DEBUG] Returning cached instance of singleton bean &apos;itemParamService&apos;
2015-04-04 18:11:12,452 [main] [org.springframework.beans.factory.support.DefaultListableBeanFactory]-[DEBUG] Returning cached instance of singleton bean &apos;itemService&apos;
2015-04-04 18:11:12,452 [main] [org.springframework.beans.factory.support.DefaultListableBeanFactory]-[DEBUG] Returning cached instance of singleton bean &apos;picUploadService&apos;
2015-04-04 18:11:12,452 [main] [org.springframework.beans.factory.support.DefaultListableBeanFactory]-[DEBUG] Returning cached instance of singleton bean &apos;org.springframework.context.annotation.internalConfigurationAnnotationProcessor&apos;
2015-04-04 18:11:12,452 [main] [org.springframework.beans.factory.support.DefaultListableBeanFactory]-[DEBUG] Returning cached instance of singleton bean &apos;org.springframework.context.annotation.internalAutowiredAnnotationProcessor&apos;
2015-04-04 18:11:12,452 [main] [org.springframework.beans.factory.support.DefaultListableBeanFactory]-[DEBUG] Returning cached instance of singleton bean &apos;org.springframework.context.annotation.internalRequiredAnnotationProcessor&apos;
2015-04-04 18:11:12,452 [main] [org.springframework.beans.factory.support.DefaultListableBeanFactory]-[DEBUG] Returning cached instance of singleton bean &apos;org.springframework.context.annotation.internalCommonAnnotationProcessor&apos;
2015-04-04 18:11:12,452 [main] [org.springframework.beans.factory.support.DefaultListableBeanFactory]-[DEBUG] Returning cached instance of singleton bean &apos;dataSource&apos;
2015-04-04 18:11:12,453 [main] [org.springframework.beans.factory.support.DefaultListableBeanFactory]-[DEBUG] Returning cached instance of singleton bean &apos;org.springframework.context.annotation.ConfigurationClassPostProcessor.importAwareProcessor&apos;
2015-04-04 18:11:12,453 [main] [org.springframework.beans.factory.support.DefaultListableBeanFactory]-[DEBUG] Returning cached instance of singleton bean &apos;org.springframework.context.annotation.ConfigurationClassPostProcessor.enhancedConfigurationProcessor&apos;
2015-04-04 18:11:12,453 [main] [org.springframework.beans.factory.support.DefaultListableBeanFactory]-[DEBUG] Returning cached instance of singleton bean &apos;contentCategoryMapper&apos;
2015-04-04 18:11:12,453 [main] [org.springframework.beans.factory.support.DefaultListableBeanFactory]-[DEBUG] Returning cached instance of singleton bean &apos;contentMapper&apos;
2015-04-04 18:11:12,453 [main] [org.springframework.beans.factory.support.DefaultListableBeanFactory]-[DEBUG] Returning cached instance of singleton bean &apos;itemCatMapper&apos;
2015-04-04 18:11:12,453 [main] [org.springframework.beans.factory.support.DefaultListableBeanFactory]-[DEBUG] Returning cached instance of singleton bean &apos;itemDescMapper&apos;
2015-04-04 18:11:12,453 [main] [org.springframework.beans.factory.support.DefaultListableBeanFactory]-[DEBUG] Returning cached instance of singleton bean &apos;itemMapper&apos;
2015-04-04 18:11:12,453 [main] [org.springframework.beans.factory.support.DefaultListableBeanFactory]-[DEBUG] Returning cached instance of singleton bean &apos;itemParamItemMapper&apos;
2015-04-04 18:11:12,453 [main] [org.springframework.beans.factory.support.DefaultListableBeanFactory]-[DEBUG] Returning cached instance of singleton bean &apos;itemParamMapper&apos;
2015-04-04 18:11:12,453 [main] [org.springframework.context.support.ClassPathXmlApplicationContext]-[DEBUG] Unable to locate LifecycleProcessor with name &apos;lifecycleProcessor&apos;: using default [org.springframework.context.support.DefaultLifecycleProcessor@3a911ab0]
2015-04-04 18:11:12,453 [main] [org.springframework.beans.factory.support.DefaultListableBeanFactory]-[DEBUG] Returning cached instance of singleton bean &apos;lifecycleProcessor&apos;
2015-04-04 18:11:12,454 [main] [org.springframework.beans.factory.support.DefaultListableBeanFactory]-[DEBUG] Returning cached instance of singleton bean &apos;sqlSessionFactory&apos;
2015-04-04 18:11:12,454 [main] [org.springframework.core.env.PropertySourcesPropertyResolver]-[DEBUG] Searching for key &apos;spring.liveBeansView.mbeanDomain&apos; in [systemProperties]
2015-04-04 18:11:12,454 [main] [org.springframework.core.env.PropertySourcesPropertyResolver]-[DEBUG] Searching for key &apos;spring.liveBeansView.mbeanDomain&apos; in [systemEnvironment]
2015-04-04 18:11:12,454 [main] [org.springframework.core.env.PropertySourcesPropertyResolver]-[DEBUG] Could not find key &apos;spring.liveBeansView.mbeanDomain&apos; in any property source. Returning [null]
2015-04-04 18:11:12,454 [main] [org.springframework.beans.factory.support.DefaultListableBeanFactory]-[DEBUG] Returning cached instance of singleton bean &apos;itemMapper&apos;
</system-out>
  </testcase>
  <testcase time="0.343" classname="com.taotao.manage.mapper.ItemMapperTest" name="testUpdateByPrimaryKey">
    <failure message="Not yet implemented" type="java.lang.AssertionError">java.lang.AssertionError: Not yet implemented
	at org.junit.Assert.fail(Assert.java:93)
	at com.taotao.manage.mapper.ItemMapperTest.testUpdateByPrimaryKey(ItemMapperTest.java:94)
	at sun.reflect.NativeMethodAccessorImpl.invoke0(Native Method)
	at sun.reflect.NativeMethodAccessorImpl.invoke(NativeMethodAccessorImpl.java:57)
	at sun.reflect.DelegatingMethodAccessorImpl.invoke(DelegatingMethodAccessorImpl.java:43)
	at java.lang.reflect.Method.invoke(Method.java:606)
	at org.junit.runners.model.FrameworkMethod$1.runReflectiveCall(FrameworkMethod.java:45)
	at org.junit.internal.runners.model.ReflectiveCallable.run(ReflectiveCallable.java:15)
	at org.junit.runners.model.FrameworkMethod.invokeExplosively(FrameworkMethod.java:42)
	at org.junit.internal.runners.statements.InvokeMethod.evaluate(InvokeMethod.java:20)
	at org.junit.internal.runners.statements.RunBefores.evaluate(RunBefores.java:28)
	at org.junit.runners.ParentRunner.runLeaf(ParentRunner.java:263)
	at org.junit.runners.BlockJUnit4ClassRunner.runChild(BlockJUnit4ClassRunner.java:68)
	at org.junit.runners.BlockJUnit4ClassRunner.runChild(BlockJUnit4ClassRunner.java:47)
	at org.junit.runners.ParentRunner$3.run(ParentRunner.java:231)
	at org.junit.runners.ParentRunner$1.schedule(ParentRunner.java:60)
	at org.junit.runners.ParentRunner.runChildren(ParentRunner.java:229)
	at org.junit.runners.ParentRunner.access$000(ParentRunner.java:50)
	at org.junit.runners.ParentRunner$2.evaluate(ParentRunner.java:222)
	at org.junit.runners.ParentRunner.run(ParentRunner.java:300)
	at org.apache.maven.surefire.junit4.JUnit4Provider.execute(JUnit4Provider.java:252)
	at org.apache.maven.surefire.junit4.JUnit4Provider.executeTestSet(JUnit4Provider.java:141)
	at org.apache.maven.surefire.junit4.JUnit4Provider.invoke(JUnit4Provider.java:112)
	at sun.reflect.NativeMethodAccessorImpl.invoke0(Native Method)
	at sun.reflect.NativeMethodAccessorImpl.invoke(NativeMethodAccessorImpl.java:57)
	at sun.reflect.DelegatingMethodAccessorImpl.invoke(DelegatingMethodAccessorImpl.java:43)
	at java.lang.reflect.Method.invoke(Method.java:606)
	at org.apache.maven.surefire.util.ReflectionUtils.invokeMethodWithArray(ReflectionUtils.java:189)
	at org.apache.maven.surefire.booter.ProviderFactory$ProviderProxy.invoke(ProviderFactory.java:165)
	at org.apache.maven.surefire.booter.ProviderFactory.invokeProvider(ProviderFactory.java:85)
	at org.apache.maven.surefire.booter.ForkedBooter.runSuitesInProcess(ForkedBooter.java:115)
	at org.apache.maven.surefire.booter.ForkedBooter.main(ForkedBooter.java:75)
</failure>
    <system-out>2015-04-04 18:11:12,459 [main] [org.springframework.core.env.StandardEnvironment]-[DEBUG] Adding [systemProperties] PropertySource with lowest search precedence
2015-04-04 18:11:12,460 [main] [org.springframework.core.env.StandardEnvironment]-[DEBUG] Adding [systemEnvironment] PropertySource with lowest search precedence
2015-04-04 18:11:12,460 [main] [org.springframework.core.env.StandardEnvironment]-[DEBUG] Initialized StandardEnvironment with PropertySources [systemProperties,systemEnvironment]
2015-04-04 18:11:12,460 [main] [org.springframework.context.support.ClassPathXmlApplicationContext]-[INFO] Refreshing org.springframework.context.support.ClassPathXmlApplicationContext@26f6379c: startup date [Sat Apr 04 18:11:12 CST 2015]; root of context hierarchy
2015-04-04 18:11:12,461 [main] [org.springframework.core.env.StandardEnvironment]-[DEBUG] Adding [systemProperties] PropertySource with lowest search precedence
2015-04-04 18:11:12,461 [main] [org.springframework.core.env.StandardEnvironment]-[DEBUG] Adding [systemEnvironment] PropertySource with lowest search precedence
2015-04-04 18:11:12,462 [main] [org.springframework.core.env.StandardEnvironment]-[DEBUG] Initialized StandardEnvironment with PropertySources [systemProperties,systemEnvironment]
2015-04-04 18:11:12,462 [main] [org.springframework.core.io.support.PathMatchingResourcePatternResolver]-[DEBUG] Looking for matching resources in directory tree [D:\work0326\eclipse-workspace\taotao-manage\taotao-manage-web\target\classes\spring]
2015-04-04 18:11:12,462 [main] [org.springframework.core.io.support.PathMatchingResourcePatternResolver]-[DEBUG] Searching directory [D:\work0326\eclipse-workspace\taotao-manage\taotao-manage-web\target\classes\spring] for files matching pattern [D:/work0326/eclipse-workspace/taotao-manage/taotao-manage-web/target/classes/spring/applicationContext*.xml]
2015-04-04 18:11:12,463 [main] [org.springframework.core.io.support.PathMatchingResourcePatternResolver]-[DEBUG] Resolved location pattern [spring/applicationContext*.xml] to resources [file [D:\work0326\eclipse-workspace\taotao-manage\taotao-manage-web\target\classes\spring\applicationContext-mybatis.xml], file [D:\work0326\eclipse-workspace\taotao-manage\taotao-manage-web\target\classes\spring\applicationContext-transaction.xml], file [D:\work0326\eclipse-workspace\taotao-manage\taotao-manage-web\target\classes\spring\applicationContext.xml]]
2015-04-04 18:11:12,464 [main] [org.springframework.beans.factory.xml.XmlBeanDefinitionReader]-[INFO] Loading XML bean definitions from file [D:\work0326\eclipse-workspace\taotao-manage\taotao-manage-web\target\classes\spring\applicationContext-mybatis.xml]
2015-04-04 18:11:12,465 [main] [org.springframework.beans.factory.xml.DefaultDocumentLoader]-[DEBUG] Using JAXP provider [com.sun.org.apache.xerces.internal.jaxp.DocumentBuilderFactoryImpl]
2015-04-04 18:11:12,466 [main] [org.springframework.beans.factory.xml.PluggableSchemaResolver]-[DEBUG] Loading schema mappings from [META-INF/spring.schemas]
2015-04-04 18:11:12,469 [main] [org.springframework.beans.factory.xml.PluggableSchemaResolver]-[DEBUG] Loaded schema mappings: {http://www.springframework.org/schema/tx/spring-tx-2.5.xsd=org/springframework/transaction/config/spring-tx-2.5.xsd, http://www.springframework.org/schema/aop/spring-aop-4.1.xsd=org/springframework/aop/config/spring-aop-4.1.xsd, http://www.springframework.org/schema/context/spring-context-3.1.xsd=org/springframework/context/config/spring-context-3.1.xsd, http://www.springframework.org/schema/jdbc/spring-jdbc-4.1.xsd=org/springframework/jdbc/config/spring-jdbc-4.1.xsd, http://www.springframework.org/schema/util/spring-util-3.0.xsd=org/springframework/beans/factory/xml/spring-util-3.0.xsd, http://www.springframework.org/schema/mvc/spring-mvc-4.1.xsd=org/springframework/web/servlet/config/spring-mvc-4.1.xsd, http://www.springframework.org/schema/tool/spring-tool.xsd=org/springframework/beans/factory/xml/spring-tool-4.1.xsd, http://www.springframework.org/schema/aop/spring-aop-3.2.xsd=org/springframework/aop/config/spring-aop-3.2.xsd, http://mybatis.org/schema/mybatis-spring-1.2.xsd=org/mybatis/spring/config/mybatis-spring-1.2.xsd, http://www.springframework.org/schema/lang/spring-lang-4.1.xsd=org/springframework/scripting/config/spring-lang-4.1.xsd, http://www.springframework.org/schema/context/spring-context-4.0.xsd=org/springframework/context/config/spring-context-4.0.xsd, http://www.springframework.org/schema/mvc/spring-mvc-3.2.xsd=org/springframework/web/servlet/config/spring-mvc-3.2.xsd, http://www.springframework.org/schema/tool/spring-tool-4.1.xsd=org/springframework/beans/factory/xml/spring-tool-4.1.xsd, http://www.springframework.org/schema/lang/spring-lang-3.2.xsd=org/springframework/scripting/config/spring-lang-3.2.xsd, http://www.springframework.org/schema/cache/spring-cache-3.2.xsd=org/springframework/cache/config/spring-cache-3.2.xsd, http://www.springframework.org/schema/jee/spring-jee-4.1.xsd=org/springframework/ejb/config/spring-jee-4.1.xsd, http://www.springframework.org/schema/jdbc/spring-jdbc-3.1.xsd=org/springframework/jdbc/config/spring-jdbc-3.1.xsd, http://www.springframework.org/schema/util/spring-util-2.0.xsd=org/springframework/beans/factory/xml/spring-util-2.0.xsd, http://www.springframework.org/schema/tool/spring-tool-3.2.xsd=org/springframework/beans/factory/xml/spring-tool-3.2.xsd, http://www.springframework.org/schema/context/spring-context.xsd=org/springframework/context/config/spring-context-4.1.xsd, http://www.springframework.org/schema/cache/spring-cache-4.1.xsd=org/springframework/cache/config/spring-cache-4.1.xsd, http://www.springframework.org/schema/aop/spring-aop-4.0.xsd=org/springframework/aop/config/spring-aop-4.0.xsd, http://www.springframework.org/schema/jee/spring-jee-3.2.xsd=org/springframework/ejb/config/spring-jee-3.2.xsd, http://www.springframework.org/schema/context/spring-context-3.0.xsd=org/springframework/context/config/spring-context-3.0.xsd, http://www.springframework.org/schema/jdbc/spring-jdbc-4.0.xsd=org/springframework/jdbc/config/spring-jdbc-4.0.xsd, http://www.springframework.org/schema/util/spring-util-2.5.xsd=org/springframework/beans/factory/xml/spring-util-2.5.xsd, http://www.springframework.org/schema/mvc/spring-mvc-4.0.xsd=org/springframework/web/servlet/config/spring-mvc-4.0.xsd, http://www.springframework.org/schema/beans/spring-beans-3.2.xsd=org/springframework/beans/factory/xml/spring-beans-3.2.xsd, http://www.springframework.org/schema/aop/spring-aop-3.1.xsd=org/springframework/aop/config/spring-aop-3.1.xsd, http://www.springframework.org/schema/lang/spring-lang-4.0.xsd=org/springframework/scripting/config/spring-lang-4.0.xsd, http://www.springframework.org/schema/mvc/spring-mvc.xsd=org/springframework/web/servlet/config/spring-mvc-4.1.xsd, http://www.springframework.org/schema/mvc/spring-mvc-3.1.xsd=org/springframework/web/servlet/config/spring-mvc-3.1.xsd, http://www.springframework.org/schema/beans/spring-beans-4.1.xsd=org/springframework/beans/factory/xml/spring-beans-4.1.xsd, http://www.springframework.org/schema/tool/spring-tool-4.0.xsd=org/springframework/beans/factory/xml/spring-tool-4.0.xsd, http://www.springframework.org/schema/lang/spring-lang-3.1.xsd=org/springframework/scripting/config/spring-lang-3.1.xsd, http://www.springframework.org/schema/tx/spring-tx-3.2.xsd=org/springframework/transaction/config/spring-tx-3.2.xsd, http://www.springframework.org/schema/cache/spring-cache-3.1.xsd=org/springframework/cache/config/spring-cache-3.1.xsd, http://www.springframework.org/schema/jee/spring-jee-4.0.xsd=org/springframework/ejb/config/spring-jee-4.0.xsd, http://www.springframework.org/schema/jdbc/spring-jdbc-3.0.xsd=org/springframework/jdbc/config/spring-jdbc-3.0.xsd, http://www.springframework.org/schema/task/spring-task-4.1.xsd=org/springframework/scheduling/config/spring-task-4.1.xsd, http://www.springframework.org/schema/tool/spring-tool-3.1.xsd=org/springframework/beans/factory/xml/spring-tool-3.1.xsd, http://www.springframework.org/schema/jdbc/spring-jdbc.xsd=org/springframework/jdbc/config/spring-jdbc-4.1.xsd, http://www.springframework.org/schema/tx/spring-tx-4.1.xsd=org/springframework/transaction/config/spring-tx-4.1.xsd, http://www.springframework.org/schema/cache/spring-cache-4.0.xsd=org/springframework/cache/config/spring-cache-4.0.xsd, http://www.springframework.org/schema/jee/spring-jee-3.1.xsd=org/springframework/ejb/config/spring-jee-3.1.xsd, http://www.springframework.org/schema/task/spring-task-3.2.xsd=org/springframework/scheduling/config/spring-task-3.2.xsd, http://www.springframework.org/schema/beans/spring-beans-3.1.xsd=org/springframework/beans/factory/xml/spring-beans-3.1.xsd, http://www.springframework.org/schema/util/spring-util.xsd=org/springframework/beans/factory/xml/spring-util-4.1.xsd, http://www.springframework.org/schema/aop/spring-aop-3.0.xsd=org/springframework/aop/config/spring-aop-3.0.xsd, http://www.springframework.org/schema/mvc/spring-mvc-3.0.xsd=org/springframework/web/servlet/config/spring-mvc-3.0.xsd, http://www.springframework.org/schema/beans/spring-beans-4.0.xsd=org/springframework/beans/factory/xml/spring-beans-4.0.xsd, http://www.springframework.org/schema/beans/spring-beans.xsd=org/springframework/beans/factory/xml/spring-beans-4.1.xsd, http://www.springframework.org/schema/lang/spring-lang-3.0.xsd=org/springframework/scripting/config/spring-lang-3.0.xsd, http://www.springframework.org/schema/tx/spring-tx-3.1.xsd=org/springframework/transaction/config/spring-tx-3.1.xsd, http://mybatis.org/schema/mybatis-spring.xsd=org/mybatis/spring/config/mybatis-spring-1.2.xsd, http://www.springframework.org/schema/context/spring-context-2.5.xsd=org/springframework/context/config/spring-context-2.5.xsd, http://www.springframework.org/schema/task/spring-task-4.0.xsd=org/springframework/scheduling/config/spring-task-4.0.xsd, http://www.springframework.org/schema/tool/spring-tool-3.0.xsd=org/springframework/beans/factory/xml/spring-tool-3.0.xsd, http://www.springframework.org/schema/tx/spring-tx-4.0.xsd=org/springframework/transaction/config/spring-tx-4.0.xsd, http://www.springframework.org/schema/aop/spring-aop-2.0.xsd=org/springframework/aop/config/spring-aop-2.0.xsd, http://www.springframework.org/schema/jee/spring-jee-3.0.xsd=org/springframework/ejb/config/spring-jee-3.0.xsd, http://www.springframework.org/schema/util/spring-util-4.1.xsd=org/springframework/beans/factory/xml/spring-util-4.1.xsd, http://www.springframework.org/schema/task/spring-task-3.1.xsd=org/springframework/scheduling/config/spring-task-3.1.xsd, http://www.springframework.org/schema/beans/spring-beans-3.0.xsd=org/springframework/beans/factory/xml/spring-beans-3.0.xsd, http://www.springframework.org/schema/jee/spring-jee.xsd=org/springframework/ejb/config/spring-jee-4.1.xsd, http://www.springframework.org/schema/aop/spring-aop-2.5.xsd=org/springframework/aop/config/spring-aop-2.5.xsd, http://www.springframework.org/schema/lang/spring-lang-2.0.xsd=org/springframework/scripting/config/spring-lang-2.0.xsd, http://www.springframework.org/schema/util/spring-util-3.2.xsd=org/springframework/beans/factory/xml/spring-util-3.2.xsd, http://www.springframework.org/schema/task/spring-task.xsd=org/springframework/scheduling/config/spring-task-4.1.xsd, http://www.springframework.org/schema/tool/spring-tool-2.0.xsd=org/springframework/beans/factory/xml/spring-tool-2.0.xsd, http://www.springframework.org/schema/tx/spring-tx-3.0.xsd=org/springframework/transaction/config/spring-tx-3.0.xsd, http://www.springframework.org/schema/lang/spring-lang-2.5.xsd=org/springframework/scripting/config/spring-lang-2.5.xsd, http://www.springframework.org/schema/jee/spring-jee-2.0.xsd=org/springframework/ejb/config/spring-jee-2.0.xsd, http://www.springframework.org/schema/tool/spring-tool-2.5.xsd=org/springframework/beans/factory/xml/spring-tool-2.5.xsd, http://www.springframework.org/schema/jee/spring-jee-2.5.xsd=org/springframework/ejb/config/spring-jee-2.5.xsd, http://www.springframework.org/schema/util/spring-util-4.0.xsd=org/springframework/beans/factory/xml/spring-util-4.0.xsd, http://www.springframework.org/schema/task/spring-task-3.0.xsd=org/springframework/scheduling/config/spring-task-3.0.xsd, http://www.springframework.org/schema/lang/spring-lang.xsd=org/springframework/scripting/config/spring-lang-4.1.xsd, http://www.springframework.org/schema/context/spring-context-3.2.xsd=org/springframework/context/config/spring-context-3.2.xsd, http://www.springframework.org/schema/util/spring-util-3.1.xsd=org/springframework/beans/factory/xml/spring-util-3.1.xsd, http://www.springframework.org/schema/beans/spring-beans-2.0.xsd=org/springframework/beans/factory/xml/spring-beans-2.0.xsd, http://www.springframework.org/schema/cache/spring-cache.xsd=org/springframework/cache/config/spring-cache-4.1.xsd, http://www.springframework.org/schema/tx/spring-tx.xsd=org/springframework/transaction/config/spring-tx-4.1.xsd, http://www.springframework.org/schema/context/spring-context-4.1.xsd=org/springframework/context/config/spring-context-4.1.xsd, http://www.springframework.org/schema/beans/spring-beans-2.5.xsd=org/springframework/beans/factory/xml/spring-beans-2.5.xsd, http://www.springframework.org/schema/tx/spring-tx-2.0.xsd=org/springframework/transaction/config/spring-tx-2.0.xsd, http://www.springframework.org/schema/jdbc/spring-jdbc-3.2.xsd=org/springframework/jdbc/config/spring-jdbc-3.2.xsd, http://www.springframework.org/schema/aop/spring-aop.xsd=org/springframework/aop/config/spring-aop-4.1.xsd}
2015-04-04 18:11:12,470 [main] [org.springframework.beans.factory.xml.PluggableSchemaResolver]-[DEBUG] Found XML schema [http://www.springframework.org/schema/beans/spring-beans-4.0.xsd] in classpath: org/springframework/beans/factory/xml/spring-beans-4.0.xsd
2015-04-04 18:11:12,477 [main] [org.springframework.beans.factory.xml.DefaultBeanDefinitionDocumentReader]-[DEBUG] Loading bean definitions
2015-04-04 18:11:12,478 [main] [org.springframework.beans.factory.xml.BeanDefinitionParserDelegate]-[DEBUG] Neither XML &apos;id&apos; nor &apos;name&apos; specified - using generated bean name [org.mybatis.spring.mapper.MapperScannerConfigurer#0]
2015-04-04 18:11:12,478 [main] [org.springframework.beans.factory.xml.XmlBeanDefinitionReader]-[INFO] Loading XML bean definitions from file [D:\work0326\eclipse-workspace\taotao-manage\taotao-manage-web\target\classes\spring\applicationContext-transaction.xml]
2015-04-04 18:11:12,479 [main] [org.springframework.beans.factory.xml.DefaultDocumentLoader]-[DEBUG] Using JAXP provider [com.sun.org.apache.xerces.internal.jaxp.DocumentBuilderFactoryImpl]
2015-04-04 18:11:12,481 [main] [org.springframework.beans.factory.xml.PluggableSchemaResolver]-[DEBUG] Found XML schema [http://www.springframework.org/schema/beans/spring-beans-4.0.xsd] in classpath: org/springframework/beans/factory/xml/spring-beans-4.0.xsd
2015-04-04 18:11:12,489 [main] [org.springframework.beans.factory.xml.PluggableSchemaResolver]-[DEBUG] Found XML schema [http://www.springframework.org/schema/tx/spring-tx-4.0.xsd] in classpath: org/springframework/transaction/config/spring-tx-4.0.xsd
2015-04-04 18:11:12,490 [main] [org.springframework.beans.factory.xml.PluggableSchemaResolver]-[DEBUG] Found XML schema [http://www.springframework.org/schema/tool/spring-tool-4.0.xsd] in classpath: org/springframework/beans/factory/xml/spring-tool-4.0.xsd
2015-04-04 18:11:12,493 [main] [org.springframework.beans.factory.xml.PluggableSchemaResolver]-[DEBUG] Found XML schema [http://www.springframework.org/schema/aop/spring-aop-4.0.xsd] in classpath: org/springframework/aop/config/spring-aop-4.0.xsd
2015-04-04 18:11:12,501 [main] [org.springframework.beans.factory.xml.DefaultBeanDefinitionDocumentReader]-[DEBUG] Loading bean definitions
2015-04-04 18:11:12,504 [main] [org.springframework.beans.factory.xml.DefaultNamespaceHandlerResolver]-[DEBUG] Loaded NamespaceHandler mappings: {http://www.springframework.org/schema/p=org.springframework.beans.factory.xml.SimplePropertyNamespaceHandler, http://www.springframework.org/schema/mvc=org.springframework.web.servlet.config.MvcNamespaceHandler, http://www.springframework.org/schema/util=org.springframework.beans.factory.xml.UtilNamespaceHandler, http://www.springframework.org/schema/jee=org.springframework.ejb.config.JeeNamespaceHandler, http://www.springframework.org/schema/aop=org.springframework.aop.config.AopNamespaceHandler, http://www.springframework.org/schema/jdbc=org.springframework.jdbc.config.JdbcNamespaceHandler, http://www.springframework.org/schema/cache=org.springframework.cache.config.CacheNamespaceHandler, http://mybatis.org/schema/mybatis-spring=org.mybatis.spring.config.NamespaceHandler, http://www.springframework.org/schema/c=org.springframework.beans.factory.xml.SimpleConstructorNamespaceHandler, http://www.springframework.org/schema/tx=org.springframework.transaction.config.TxNamespaceHandler, http://www.springframework.org/schema/task=org.springframework.scheduling.config.TaskNamespaceHandler, http://www.springframework.org/schema/lang=org.springframework.scripting.config.LangNamespaceHandler, http://www.springframework.org/schema/context=org.springframework.context.config.ContextNamespaceHandler}
2015-04-04 18:11:12,505 [main] [org.springframework.beans.factory.xml.XmlBeanDefinitionReader]-[INFO] Loading XML bean definitions from file [D:\work0326\eclipse-workspace\taotao-manage\taotao-manage-web\target\classes\spring\applicationContext.xml]
2015-04-04 18:11:12,506 [main] [org.springframework.beans.factory.xml.DefaultDocumentLoader]-[DEBUG] Using JAXP provider [com.sun.org.apache.xerces.internal.jaxp.DocumentBuilderFactoryImpl]
2015-04-04 18:11:12,508 [main] [org.springframework.beans.factory.xml.PluggableSchemaResolver]-[DEBUG] Found XML schema [http://www.springframework.org/schema/beans/spring-beans-4.0.xsd] in classpath: org/springframework/beans/factory/xml/spring-beans-4.0.xsd
2015-04-04 18:11:12,516 [main] [org.springframework.beans.factory.xml.PluggableSchemaResolver]-[DEBUG] Found XML schema [http://www.springframework.org/schema/context/spring-context-4.0.xsd] in classpath: org/springframework/context/config/spring-context-4.0.xsd
2015-04-04 18:11:12,518 [main] [org.springframework.beans.factory.xml.PluggableSchemaResolver]-[DEBUG] Found XML schema [http://www.springframework.org/schema/tool/spring-tool-4.0.xsd] in classpath: org/springframework/beans/factory/xml/spring-tool-4.0.xsd
2015-04-04 18:11:12,522 [main] [org.springframework.beans.factory.xml.DefaultBeanDefinitionDocumentReader]-[DEBUG] Loading bean definitions
2015-04-04 18:11:12,523 [main] [org.springframework.beans.factory.xml.BeanDefinitionParserDelegate]-[DEBUG] Neither XML &apos;id&apos; nor &apos;name&apos; specified - using generated bean name [org.springframework.beans.factory.config.PropertyPlaceholderConfigurer#0]
2015-04-04 18:11:12,524 [main] [org.springframework.core.env.StandardEnvironment]-[DEBUG] Adding [systemProperties] PropertySource with lowest search precedence
2015-04-04 18:11:12,524 [main] [org.springframework.core.env.StandardEnvironment]-[DEBUG] Adding [systemEnvironment] PropertySource with lowest search precedence
2015-04-04 18:11:12,524 [main] [org.springframework.core.env.StandardEnvironment]-[DEBUG] Initialized StandardEnvironment with PropertySources [systemProperties,systemEnvironment]
2015-04-04 18:11:12,526 [main] [org.springframework.core.io.support.PathMatchingResourcePatternResolver]-[DEBUG] Looking for matching resources in directory tree [D:\work0326\eclipse-workspace\taotao-manage\taotao-manage-web\target\test-classes\com\taotao]
2015-04-04 18:11:12,526 [main] [org.springframework.core.io.support.PathMatchingResourcePatternResolver]-[DEBUG] Searching directory [D:\work0326\eclipse-workspace\taotao-manage\taotao-manage-web\target\test-classes\com\taotao] for files matching pattern [D:/work0326/eclipse-workspace/taotao-manage/taotao-manage-web/target/test-classes/com/taotao/**/*.class]
2015-04-04 18:11:12,527 [main] [org.springframework.core.io.support.PathMatchingResourcePatternResolver]-[DEBUG] Searching directory [D:\work0326\eclipse-workspace\taotao-manage\taotao-manage-web\target\test-classes\com\taotao\manage] for files matching pattern [D:/work0326/eclipse-workspace/taotao-manage/taotao-manage-web/target/test-classes/com/taotao/**/*.class]
2015-04-04 18:11:12,527 [main] [org.springframework.core.io.support.PathMatchingResourcePatternResolver]-[DEBUG] Searching directory [D:\work0326\eclipse-workspace\taotao-manage\taotao-manage-web\target\test-classes\com\taotao\manage\mapper] for files matching pattern [D:/work0326/eclipse-workspace/taotao-manage/taotao-manage-web/target/test-classes/com/taotao/**/*.class]
2015-04-04 18:11:12,527 [main] [org.springframework.core.io.support.PathMatchingResourcePatternResolver]-[DEBUG] Looking for matching resources in directory tree [D:\work0326\eclipse-workspace\taotao-manage\taotao-manage-web\target\classes\com\taotao]
2015-04-04 18:11:12,527 [main] [org.springframework.core.io.support.PathMatchingResourcePatternResolver]-[DEBUG] Searching directory [D:\work0326\eclipse-workspace\taotao-manage\taotao-manage-web\target\classes\com\taotao] for files matching pattern [D:/work0326/eclipse-workspace/taotao-manage/taotao-manage-web/target/classes/com/taotao/**/*.class]
2015-04-04 18:11:12,528 [main] [org.springframework.core.io.support.PathMatchingResourcePatternResolver]-[DEBUG] Searching directory [D:\work0326\eclipse-workspace\taotao-manage\taotao-manage-web\target\classes\com\taotao\manage] for files matching pattern [D:/work0326/eclipse-workspace/taotao-manage/taotao-manage-web/target/classes/com/taotao/**/*.class]
2015-04-04 18:11:12,528 [main] [org.springframework.core.io.support.PathMatchingResourcePatternResolver]-[DEBUG] Searching directory [D:\work0326\eclipse-workspace\taotao-manage\taotao-manage-web\target\classes\com\taotao\manage\controller] for files matching pattern [D:/work0326/eclipse-workspace/taotao-manage/taotao-manage-web/target/classes/com/taotao/**/*.class]
2015-04-04 18:11:12,529 [main] [org.springframework.core.io.support.PathMatchingResourcePatternResolver]-[DEBUG] Searching directory [D:\work0326\eclipse-workspace\taotao-manage\taotao-manage-web\target\classes\com\taotao\manage\controller\web] for files matching pattern [D:/work0326/eclipse-workspace/taotao-manage/taotao-manage-web/target/classes/com/taotao/**/*.class]
2015-04-04 18:11:12,530 [main] [org.springframework.core.io.support.PathMatchingResourcePatternResolver]-[DEBUG] Looking for matching resources in jar file [file:/D:/work0326/eclipse-workspace/taotao-manage/taotao-manage-service/target/taotao-manage-service.jar]
2015-04-04 18:11:12,531 [main] [org.springframework.core.io.support.PathMatchingResourcePatternResolver]-[DEBUG] Looking for matching resources in jar file [file:/D:/work0326/eclipse-workspace/taotao-manage/taotao-manage-mapper/target/taotao-manage-mapper.jar]
2015-04-04 18:11:12,533 [main] [org.springframework.core.io.support.PathMatchingResourcePatternResolver]-[DEBUG] Looking for matching resources in jar file [file:/D:/work0326/eclipse-workspace/taotao-manage/taotao-manage-pojo/target/taotao-manage-pojo.jar]
2015-04-04 18:11:12,534 [main] [org.springframework.core.io.support.PathMatchingResourcePatternResolver]-[DEBUG] Looking for matching resources in jar file [file:/D:/work0326/repository/com/taotao/common/taotao-common/1.0.0-SNAPSHOT/taotao-common-1.0.0-SNAPSHOT.jar]
2015-04-04 18:11:12,535 [main] [org.springframework.core.io.support.PathMatchingResourcePatternResolver]-[DEBUG] Resolved location pattern [classpath*:com/taotao/**/*.class] to resources [file [D:\work0326\eclipse-workspace\taotao-manage\taotao-manage-web\target\test-classes\com\taotao\manage\mapper\ItemMapperTest.class], file [D:\work0326\eclipse-workspace\taotao-manage\taotao-manage-web\target\classes\com\taotao\manage\controller\ContentCategoryController.class], file [D:\work0326\eclipse-workspace\taotao-manage\taotao-manage-web\target\classes\com\taotao\manage\controller\ContentController.class], file [D:\work0326\eclipse-workspace\taotao-manage\taotao-manage-web\target\classes\com\taotao\manage\controller\ItemCatController.class], file [D:\work0326\eclipse-workspace\taotao-manage\taotao-manage-web\target\classes\com\taotao\manage\controller\ItemController.class], file [D:\work0326\eclipse-workspace\taotao-manage\taotao-manage-web\target\classes\com\taotao\manage\controller\ItemParamController.class], file [D:\work0326\eclipse-workspace\taotao-manage\taotao-manage-web\target\classes\com\taotao\manage\controller\PageController.class], file [D:\work0326\eclipse-workspace\taotao-manage\taotao-manage-web\target\classes\com\taotao\manage\controller\PicUploadController.class], file [D:\work0326\eclipse-workspace\taotao-manage\taotao-manage-web\target\classes\com\taotao\manage\controller\web\WebItemCatController.class], URL [jar:file:/D:/work0326/eclipse-workspace/taotao-manage/taotao-manage-service/target/taotao-manage-service.jar!/com/taotao/manage/service/BaseService.class], URL [jar:file:/D:/work0326/eclipse-workspace/taotao-manage/taotao-manage-service/target/taotao-manage-service.jar!/com/taotao/manage/service/ContentCategoryService.class], URL [jar:file:/D:/work0326/eclipse-workspace/taotao-manage/taotao-manage-service/target/taotao-manage-service.jar!/com/taotao/manage/service/ContentService.class], URL [jar:file:/D:/work0326/eclipse-workspace/taotao-manage/taotao-manage-service/target/taotao-manage-service.jar!/com/taotao/manage/service/ItemCatService.class], URL [jar:file:/D:/work0326/eclipse-workspace/taotao-manage/taotao-manage-service/target/taotao-manage-service.jar!/com/taotao/manage/service/ItemDescService.class], URL [jar:file:/D:/work0326/eclipse-workspace/taotao-manage/taotao-manage-service/target/taotao-manage-service.jar!/com/taotao/manage/service/ItemParamItemService.class], URL [jar:file:/D:/work0326/eclipse-workspace/taotao-manage/taotao-manage-service/target/taotao-manage-service.jar!/com/taotao/manage/service/ItemParamService.class], URL [jar:file:/D:/work0326/eclipse-workspace/taotao-manage/taotao-manage-service/target/taotao-manage-service.jar!/com/taotao/manage/service/ItemService.class], URL [jar:file:/D:/work0326/eclipse-workspace/taotao-manage/taotao-manage-service/target/taotao-manage-service.jar!/com/taotao/manage/service/PicUploadService.class], URL [jar:file:/D:/work0326/eclipse-workspace/taotao-manage/taotao-manage-mapper/target/taotao-manage-mapper.jar!/com/taotao/manage/base/mapper/TaotaoMapper.class], URL [jar:file:/D:/work0326/eclipse-workspace/taotao-manage/taotao-manage-mapper/target/taotao-manage-mapper.jar!/com/taotao/manage/base/mapper/TaotaoMapperProvider.class], URL [jar:file:/D:/work0326/eclipse-workspace/taotao-manage/taotao-manage-mapper/target/taotao-manage-mapper.jar!/com/taotao/manage/mapper/ContentCategoryMapper.class], URL [jar:file:/D:/work0326/eclipse-workspace/taotao-manage/taotao-manage-mapper/target/taotao-manage-mapper.jar!/com/taotao/manage/mapper/ContentMapper.class], URL [jar:file:/D:/work0326/eclipse-workspace/taotao-manage/taotao-manage-mapper/target/taotao-manage-mapper.jar!/com/taotao/manage/mapper/ItemCatMapper.class], URL [jar:file:/D:/work0326/eclipse-workspace/taotao-manage/taotao-manage-mapper/target/taotao-manage-mapper.jar!/com/taotao/manage/mapper/ItemDescMapper.class], URL [jar:file:/D:/work0326/eclipse-workspace/taotao-manage/taotao-manage-mapper/target/taotao-manage-mapper.jar!/com/taotao/manage/mapper/ItemMapper.class], URL [jar:file:/D:/work0326/eclipse-workspace/taotao-manage/taotao-manage-mapper/target/taotao-manage-mapper.jar!/com/taotao/manage/mapper/ItemParamItemMapper.class], URL [jar:file:/D:/work0326/eclipse-workspace/taotao-manage/taotao-manage-mapper/target/taotao-manage-mapper.jar!/com/taotao/manage/mapper/ItemParamMapper.class], URL [jar:file:/D:/work0326/eclipse-workspace/taotao-manage/taotao-manage-pojo/target/taotao-manage-pojo.jar!/com/taotao/manage/pojo/BasePojo.class], URL [jar:file:/D:/work0326/eclipse-workspace/taotao-manage/taotao-manage-pojo/target/taotao-manage-pojo.jar!/com/taotao/manage/pojo/Content.class], URL [jar:file:/D:/work0326/eclipse-workspace/taotao-manage/taotao-manage-pojo/target/taotao-manage-pojo.jar!/com/taotao/manage/pojo/ContentCategory.class], URL [jar:file:/D:/work0326/eclipse-workspace/taotao-manage/taotao-manage-pojo/target/taotao-manage-pojo.jar!/com/taotao/manage/pojo/Item.class], URL [jar:file:/D:/work0326/eclipse-workspace/taotao-manage/taotao-manage-pojo/target/taotao-manage-pojo.jar!/com/taotao/manage/pojo/ItemCat.class], URL [jar:file:/D:/work0326/eclipse-workspace/taotao-manage/taotao-manage-pojo/target/taotao-manage-pojo.jar!/com/taotao/manage/pojo/ItemDesc.class], URL [jar:file:/D:/work0326/eclipse-workspace/taotao-manage/taotao-manage-pojo/target/taotao-manage-pojo.jar!/com/taotao/manage/pojo/ItemParam.class], URL [jar:file:/D:/work0326/eclipse-workspace/taotao-manage/taotao-manage-pojo/target/taotao-manage-pojo.jar!/com/taotao/manage/pojo/ItemParamItem.class], URL [jar:file:/D:/work0326/repository/com/taotao/common/taotao-common/1.0.0-SNAPSHOT/taotao-common-1.0.0-SNAPSHOT.jar!/com/taotao/common/spring/exetend/converter/json/CallbackMappingJackson2HttpMessageConverter.class], URL [jar:file:/D:/work0326/repository/com/taotao/common/taotao-common/1.0.0-SNAPSHOT/taotao-common-1.0.0-SNAPSHOT.jar!/com/taotao/common/vo/EasyUIResult.class], URL [jar:file:/D:/work0326/repository/com/taotao/common/taotao-common/1.0.0-SNAPSHOT/taotao-common-1.0.0-SNAPSHOT.jar!/com/taotao/common/vo/ItemCatData.class], URL [jar:file:/D:/work0326/repository/com/taotao/common/taotao-common/1.0.0-SNAPSHOT/taotao-common-1.0.0-SNAPSHOT.jar!/com/taotao/common/vo/ItemCatResult.class], URL [jar:file:/D:/work0326/repository/com/taotao/common/taotao-common/1.0.0-SNAPSHOT/taotao-common-1.0.0-SNAPSHOT.jar!/com/taotao/common/vo/PicUploadResult.class], URL [jar:file:/D:/work0326/repository/com/taotao/common/taotao-common/1.0.0-SNAPSHOT/taotao-common-1.0.0-SNAPSHOT.jar!/com/taotao/common/vo/TaotaoResult.class]]
2015-04-04 18:11:12,537 [main] [org.springframework.context.annotation.ClassPathBeanDefinitionScanner]-[DEBUG] Identified candidate component class: file [D:\work0326\eclipse-workspace\taotao-manage\taotao-manage-web\target\classes\com\taotao\manage\controller\ContentCategoryController.class]
2015-04-04 18:11:12,538 [main] [org.springframework.context.annotation.ClassPathBeanDefinitionScanner]-[DEBUG] Identified candidate component class: file [D:\work0326\eclipse-workspace\taotao-manage\taotao-manage-web\target\classes\com\taotao\manage\controller\ContentController.class]
2015-04-04 18:11:12,538 [main] [org.springframework.context.annotation.ClassPathBeanDefinitionScanner]-[DEBUG] Identified candidate component class: file [D:\work0326\eclipse-workspace\taotao-manage\taotao-manage-web\target\classes\com\taotao\manage\controller\ItemCatController.class]
2015-04-04 18:11:12,539 [main] [org.springframework.context.annotation.ClassPathBeanDefinitionScanner]-[DEBUG] Identified candidate component class: file [D:\work0326\eclipse-workspace\taotao-manage\taotao-manage-web\target\classes\com\taotao\manage\controller\ItemController.class]
2015-04-04 18:11:12,539 [main] [org.springframework.context.annotation.ClassPathBeanDefinitionScanner]-[DEBUG] Identified candidate component class: file [D:\work0326\eclipse-workspace\taotao-manage\taotao-manage-web\target\classes\com\taotao\manage\controller\ItemParamController.class]
2015-04-04 18:11:12,540 [main] [org.springframework.context.annotation.ClassPathBeanDefinitionScanner]-[DEBUG] Identified candidate component class: file [D:\work0326\eclipse-workspace\taotao-manage\taotao-manage-web\target\classes\com\taotao\manage\controller\PageController.class]
2015-04-04 18:11:12,540 [main] [org.springframework.context.annotation.ClassPathBeanDefinitionScanner]-[DEBUG] Identified candidate component class: file [D:\work0326\eclipse-workspace\taotao-manage\taotao-manage-web\target\classes\com\taotao\manage\controller\PicUploadController.class]
2015-04-04 18:11:12,540 [main] [org.springframework.context.annotation.ClassPathBeanDefinitionScanner]-[DEBUG] Identified candidate component class: file [D:\work0326\eclipse-workspace\taotao-manage\taotao-manage-web\target\classes\com\taotao\manage\controller\web\WebItemCatController.class]
2015-04-04 18:11:12,541 [main] [org.springframework.context.annotation.ClassPathBeanDefinitionScanner]-[DEBUG] Ignored because not a concrete top-level class: URL [jar:file:/D:/work0326/eclipse-workspace/taotao-manage/taotao-manage-service/target/taotao-manage-service.jar!/com/taotao/manage/service/BaseService.class]
2015-04-04 18:11:12,541 [main] [org.springframework.context.annotation.ClassPathBeanDefinitionScanner]-[DEBUG] Identified candidate component class: URL [jar:file:/D:/work0326/eclipse-workspace/taotao-manage/taotao-manage-service/target/taotao-manage-service.jar!/com/taotao/manage/service/ContentCategoryService.class]
2015-04-04 18:11:12,541 [main] [org.springframework.context.annotation.ClassPathBeanDefinitionScanner]-[DEBUG] Identified candidate component class: URL [jar:file:/D:/work0326/eclipse-workspace/taotao-manage/taotao-manage-service/target/taotao-manage-service.jar!/com/taotao/manage/service/ContentService.class]
2015-04-04 18:11:12,542 [main] [org.springframework.context.annotation.ClassPathBeanDefinitionScanner]-[DEBUG] Identified candidate component class: URL [jar:file:/D:/work0326/eclipse-workspace/taotao-manage/taotao-manage-service/target/taotao-manage-service.jar!/com/taotao/manage/service/ItemCatService.class]
2015-04-04 18:11:12,542 [main] [org.springframework.context.annotation.ClassPathBeanDefinitionScanner]-[DEBUG] Identified candidate component class: URL [jar:file:/D:/work0326/eclipse-workspace/taotao-manage/taotao-manage-service/target/taotao-manage-service.jar!/com/taotao/manage/service/ItemDescService.class]
2015-04-04 18:11:12,543 [main] [org.springframework.context.annotation.ClassPathBeanDefinitionScanner]-[DEBUG] Identified candidate component class: URL [jar:file:/D:/work0326/eclipse-workspace/taotao-manage/taotao-manage-service/target/taotao-manage-service.jar!/com/taotao/manage/service/ItemParamItemService.class]
2015-04-04 18:11:12,543 [main] [org.springframework.context.annotation.ClassPathBeanDefinitionScanner]-[DEBUG] Identified candidate component class: URL [jar:file:/D:/work0326/eclipse-workspace/taotao-manage/taotao-manage-service/target/taotao-manage-service.jar!/com/taotao/manage/service/ItemParamService.class]
2015-04-04 18:11:12,543 [main] [org.springframework.context.annotation.ClassPathBeanDefinitionScanner]-[DEBUG] Identified candidate component class: URL [jar:file:/D:/work0326/eclipse-workspace/taotao-manage/taotao-manage-service/target/taotao-manage-service.jar!/com/taotao/manage/service/ItemService.class]
2015-04-04 18:11:12,544 [main] [org.springframework.context.annotation.ClassPathBeanDefinitionScanner]-[DEBUG] Identified candidate component class: URL [jar:file:/D:/work0326/eclipse-workspace/taotao-manage/taotao-manage-service/target/taotao-manage-service.jar!/com/taotao/manage/service/PicUploadService.class]
2015-04-04 18:11:12,550 [main] [org.springframework.beans.factory.xml.XmlBeanDefinitionReader]-[DEBUG] Loaded 29 bean definitions from location pattern [spring/applicationContext*.xml]
2015-04-04 18:11:12,551 [main] [org.springframework.context.support.ClassPathXmlApplicationContext]-[DEBUG] Bean factory for org.springframework.context.support.ClassPathXmlApplicationContext@26f6379c: org.springframework.beans.factory.support.DefaultListableBeanFactory@48b68391: defining beans [sqlSessionFactory,org.mybatis.spring.mapper.MapperScannerConfigurer#0,transactionManager,txAdvice,org.springframework.aop.config.internalAutoProxyCreator,myPointcut,org.springframework.aop.support.DefaultBeanFactoryPointcutAdvisor#0,org.springframework.beans.factory.config.PropertyPlaceholderConfigurer#0,contentCategoryController,contentController,itemCatController,itemController,itemParamController,pageController,picUploadController,webItemCatController,contentCategoryService,contentService,itemCatService,itemDescService,itemParamItemService,itemParamService,itemService,picUploadService,org.springframework.context.annotation.internalConfigurationAnnotationProcessor,org.springframework.context.annotation.internalAutowiredAnnotationProcessor,org.springframework.context.annotation.internalRequiredAnnotationProcessor,org.springframework.context.annotation.internalCommonAnnotationProcessor,dataSource]; root of factory hierarchy
2015-04-04 18:11:12,552 [main] [org.springframework.beans.factory.support.DefaultListableBeanFactory]-[DEBUG] Creating shared instance of singleton bean &apos;org.springframework.context.annotation.internalConfigurationAnnotationProcessor&apos;
2015-04-04 18:11:12,552 [main] [org.springframework.beans.factory.support.DefaultListableBeanFactory]-[DEBUG] Creating instance of bean &apos;org.springframework.context.annotation.internalConfigurationAnnotationProcessor&apos;
2015-04-04 18:11:12,552 [main] [org.springframework.beans.factory.support.DefaultListableBeanFactory]-[DEBUG] Eagerly caching bean &apos;org.springframework.context.annotation.internalConfigurationAnnotationProcessor&apos; to allow for resolving potential circular references
2015-04-04 18:11:12,552 [main] [org.springframework.beans.factory.support.DefaultListableBeanFactory]-[DEBUG] Finished creating instance of bean &apos;org.springframework.context.annotation.internalConfigurationAnnotationProcessor&apos;
2015-04-04 18:11:12,580 [main] [org.springframework.beans.factory.support.DefaultListableBeanFactory]-[DEBUG] Creating shared instance of singleton bean &apos;org.mybatis.spring.mapper.MapperScannerConfigurer#0&apos;
2015-04-04 18:11:12,580 [main] [org.springframework.beans.factory.support.DefaultListableBeanFactory]-[DEBUG] Creating instance of bean &apos;org.mybatis.spring.mapper.MapperScannerConfigurer#0&apos;
2015-04-04 18:11:12,580 [main] [org.springframework.beans.factory.support.DefaultListableBeanFactory]-[DEBUG] Eagerly caching bean &apos;org.mybatis.spring.mapper.MapperScannerConfigurer#0&apos; to allow for resolving potential circular references
2015-04-04 18:11:12,580 [main] [org.springframework.beans.factory.support.DefaultListableBeanFactory]-[DEBUG] Invoking afterPropertiesSet() on bean with name &apos;org.mybatis.spring.mapper.MapperScannerConfigurer#0&apos;
2015-04-04 18:11:12,580 [main] [org.springframework.beans.factory.support.DefaultListableBeanFactory]-[DEBUG] Finished creating instance of bean &apos;org.mybatis.spring.mapper.MapperScannerConfigurer#0&apos;
2015-04-04 18:11:12,581 [main] [org.springframework.core.env.StandardEnvironment]-[DEBUG] Adding [systemProperties] PropertySource with lowest search precedence
2015-04-04 18:11:12,581 [main] [org.springframework.core.env.StandardEnvironment]-[DEBUG] Adding [systemEnvironment] PropertySource with lowest search precedence
2015-04-04 18:11:12,581 [main] [org.springframework.core.env.StandardEnvironment]-[DEBUG] Initialized StandardEnvironment with PropertySources [systemProperties,systemEnvironment]
2015-04-04 18:11:12,582 [main] [org.springframework.core.io.support.PathMatchingResourcePatternResolver]-[DEBUG] Looking for matching resources in directory tree [D:\work0326\eclipse-workspace\taotao-manage\taotao-manage-web\target\test-classes\com\taotao\manage\mapper]
2015-04-04 18:11:12,582 [main] [org.springframework.core.io.support.PathMatchingResourcePatternResolver]-[DEBUG] Searching directory [D:\work0326\eclipse-workspace\taotao-manage\taotao-manage-web\target\test-classes\com\taotao\manage\mapper] for files matching pattern [D:/work0326/eclipse-workspace/taotao-manage/taotao-manage-web/target/test-classes/com/taotao/manage/mapper/**/*.class]
2015-04-04 18:11:12,583 [main] [org.springframework.core.io.support.PathMatchingResourcePatternResolver]-[DEBUG] Looking for matching resources in jar file [file:/D:/work0326/eclipse-workspace/taotao-manage/taotao-manage-mapper/target/taotao-manage-mapper.jar]
2015-04-04 18:11:12,584 [main] [org.springframework.core.io.support.PathMatchingResourcePatternResolver]-[DEBUG] Resolved location pattern [classpath*:com/taotao/manage/mapper/**/*.class] to resources [file [D:\work0326\eclipse-workspace\taotao-manage\taotao-manage-web\target\test-classes\com\taotao\manage\mapper\ItemMapperTest.class], URL [jar:file:/D:/work0326/eclipse-workspace/taotao-manage/taotao-manage-mapper/target/taotao-manage-mapper.jar!/com/taotao/manage/mapper/ContentCategoryMapper.class], URL [jar:file:/D:/work0326/eclipse-workspace/taotao-manage/taotao-manage-mapper/target/taotao-manage-mapper.jar!/com/taotao/manage/mapper/ContentMapper.class], URL [jar:file:/D:/work0326/eclipse-workspace/taotao-manage/taotao-manage-mapper/target/taotao-manage-mapper.jar!/com/taotao/manage/mapper/ItemCatMapper.class], URL [jar:file:/D:/work0326/eclipse-workspace/taotao-manage/taotao-manage-mapper/target/taotao-manage-mapper.jar!/com/taotao/manage/mapper/ItemDescMapper.class], URL [jar:file:/D:/work0326/eclipse-workspace/taotao-manage/taotao-manage-mapper/target/taotao-manage-mapper.jar!/com/taotao/manage/mapper/ItemMapper.class], URL [jar:file:/D:/work0326/eclipse-workspace/taotao-manage/taotao-manage-mapper/target/taotao-manage-mapper.jar!/com/taotao/manage/mapper/ItemParamItemMapper.class], URL [jar:file:/D:/work0326/eclipse-workspace/taotao-manage/taotao-manage-mapper/target/taotao-manage-mapper.jar!/com/taotao/manage/mapper/ItemParamMapper.class]]
2015-04-04 18:11:12,585 [main] [org.mybatis.spring.mapper.ClassPathMapperScanner]-[DEBUG] Ignored because not a concrete top-level class: file [D:\work0326\eclipse-workspace\taotao-manage\taotao-manage-web\target\test-classes\com\taotao\manage\mapper\ItemMapperTest.class]
2015-04-04 18:11:12,586 [main] [org.mybatis.spring.mapper.ClassPathMapperScanner]-[DEBUG] Identified candidate component class: URL [jar:file:/D:/work0326/eclipse-workspace/taotao-manage/taotao-manage-mapper/target/taotao-manage-mapper.jar!/com/taotao/manage/mapper/ContentCategoryMapper.class]
2015-04-04 18:11:12,586 [main] [org.mybatis.spring.mapper.ClassPathMapperScanner]-[DEBUG] Identified candidate component class: URL [jar:file:/D:/work0326/eclipse-workspace/taotao-manage/taotao-manage-mapper/target/taotao-manage-mapper.jar!/com/taotao/manage/mapper/ContentMapper.class]
2015-04-04 18:11:12,586 [main] [org.mybatis.spring.mapper.ClassPathMapperScanner]-[DEBUG] Identified candidate component class: URL [jar:file:/D:/work0326/eclipse-workspace/taotao-manage/taotao-manage-mapper/target/taotao-manage-mapper.jar!/com/taotao/manage/mapper/ItemCatMapper.class]
2015-04-04 18:11:12,587 [main] [org.mybatis.spring.mapper.ClassPathMapperScanner]-[DEBUG] Identified candidate component class: URL [jar:file:/D:/work0326/eclipse-workspace/taotao-manage/taotao-manage-mapper/target/taotao-manage-mapper.jar!/com/taotao/manage/mapper/ItemDescMapper.class]
2015-04-04 18:11:12,587 [main] [org.mybatis.spring.mapper.ClassPathMapperScanner]-[DEBUG] Identified candidate component class: URL [jar:file:/D:/work0326/eclipse-workspace/taotao-manage/taotao-manage-mapper/target/taotao-manage-mapper.jar!/com/taotao/manage/mapper/ItemMapper.class]
2015-04-04 18:11:12,587 [main] [org.mybatis.spring.mapper.ClassPathMapperScanner]-[DEBUG] Identified candidate component class: URL [jar:file:/D:/work0326/eclipse-workspace/taotao-manage/taotao-manage-mapper/target/taotao-manage-mapper.jar!/com/taotao/manage/mapper/ItemParamItemMapper.class]
2015-04-04 18:11:12,588 [main] [org.mybatis.spring.mapper.ClassPathMapperScanner]-[DEBUG] Identified candidate component class: URL [jar:file:/D:/work0326/eclipse-workspace/taotao-manage/taotao-manage-mapper/target/taotao-manage-mapper.jar!/com/taotao/manage/mapper/ItemParamMapper.class]
2015-04-04 18:11:12,588 [main] [org.mybatis.spring.mapper.ClassPathMapperScanner]-[DEBUG] Creating MapperFactoryBean with name &apos;contentCategoryMapper&apos; and &apos;com.taotao.manage.mapper.ContentCategoryMapper&apos; mapperInterface
2015-04-04 18:11:12,588 [main] [org.mybatis.spring.mapper.ClassPathMapperScanner]-[DEBUG] Enabling autowire by type for MapperFactoryBean with name &apos;contentCategoryMapper&apos;.
2015-04-04 18:11:12,588 [main] [org.mybatis.spring.mapper.ClassPathMapperScanner]-[DEBUG] Creating MapperFactoryBean with name &apos;contentMapper&apos; and &apos;com.taotao.manage.mapper.ContentMapper&apos; mapperInterface
2015-04-04 18:11:12,588 [main] [org.mybatis.spring.mapper.ClassPathMapperScanner]-[DEBUG] Enabling autowire by type for MapperFactoryBean with name &apos;contentMapper&apos;.
2015-04-04 18:11:12,588 [main] [org.mybatis.spring.mapper.ClassPathMapperScanner]-[DEBUG] Creating MapperFactoryBean with name &apos;itemCatMapper&apos; and &apos;com.taotao.manage.mapper.ItemCatMapper&apos; mapperInterface
2015-04-04 18:11:12,588 [main] [org.mybatis.spring.mapper.ClassPathMapperScanner]-[DEBUG] Enabling autowire by type for MapperFactoryBean with name &apos;itemCatMapper&apos;.
2015-04-04 18:11:12,588 [main] [org.mybatis.spring.mapper.ClassPathMapperScanner]-[DEBUG] Creating MapperFactoryBean with name &apos;itemDescMapper&apos; and &apos;com.taotao.manage.mapper.ItemDescMapper&apos; mapperInterface
2015-04-04 18:11:12,588 [main] [org.mybatis.spring.mapper.ClassPathMapperScanner]-[DEBUG] Enabling autowire by type for MapperFactoryBean with name &apos;itemDescMapper&apos;.
2015-04-04 18:11:12,588 [main] [org.mybatis.spring.mapper.ClassPathMapperScanner]-[DEBUG] Creating MapperFactoryBean with name &apos;itemMapper&apos; and &apos;com.taotao.manage.mapper.ItemMapper&apos; mapperInterface
2015-04-04 18:11:12,589 [main] [org.mybatis.spring.mapper.ClassPathMapperScanner]-[DEBUG] Enabling autowire by type for MapperFactoryBean with name &apos;itemMapper&apos;.
2015-04-04 18:11:12,589 [main] [org.mybatis.spring.mapper.ClassPathMapperScanner]-[DEBUG] Creating MapperFactoryBean with name &apos;itemParamItemMapper&apos; and &apos;com.taotao.manage.mapper.ItemParamItemMapper&apos; mapperInterface
2015-04-04 18:11:12,589 [main] [org.mybatis.spring.mapper.ClassPathMapperScanner]-[DEBUG] Enabling autowire by type for MapperFactoryBean with name &apos;itemParamItemMapper&apos;.
2015-04-04 18:11:12,589 [main] [org.mybatis.spring.mapper.ClassPathMapperScanner]-[DEBUG] Creating MapperFactoryBean with name &apos;itemParamMapper&apos; and &apos;com.taotao.manage.mapper.ItemParamMapper&apos; mapperInterface
2015-04-04 18:11:12,589 [main] [org.mybatis.spring.mapper.ClassPathMapperScanner]-[DEBUG] Enabling autowire by type for MapperFactoryBean with name &apos;itemParamMapper&apos;.
2015-04-04 18:11:12,592 [main] [org.springframework.beans.factory.support.DefaultListableBeanFactory]-[DEBUG] Creating shared instance of singleton bean &apos;org.springframework.beans.factory.config.PropertyPlaceholderConfigurer#0&apos;
2015-04-04 18:11:12,592 [main] [org.springframework.beans.factory.support.DefaultListableBeanFactory]-[DEBUG] Creating instance of bean &apos;org.springframework.beans.factory.config.PropertyPlaceholderConfigurer#0&apos;
2015-04-04 18:11:12,593 [main] [org.springframework.beans.factory.support.DefaultListableBeanFactory]-[DEBUG] Eagerly caching bean &apos;org.springframework.beans.factory.config.PropertyPlaceholderConfigurer#0&apos; to allow for resolving potential circular references
2015-04-04 18:11:12,593 [main] [org.springframework.beans.factory.support.DefaultListableBeanFactory]-[DEBUG] Finished creating instance of bean &apos;org.springframework.beans.factory.config.PropertyPlaceholderConfigurer#0&apos;
2015-04-04 18:11:12,593 [main] [org.springframework.beans.factory.config.PropertyPlaceholderConfigurer]-[INFO] Loading properties file from class path resource [jdbc.properties]
2015-04-04 18:11:12,594 [main] [org.springframework.beans.factory.config.PropertyPlaceholderConfigurer]-[INFO] Loading properties file from class path resource [env.properties]
2015-04-04 18:11:12,596 [main] [org.springframework.beans.factory.support.DefaultListableBeanFactory]-[DEBUG] Creating shared instance of singleton bean &apos;org.springframework.context.annotation.internalAutowiredAnnotationProcessor&apos;
2015-04-04 18:11:12,596 [main] [org.springframework.beans.factory.support.DefaultListableBeanFactory]-[DEBUG] Creating instance of bean &apos;org.springframework.context.annotation.internalAutowiredAnnotationProcessor&apos;
2015-04-04 18:11:12,597 [main] [org.springframework.beans.factory.support.DefaultListableBeanFactory]-[DEBUG] Eagerly caching bean &apos;org.springframework.context.annotation.internalAutowiredAnnotationProcessor&apos; to allow for resolving potential circular references
2015-04-04 18:11:12,597 [main] [org.springframework.beans.factory.support.DefaultListableBeanFactory]-[DEBUG] Finished creating instance of bean &apos;org.springframework.context.annotation.internalAutowiredAnnotationProcessor&apos;
2015-04-04 18:11:12,597 [main] [org.springframework.beans.factory.support.DefaultListableBeanFactory]-[DEBUG] Creating shared instance of singleton bean &apos;org.springframework.context.annotation.internalRequiredAnnotationProcessor&apos;
2015-04-04 18:11:12,597 [main] [org.springframework.beans.factory.support.DefaultListableBeanFactory]-[DEBUG] Creating instance of bean &apos;org.springframework.context.annotation.internalRequiredAnnotationProcessor&apos;
2015-04-04 18:11:12,598 [main] [org.springframework.beans.factory.support.DefaultListableBeanFactory]-[DEBUG] Eagerly caching bean &apos;org.springframework.context.annotation.internalRequiredAnnotationProcessor&apos; to allow for resolving potential circular references
2015-04-04 18:11:12,598 [main] [org.springframework.beans.factory.support.DefaultListableBeanFactory]-[DEBUG] Finished creating instance of bean &apos;org.springframework.context.annotation.internalRequiredAnnotationProcessor&apos;
2015-04-04 18:11:12,598 [main] [org.springframework.beans.factory.support.DefaultListableBeanFactory]-[DEBUG] Creating shared instance of singleton bean &apos;org.springframework.context.annotation.internalCommonAnnotationProcessor&apos;
2015-04-04 18:11:12,598 [main] [org.springframework.beans.factory.support.DefaultListableBeanFactory]-[DEBUG] Creating instance of bean &apos;org.springframework.context.annotation.internalCommonAnnotationProcessor&apos;
2015-04-04 18:11:12,598 [main] [org.springframework.beans.factory.support.DefaultListableBeanFactory]-[DEBUG] Eagerly caching bean &apos;org.springframework.context.annotation.internalCommonAnnotationProcessor&apos; to allow for resolving potential circular references
2015-04-04 18:11:12,598 [main] [org.springframework.beans.factory.support.DefaultListableBeanFactory]-[DEBUG] Finished creating instance of bean &apos;org.springframework.context.annotation.internalCommonAnnotationProcessor&apos;
2015-04-04 18:11:12,598 [main] [org.springframework.beans.factory.support.DefaultListableBeanFactory]-[DEBUG] Creating shared instance of singleton bean &apos;org.springframework.context.annotation.ConfigurationClassPostProcessor.importAwareProcessor&apos;
2015-04-04 18:11:12,598 [main] [org.springframework.beans.factory.support.DefaultListableBeanFactory]-[DEBUG] Creating instance of bean &apos;org.springframework.context.annotation.ConfigurationClassPostProcessor.importAwareProcessor&apos;
2015-04-04 18:11:12,598 [main] [org.springframework.beans.factory.support.DefaultListableBeanFactory]-[DEBUG] Eagerly caching bean &apos;org.springframework.context.annotation.ConfigurationClassPostProcessor.importAwareProcessor&apos; to allow for resolving potential circular references
2015-04-04 18:11:12,598 [main] [org.springframework.beans.factory.support.DefaultListableBeanFactory]-[DEBUG] Finished creating instance of bean &apos;org.springframework.context.annotation.ConfigurationClassPostProcessor.importAwareProcessor&apos;
2015-04-04 18:11:12,599 [main] [org.springframework.beans.factory.support.DefaultListableBeanFactory]-[DEBUG] Creating shared instance of singleton bean &apos;org.springframework.context.annotation.ConfigurationClassPostProcessor.enhancedConfigurationProcessor&apos;
2015-04-04 18:11:12,599 [main] [org.springframework.beans.factory.support.DefaultListableBeanFactory]-[DEBUG] Creating instance of bean &apos;org.springframework.context.annotation.ConfigurationClassPostProcessor.enhancedConfigurationProcessor&apos;
2015-04-04 18:11:12,599 [main] [org.springframework.beans.factory.support.DefaultListableBeanFactory]-[DEBUG] Eagerly caching bean &apos;org.springframework.context.annotation.ConfigurationClassPostProcessor.enhancedConfigurationProcessor&apos; to allow for resolving potential circular references
2015-04-04 18:11:12,599 [main] [org.springframework.beans.factory.support.DefaultListableBeanFactory]-[DEBUG] Finished creating instance of bean &apos;org.springframework.context.annotation.ConfigurationClassPostProcessor.enhancedConfigurationProcessor&apos;
2015-04-04 18:11:12,599 [main] [org.springframework.beans.factory.support.DefaultListableBeanFactory]-[DEBUG] Creating shared instance of singleton bean &apos;org.springframework.aop.config.internalAutoProxyCreator&apos;
2015-04-04 18:11:12,599 [main] [org.springframework.beans.factory.support.DefaultListableBeanFactory]-[DEBUG] Creating instance of bean &apos;org.springframework.aop.config.internalAutoProxyCreator&apos;
2015-04-04 18:11:12,600 [main] [org.springframework.beans.factory.support.DefaultListableBeanFactory]-[DEBUG] Eagerly caching bean &apos;org.springframework.aop.config.internalAutoProxyCreator&apos; to allow for resolving potential circular references
2015-04-04 18:11:12,601 [main] [org.springframework.beans.factory.support.DefaultListableBeanFactory]-[DEBUG] Finished creating instance of bean &apos;org.springframework.aop.config.internalAutoProxyCreator&apos;
2015-04-04 18:11:12,601 [main] [org.springframework.context.support.ClassPathXmlApplicationContext]-[DEBUG] Unable to locate MessageSource with name &apos;messageSource&apos;: using default [org.springframework.context.support.DelegatingMessageSource@423d8285]
2015-04-04 18:11:12,601 [main] [org.springframework.context.support.ClassPathXmlApplicationContext]-[DEBUG] Unable to locate ApplicationEventMulticaster with name &apos;applicationEventMulticaster&apos;: using default [org.springframework.context.event.SimpleApplicationEventMulticaster@54440bbc]
2015-04-04 18:11:12,605 [main] [org.springframework.beans.factory.support.DefaultListableBeanFactory]-[DEBUG] Pre-instantiating singletons in org.springframework.beans.factory.support.DefaultListableBeanFactory@48b68391: defining beans [sqlSessionFactory,org.mybatis.spring.mapper.MapperScannerConfigurer#0,transactionManager,txAdvice,org.springframework.aop.config.internalAutoProxyCreator,myPointcut,org.springframework.aop.support.DefaultBeanFactoryPointcutAdvisor#0,org.springframework.beans.factory.config.PropertyPlaceholderConfigurer#0,contentCategoryController,contentController,itemCatController,itemController,itemParamController,pageController,picUploadController,webItemCatController,contentCategoryService,contentService,itemCatService,itemDescService,itemParamItemService,itemParamService,itemService,picUploadService,org.springframework.context.annotation.internalConfigurationAnnotationProcessor,org.springframework.context.annotation.internalAutowiredAnnotationProcessor,org.springframework.context.annotation.internalRequiredAnnotationProcessor,org.springframework.context.annotation.internalCommonAnnotationProcessor,dataSource,org.springframework.context.annotation.ConfigurationClassPostProcessor.importAwareProcessor,org.springframework.context.annotation.ConfigurationClassPostProcessor.enhancedConfigurationProcessor,contentCategoryMapper,contentMapper,itemCatMapper,itemDescMapper,itemMapper,itemParamItemMapper,itemParamMapper]; root of factory hierarchy
2015-04-04 18:11:12,605 [main] [org.springframework.beans.factory.support.DefaultListableBeanFactory]-[DEBUG] Creating shared instance of singleton bean &apos;sqlSessionFactory&apos;
2015-04-04 18:11:12,606 [main] [org.springframework.beans.factory.support.DefaultListableBeanFactory]-[DEBUG] Creating instance of bean &apos;sqlSessionFactory&apos;
2015-04-04 18:11:12,607 [main] [org.springframework.beans.factory.support.DefaultListableBeanFactory]-[DEBUG] Creating shared instance of singleton bean &apos;org.springframework.aop.support.DefaultBeanFactoryPointcutAdvisor#0&apos;
2015-04-04 18:11:12,607 [main] [org.springframework.beans.factory.support.DefaultListableBeanFactory]-[DEBUG] Creating instance of bean &apos;org.springframework.aop.support.DefaultBeanFactoryPointcutAdvisor#0&apos;
2015-04-04 18:11:12,607 [main] [org.springframework.beans.factory.support.DefaultListableBeanFactory]-[DEBUG] Eagerly caching bean &apos;org.springframework.aop.support.DefaultBeanFactoryPointcutAdvisor#0&apos; to allow for resolving potential circular references
2015-04-04 18:11:12,608 [main] [org.springframework.beans.factory.support.DefaultListableBeanFactory]-[DEBUG] Creating instance of bean &apos;myPointcut&apos;
2015-04-04 18:11:12,608 [main] [org.springframework.beans.factory.support.DefaultListableBeanFactory]-[DEBUG] Finished creating instance of bean &apos;myPointcut&apos;
2015-04-04 18:11:12,608 [main] [org.springframework.beans.factory.support.DefaultListableBeanFactory]-[DEBUG] Finished creating instance of bean &apos;org.springframework.aop.support.DefaultBeanFactoryPointcutAdvisor#0&apos;
2015-04-04 18:11:12,609 [main] [org.springframework.beans.factory.support.DefaultListableBeanFactory]-[DEBUG] Eagerly caching bean &apos;sqlSessionFactory&apos; to allow for resolving potential circular references
2015-04-04 18:11:12,609 [main] [org.springframework.beans.factory.support.DefaultListableBeanFactory]-[DEBUG] Creating shared instance of singleton bean &apos;dataSource&apos;
2015-04-04 18:11:12,609 [main] [org.springframework.beans.factory.support.DefaultListableBeanFactory]-[DEBUG] Creating instance of bean &apos;dataSource&apos;
2015-04-04 18:11:12,609 [main] [org.springframework.beans.factory.support.DefaultListableBeanFactory]-[DEBUG] Returning cached instance of singleton bean &apos;org.springframework.aop.support.DefaultBeanFactoryPointcutAdvisor#0&apos;
2015-04-04 18:11:12,619 [main] [org.springframework.beans.factory.support.DefaultListableBeanFactory]-[DEBUG] Eagerly caching bean &apos;dataSource&apos; to allow for resolving potential circular references
2015-04-04 18:11:12,619 [main] [com.jolbox.bonecp.BoneCPConfig]-[WARN] Please use setIdleConnectionTestPeriodInMinutes in place of setIdleConnectionTestPeriod. This method has been deprecated.
2015-04-04 18:11:12,620 [main] [com.jolbox.bonecp.BoneCPConfig]-[WARN] Please use setIdleMaxAgeInMinutes in place of setIdleMaxAge. This method has been deprecated.
2015-04-04 18:11:12,620 [main] [org.springframework.beans.factory.support.DefaultListableBeanFactory]-[DEBUG] Returning cached instance of singleton bean &apos;org.springframework.aop.support.DefaultBeanFactoryPointcutAdvisor#0&apos;
2015-04-04 18:11:12,620 [main] [org.springframework.beans.factory.support.DefaultListableBeanFactory]-[DEBUG] Returning cached instance of singleton bean &apos;org.springframework.aop.support.DefaultBeanFactoryPointcutAdvisor#0&apos;
2015-04-04 18:11:12,636 [main] [org.springframework.beans.factory.support.DefaultListableBeanFactory]-[DEBUG] Finished creating instance of bean &apos;dataSource&apos;
2015-04-04 18:11:12,637 [main] [org.springframework.core.io.support.PathMatchingResourcePatternResolver]-[DEBUG] Looking for matching resources in directory tree [D:\work0326\eclipse-workspace\taotao-manage\taotao-manage-web\target\classes\mybatis\mappers]
2015-04-04 18:11:12,637 [main] [org.springframework.core.io.support.PathMatchingResourcePatternResolver]-[DEBUG] Searching directory [D:\work0326\eclipse-workspace\taotao-manage\taotao-manage-web\target\classes\mybatis\mappers] for files matching pattern [D:/work0326/eclipse-workspace/taotao-manage/taotao-manage-web/target/classes/mybatis/mappers/**/*.xml]
2015-04-04 18:11:12,638 [main] [org.springframework.core.io.support.PathMatchingResourcePatternResolver]-[DEBUG] Resolved location pattern [classpath:mybatis/mappers/**/*.xml] to resources [file [D:\work0326\eclipse-workspace\taotao-manage\taotao-manage-web\target\classes\mybatis\mappers\ContentMapper.xml], file [D:\work0326\eclipse-workspace\taotao-manage\taotao-manage-web\target\classes\mybatis\mappers\ItemCatMapper.xml]]
2015-04-04 18:11:12,638 [main] [org.springframework.beans.factory.support.DefaultListableBeanFactory]-[DEBUG] Invoking afterPropertiesSet() on bean with name &apos;sqlSessionFactory&apos;
2015-04-04 18:11:12,643 [main] [org.apache.ibatis.io.ResolverUtil]-[DEBUG] Find JAR URL: jar:file:/D:/work0326/eclipse-workspace/taotao-manage/taotao-manage-pojo/target/taotao-manage-pojo.jar!/com/taotao/manage/pojo
2015-04-04 18:11:12,643 [main] [org.apache.ibatis.io.ResolverUtil]-[DEBUG] Inner URL: file:/D:/work0326/eclipse-workspace/taotao-manage/taotao-manage-pojo/target/taotao-manage-pojo.jar!/com/taotao/manage/pojo
2015-04-04 18:11:12,643 [main] [org.apache.ibatis.io.ResolverUtil]-[DEBUG] Extracted JAR URL: file:/D:/work0326/eclipse-workspace/taotao-manage/taotao-manage-pojo/target/taotao-manage-pojo.jar
2015-04-04 18:11:12,643 [main] [org.apache.ibatis.io.ResolverUtil]-[DEBUG] Found JAR: file:/D:/work0326/eclipse-workspace/taotao-manage/taotao-manage-pojo/target/taotao-manage-pojo.jar
2015-04-04 18:11:12,644 [main] [org.apache.ibatis.io.ResolverUtil]-[DEBUG] Listing jar:file:/D:/work0326/eclipse-workspace/taotao-manage/taotao-manage-pojo/target/taotao-manage-pojo.jar!/com/taotao/manage/pojo
2015-04-04 18:11:12,644 [main] [org.apache.ibatis.io.ResolverUtil]-[DEBUG] Found resource: /com/taotao/manage/pojo/BasePojo.class
2015-04-04 18:11:12,644 [main] [org.apache.ibatis.io.ResolverUtil]-[DEBUG] Found resource: /com/taotao/manage/pojo/Content.class
2015-04-04 18:11:12,644 [main] [org.apache.ibatis.io.ResolverUtil]-[DEBUG] Found resource: /com/taotao/manage/pojo/ContentCategory.class
2015-04-04 18:11:12,644 [main] [org.apache.ibatis.io.ResolverUtil]-[DEBUG] Found resource: /com/taotao/manage/pojo/Item.class
2015-04-04 18:11:12,644 [main] [org.apache.ibatis.io.ResolverUtil]-[DEBUG] Found resource: /com/taotao/manage/pojo/ItemCat.class
2015-04-04 18:11:12,644 [main] [org.apache.ibatis.io.ResolverUtil]-[DEBUG] Found resource: /com/taotao/manage/pojo/ItemDesc.class
2015-04-04 18:11:12,644 [main] [org.apache.ibatis.io.ResolverUtil]-[DEBUG] Found resource: /com/taotao/manage/pojo/ItemParam.class
2015-04-04 18:11:12,645 [main] [org.apache.ibatis.io.ResolverUtil]-[DEBUG] Found resource: /com/taotao/manage/pojo/ItemParamItem.class
2015-04-04 18:11:12,645 [main] [org.apache.ibatis.io.ResolverUtil]-[DEBUG] Checking to see if class com.taotao.manage.pojo.BasePojo matches criteria [is assignable to Object]
2015-04-04 18:11:12,645 [main] [org.apache.ibatis.io.ResolverUtil]-[DEBUG] Checking to see if class com.taotao.manage.pojo.Content matches criteria [is assignable to Object]
2015-04-04 18:11:12,645 [main] [org.apache.ibatis.io.ResolverUtil]-[DEBUG] Checking to see if class com.taotao.manage.pojo.ContentCategory matches criteria [is assignable to Object]
2015-04-04 18:11:12,645 [main] [org.apache.ibatis.io.ResolverUtil]-[DEBUG] Checking to see if class com.taotao.manage.pojo.Item matches criteria [is assignable to Object]
2015-04-04 18:11:12,645 [main] [org.apache.ibatis.io.ResolverUtil]-[DEBUG] Checking to see if class com.taotao.manage.pojo.ItemCat matches criteria [is assignable to Object]
2015-04-04 18:11:12,645 [main] [org.apache.ibatis.io.ResolverUtil]-[DEBUG] Checking to see if class com.taotao.manage.pojo.ItemDesc matches criteria [is assignable to Object]
2015-04-04 18:11:12,645 [main] [org.apache.ibatis.io.ResolverUtil]-[DEBUG] Checking to see if class com.taotao.manage.pojo.ItemParam matches criteria [is assignable to Object]
2015-04-04 18:11:12,645 [main] [org.apache.ibatis.io.ResolverUtil]-[DEBUG] Checking to see if class com.taotao.manage.pojo.ItemParamItem matches criteria [is assignable to Object]
2015-04-04 18:11:12,645 [main] [org.mybatis.spring.SqlSessionFactoryBean]-[DEBUG] Scanned package: &apos;com.taotao.manage.pojo&apos; for aliases
2015-04-04 18:11:12,657 [main] [org.mybatis.spring.SqlSessionFactoryBean]-[DEBUG] Parsed configuration file: &apos;class path resource [mybatis/mybatis-config.xml]&apos;
2015-04-04 18:11:12,672 [main] [org.mybatis.spring.SqlSessionFactoryBean]-[DEBUG] Parsed mapper file: &apos;file [D:\work0326\eclipse-workspace\taotao-manage\taotao-manage-web\target\classes\mybatis\mappers\ContentMapper.xml]&apos;
2015-04-04 18:11:12,680 [main] [org.mybatis.spring.SqlSessionFactoryBean]-[DEBUG] Parsed mapper file: &apos;file [D:\work0326\eclipse-workspace\taotao-manage\taotao-manage-web\target\classes\mybatis\mappers\ItemCatMapper.xml]&apos;
2015-04-04 18:11:12,680 [main] [org.springframework.beans.factory.support.DefaultListableBeanFactory]-[DEBUG] Returning cached instance of singleton bean &apos;org.springframework.aop.support.DefaultBeanFactoryPointcutAdvisor#0&apos;
2015-04-04 18:11:12,680 [main] [org.springframework.beans.factory.support.DefaultListableBeanFactory]-[DEBUG] Returning cached instance of singleton bean &apos;org.springframework.aop.support.DefaultBeanFactoryPointcutAdvisor#0&apos;
2015-04-04 18:11:12,683 [main] [org.springframework.beans.factory.support.DefaultListableBeanFactory]-[DEBUG] Finished creating instance of bean &apos;sqlSessionFactory&apos;
2015-04-04 18:11:12,683 [main] [org.springframework.beans.factory.support.DefaultListableBeanFactory]-[DEBUG] Returning cached instance of singleton bean &apos;org.mybatis.spring.mapper.MapperScannerConfigurer#0&apos;
2015-04-04 18:11:12,683 [main] [org.springframework.beans.factory.support.DefaultListableBeanFactory]-[DEBUG] Creating shared instance of singleton bean &apos;transactionManager&apos;
2015-04-04 18:11:12,683 [main] [org.springframework.beans.factory.support.DefaultListableBeanFactory]-[DEBUG] Creating instance of bean &apos;transactionManager&apos;
2015-04-04 18:11:12,683 [main] [org.springframework.beans.factory.support.DefaultListableBeanFactory]-[DEBUG] Returning cached instance of singleton bean &apos;org.springframework.aop.support.DefaultBeanFactoryPointcutAdvisor#0&apos;
2015-04-04 18:11:12,683 [main] [org.springframework.beans.factory.support.DefaultListableBeanFactory]-[DEBUG] Eagerly caching bean &apos;transactionManager&apos; to allow for resolving potential circular references
2015-04-04 18:11:12,683 [main] [org.springframework.beans.factory.support.DefaultListableBeanFactory]-[DEBUG] Returning cached instance of singleton bean &apos;dataSource&apos;
2015-04-04 18:11:12,683 [main] [org.springframework.beans.factory.support.DefaultListableBeanFactory]-[DEBUG] Invoking afterPropertiesSet() on bean with name &apos;transactionManager&apos;
2015-04-04 18:11:12,683 [main] [org.springframework.beans.factory.support.DefaultListableBeanFactory]-[DEBUG] Returning cached instance of singleton bean &apos;org.springframework.aop.support.DefaultBeanFactoryPointcutAdvisor#0&apos;
2015-04-04 18:11:12,684 [main] [org.springframework.beans.factory.support.DefaultListableBeanFactory]-[DEBUG] Returning cached instance of singleton bean &apos;org.springframework.aop.support.DefaultBeanFactoryPointcutAdvisor#0&apos;
2015-04-04 18:11:12,685 [main] [org.springframework.beans.factory.support.DefaultListableBeanFactory]-[DEBUG] Finished creating instance of bean &apos;transactionManager&apos;
2015-04-04 18:11:12,685 [main] [org.springframework.beans.factory.support.DefaultListableBeanFactory]-[DEBUG] Creating shared instance of singleton bean &apos;txAdvice&apos;
2015-04-04 18:11:12,685 [main] [org.springframework.beans.factory.support.DefaultListableBeanFactory]-[DEBUG] Creating instance of bean &apos;txAdvice&apos;
2015-04-04 18:11:12,686 [main] [org.springframework.beans.factory.support.DefaultListableBeanFactory]-[DEBUG] Eagerly caching bean &apos;txAdvice&apos; to allow for resolving potential circular references
2015-04-04 18:11:12,686 [main] [org.springframework.beans.factory.support.DefaultListableBeanFactory]-[DEBUG] Returning cached instance of singleton bean &apos;transactionManager&apos;
2015-04-04 18:11:12,686 [main] [org.springframework.beans.factory.support.DefaultListableBeanFactory]-[DEBUG] Creating instance of bean &apos;(inner bean)#3f5b422e&apos;
2015-04-04 18:11:12,686 [main] [org.springframework.beans.factory.support.DefaultListableBeanFactory]-[DEBUG] Returning cached instance of singleton bean &apos;org.springframework.aop.support.DefaultBeanFactoryPointcutAdvisor#0&apos;
2015-04-04 18:11:12,687 [main] [org.springframework.transaction.interceptor.NameMatchTransactionAttributeSource]-[DEBUG] Adding transactional method [query*] with attribute [PROPAGATION_REQUIRED,ISOLATION_DEFAULT,readOnly]
2015-04-04 18:11:12,687 [main] [org.springframework.transaction.interceptor.NameMatchTransactionAttributeSource]-[DEBUG] Adding transactional method [*] with attribute [PROPAGATION_REQUIRED,ISOLATION_DEFAULT]
2015-04-04 18:11:12,687 [main] [org.springframework.beans.factory.support.DefaultListableBeanFactory]-[DEBUG] Returning cached instance of singleton bean &apos;org.springframework.aop.support.DefaultBeanFactoryPointcutAdvisor#0&apos;
2015-04-04 18:11:12,687 [main] [org.springframework.beans.factory.support.DefaultListableBeanFactory]-[DEBUG] Returning cached instance of singleton bean &apos;org.springframework.aop.support.DefaultBeanFactoryPointcutAdvisor#0&apos;
2015-04-04 18:11:12,688 [main] [org.springframework.beans.factory.support.DefaultListableBeanFactory]-[DEBUG] Finished creating instance of bean &apos;(inner bean)#3f5b422e&apos;
2015-04-04 18:11:12,688 [main] [org.springframework.beans.factory.support.DefaultListableBeanFactory]-[DEBUG] Invoking afterPropertiesSet() on bean with name &apos;txAdvice&apos;
2015-04-04 18:11:12,688 [main] [org.springframework.beans.factory.support.DefaultListableBeanFactory]-[DEBUG] Finished creating instance of bean &apos;txAdvice&apos;
2015-04-04 18:11:12,688 [main] [org.springframework.beans.factory.support.DefaultListableBeanFactory]-[DEBUG] Returning cached instance of singleton bean &apos;org.springframework.aop.config.internalAutoProxyCreator&apos;
2015-04-04 18:11:12,688 [main] [org.springframework.beans.factory.support.DefaultListableBeanFactory]-[DEBUG] Returning cached instance of singleton bean &apos;org.springframework.aop.support.DefaultBeanFactoryPointcutAdvisor#0&apos;
2015-04-04 18:11:12,688 [main] [org.springframework.beans.factory.support.DefaultListableBeanFactory]-[DEBUG] Returning cached instance of singleton bean &apos;org.springframework.beans.factory.config.PropertyPlaceholderConfigurer#0&apos;
2015-04-04 18:11:12,688 [main] [org.springframework.beans.factory.support.DefaultListableBeanFactory]-[DEBUG] Creating shared instance of singleton bean &apos;contentCategoryController&apos;
2015-04-04 18:11:12,688 [main] [org.springframework.beans.factory.support.DefaultListableBeanFactory]-[DEBUG] Creating instance of bean &apos;contentCategoryController&apos;
2015-04-04 18:11:12,688 [main] [org.springframework.beans.factory.support.DefaultListableBeanFactory]-[DEBUG] Returning cached instance of singleton bean &apos;org.springframework.aop.support.DefaultBeanFactoryPointcutAdvisor#0&apos;
2015-04-04 18:11:12,690 [main] [org.springframework.beans.factory.annotation.InjectionMetadata]-[DEBUG] Registered injected element on class [com.taotao.manage.controller.ContentCategoryController]: AutowiredFieldElement for private com.taotao.manage.service.ContentCategoryService com.taotao.manage.controller.ContentCategoryController.contentCategoryService
2015-04-04 18:11:12,690 [main] [org.springframework.beans.factory.support.DefaultListableBeanFactory]-[DEBUG] Eagerly caching bean &apos;contentCategoryController&apos; to allow for resolving potential circular references
2015-04-04 18:11:12,690 [main] [org.springframework.beans.factory.annotation.InjectionMetadata]-[DEBUG] Processing injected method of bean &apos;contentCategoryController&apos;: AutowiredFieldElement for private com.taotao.manage.service.ContentCategoryService com.taotao.manage.controller.ContentCategoryController.contentCategoryService
2015-04-04 18:11:12,690 [main] [org.springframework.beans.factory.support.DefaultListableBeanFactory]-[DEBUG] Returning cached instance of singleton bean &apos;org.springframework.aop.support.DefaultBeanFactoryPointcutAdvisor#0&apos;
2015-04-04 18:11:12,690 [main] [org.springframework.beans.factory.support.DefaultListableBeanFactory]-[DEBUG] Creating shared instance of singleton bean &apos;contentCategoryMapper&apos;
2015-04-04 18:11:12,690 [main] [org.springframework.beans.factory.support.DefaultListableBeanFactory]-[DEBUG] Creating instance of bean &apos;contentCategoryMapper&apos;
2015-04-04 18:11:12,690 [main] [org.springframework.beans.factory.support.DefaultListableBeanFactory]-[DEBUG] Eagerly caching bean &apos;contentCategoryMapper&apos; to allow for resolving potential circular references
2015-04-04 18:11:12,691 [main] [org.springframework.beans.factory.support.DefaultListableBeanFactory]-[DEBUG] Returning cached instance of singleton bean &apos;org.springframework.aop.support.DefaultBeanFactoryPointcutAdvisor#0&apos;
2015-04-04 18:11:12,691 [main] [org.springframework.beans.factory.support.DefaultListableBeanFactory]-[DEBUG] Returning cached instance of singleton bean &apos;org.springframework.aop.support.DefaultBeanFactoryPointcutAdvisor#0&apos;
2015-04-04 18:11:12,692 [main] [org.springframework.beans.factory.support.DefaultListableBeanFactory]-[DEBUG] Returning eagerly cached instance of singleton bean &apos;contentCategoryMapper&apos; that is not fully initialized yet - a consequence of a circular reference
2015-04-04 18:11:12,692 [main] [org.springframework.beans.factory.support.DefaultListableBeanFactory]-[DEBUG] Returning cached instance of singleton bean &apos;org.springframework.aop.support.DefaultBeanFactoryPointcutAdvisor#0&apos;
2015-04-04 18:11:12,692 [main] [org.springframework.beans.factory.support.DefaultListableBeanFactory]-[DEBUG] Creating shared instance of singleton bean &apos;contentMapper&apos;
2015-04-04 18:11:12,693 [main] [org.springframework.beans.factory.support.DefaultListableBeanFactory]-[DEBUG] Creating instance of bean &apos;contentMapper&apos;
2015-04-04 18:11:12,693 [main] [org.springframework.beans.factory.support.DefaultListableBeanFactory]-[DEBUG] Eagerly caching bean &apos;contentMapper&apos; to allow for resolving potential circular references
2015-04-04 18:11:12,693 [main] [org.springframework.beans.factory.support.DefaultListableBeanFactory]-[DEBUG] Returning cached instance of singleton bean &apos;org.springframework.aop.support.DefaultBeanFactoryPointcutAdvisor#0&apos;
2015-04-04 18:11:12,693 [main] [org.springframework.beans.factory.support.DefaultListableBeanFactory]-[DEBUG] Returning cached instance of singleton bean &apos;org.springframework.aop.support.DefaultBeanFactoryPointcutAdvisor#0&apos;
2015-04-04 18:11:12,693 [main] [org.springframework.beans.factory.support.DefaultListableBeanFactory]-[DEBUG] Returning eagerly cached instance of singleton bean &apos;contentMapper&apos; that is not fully initialized yet - a consequence of a circular reference
2015-04-04 18:11:12,693 [main] [org.springframework.beans.factory.support.DefaultListableBeanFactory]-[DEBUG] Returning cached instance of singleton bean &apos;org.springframework.aop.support.DefaultBeanFactoryPointcutAdvisor#0&apos;
2015-04-04 18:11:12,693 [main] [org.springframework.beans.factory.support.DefaultListableBeanFactory]-[DEBUG] Creating shared instance of singleton bean &apos;itemCatMapper&apos;
2015-04-04 18:11:12,693 [main] [org.springframework.beans.factory.support.DefaultListableBeanFactory]-[DEBUG] Creating instance of bean &apos;itemCatMapper&apos;
2015-04-04 18:11:12,694 [main] [org.springframework.beans.factory.support.DefaultListableBeanFactory]-[DEBUG] Eagerly caching bean &apos;itemCatMapper&apos; to allow for resolving potential circular references
2015-04-04 18:11:12,694 [main] [org.springframework.beans.factory.support.DefaultListableBeanFactory]-[DEBUG] Returning cached instance of singleton bean &apos;org.springframework.aop.support.DefaultBeanFactoryPointcutAdvisor#0&apos;
2015-04-04 18:11:12,694 [main] [org.springframework.beans.factory.support.DefaultListableBeanFactory]-[DEBUG] Returning cached instance of singleton bean &apos;org.springframework.aop.support.DefaultBeanFactoryPointcutAdvisor#0&apos;
2015-04-04 18:11:12,694 [main] [org.springframework.beans.factory.support.DefaultListableBeanFactory]-[DEBUG] Returning eagerly cached instance of singleton bean &apos;itemCatMapper&apos; that is not fully initialized yet - a consequence of a circular reference
2015-04-04 18:11:12,694 [main] [org.springframework.beans.factory.support.DefaultListableBeanFactory]-[DEBUG] Returning cached instance of singleton bean &apos;org.springframework.aop.support.DefaultBeanFactoryPointcutAdvisor#0&apos;
2015-04-04 18:11:12,694 [main] [org.springframework.beans.factory.support.DefaultListableBeanFactory]-[DEBUG] Creating shared instance of singleton bean &apos;itemDescMapper&apos;
2015-04-04 18:11:12,694 [main] [org.springframework.beans.factory.support.DefaultListableBeanFactory]-[DEBUG] Creating instance of bean &apos;itemDescMapper&apos;
2015-04-04 18:11:12,694 [main] [org.springframework.beans.factory.support.DefaultListableBeanFactory]-[DEBUG] Eagerly caching bean &apos;itemDescMapper&apos; to allow for resolving potential circular references
2015-04-04 18:11:12,695 [main] [org.springframework.beans.factory.support.DefaultListableBeanFactory]-[DEBUG] Returning cached instance of singleton bean &apos;org.springframework.aop.support.DefaultBeanFactoryPointcutAdvisor#0&apos;
2015-04-04 18:11:12,695 [main] [org.springframework.beans.factory.support.DefaultListableBeanFactory]-[DEBUG] Returning cached instance of singleton bean &apos;org.springframework.aop.support.DefaultBeanFactoryPointcutAdvisor#0&apos;
2015-04-04 18:11:12,695 [main] [org.springframework.beans.factory.support.DefaultListableBeanFactory]-[DEBUG] Returning eagerly cached instance of singleton bean &apos;itemDescMapper&apos; that is not fully initialized yet - a consequence of a circular reference
2015-04-04 18:11:12,695 [main] [org.springframework.beans.factory.support.DefaultListableBeanFactory]-[DEBUG] Returning cached instance of singleton bean &apos;org.springframework.aop.support.DefaultBeanFactoryPointcutAdvisor#0&apos;
2015-04-04 18:11:12,695 [main] [org.springframework.beans.factory.support.DefaultListableBeanFactory]-[DEBUG] Creating shared instance of singleton bean &apos;itemMapper&apos;
2015-04-04 18:11:12,695 [main] [org.springframework.beans.factory.support.DefaultListableBeanFactory]-[DEBUG] Creating instance of bean &apos;itemMapper&apos;
2015-04-04 18:11:12,695 [main] [org.springframework.beans.factory.support.DefaultListableBeanFactory]-[DEBUG] Eagerly caching bean &apos;itemMapper&apos; to allow for resolving potential circular references
2015-04-04 18:11:12,695 [main] [org.springframework.beans.factory.support.DefaultListableBeanFactory]-[DEBUG] Returning cached instance of singleton bean &apos;org.springframework.aop.support.DefaultBeanFactoryPointcutAdvisor#0&apos;
2015-04-04 18:11:12,695 [main] [org.springframework.beans.factory.support.DefaultListableBeanFactory]-[DEBUG] Returning cached instance of singleton bean &apos;org.springframework.aop.support.DefaultBeanFactoryPointcutAdvisor#0&apos;
2015-04-04 18:11:12,696 [main] [org.springframework.beans.factory.support.DefaultListableBeanFactory]-[DEBUG] Returning eagerly cached instance of singleton bean &apos;itemMapper&apos; that is not fully initialized yet - a consequence of a circular reference
2015-04-04 18:11:12,696 [main] [org.springframework.beans.factory.support.DefaultListableBeanFactory]-[DEBUG] Returning cached instance of singleton bean &apos;org.springframework.aop.support.DefaultBeanFactoryPointcutAdvisor#0&apos;
2015-04-04 18:11:12,696 [main] [org.springframework.beans.factory.support.DefaultListableBeanFactory]-[DEBUG] Creating shared instance of singleton bean &apos;itemParamItemMapper&apos;
2015-04-04 18:11:12,696 [main] [org.springframework.beans.factory.support.DefaultListableBeanFactory]-[DEBUG] Creating instance of bean &apos;itemParamItemMapper&apos;
2015-04-04 18:11:12,696 [main] [org.springframework.beans.factory.support.DefaultListableBeanFactory]-[DEBUG] Eagerly caching bean &apos;itemParamItemMapper&apos; to allow for resolving potential circular references
2015-04-04 18:11:12,696 [main] [org.springframework.beans.factory.support.DefaultListableBeanFactory]-[DEBUG] Returning cached instance of singleton bean &apos;org.springframework.aop.support.DefaultBeanFactoryPointcutAdvisor#0&apos;
2015-04-04 18:11:12,696 [main] [org.springframework.beans.factory.support.DefaultListableBeanFactory]-[DEBUG] Returning cached instance of singleton bean &apos;org.springframework.aop.support.DefaultBeanFactoryPointcutAdvisor#0&apos;
2015-04-04 18:11:12,696 [main] [org.springframework.beans.factory.support.DefaultListableBeanFactory]-[DEBUG] Returning eagerly cached instance of singleton bean &apos;itemParamItemMapper&apos; that is not fully initialized yet - a consequence of a circular reference
2015-04-04 18:11:12,696 [main] [org.springframework.beans.factory.support.DefaultListableBeanFactory]-[DEBUG] Returning cached instance of singleton bean &apos;org.springframework.aop.support.DefaultBeanFactoryPointcutAdvisor#0&apos;
2015-04-04 18:11:12,697 [main] [org.springframework.beans.factory.support.DefaultListableBeanFactory]-[DEBUG] Creating shared instance of singleton bean &apos;itemParamMapper&apos;
2015-04-04 18:11:12,697 [main] [org.springframework.beans.factory.support.DefaultListableBeanFactory]-[DEBUG] Creating instance of bean &apos;itemParamMapper&apos;
2015-04-04 18:11:12,697 [main] [org.springframework.beans.factory.support.DefaultListableBeanFactory]-[DEBUG] Eagerly caching bean &apos;itemParamMapper&apos; to allow for resolving potential circular references
2015-04-04 18:11:12,697 [main] [org.springframework.beans.factory.support.DefaultListableBeanFactory]-[DEBUG] Returning cached instance of singleton bean &apos;org.springframework.aop.support.DefaultBeanFactoryPointcutAdvisor#0&apos;
2015-04-04 18:11:12,697 [main] [org.springframework.beans.factory.support.DefaultListableBeanFactory]-[DEBUG] Returning cached instance of singleton bean &apos;org.springframework.aop.support.DefaultBeanFactoryPointcutAdvisor#0&apos;
2015-04-04 18:11:12,697 [main] [org.springframework.beans.factory.support.DefaultListableBeanFactory]-[DEBUG] Returning eagerly cached instance of singleton bean &apos;itemParamMapper&apos; that is not fully initialized yet - a consequence of a circular reference
2015-04-04 18:11:12,697 [main] [org.springframework.beans.factory.support.DefaultListableBeanFactory]-[DEBUG] Returning cached instance of singleton bean &apos;sqlSessionFactory&apos;
2015-04-04 18:11:12,697 [main] [org.springframework.beans.factory.support.DefaultListableBeanFactory]-[DEBUG] Returning cached instance of singleton bean &apos;org.springframework.aop.support.DefaultBeanFactoryPointcutAdvisor#0&apos;
2015-04-04 18:11:12,697 [main] [org.springframework.beans.factory.support.DefaultListableBeanFactory]-[DEBUG] Returning cached instance of singleton bean &apos;org.springframework.aop.support.DefaultBeanFactoryPointcutAdvisor#0&apos;
2015-04-04 18:11:12,698 [main] [org.springframework.beans.factory.support.DefaultListableBeanFactory]-[DEBUG] Autowiring by type from bean name &apos;itemParamMapper&apos; via property &apos;sqlSessionFactory&apos; to bean named &apos;sqlSessionFactory&apos;
2015-04-04 18:11:12,699 [main] [org.springframework.beans.factory.support.DefaultListableBeanFactory]-[DEBUG] Invoking afterPropertiesSet() on bean with name &apos;itemParamMapper&apos;
2015-04-04 18:11:12,700 [main] [org.springframework.beans.factory.support.DefaultListableBeanFactory]-[DEBUG] Finished creating instance of bean &apos;itemParamMapper&apos;
2015-04-04 18:11:12,701 [main] [org.springframework.beans.factory.support.DefaultListableBeanFactory]-[DEBUG] Returning cached instance of singleton bean &apos;sqlSessionFactory&apos;
2015-04-04 18:11:12,701 [main] [org.springframework.beans.factory.support.DefaultListableBeanFactory]-[DEBUG] Autowiring by type from bean name &apos;itemParamItemMapper&apos; via property &apos;sqlSessionFactory&apos; to bean named &apos;sqlSessionFactory&apos;
2015-04-04 18:11:12,701 [main] [org.springframework.beans.factory.support.DefaultListableBeanFactory]-[DEBUG] Invoking afterPropertiesSet() on bean with name &apos;itemParamItemMapper&apos;
2015-04-04 18:11:12,702 [main] [org.springframework.beans.factory.support.DefaultListableBeanFactory]-[DEBUG] Finished creating instance of bean &apos;itemParamItemMapper&apos;
2015-04-04 18:11:12,703 [main] [org.springframework.beans.factory.support.DefaultListableBeanFactory]-[DEBUG] Returning cached instance of singleton bean &apos;sqlSessionFactory&apos;
2015-04-04 18:11:12,703 [main] [org.springframework.beans.factory.support.DefaultListableBeanFactory]-[DEBUG] Autowiring by type from bean name &apos;itemMapper&apos; via property &apos;sqlSessionFactory&apos; to bean named &apos;sqlSessionFactory&apos;
2015-04-04 18:11:12,703 [main] [org.springframework.beans.factory.support.DefaultListableBeanFactory]-[DEBUG] Invoking afterPropertiesSet() on bean with name &apos;itemMapper&apos;
2015-04-04 18:11:12,704 [main] [org.springframework.beans.factory.support.DefaultListableBeanFactory]-[DEBUG] Finished creating instance of bean &apos;itemMapper&apos;
2015-04-04 18:11:12,705 [main] [org.springframework.beans.factory.support.DefaultListableBeanFactory]-[DEBUG] Returning cached instance of singleton bean &apos;sqlSessionFactory&apos;
2015-04-04 18:11:12,705 [main] [org.springframework.beans.factory.support.DefaultListableBeanFactory]-[DEBUG] Autowiring by type from bean name &apos;itemDescMapper&apos; via property &apos;sqlSessionFactory&apos; to bean named &apos;sqlSessionFactory&apos;
2015-04-04 18:11:12,705 [main] [org.springframework.beans.factory.support.DefaultListableBeanFactory]-[DEBUG] Invoking afterPropertiesSet() on bean with name &apos;itemDescMapper&apos;
2015-04-04 18:11:12,706 [main] [org.springframework.beans.factory.support.DefaultListableBeanFactory]-[DEBUG] Finished creating instance of bean &apos;itemDescMapper&apos;
2015-04-04 18:11:12,706 [main] [org.springframework.beans.factory.support.DefaultListableBeanFactory]-[DEBUG] Returning cached instance of singleton bean &apos;sqlSessionFactory&apos;
2015-04-04 18:11:12,707 [main] [org.springframework.beans.factory.support.DefaultListableBeanFactory]-[DEBUG] Autowiring by type from bean name &apos;itemCatMapper&apos; via property &apos;sqlSessionFactory&apos; to bean named &apos;sqlSessionFactory&apos;
2015-04-04 18:11:12,707 [main] [org.springframework.beans.factory.support.DefaultListableBeanFactory]-[DEBUG] Invoking afterPropertiesSet() on bean with name &apos;itemCatMapper&apos;
2015-04-04 18:11:12,707 [main] [org.springframework.beans.factory.support.DefaultListableBeanFactory]-[DEBUG] Finished creating instance of bean &apos;itemCatMapper&apos;
2015-04-04 18:11:12,707 [main] [org.springframework.beans.factory.support.DefaultListableBeanFactory]-[DEBUG] Returning cached instance of singleton bean &apos;sqlSessionFactory&apos;
2015-04-04 18:11:12,707 [main] [org.springframework.beans.factory.support.DefaultListableBeanFactory]-[DEBUG] Autowiring by type from bean name &apos;contentMapper&apos; via property &apos;sqlSessionFactory&apos; to bean named &apos;sqlSessionFactory&apos;
2015-04-04 18:11:12,707 [main] [org.springframework.beans.factory.support.DefaultListableBeanFactory]-[DEBUG] Invoking afterPropertiesSet() on bean with name &apos;contentMapper&apos;
2015-04-04 18:11:12,707 [main] [org.springframework.beans.factory.support.DefaultListableBeanFactory]-[DEBUG] Finished creating instance of bean &apos;contentMapper&apos;
2015-04-04 18:11:12,707 [main] [org.springframework.beans.factory.support.DefaultListableBeanFactory]-[DEBUG] Returning cached instance of singleton bean &apos;sqlSessionFactory&apos;
2015-04-04 18:11:12,707 [main] [org.springframework.beans.factory.support.DefaultListableBeanFactory]-[DEBUG] Autowiring by type from bean name &apos;contentCategoryMapper&apos; via property &apos;sqlSessionFactory&apos; to bean named &apos;sqlSessionFactory&apos;
2015-04-04 18:11:12,708 [main] [org.springframework.beans.factory.support.DefaultListableBeanFactory]-[DEBUG] Invoking afterPropertiesSet() on bean with name &apos;contentCategoryMapper&apos;
2015-04-04 18:11:12,709 [main] [org.springframework.beans.factory.support.DefaultListableBeanFactory]-[DEBUG] Finished creating instance of bean &apos;contentCategoryMapper&apos;
2015-04-04 18:11:12,709 [main] [org.springframework.beans.factory.support.DefaultListableBeanFactory]-[DEBUG] Creating shared instance of singleton bean &apos;contentCategoryService&apos;
2015-04-04 18:11:12,710 [main] [org.springframework.beans.factory.support.DefaultListableBeanFactory]-[DEBUG] Creating instance of bean &apos;contentCategoryService&apos;
2015-04-04 18:11:12,710 [main] [org.springframework.beans.factory.support.DefaultListableBeanFactory]-[DEBUG] Returning cached instance of singleton bean &apos;org.springframework.aop.support.DefaultBeanFactoryPointcutAdvisor#0&apos;
2015-04-04 18:11:12,710 [main] [org.springframework.beans.factory.annotation.InjectionMetadata]-[DEBUG] Registered injected element on class [com.taotao.manage.service.ContentCategoryService]: AutowiredFieldElement for private com.taotao.manage.base.mapper.TaotaoMapper com.taotao.manage.service.BaseService.taotaoMapper
2015-04-04 18:11:12,710 [main] [org.springframework.beans.factory.support.DefaultListableBeanFactory]-[DEBUG] Eagerly caching bean &apos;contentCategoryService&apos; to allow for resolving potential circular references
2015-04-04 18:11:12,710 [main] [org.springframework.beans.factory.annotation.InjectionMetadata]-[DEBUG] Processing injected method of bean &apos;contentCategoryService&apos;: AutowiredFieldElement for private com.taotao.manage.base.mapper.TaotaoMapper com.taotao.manage.service.BaseService.taotaoMapper
2015-04-04 18:11:12,710 [main] [org.springframework.beans.factory.support.DefaultListableBeanFactory]-[DEBUG] Returning cached instance of singleton bean &apos;contentCategoryMapper&apos;
2015-04-04 18:11:12,711 [main] [org.springframework.beans.factory.support.DefaultListableBeanFactory]-[DEBUG] Returning cached instance of singleton bean &apos;org.springframework.aop.support.DefaultBeanFactoryPointcutAdvisor#0&apos;
2015-04-04 18:11:12,711 [main] [org.springframework.beans.factory.support.DefaultListableBeanFactory]-[DEBUG] Returning cached instance of singleton bean &apos;org.springframework.aop.support.DefaultBeanFactoryPointcutAdvisor#0&apos;
2015-04-04 18:11:12,714 [main] [org.springframework.beans.factory.annotation.AutowiredAnnotationBeanPostProcessor]-[DEBUG] Autowiring by type from bean name &apos;contentCategoryService&apos; to bean named &apos;contentCategoryMapper&apos;
2015-04-04 18:11:12,714 [main] [org.springframework.beans.factory.support.DefaultListableBeanFactory]-[DEBUG] Returning cached instance of singleton bean &apos;org.springframework.aop.support.DefaultBeanFactoryPointcutAdvisor#0&apos;
2015-04-04 18:11:12,714 [main] [org.springframework.beans.factory.support.DefaultListableBeanFactory]-[DEBUG] Returning cached instance of singleton bean &apos;org.springframework.aop.support.DefaultBeanFactoryPointcutAdvisor#0&apos;
2015-04-04 18:11:12,715 [main] [org.springframework.beans.factory.support.DefaultListableBeanFactory]-[DEBUG] Returning cached instance of singleton bean &apos;txAdvice&apos;
2015-04-04 18:11:12,715 [main] [org.springframework.aop.aspectj.autoproxy.AspectJAwareAdvisorAutoProxyCreator]-[DEBUG] Creating implicit proxy for bean &apos;contentCategoryService&apos; with 0 common interceptors and 2 specific interceptors
2015-04-04 18:11:12,715 [main] [org.springframework.aop.framework.CglibAopProxy]-[DEBUG] Creating CGLIB proxy: target source is SingletonTargetSource for target object [com.taotao.manage.service.ContentCategoryService@6407f651]
2015-04-04 18:11:12,715 [main] [org.springframework.beans.factory.support.DefaultListableBeanFactory]-[DEBUG] Finished creating instance of bean &apos;contentCategoryService&apos;
2015-04-04 18:11:12,716 [main] [org.springframework.beans.factory.annotation.AutowiredAnnotationBeanPostProcessor]-[DEBUG] Autowiring by type from bean name &apos;contentCategoryController&apos; to bean named &apos;contentCategoryService&apos;
2015-04-04 18:11:12,716 [main] [org.springframework.beans.factory.support.DefaultListableBeanFactory]-[DEBUG] Returning cached instance of singleton bean &apos;org.springframework.aop.support.DefaultBeanFactoryPointcutAdvisor#0&apos;
2015-04-04 18:11:12,716 [main] [org.springframework.beans.factory.support.DefaultListableBeanFactory]-[DEBUG] Returning cached instance of singleton bean &apos;org.springframework.aop.support.DefaultBeanFactoryPointcutAdvisor#0&apos;
2015-04-04 18:11:12,716 [main] [org.springframework.beans.factory.support.DefaultListableBeanFactory]-[DEBUG] Finished creating instance of bean &apos;contentCategoryController&apos;
2015-04-04 18:11:12,716 [main] [org.springframework.beans.factory.support.DefaultListableBeanFactory]-[DEBUG] Creating shared instance of singleton bean &apos;contentController&apos;
2015-04-04 18:11:12,716 [main] [org.springframework.beans.factory.support.DefaultListableBeanFactory]-[DEBUG] Creating instance of bean &apos;contentController&apos;
2015-04-04 18:11:12,716 [main] [org.springframework.beans.factory.support.DefaultListableBeanFactory]-[DEBUG] Returning cached instance of singleton bean &apos;org.springframework.aop.support.DefaultBeanFactoryPointcutAdvisor#0&apos;
2015-04-04 18:11:12,717 [main] [org.springframework.beans.factory.annotation.InjectionMetadata]-[DEBUG] Registered injected element on class [com.taotao.manage.controller.ContentController]: AutowiredFieldElement for private com.taotao.manage.service.ContentService com.taotao.manage.controller.ContentController.contentService
2015-04-04 18:11:12,717 [main] [org.springframework.beans.factory.support.DefaultListableBeanFactory]-[DEBUG] Eagerly caching bean &apos;contentController&apos; to allow for resolving potential circular references
2015-04-04 18:11:12,718 [main] [org.springframework.beans.factory.annotation.InjectionMetadata]-[DEBUG] Processing injected method of bean &apos;contentController&apos;: AutowiredFieldElement for private com.taotao.manage.service.ContentService com.taotao.manage.controller.ContentController.contentService
2015-04-04 18:11:12,718 [main] [org.springframework.beans.factory.support.DefaultListableBeanFactory]-[DEBUG] Creating shared instance of singleton bean &apos;contentService&apos;
2015-04-04 18:11:12,718 [main] [org.springframework.beans.factory.support.DefaultListableBeanFactory]-[DEBUG] Creating instance of bean &apos;contentService&apos;
2015-04-04 18:11:12,718 [main] [org.springframework.beans.factory.support.DefaultListableBeanFactory]-[DEBUG] Returning cached instance of singleton bean &apos;org.springframework.aop.support.DefaultBeanFactoryPointcutAdvisor#0&apos;
2015-04-04 18:11:12,718 [main] [org.springframework.beans.factory.annotation.InjectionMetadata]-[DEBUG] Registered injected element on class [com.taotao.manage.service.ContentService]: AutowiredFieldElement for private com.taotao.manage.base.mapper.TaotaoMapper com.taotao.manage.service.BaseService.taotaoMapper
2015-04-04 18:11:12,719 [main] [org.springframework.beans.factory.annotation.InjectionMetadata]-[DEBUG] Registered injected element on class [com.taotao.manage.service.ContentService]: AutowiredFieldElement for private com.taotao.manage.mapper.ContentMapper com.taotao.manage.service.ContentService.contentMapper
2015-04-04 18:11:12,719 [main] [org.springframework.beans.factory.support.DefaultListableBeanFactory]-[DEBUG] Eagerly caching bean &apos;contentService&apos; to allow for resolving potential circular references
2015-04-04 18:11:12,719 [main] [org.springframework.beans.factory.annotation.InjectionMetadata]-[DEBUG] Processing injected method of bean &apos;contentService&apos;: AutowiredFieldElement for private com.taotao.manage.base.mapper.TaotaoMapper com.taotao.manage.service.BaseService.taotaoMapper
2015-04-04 18:11:12,719 [main] [org.springframework.beans.factory.support.DefaultListableBeanFactory]-[DEBUG] Returning cached instance of singleton bean &apos;contentMapper&apos;
2015-04-04 18:11:12,719 [main] [org.springframework.beans.factory.support.DefaultListableBeanFactory]-[DEBUG] Returning cached instance of singleton bean &apos;org.springframework.aop.support.DefaultBeanFactoryPointcutAdvisor#0&apos;
2015-04-04 18:11:12,719 [main] [org.springframework.beans.factory.support.DefaultListableBeanFactory]-[DEBUG] Returning cached instance of singleton bean &apos;org.springframework.aop.support.DefaultBeanFactoryPointcutAdvisor#0&apos;
2015-04-04 18:11:12,723 [main] [org.springframework.beans.factory.annotation.AutowiredAnnotationBeanPostProcessor]-[DEBUG] Autowiring by type from bean name &apos;contentService&apos; to bean named &apos;contentMapper&apos;
2015-04-04 18:11:12,723 [main] [org.springframework.beans.factory.annotation.InjectionMetadata]-[DEBUG] Processing injected method of bean &apos;contentService&apos;: AutowiredFieldElement for private com.taotao.manage.mapper.ContentMapper com.taotao.manage.service.ContentService.contentMapper
2015-04-04 18:11:12,724 [main] [org.springframework.beans.factory.support.DefaultListableBeanFactory]-[DEBUG] Returning cached instance of singleton bean &apos;contentMapper&apos;
2015-04-04 18:11:12,724 [main] [org.springframework.beans.factory.annotation.AutowiredAnnotationBeanPostProcessor]-[DEBUG] Autowiring by type from bean name &apos;contentService&apos; to bean named &apos;contentMapper&apos;
2015-04-04 18:11:12,724 [main] [org.springframework.beans.factory.support.DefaultListableBeanFactory]-[DEBUG] Returning cached instance of singleton bean &apos;org.springframework.aop.support.DefaultBeanFactoryPointcutAdvisor#0&apos;
2015-04-04 18:11:12,724 [main] [org.springframework.beans.factory.support.DefaultListableBeanFactory]-[DEBUG] Returning cached instance of singleton bean &apos;org.springframework.aop.support.DefaultBeanFactoryPointcutAdvisor#0&apos;
2015-04-04 18:11:12,724 [main] [org.springframework.aop.aspectj.autoproxy.AspectJAwareAdvisorAutoProxyCreator]-[DEBUG] Creating implicit proxy for bean &apos;contentService&apos; with 0 common interceptors and 2 specific interceptors
2015-04-04 18:11:12,724 [main] [org.springframework.aop.framework.CglibAopProxy]-[DEBUG] Creating CGLIB proxy: target source is SingletonTargetSource for target object [com.taotao.manage.service.ContentService@63bab9dc]
2015-04-04 18:11:12,725 [main] [org.springframework.beans.factory.support.DefaultListableBeanFactory]-[DEBUG] Finished creating instance of bean &apos;contentService&apos;
2015-04-04 18:11:12,725 [main] [org.springframework.beans.factory.annotation.AutowiredAnnotationBeanPostProcessor]-[DEBUG] Autowiring by type from bean name &apos;contentController&apos; to bean named &apos;contentService&apos;
2015-04-04 18:11:12,725 [main] [org.springframework.beans.factory.support.DefaultListableBeanFactory]-[DEBUG] Returning cached instance of singleton bean &apos;org.springframework.aop.support.DefaultBeanFactoryPointcutAdvisor#0&apos;
2015-04-04 18:11:12,725 [main] [org.springframework.beans.factory.support.DefaultListableBeanFactory]-[DEBUG] Returning cached instance of singleton bean &apos;org.springframework.aop.support.DefaultBeanFactoryPointcutAdvisor#0&apos;
2015-04-04 18:11:12,726 [main] [org.springframework.beans.factory.support.DefaultListableBeanFactory]-[DEBUG] Finished creating instance of bean &apos;contentController&apos;
2015-04-04 18:11:12,726 [main] [org.springframework.beans.factory.support.DefaultListableBeanFactory]-[DEBUG] Creating shared instance of singleton bean &apos;itemCatController&apos;
2015-04-04 18:11:12,726 [main] [org.springframework.beans.factory.support.DefaultListableBeanFactory]-[DEBUG] Creating instance of bean &apos;itemCatController&apos;
2015-04-04 18:11:12,726 [main] [org.springframework.beans.factory.support.DefaultListableBeanFactory]-[DEBUG] Returning cached instance of singleton bean &apos;org.springframework.aop.support.DefaultBeanFactoryPointcutAdvisor#0&apos;
2015-04-04 18:11:12,727 [main] [org.springframework.beans.factory.annotation.InjectionMetadata]-[DEBUG] Registered injected element on class [com.taotao.manage.controller.ItemCatController]: AutowiredFieldElement for private com.taotao.manage.service.ItemCatService com.taotao.manage.controller.ItemCatController.itemCatService
2015-04-04 18:11:12,727 [main] [org.springframework.beans.factory.support.DefaultListableBeanFactory]-[DEBUG] Eagerly caching bean &apos;itemCatController&apos; to allow for resolving potential circular references
2015-04-04 18:11:12,727 [main] [org.springframework.beans.factory.annotation.InjectionMetadata]-[DEBUG] Processing injected method of bean &apos;itemCatController&apos;: AutowiredFieldElement for private com.taotao.manage.service.ItemCatService com.taotao.manage.controller.ItemCatController.itemCatService
2015-04-04 18:11:12,728 [main] [org.springframework.beans.factory.support.DefaultListableBeanFactory]-[DEBUG] Creating shared instance of singleton bean &apos;itemCatService&apos;
2015-04-04 18:11:12,728 [main] [org.springframework.beans.factory.support.DefaultListableBeanFactory]-[DEBUG] Creating instance of bean &apos;itemCatService&apos;
2015-04-04 18:11:12,728 [main] [org.springframework.beans.factory.support.DefaultListableBeanFactory]-[DEBUG] Returning cached instance of singleton bean &apos;org.springframework.aop.support.DefaultBeanFactoryPointcutAdvisor#0&apos;
2015-04-04 18:11:12,729 [main] [org.springframework.beans.factory.annotation.InjectionMetadata]-[DEBUG] Registered injected element on class [com.taotao.manage.service.ItemCatService]: AutowiredFieldElement for private com.taotao.manage.base.mapper.TaotaoMapper com.taotao.manage.service.BaseService.taotaoMapper
2015-04-04 18:11:12,729 [main] [org.springframework.beans.factory.support.DefaultListableBeanFactory]-[DEBUG] Eagerly caching bean &apos;itemCatService&apos; to allow for resolving potential circular references
2015-04-04 18:11:12,729 [main] [org.springframework.beans.factory.annotation.InjectionMetadata]-[DEBUG] Processing injected method of bean &apos;itemCatService&apos;: AutowiredFieldElement for private com.taotao.manage.base.mapper.TaotaoMapper com.taotao.manage.service.BaseService.taotaoMapper
2015-04-04 18:11:12,730 [main] [org.springframework.beans.factory.support.DefaultListableBeanFactory]-[DEBUG] Returning cached instance of singleton bean &apos;itemCatMapper&apos;
2015-04-04 18:11:12,730 [main] [org.springframework.beans.factory.support.DefaultListableBeanFactory]-[DEBUG] Returning cached instance of singleton bean &apos;org.springframework.aop.support.DefaultBeanFactoryPointcutAdvisor#0&apos;
2015-04-04 18:11:12,730 [main] [org.springframework.beans.factory.support.DefaultListableBeanFactory]-[DEBUG] Returning cached instance of singleton bean &apos;org.springframework.aop.support.DefaultBeanFactoryPointcutAdvisor#0&apos;
2015-04-04 18:11:12,733 [main] [org.springframework.beans.factory.annotation.AutowiredAnnotationBeanPostProcessor]-[DEBUG] Autowiring by type from bean name &apos;itemCatService&apos; to bean named &apos;itemCatMapper&apos;
2015-04-04 18:11:12,734 [main] [org.springframework.beans.factory.support.DefaultListableBeanFactory]-[DEBUG] Returning cached instance of singleton bean &apos;org.springframework.aop.support.DefaultBeanFactoryPointcutAdvisor#0&apos;
2015-04-04 18:11:12,734 [main] [org.springframework.beans.factory.support.DefaultListableBeanFactory]-[DEBUG] Returning cached instance of singleton bean &apos;org.springframework.aop.support.DefaultBeanFactoryPointcutAdvisor#0&apos;
2015-04-04 18:11:12,734 [main] [org.springframework.aop.aspectj.autoproxy.AspectJAwareAdvisorAutoProxyCreator]-[DEBUG] Creating implicit proxy for bean &apos;itemCatService&apos; with 0 common interceptors and 2 specific interceptors
2015-04-04 18:11:12,734 [main] [org.springframework.aop.framework.CglibAopProxy]-[DEBUG] Creating CGLIB proxy: target source is SingletonTargetSource for target object [com.taotao.manage.service.ItemCatService@25c68283]
2015-04-04 18:11:12,735 [main] [org.springframework.beans.factory.support.DefaultListableBeanFactory]-[DEBUG] Finished creating instance of bean &apos;itemCatService&apos;
2015-04-04 18:11:12,735 [main] [org.springframework.beans.factory.annotation.AutowiredAnnotationBeanPostProcessor]-[DEBUG] Autowiring by type from bean name &apos;itemCatController&apos; to bean named &apos;itemCatService&apos;
2015-04-04 18:11:12,735 [main] [org.springframework.beans.factory.support.DefaultListableBeanFactory]-[DEBUG] Returning cached instance of singleton bean &apos;org.springframework.aop.support.DefaultBeanFactoryPointcutAdvisor#0&apos;
2015-04-04 18:11:12,735 [main] [org.springframework.beans.factory.support.DefaultListableBeanFactory]-[DEBUG] Returning cached instance of singleton bean &apos;org.springframework.aop.support.DefaultBeanFactoryPointcutAdvisor#0&apos;
2015-04-04 18:11:12,735 [main] [org.springframework.beans.factory.support.DefaultListableBeanFactory]-[DEBUG] Finished creating instance of bean &apos;itemCatController&apos;
2015-04-04 18:11:12,735 [main] [org.springframework.beans.factory.support.DefaultListableBeanFactory]-[DEBUG] Creating shared instance of singleton bean &apos;itemController&apos;
2015-04-04 18:11:12,735 [main] [org.springframework.beans.factory.support.DefaultListableBeanFactory]-[DEBUG] Creating instance of bean &apos;itemController&apos;
2015-04-04 18:11:12,736 [main] [org.springframework.beans.factory.support.DefaultListableBeanFactory]-[DEBUG] Returning cached instance of singleton bean &apos;org.springframework.aop.support.DefaultBeanFactoryPointcutAdvisor#0&apos;
2015-04-04 18:11:12,737 [main] [org.springframework.beans.factory.annotation.InjectionMetadata]-[DEBUG] Registered injected element on class [com.taotao.manage.controller.ItemController]: AutowiredFieldElement for private com.taotao.manage.service.ItemService com.taotao.manage.controller.ItemController.itemService
2015-04-04 18:11:12,737 [main] [org.springframework.beans.factory.support.DefaultListableBeanFactory]-[DEBUG] Eagerly caching bean &apos;itemController&apos; to allow for resolving potential circular references
2015-04-04 18:11:12,737 [main] [org.springframework.beans.factory.annotation.InjectionMetadata]-[DEBUG] Processing injected method of bean &apos;itemController&apos;: AutowiredFieldElement for private com.taotao.manage.service.ItemService com.taotao.manage.controller.ItemController.itemService
2015-04-04 18:11:12,737 [main] [org.springframework.beans.factory.support.DefaultListableBeanFactory]-[DEBUG] Creating shared instance of singleton bean &apos;itemService&apos;
2015-04-04 18:11:12,737 [main] [org.springframework.beans.factory.support.DefaultListableBeanFactory]-[DEBUG] Creating instance of bean &apos;itemService&apos;
2015-04-04 18:11:12,737 [main] [org.springframework.beans.factory.support.DefaultListableBeanFactory]-[DEBUG] Returning cached instance of singleton bean &apos;org.springframework.aop.support.DefaultBeanFactoryPointcutAdvisor#0&apos;
2015-04-04 18:11:12,738 [main] [org.springframework.beans.factory.annotation.InjectionMetadata]-[DEBUG] Registered injected element on class [com.taotao.manage.service.ItemService]: AutowiredFieldElement for private com.taotao.manage.base.mapper.TaotaoMapper com.taotao.manage.service.BaseService.taotaoMapper
2015-04-04 18:11:12,739 [main] [org.springframework.beans.factory.annotation.InjectionMetadata]-[DEBUG] Registered injected element on class [com.taotao.manage.service.ItemService]: AutowiredFieldElement for private com.taotao.manage.service.ItemDescService com.taotao.manage.service.ItemService.itemDescService
2015-04-04 18:11:12,739 [main] [org.springframework.beans.factory.annotation.InjectionMetadata]-[DEBUG] Registered injected element on class [com.taotao.manage.service.ItemService]: AutowiredFieldElement for private com.taotao.manage.service.ItemParamItemService com.taotao.manage.service.ItemService.itemParamItemService
2015-04-04 18:11:12,739 [main] [org.springframework.beans.factory.support.DefaultListableBeanFactory]-[DEBUG] Eagerly caching bean &apos;itemService&apos; to allow for resolving potential circular references
2015-04-04 18:11:12,739 [main] [org.springframework.beans.factory.annotation.InjectionMetadata]-[DEBUG] Processing injected method of bean &apos;itemService&apos;: AutowiredFieldElement for private com.taotao.manage.base.mapper.TaotaoMapper com.taotao.manage.service.BaseService.taotaoMapper
2015-04-04 18:11:12,740 [main] [org.springframework.beans.factory.support.DefaultListableBeanFactory]-[DEBUG] Returning cached instance of singleton bean &apos;itemMapper&apos;
2015-04-04 18:11:12,740 [main] [org.springframework.beans.factory.support.DefaultListableBeanFactory]-[DEBUG] Returning cached instance of singleton bean &apos;org.springframework.aop.support.DefaultBeanFactoryPointcutAdvisor#0&apos;
2015-04-04 18:11:12,740 [main] [org.springframework.beans.factory.support.DefaultListableBeanFactory]-[DEBUG] Returning cached instance of singleton bean &apos;org.springframework.aop.support.DefaultBeanFactoryPointcutAdvisor#0&apos;
2015-04-04 18:11:12,743 [main] [org.springframework.beans.factory.annotation.AutowiredAnnotationBeanPostProcessor]-[DEBUG] Autowiring by type from bean name &apos;itemService&apos; to bean named &apos;itemMapper&apos;
2015-04-04 18:11:12,744 [main] [org.springframework.beans.factory.annotation.InjectionMetadata]-[DEBUG] Processing injected method of bean &apos;itemService&apos;: AutowiredFieldElement for private com.taotao.manage.service.ItemDescService com.taotao.manage.service.ItemService.itemDescService
2015-04-04 18:11:12,744 [main] [org.springframework.beans.factory.support.DefaultListableBeanFactory]-[DEBUG] Creating shared instance of singleton bean &apos;itemDescService&apos;
2015-04-04 18:11:12,744 [main] [org.springframework.beans.factory.support.DefaultListableBeanFactory]-[DEBUG] Creating instance of bean &apos;itemDescService&apos;
2015-04-04 18:11:12,744 [main] [org.springframework.beans.factory.support.DefaultListableBeanFactory]-[DEBUG] Returning cached instance of singleton bean &apos;org.springframework.aop.support.DefaultBeanFactoryPointcutAdvisor#0&apos;
2015-04-04 18:11:12,745 [main] [org.springframework.beans.factory.annotation.InjectionMetadata]-[DEBUG] Registered injected element on class [com.taotao.manage.service.ItemDescService]: AutowiredFieldElement for private com.taotao.manage.base.mapper.TaotaoMapper com.taotao.manage.service.BaseService.taotaoMapper
2015-04-04 18:11:12,745 [main] [org.springframework.beans.factory.support.DefaultListableBeanFactory]-[DEBUG] Eagerly caching bean &apos;itemDescService&apos; to allow for resolving potential circular references
2015-04-04 18:11:12,745 [main] [org.springframework.beans.factory.annotation.InjectionMetadata]-[DEBUG] Processing injected method of bean &apos;itemDescService&apos;: AutowiredFieldElement for private com.taotao.manage.base.mapper.TaotaoMapper com.taotao.manage.service.BaseService.taotaoMapper
2015-04-04 18:11:12,746 [main] [org.springframework.beans.factory.support.DefaultListableBeanFactory]-[DEBUG] Returning cached instance of singleton bean &apos;itemDescMapper&apos;
2015-04-04 18:11:12,746 [main] [org.springframework.beans.factory.support.DefaultListableBeanFactory]-[DEBUG] Returning cached instance of singleton bean &apos;org.springframework.aop.support.DefaultBeanFactoryPointcutAdvisor#0&apos;
2015-04-04 18:11:12,746 [main] [org.springframework.beans.factory.support.DefaultListableBeanFactory]-[DEBUG] Returning cached instance of singleton bean &apos;org.springframework.aop.support.DefaultBeanFactoryPointcutAdvisor#0&apos;
2015-04-04 18:11:12,750 [main] [org.springframework.beans.factory.annotation.AutowiredAnnotationBeanPostProcessor]-[DEBUG] Autowiring by type from bean name &apos;itemDescService&apos; to bean named &apos;itemDescMapper&apos;
2015-04-04 18:11:12,750 [main] [org.springframework.beans.factory.support.DefaultListableBeanFactory]-[DEBUG] Returning cached instance of singleton bean &apos;org.springframework.aop.support.DefaultBeanFactoryPointcutAdvisor#0&apos;
2015-04-04 18:11:12,750 [main] [org.springframework.beans.factory.support.DefaultListableBeanFactory]-[DEBUG] Returning cached instance of singleton bean &apos;org.springframework.aop.support.DefaultBeanFactoryPointcutAdvisor#0&apos;
2015-04-04 18:11:12,750 [main] [org.springframework.aop.aspectj.autoproxy.AspectJAwareAdvisorAutoProxyCreator]-[DEBUG] Creating implicit proxy for bean &apos;itemDescService&apos; with 0 common interceptors and 2 specific interceptors
2015-04-04 18:11:12,750 [main] [org.springframework.aop.framework.CglibAopProxy]-[DEBUG] Creating CGLIB proxy: target source is SingletonTargetSource for target object [com.taotao.manage.service.ItemDescService@6d24bbbe]
2015-04-04 18:11:12,751 [main] [org.springframework.beans.factory.support.DefaultListableBeanFactory]-[DEBUG] Finished creating instance of bean &apos;itemDescService&apos;
2015-04-04 18:11:12,751 [main] [org.springframework.beans.factory.annotation.AutowiredAnnotationBeanPostProcessor]-[DEBUG] Autowiring by type from bean name &apos;itemService&apos; to bean named &apos;itemDescService&apos;
2015-04-04 18:11:12,751 [main] [org.springframework.beans.factory.annotation.InjectionMetadata]-[DEBUG] Processing injected method of bean &apos;itemService&apos;: AutowiredFieldElement for private com.taotao.manage.service.ItemParamItemService com.taotao.manage.service.ItemService.itemParamItemService
2015-04-04 18:11:12,751 [main] [org.springframework.beans.factory.support.DefaultListableBeanFactory]-[DEBUG] Creating shared instance of singleton bean &apos;itemParamItemService&apos;
2015-04-04 18:11:12,751 [main] [org.springframework.beans.factory.support.DefaultListableBeanFactory]-[DEBUG] Creating instance of bean &apos;itemParamItemService&apos;
2015-04-04 18:11:12,751 [main] [org.springframework.beans.factory.support.DefaultListableBeanFactory]-[DEBUG] Returning cached instance of singleton bean &apos;org.springframework.aop.support.DefaultBeanFactoryPointcutAdvisor#0&apos;
2015-04-04 18:11:12,752 [main] [org.springframework.beans.factory.annotation.InjectionMetadata]-[DEBUG] Registered injected element on class [com.taotao.manage.service.ItemParamItemService]: AutowiredFieldElement for private com.taotao.manage.base.mapper.TaotaoMapper com.taotao.manage.service.BaseService.taotaoMapper
2015-04-04 18:11:12,752 [main] [org.springframework.beans.factory.support.DefaultListableBeanFactory]-[DEBUG] Eagerly caching bean &apos;itemParamItemService&apos; to allow for resolving potential circular references
2015-04-04 18:11:12,752 [main] [org.springframework.beans.factory.annotation.InjectionMetadata]-[DEBUG] Processing injected method of bean &apos;itemParamItemService&apos;: AutowiredFieldElement for private com.taotao.manage.base.mapper.TaotaoMapper com.taotao.manage.service.BaseService.taotaoMapper
2015-04-04 18:11:12,754 [main] [org.springframework.beans.factory.support.DefaultListableBeanFactory]-[DEBUG] Returning cached instance of singleton bean &apos;itemParamItemMapper&apos;
2015-04-04 18:11:12,754 [main] [org.springframework.beans.factory.support.DefaultListableBeanFactory]-[DEBUG] Returning cached instance of singleton bean &apos;org.springframework.aop.support.DefaultBeanFactoryPointcutAdvisor#0&apos;
2015-04-04 18:11:12,754 [main] [org.springframework.beans.factory.support.DefaultListableBeanFactory]-[DEBUG] Returning cached instance of singleton bean &apos;org.springframework.aop.support.DefaultBeanFactoryPointcutAdvisor#0&apos;
2015-04-04 18:11:12,756 [main] [org.springframework.beans.factory.annotation.AutowiredAnnotationBeanPostProcessor]-[DEBUG] Autowiring by type from bean name &apos;itemParamItemService&apos; to bean named &apos;itemParamItemMapper&apos;
2015-04-04 18:11:12,757 [main] [org.springframework.beans.factory.support.DefaultListableBeanFactory]-[DEBUG] Returning cached instance of singleton bean &apos;org.springframework.aop.support.DefaultBeanFactoryPointcutAdvisor#0&apos;
2015-04-04 18:11:12,757 [main] [org.springframework.beans.factory.support.DefaultListableBeanFactory]-[DEBUG] Returning cached instance of singleton bean &apos;org.springframework.aop.support.DefaultBeanFactoryPointcutAdvisor#0&apos;
2015-04-04 18:11:12,757 [main] [org.springframework.aop.aspectj.autoproxy.AspectJAwareAdvisorAutoProxyCreator]-[DEBUG] Creating implicit proxy for bean &apos;itemParamItemService&apos; with 0 common interceptors and 2 specific interceptors
2015-04-04 18:11:12,757 [main] [org.springframework.aop.framework.CglibAopProxy]-[DEBUG] Creating CGLIB proxy: target source is SingletonTargetSource for target object [com.taotao.manage.service.ItemParamItemService@7990f6c3]
2015-04-04 18:11:12,758 [main] [org.springframework.beans.factory.support.DefaultListableBeanFactory]-[DEBUG] Finished creating instance of bean &apos;itemParamItemService&apos;
2015-04-04 18:11:12,758 [main] [org.springframework.beans.factory.annotation.AutowiredAnnotationBeanPostProcessor]-[DEBUG] Autowiring by type from bean name &apos;itemService&apos; to bean named &apos;itemParamItemService&apos;
2015-04-04 18:11:12,758 [main] [org.springframework.beans.factory.support.DefaultListableBeanFactory]-[DEBUG] Returning cached instance of singleton bean &apos;org.springframework.aop.support.DefaultBeanFactoryPointcutAdvisor#0&apos;
2015-04-04 18:11:12,758 [main] [org.springframework.beans.factory.support.DefaultListableBeanFactory]-[DEBUG] Returning cached instance of singleton bean &apos;org.springframework.aop.support.DefaultBeanFactoryPointcutAdvisor#0&apos;
2015-04-04 18:11:12,759 [main] [org.springframework.aop.aspectj.autoproxy.AspectJAwareAdvisorAutoProxyCreator]-[DEBUG] Creating implicit proxy for bean &apos;itemService&apos; with 0 common interceptors and 2 specific interceptors
2015-04-04 18:11:12,759 [main] [org.springframework.aop.framework.CglibAopProxy]-[DEBUG] Creating CGLIB proxy: target source is SingletonTargetSource for target object [com.taotao.manage.service.ItemService@52ec59c7]
2015-04-04 18:11:12,759 [main] [org.springframework.beans.factory.support.DefaultListableBeanFactory]-[DEBUG] Finished creating instance of bean &apos;itemService&apos;
2015-04-04 18:11:12,760 [main] [org.springframework.beans.factory.annotation.AutowiredAnnotationBeanPostProcessor]-[DEBUG] Autowiring by type from bean name &apos;itemController&apos; to bean named &apos;itemService&apos;
2015-04-04 18:11:12,760 [main] [org.springframework.beans.factory.support.DefaultListableBeanFactory]-[DEBUG] Returning cached instance of singleton bean &apos;org.springframework.aop.support.DefaultBeanFactoryPointcutAdvisor#0&apos;
2015-04-04 18:11:12,760 [main] [org.springframework.beans.factory.support.DefaultListableBeanFactory]-[DEBUG] Returning cached instance of singleton bean &apos;org.springframework.aop.support.DefaultBeanFactoryPointcutAdvisor#0&apos;
2015-04-04 18:11:12,760 [main] [org.springframework.beans.factory.support.DefaultListableBeanFactory]-[DEBUG] Finished creating instance of bean &apos;itemController&apos;
2015-04-04 18:11:12,760 [main] [org.springframework.beans.factory.support.DefaultListableBeanFactory]-[DEBUG] Creating shared instance of singleton bean &apos;itemParamController&apos;
2015-04-04 18:11:12,761 [main] [org.springframework.beans.factory.support.DefaultListableBeanFactory]-[DEBUG] Creating instance of bean &apos;itemParamController&apos;
2015-04-04 18:11:12,761 [main] [org.springframework.beans.factory.support.DefaultListableBeanFactory]-[DEBUG] Returning cached instance of singleton bean &apos;org.springframework.aop.support.DefaultBeanFactoryPointcutAdvisor#0&apos;
2015-04-04 18:11:12,762 [main] [org.springframework.beans.factory.annotation.InjectionMetadata]-[DEBUG] Registered injected element on class [com.taotao.manage.controller.ItemParamController]: AutowiredFieldElement for private com.taotao.manage.service.ItemParamService com.taotao.manage.controller.ItemParamController.itemParamService
2015-04-04 18:11:12,762 [main] [org.springframework.beans.factory.support.DefaultListableBeanFactory]-[DEBUG] Eagerly caching bean &apos;itemParamController&apos; to allow for resolving potential circular references
2015-04-04 18:11:12,762 [main] [org.springframework.beans.factory.annotation.InjectionMetadata]-[DEBUG] Processing injected method of bean &apos;itemParamController&apos;: AutowiredFieldElement for private com.taotao.manage.service.ItemParamService com.taotao.manage.controller.ItemParamController.itemParamService
2015-04-04 18:11:12,763 [main] [org.springframework.beans.factory.support.DefaultListableBeanFactory]-[DEBUG] Creating shared instance of singleton bean &apos;itemParamService&apos;
2015-04-04 18:11:12,763 [main] [org.springframework.beans.factory.support.DefaultListableBeanFactory]-[DEBUG] Creating instance of bean &apos;itemParamService&apos;
2015-04-04 18:11:12,763 [main] [org.springframework.beans.factory.support.DefaultListableBeanFactory]-[DEBUG] Returning cached instance of singleton bean &apos;org.springframework.aop.support.DefaultBeanFactoryPointcutAdvisor#0&apos;
2015-04-04 18:11:12,764 [main] [org.springframework.beans.factory.annotation.InjectionMetadata]-[DEBUG] Registered injected element on class [com.taotao.manage.service.ItemParamService]: AutowiredFieldElement for private com.taotao.manage.base.mapper.TaotaoMapper com.taotao.manage.service.BaseService.taotaoMapper
2015-04-04 18:11:12,764 [main] [org.springframework.beans.factory.support.DefaultListableBeanFactory]-[DEBUG] Eagerly caching bean &apos;itemParamService&apos; to allow for resolving potential circular references
2015-04-04 18:11:12,764 [main] [org.springframework.beans.factory.annotation.InjectionMetadata]-[DEBUG] Processing injected method of bean &apos;itemParamService&apos;: AutowiredFieldElement for private com.taotao.manage.base.mapper.TaotaoMapper com.taotao.manage.service.BaseService.taotaoMapper
2015-04-04 18:11:12,766 [main] [org.springframework.beans.factory.support.DefaultListableBeanFactory]-[DEBUG] Returning cached instance of singleton bean &apos;itemParamMapper&apos;
2015-04-04 18:11:12,766 [main] [org.springframework.beans.factory.support.DefaultListableBeanFactory]-[DEBUG] Returning cached instance of singleton bean &apos;org.springframework.aop.support.DefaultBeanFactoryPointcutAdvisor#0&apos;
2015-04-04 18:11:12,766 [main] [org.springframework.beans.factory.support.DefaultListableBeanFactory]-[DEBUG] Returning cached instance of singleton bean &apos;org.springframework.aop.support.DefaultBeanFactoryPointcutAdvisor#0&apos;
2015-04-04 18:11:12,769 [main] [org.springframework.beans.factory.annotation.AutowiredAnnotationBeanPostProcessor]-[DEBUG] Autowiring by type from bean name &apos;itemParamService&apos; to bean named &apos;itemParamMapper&apos;
2015-04-04 18:11:12,769 [main] [org.springframework.beans.factory.support.DefaultListableBeanFactory]-[DEBUG] Returning cached instance of singleton bean &apos;org.springframework.aop.support.DefaultBeanFactoryPointcutAdvisor#0&apos;
2015-04-04 18:11:12,769 [main] [org.springframework.beans.factory.support.DefaultListableBeanFactory]-[DEBUG] Returning cached instance of singleton bean &apos;org.springframework.aop.support.DefaultBeanFactoryPointcutAdvisor#0&apos;
2015-04-04 18:11:12,770 [main] [org.springframework.aop.aspectj.autoproxy.AspectJAwareAdvisorAutoProxyCreator]-[DEBUG] Creating implicit proxy for bean &apos;itemParamService&apos; with 0 common interceptors and 2 specific interceptors
2015-04-04 18:11:12,770 [main] [org.springframework.aop.framework.CglibAopProxy]-[DEBUG] Creating CGLIB proxy: target source is SingletonTargetSource for target object [com.taotao.manage.service.ItemParamService@22930ee7]
2015-04-04 18:11:12,770 [main] [org.springframework.beans.factory.support.DefaultListableBeanFactory]-[DEBUG] Finished creating instance of bean &apos;itemParamService&apos;
2015-04-04 18:11:12,771 [main] [org.springframework.beans.factory.annotation.AutowiredAnnotationBeanPostProcessor]-[DEBUG] Autowiring by type from bean name &apos;itemParamController&apos; to bean named &apos;itemParamService&apos;
2015-04-04 18:11:12,771 [main] [org.springframework.beans.factory.support.DefaultListableBeanFactory]-[DEBUG] Returning cached instance of singleton bean &apos;org.springframework.aop.support.DefaultBeanFactoryPointcutAdvisor#0&apos;
2015-04-04 18:11:12,771 [main] [org.springframework.beans.factory.support.DefaultListableBeanFactory]-[DEBUG] Returning cached instance of singleton bean &apos;org.springframework.aop.support.DefaultBeanFactoryPointcutAdvisor#0&apos;
2015-04-04 18:11:12,771 [main] [org.springframework.beans.factory.support.DefaultListableBeanFactory]-[DEBUG] Finished creating instance of bean &apos;itemParamController&apos;
2015-04-04 18:11:12,772 [main] [org.springframework.beans.factory.support.DefaultListableBeanFactory]-[DEBUG] Creating shared instance of singleton bean &apos;pageController&apos;
2015-04-04 18:11:12,772 [main] [org.springframework.beans.factory.support.DefaultListableBeanFactory]-[DEBUG] Creating instance of bean &apos;pageController&apos;
2015-04-04 18:11:12,772 [main] [org.springframework.beans.factory.support.DefaultListableBeanFactory]-[DEBUG] Returning cached instance of singleton bean &apos;org.springframework.aop.support.DefaultBeanFactoryPointcutAdvisor#0&apos;
2015-04-04 18:11:12,772 [main] [org.springframework.beans.factory.support.DefaultListableBeanFactory]-[DEBUG] Eagerly caching bean &apos;pageController&apos; to allow for resolving potential circular references
2015-04-04 18:11:12,773 [main] [org.springframework.beans.factory.support.DefaultListableBeanFactory]-[DEBUG] Returning cached instance of singleton bean &apos;org.springframework.aop.support.DefaultBeanFactoryPointcutAdvisor#0&apos;
2015-04-04 18:11:12,773 [main] [org.springframework.beans.factory.support.DefaultListableBeanFactory]-[DEBUG] Returning cached instance of singleton bean &apos;org.springframework.aop.support.DefaultBeanFactoryPointcutAdvisor#0&apos;
2015-04-04 18:11:12,773 [main] [org.springframework.beans.factory.support.DefaultListableBeanFactory]-[DEBUG] Finished creating instance of bean &apos;pageController&apos;
2015-04-04 18:11:12,773 [main] [org.springframework.beans.factory.support.DefaultListableBeanFactory]-[DEBUG] Creating shared instance of singleton bean &apos;picUploadController&apos;
2015-04-04 18:11:12,773 [main] [org.springframework.beans.factory.support.DefaultListableBeanFactory]-[DEBUG] Creating instance of bean &apos;picUploadController&apos;
2015-04-04 18:11:12,774 [main] [org.springframework.beans.factory.support.DefaultListableBeanFactory]-[DEBUG] Returning cached instance of singleton bean &apos;org.springframework.aop.support.DefaultBeanFactoryPointcutAdvisor#0&apos;
2015-04-04 18:11:12,774 [main] [org.springframework.beans.factory.annotation.InjectionMetadata]-[DEBUG] Registered injected element on class [com.taotao.manage.controller.PicUploadController]: AutowiredFieldElement for private com.taotao.manage.service.PicUploadService com.taotao.manage.controller.PicUploadController.picUploadService
2015-04-04 18:11:12,775 [main] [org.springframework.beans.factory.support.DefaultListableBeanFactory]-[DEBUG] Eagerly caching bean &apos;picUploadController&apos; to allow for resolving potential circular references
2015-04-04 18:11:12,775 [main] [org.springframework.beans.factory.annotation.InjectionMetadata]-[DEBUG] Processing injected method of bean &apos;picUploadController&apos;: AutowiredFieldElement for private com.taotao.manage.service.PicUploadService com.taotao.manage.controller.PicUploadController.picUploadService
2015-04-04 18:11:12,775 [main] [org.springframework.beans.factory.support.DefaultListableBeanFactory]-[DEBUG] Creating shared instance of singleton bean &apos;picUploadService&apos;
2015-04-04 18:11:12,775 [main] [org.springframework.beans.factory.support.DefaultListableBeanFactory]-[DEBUG] Creating instance of bean &apos;picUploadService&apos;
2015-04-04 18:11:12,775 [main] [org.springframework.beans.factory.support.DefaultListableBeanFactory]-[DEBUG] Returning cached instance of singleton bean &apos;org.springframework.aop.support.DefaultBeanFactoryPointcutAdvisor#0&apos;
2015-04-04 18:11:12,776 [main] [org.springframework.beans.factory.annotation.InjectionMetadata]-[DEBUG] Registered injected element on class [com.taotao.manage.service.PicUploadService]: AutowiredFieldElement for public java.lang.String com.taotao.manage.service.PicUploadService.REPOSITORY_PATH
2015-04-04 18:11:12,776 [main] [org.springframework.beans.factory.annotation.InjectionMetadata]-[DEBUG] Registered injected element on class [com.taotao.manage.service.PicUploadService]: AutowiredFieldElement for public java.lang.String com.taotao.manage.service.PicUploadService.IMAGE_BASE_URL
2015-04-04 18:11:12,776 [main] [org.springframework.beans.factory.support.DefaultListableBeanFactory]-[DEBUG] Eagerly caching bean &apos;picUploadService&apos; to allow for resolving potential circular references
2015-04-04 18:11:12,777 [main] [org.springframework.beans.factory.annotation.InjectionMetadata]-[DEBUG] Processing injected method of bean &apos;picUploadService&apos;: AutowiredFieldElement for public java.lang.String com.taotao.manage.service.PicUploadService.REPOSITORY_PATH
2015-04-04 18:11:12,777 [main] [org.springframework.beans.factory.annotation.InjectionMetadata]-[DEBUG] Processing injected method of bean &apos;picUploadService&apos;: AutowiredFieldElement for public java.lang.String com.taotao.manage.service.PicUploadService.IMAGE_BASE_URL
2015-04-04 18:11:12,777 [main] [org.springframework.beans.factory.support.DefaultListableBeanFactory]-[DEBUG] Returning cached instance of singleton bean &apos;org.springframework.aop.support.DefaultBeanFactoryPointcutAdvisor#0&apos;
2015-04-04 18:11:12,777 [main] [org.springframework.beans.factory.support.DefaultListableBeanFactory]-[DEBUG] Returning cached instance of singleton bean &apos;org.springframework.aop.support.DefaultBeanFactoryPointcutAdvisor#0&apos;
2015-04-04 18:11:12,778 [main] [org.springframework.beans.factory.support.DefaultListableBeanFactory]-[DEBUG] Finished creating instance of bean &apos;picUploadService&apos;
2015-04-04 18:11:12,778 [main] [org.springframework.beans.factory.annotation.AutowiredAnnotationBeanPostProcessor]-[DEBUG] Autowiring by type from bean name &apos;picUploadController&apos; to bean named &apos;picUploadService&apos;
2015-04-04 18:11:12,778 [main] [org.springframework.beans.factory.support.DefaultListableBeanFactory]-[DEBUG] Returning cached instance of singleton bean &apos;org.springframework.aop.support.DefaultBeanFactoryPointcutAdvisor#0&apos;
2015-04-04 18:11:12,778 [main] [org.springframework.beans.factory.support.DefaultListableBeanFactory]-[DEBUG] Returning cached instance of singleton bean &apos;org.springframework.aop.support.DefaultBeanFactoryPointcutAdvisor#0&apos;
2015-04-04 18:11:12,778 [main] [org.springframework.beans.factory.support.DefaultListableBeanFactory]-[DEBUG] Finished creating instance of bean &apos;picUploadController&apos;
2015-04-04 18:11:12,779 [main] [org.springframework.beans.factory.support.DefaultListableBeanFactory]-[DEBUG] Creating shared instance of singleton bean &apos;webItemCatController&apos;
2015-04-04 18:11:12,779 [main] [org.springframework.beans.factory.support.DefaultListableBeanFactory]-[DEBUG] Creating instance of bean &apos;webItemCatController&apos;
2015-04-04 18:11:12,779 [main] [org.springframework.beans.factory.support.DefaultListableBeanFactory]-[DEBUG] Returning cached instance of singleton bean &apos;org.springframework.aop.support.DefaultBeanFactoryPointcutAdvisor#0&apos;
2015-04-04 18:11:12,780 [main] [org.springframework.beans.factory.annotation.InjectionMetadata]-[DEBUG] Registered injected element on class [com.taotao.manage.controller.web.WebItemCatController]: AutowiredFieldElement for private com.taotao.manage.service.ItemCatService com.taotao.manage.controller.web.WebItemCatController.itemCatService
2015-04-04 18:11:12,780 [main] [org.springframework.beans.factory.support.DefaultListableBeanFactory]-[DEBUG] Eagerly caching bean &apos;webItemCatController&apos; to allow for resolving potential circular references
2015-04-04 18:11:12,780 [main] [org.springframework.beans.factory.annotation.InjectionMetadata]-[DEBUG] Processing injected method of bean &apos;webItemCatController&apos;: AutowiredFieldElement for private com.taotao.manage.service.ItemCatService com.taotao.manage.controller.web.WebItemCatController.itemCatService
2015-04-04 18:11:12,780 [main] [org.springframework.beans.factory.support.DefaultListableBeanFactory]-[DEBUG] Returning cached instance of singleton bean &apos;itemCatService&apos;
2015-04-04 18:11:12,780 [main] [org.springframework.beans.factory.annotation.AutowiredAnnotationBeanPostProcessor]-[DEBUG] Autowiring by type from bean name &apos;webItemCatController&apos; to bean named &apos;itemCatService&apos;
2015-04-04 18:11:12,780 [main] [org.springframework.beans.factory.support.DefaultListableBeanFactory]-[DEBUG] Returning cached instance of singleton bean &apos;org.springframework.aop.support.DefaultBeanFactoryPointcutAdvisor#0&apos;
2015-04-04 18:11:12,781 [main] [org.springframework.beans.factory.support.DefaultListableBeanFactory]-[DEBUG] Returning cached instance of singleton bean &apos;org.springframework.aop.support.DefaultBeanFactoryPointcutAdvisor#0&apos;
2015-04-04 18:11:12,781 [main] [org.springframework.beans.factory.support.DefaultListableBeanFactory]-[DEBUG] Finished creating instance of bean &apos;webItemCatController&apos;
2015-04-04 18:11:12,781 [main] [org.springframework.beans.factory.support.DefaultListableBeanFactory]-[DEBUG] Returning cached instance of singleton bean &apos;contentCategoryService&apos;
2015-04-04 18:11:12,781 [main] [org.springframework.beans.factory.support.DefaultListableBeanFactory]-[DEBUG] Returning cached instance of singleton bean &apos;contentService&apos;
2015-04-04 18:11:12,781 [main] [org.springframework.beans.factory.support.DefaultListableBeanFactory]-[DEBUG] Returning cached instance of singleton bean &apos;itemCatService&apos;
2015-04-04 18:11:12,781 [main] [org.springframework.beans.factory.support.DefaultListableBeanFactory]-[DEBUG] Returning cached instance of singleton bean &apos;itemDescService&apos;
2015-04-04 18:11:12,781 [main] [org.springframework.beans.factory.support.DefaultListableBeanFactory]-[DEBUG] Returning cached instance of singleton bean &apos;itemParamItemService&apos;
2015-04-04 18:11:12,782 [main] [org.springframework.beans.factory.support.DefaultListableBeanFactory]-[DEBUG] Returning cached instance of singleton bean &apos;itemParamService&apos;
2015-04-04 18:11:12,782 [main] [org.springframework.beans.factory.support.DefaultListableBeanFactory]-[DEBUG] Returning cached instance of singleton bean &apos;itemService&apos;
2015-04-04 18:11:12,782 [main] [org.springframework.beans.factory.support.DefaultListableBeanFactory]-[DEBUG] Returning cached instance of singleton bean &apos;picUploadService&apos;
2015-04-04 18:11:12,782 [main] [org.springframework.beans.factory.support.DefaultListableBeanFactory]-[DEBUG] Returning cached instance of singleton bean &apos;org.springframework.context.annotation.internalConfigurationAnnotationProcessor&apos;
2015-04-04 18:11:12,782 [main] [org.springframework.beans.factory.support.DefaultListableBeanFactory]-[DEBUG] Returning cached instance of singleton bean &apos;org.springframework.context.annotation.internalAutowiredAnnotationProcessor&apos;
2015-04-04 18:11:12,782 [main] [org.springframework.beans.factory.support.DefaultListableBeanFactory]-[DEBUG] Returning cached instance of singleton bean &apos;org.springframework.context.annotation.internalRequiredAnnotationProcessor&apos;
2015-04-04 18:11:12,782 [main] [org.springframework.beans.factory.support.DefaultListableBeanFactory]-[DEBUG] Returning cached instance of singleton bean &apos;org.springframework.context.annotation.internalCommonAnnotationProcessor&apos;
2015-04-04 18:11:12,782 [main] [org.springframework.beans.factory.support.DefaultListableBeanFactory]-[DEBUG] Returning cached instance of singleton bean &apos;dataSource&apos;
2015-04-04 18:11:12,782 [main] [org.springframework.beans.factory.support.DefaultListableBeanFactory]-[DEBUG] Returning cached instance of singleton bean &apos;org.springframework.context.annotation.ConfigurationClassPostProcessor.importAwareProcessor&apos;
2015-04-04 18:11:12,783 [main] [org.springframework.beans.factory.support.DefaultListableBeanFactory]-[DEBUG] Returning cached instance of singleton bean &apos;org.springframework.context.annotation.ConfigurationClassPostProcessor.enhancedConfigurationProcessor&apos;
2015-04-04 18:11:12,783 [main] [org.springframework.beans.factory.support.DefaultListableBeanFactory]-[DEBUG] Returning cached instance of singleton bean &apos;contentCategoryMapper&apos;
2015-04-04 18:11:12,783 [main] [org.springframework.beans.factory.support.DefaultListableBeanFactory]-[DEBUG] Returning cached instance of singleton bean &apos;contentMapper&apos;
2015-04-04 18:11:12,783 [main] [org.springframework.beans.factory.support.DefaultListableBeanFactory]-[DEBUG] Returning cached instance of singleton bean &apos;itemCatMapper&apos;
2015-04-04 18:11:12,783 [main] [org.springframework.beans.factory.support.DefaultListableBeanFactory]-[DEBUG] Returning cached instance of singleton bean &apos;itemDescMapper&apos;
2015-04-04 18:11:12,783 [main] [org.springframework.beans.factory.support.DefaultListableBeanFactory]-[DEBUG] Returning cached instance of singleton bean &apos;itemMapper&apos;
2015-04-04 18:11:12,783 [main] [org.springframework.beans.factory.support.DefaultListableBeanFactory]-[DEBUG] Returning cached instance of singleton bean &apos;itemParamItemMapper&apos;
2015-04-04 18:11:12,783 [main] [org.springframework.beans.factory.support.DefaultListableBeanFactory]-[DEBUG] Returning cached instance of singleton bean &apos;itemParamMapper&apos;
2015-04-04 18:11:12,783 [main] [org.springframework.context.support.ClassPathXmlApplicationContext]-[DEBUG] Unable to locate LifecycleProcessor with name &apos;lifecycleProcessor&apos;: using default [org.springframework.context.support.DefaultLifecycleProcessor@7debbdeb]
2015-04-04 18:11:12,784 [main] [org.springframework.beans.factory.support.DefaultListableBeanFactory]-[DEBUG] Returning cached instance of singleton bean &apos;lifecycleProcessor&apos;
2015-04-04 18:11:12,784 [main] [org.springframework.beans.factory.support.DefaultListableBeanFactory]-[DEBUG] Returning cached instance of singleton bean &apos;sqlSessionFactory&apos;
2015-04-04 18:11:12,784 [main] [org.springframework.core.env.PropertySourcesPropertyResolver]-[DEBUG] Searching for key &apos;spring.liveBeansView.mbeanDomain&apos; in [systemProperties]
2015-04-04 18:11:12,785 [main] [org.springframework.core.env.PropertySourcesPropertyResolver]-[DEBUG] Searching for key &apos;spring.liveBeansView.mbeanDomain&apos; in [systemEnvironment]
2015-04-04 18:11:12,785 [main] [org.springframework.core.env.PropertySourcesPropertyResolver]-[DEBUG] Could not find key &apos;spring.liveBeansView.mbeanDomain&apos; in any property source. Returning [null]
2015-04-04 18:11:12,785 [main] [org.springframework.beans.factory.support.DefaultListableBeanFactory]-[DEBUG] Returning cached instance of singleton bean &apos;itemMapper&apos;
</system-out>
  </testcase>
  <testcase time="0.295" classname="com.taotao.manage.mapper.ItemMapperTest" name="testUpdateByPrimaryKeySelective">
    <failure message="Not yet implemented" type="java.lang.AssertionError">java.lang.AssertionError: Not yet implemented
	at org.junit.Assert.fail(Assert.java:93)
	at com.taotao.manage.mapper.ItemMapperTest.testUpdateByPrimaryKeySelective(ItemMapperTest.java:100)
	at sun.reflect.NativeMethodAccessorImpl.invoke0(Native Method)
	at sun.reflect.NativeMethodAccessorImpl.invoke(NativeMethodAccessorImpl.java:57)
	at sun.reflect.DelegatingMethodAccessorImpl.invoke(DelegatingMethodAccessorImpl.java:43)
	at java.lang.reflect.Method.invoke(Method.java:606)
	at org.junit.runners.model.FrameworkMethod$1.runReflectiveCall(FrameworkMethod.java:45)
	at org.junit.internal.runners.model.ReflectiveCallable.run(ReflectiveCallable.java:15)
	at org.junit.runners.model.FrameworkMethod.invokeExplosively(FrameworkMethod.java:42)
	at org.junit.internal.runners.statements.InvokeMethod.evaluate(InvokeMethod.java:20)
	at org.junit.internal.runners.statements.RunBefores.evaluate(RunBefores.java:28)
	at org.junit.runners.ParentRunner.runLeaf(ParentRunner.java:263)
	at org.junit.runners.BlockJUnit4ClassRunner.runChild(BlockJUnit4ClassRunner.java:68)
	at org.junit.runners.BlockJUnit4ClassRunner.runChild(BlockJUnit4ClassRunner.java:47)
	at org.junit.runners.ParentRunner$3.run(ParentRunner.java:231)
	at org.junit.runners.ParentRunner$1.schedule(ParentRunner.java:60)
	at org.junit.runners.ParentRunner.runChildren(ParentRunner.java:229)
	at org.junit.runners.ParentRunner.access$000(ParentRunner.java:50)
	at org.junit.runners.ParentRunner$2.evaluate(ParentRunner.java:222)
	at org.junit.runners.ParentRunner.run(ParentRunner.java:300)
	at org.apache.maven.surefire.junit4.JUnit4Provider.execute(JUnit4Provider.java:252)
	at org.apache.maven.surefire.junit4.JUnit4Provider.executeTestSet(JUnit4Provider.java:141)
	at org.apache.maven.surefire.junit4.JUnit4Provider.invoke(JUnit4Provider.java:112)
	at sun.reflect.NativeMethodAccessorImpl.invoke0(Native Method)
	at sun.reflect.NativeMethodAccessorImpl.invoke(NativeMethodAccessorImpl.java:57)
	at sun.reflect.DelegatingMethodAccessorImpl.invoke(DelegatingMethodAccessorImpl.java:43)
	at java.lang.reflect.Method.invoke(Method.java:606)
	at org.apache.maven.surefire.util.ReflectionUtils.invokeMethodWithArray(ReflectionUtils.java:189)
	at org.apache.maven.surefire.booter.ProviderFactory$ProviderProxy.invoke(ProviderFactory.java:165)
	at org.apache.maven.surefire.booter.ProviderFactory.invokeProvider(ProviderFactory.java:85)
	at org.apache.maven.surefire.booter.ForkedBooter.runSuitesInProcess(ForkedBooter.java:115)
	at org.apache.maven.surefire.booter.ForkedBooter.main(ForkedBooter.java:75)
</failure>
    <system-out>2015-04-04 18:11:12,787 [main] [org.springframework.core.env.StandardEnvironment]-[DEBUG] Adding [systemProperties] PropertySource with lowest search precedence
2015-04-04 18:11:12,787 [main] [org.springframework.core.env.StandardEnvironment]-[DEBUG] Adding [systemEnvironment] PropertySource with lowest search precedence
2015-04-04 18:11:12,787 [main] [org.springframework.core.env.StandardEnvironment]-[DEBUG] Initialized StandardEnvironment with PropertySources [systemProperties,systemEnvironment]
2015-04-04 18:11:12,787 [main] [org.springframework.context.support.ClassPathXmlApplicationContext]-[INFO] Refreshing org.springframework.context.support.ClassPathXmlApplicationContext@76f74015: startup date [Sat Apr 04 18:11:12 CST 2015]; root of context hierarchy
2015-04-04 18:11:12,788 [main] [org.springframework.core.env.StandardEnvironment]-[DEBUG] Adding [systemProperties] PropertySource with lowest search precedence
2015-04-04 18:11:12,789 [main] [org.springframework.core.env.StandardEnvironment]-[DEBUG] Adding [systemEnvironment] PropertySource with lowest search precedence
2015-04-04 18:11:12,789 [main] [org.springframework.core.env.StandardEnvironment]-[DEBUG] Initialized StandardEnvironment with PropertySources [systemProperties,systemEnvironment]
2015-04-04 18:11:12,789 [main] [org.springframework.core.io.support.PathMatchingResourcePatternResolver]-[DEBUG] Looking for matching resources in directory tree [D:\work0326\eclipse-workspace\taotao-manage\taotao-manage-web\target\classes\spring]
2015-04-04 18:11:12,789 [main] [org.springframework.core.io.support.PathMatchingResourcePatternResolver]-[DEBUG] Searching directory [D:\work0326\eclipse-workspace\taotao-manage\taotao-manage-web\target\classes\spring] for files matching pattern [D:/work0326/eclipse-workspace/taotao-manage/taotao-manage-web/target/classes/spring/applicationContext*.xml]
2015-04-04 18:11:12,790 [main] [org.springframework.core.io.support.PathMatchingResourcePatternResolver]-[DEBUG] Resolved location pattern [spring/applicationContext*.xml] to resources [file [D:\work0326\eclipse-workspace\taotao-manage\taotao-manage-web\target\classes\spring\applicationContext-mybatis.xml], file [D:\work0326\eclipse-workspace\taotao-manage\taotao-manage-web\target\classes\spring\applicationContext-transaction.xml], file [D:\work0326\eclipse-workspace\taotao-manage\taotao-manage-web\target\classes\spring\applicationContext.xml]]
2015-04-04 18:11:12,791 [main] [org.springframework.beans.factory.xml.XmlBeanDefinitionReader]-[INFO] Loading XML bean definitions from file [D:\work0326\eclipse-workspace\taotao-manage\taotao-manage-web\target\classes\spring\applicationContext-mybatis.xml]
2015-04-04 18:11:12,792 [main] [org.springframework.beans.factory.xml.DefaultDocumentLoader]-[DEBUG] Using JAXP provider [com.sun.org.apache.xerces.internal.jaxp.DocumentBuilderFactoryImpl]
2015-04-04 18:11:12,793 [main] [org.springframework.beans.factory.xml.PluggableSchemaResolver]-[DEBUG] Loading schema mappings from [META-INF/spring.schemas]
2015-04-04 18:11:12,796 [main] [org.springframework.beans.factory.xml.PluggableSchemaResolver]-[DEBUG] Loaded schema mappings: {http://www.springframework.org/schema/tx/spring-tx-2.5.xsd=org/springframework/transaction/config/spring-tx-2.5.xsd, http://www.springframework.org/schema/aop/spring-aop-4.1.xsd=org/springframework/aop/config/spring-aop-4.1.xsd, http://www.springframework.org/schema/context/spring-context-3.1.xsd=org/springframework/context/config/spring-context-3.1.xsd, http://www.springframework.org/schema/jdbc/spring-jdbc-4.1.xsd=org/springframework/jdbc/config/spring-jdbc-4.1.xsd, http://www.springframework.org/schema/util/spring-util-3.0.xsd=org/springframework/beans/factory/xml/spring-util-3.0.xsd, http://www.springframework.org/schema/mvc/spring-mvc-4.1.xsd=org/springframework/web/servlet/config/spring-mvc-4.1.xsd, http://www.springframework.org/schema/tool/spring-tool.xsd=org/springframework/beans/factory/xml/spring-tool-4.1.xsd, http://www.springframework.org/schema/aop/spring-aop-3.2.xsd=org/springframework/aop/config/spring-aop-3.2.xsd, http://mybatis.org/schema/mybatis-spring-1.2.xsd=org/mybatis/spring/config/mybatis-spring-1.2.xsd, http://www.springframework.org/schema/lang/spring-lang-4.1.xsd=org/springframework/scripting/config/spring-lang-4.1.xsd, http://www.springframework.org/schema/context/spring-context-4.0.xsd=org/springframework/context/config/spring-context-4.0.xsd, http://www.springframework.org/schema/mvc/spring-mvc-3.2.xsd=org/springframework/web/servlet/config/spring-mvc-3.2.xsd, http://www.springframework.org/schema/tool/spring-tool-4.1.xsd=org/springframework/beans/factory/xml/spring-tool-4.1.xsd, http://www.springframework.org/schema/lang/spring-lang-3.2.xsd=org/springframework/scripting/config/spring-lang-3.2.xsd, http://www.springframework.org/schema/cache/spring-cache-3.2.xsd=org/springframework/cache/config/spring-cache-3.2.xsd, http://www.springframework.org/schema/jee/spring-jee-4.1.xsd=org/springframework/ejb/config/spring-jee-4.1.xsd, http://www.springframework.org/schema/jdbc/spring-jdbc-3.1.xsd=org/springframework/jdbc/config/spring-jdbc-3.1.xsd, http://www.springframework.org/schema/util/spring-util-2.0.xsd=org/springframework/beans/factory/xml/spring-util-2.0.xsd, http://www.springframework.org/schema/tool/spring-tool-3.2.xsd=org/springframework/beans/factory/xml/spring-tool-3.2.xsd, http://www.springframework.org/schema/context/spring-context.xsd=org/springframework/context/config/spring-context-4.1.xsd, http://www.springframework.org/schema/cache/spring-cache-4.1.xsd=org/springframework/cache/config/spring-cache-4.1.xsd, http://www.springframework.org/schema/aop/spring-aop-4.0.xsd=org/springframework/aop/config/spring-aop-4.0.xsd, http://www.springframework.org/schema/jee/spring-jee-3.2.xsd=org/springframework/ejb/config/spring-jee-3.2.xsd, http://www.springframework.org/schema/context/spring-context-3.0.xsd=org/springframework/context/config/spring-context-3.0.xsd, http://www.springframework.org/schema/jdbc/spring-jdbc-4.0.xsd=org/springframework/jdbc/config/spring-jdbc-4.0.xsd, http://www.springframework.org/schema/util/spring-util-2.5.xsd=org/springframework/beans/factory/xml/spring-util-2.5.xsd, http://www.springframework.org/schema/mvc/spring-mvc-4.0.xsd=org/springframework/web/servlet/config/spring-mvc-4.0.xsd, http://www.springframework.org/schema/beans/spring-beans-3.2.xsd=org/springframework/beans/factory/xml/spring-beans-3.2.xsd, http://www.springframework.org/schema/aop/spring-aop-3.1.xsd=org/springframework/aop/config/spring-aop-3.1.xsd, http://www.springframework.org/schema/lang/spring-lang-4.0.xsd=org/springframework/scripting/config/spring-lang-4.0.xsd, http://www.springframework.org/schema/mvc/spring-mvc.xsd=org/springframework/web/servlet/config/spring-mvc-4.1.xsd, http://www.springframework.org/schema/mvc/spring-mvc-3.1.xsd=org/springframework/web/servlet/config/spring-mvc-3.1.xsd, http://www.springframework.org/schema/beans/spring-beans-4.1.xsd=org/springframework/beans/factory/xml/spring-beans-4.1.xsd, http://www.springframework.org/schema/tool/spring-tool-4.0.xsd=org/springframework/beans/factory/xml/spring-tool-4.0.xsd, http://www.springframework.org/schema/lang/spring-lang-3.1.xsd=org/springframework/scripting/config/spring-lang-3.1.xsd, http://www.springframework.org/schema/tx/spring-tx-3.2.xsd=org/springframework/transaction/config/spring-tx-3.2.xsd, http://www.springframework.org/schema/cache/spring-cache-3.1.xsd=org/springframework/cache/config/spring-cache-3.1.xsd, http://www.springframework.org/schema/jee/spring-jee-4.0.xsd=org/springframework/ejb/config/spring-jee-4.0.xsd, http://www.springframework.org/schema/jdbc/spring-jdbc-3.0.xsd=org/springframework/jdbc/config/spring-jdbc-3.0.xsd, http://www.springframework.org/schema/task/spring-task-4.1.xsd=org/springframework/scheduling/config/spring-task-4.1.xsd, http://www.springframework.org/schema/tool/spring-tool-3.1.xsd=org/springframework/beans/factory/xml/spring-tool-3.1.xsd, http://www.springframework.org/schema/jdbc/spring-jdbc.xsd=org/springframework/jdbc/config/spring-jdbc-4.1.xsd, http://www.springframework.org/schema/tx/spring-tx-4.1.xsd=org/springframework/transaction/config/spring-tx-4.1.xsd, http://www.springframework.org/schema/cache/spring-cache-4.0.xsd=org/springframework/cache/config/spring-cache-4.0.xsd, http://www.springframework.org/schema/jee/spring-jee-3.1.xsd=org/springframework/ejb/config/spring-jee-3.1.xsd, http://www.springframework.org/schema/task/spring-task-3.2.xsd=org/springframework/scheduling/config/spring-task-3.2.xsd, http://www.springframework.org/schema/beans/spring-beans-3.1.xsd=org/springframework/beans/factory/xml/spring-beans-3.1.xsd, http://www.springframework.org/schema/util/spring-util.xsd=org/springframework/beans/factory/xml/spring-util-4.1.xsd, http://www.springframework.org/schema/aop/spring-aop-3.0.xsd=org/springframework/aop/config/spring-aop-3.0.xsd, http://www.springframework.org/schema/mvc/spring-mvc-3.0.xsd=org/springframework/web/servlet/config/spring-mvc-3.0.xsd, http://www.springframework.org/schema/beans/spring-beans-4.0.xsd=org/springframework/beans/factory/xml/spring-beans-4.0.xsd, http://www.springframework.org/schema/beans/spring-beans.xsd=org/springframework/beans/factory/xml/spring-beans-4.1.xsd, http://www.springframework.org/schema/lang/spring-lang-3.0.xsd=org/springframework/scripting/config/spring-lang-3.0.xsd, http://www.springframework.org/schema/tx/spring-tx-3.1.xsd=org/springframework/transaction/config/spring-tx-3.1.xsd, http://mybatis.org/schema/mybatis-spring.xsd=org/mybatis/spring/config/mybatis-spring-1.2.xsd, http://www.springframework.org/schema/context/spring-context-2.5.xsd=org/springframework/context/config/spring-context-2.5.xsd, http://www.springframework.org/schema/task/spring-task-4.0.xsd=org/springframework/scheduling/config/spring-task-4.0.xsd, http://www.springframework.org/schema/tool/spring-tool-3.0.xsd=org/springframework/beans/factory/xml/spring-tool-3.0.xsd, http://www.springframework.org/schema/tx/spring-tx-4.0.xsd=org/springframework/transaction/config/spring-tx-4.0.xsd, http://www.springframework.org/schema/aop/spring-aop-2.0.xsd=org/springframework/aop/config/spring-aop-2.0.xsd, http://www.springframework.org/schema/jee/spring-jee-3.0.xsd=org/springframework/ejb/config/spring-jee-3.0.xsd, http://www.springframework.org/schema/util/spring-util-4.1.xsd=org/springframework/beans/factory/xml/spring-util-4.1.xsd, http://www.springframework.org/schema/task/spring-task-3.1.xsd=org/springframework/scheduling/config/spring-task-3.1.xsd, http://www.springframework.org/schema/beans/spring-beans-3.0.xsd=org/springframework/beans/factory/xml/spring-beans-3.0.xsd, http://www.springframework.org/schema/jee/spring-jee.xsd=org/springframework/ejb/config/spring-jee-4.1.xsd, http://www.springframework.org/schema/aop/spring-aop-2.5.xsd=org/springframework/aop/config/spring-aop-2.5.xsd, http://www.springframework.org/schema/lang/spring-lang-2.0.xsd=org/springframework/scripting/config/spring-lang-2.0.xsd, http://www.springframework.org/schema/util/spring-util-3.2.xsd=org/springframework/beans/factory/xml/spring-util-3.2.xsd, http://www.springframework.org/schema/task/spring-task.xsd=org/springframework/scheduling/config/spring-task-4.1.xsd, http://www.springframework.org/schema/tool/spring-tool-2.0.xsd=org/springframework/beans/factory/xml/spring-tool-2.0.xsd, http://www.springframework.org/schema/tx/spring-tx-3.0.xsd=org/springframework/transaction/config/spring-tx-3.0.xsd, http://www.springframework.org/schema/lang/spring-lang-2.5.xsd=org/springframework/scripting/config/spring-lang-2.5.xsd, http://www.springframework.org/schema/jee/spring-jee-2.0.xsd=org/springframework/ejb/config/spring-jee-2.0.xsd, http://www.springframework.org/schema/tool/spring-tool-2.5.xsd=org/springframework/beans/factory/xml/spring-tool-2.5.xsd, http://www.springframework.org/schema/jee/spring-jee-2.5.xsd=org/springframework/ejb/config/spring-jee-2.5.xsd, http://www.springframework.org/schema/util/spring-util-4.0.xsd=org/springframework/beans/factory/xml/spring-util-4.0.xsd, http://www.springframework.org/schema/task/spring-task-3.0.xsd=org/springframework/scheduling/config/spring-task-3.0.xsd, http://www.springframework.org/schema/lang/spring-lang.xsd=org/springframework/scripting/config/spring-lang-4.1.xsd, http://www.springframework.org/schema/context/spring-context-3.2.xsd=org/springframework/context/config/spring-context-3.2.xsd, http://www.springframework.org/schema/util/spring-util-3.1.xsd=org/springframework/beans/factory/xml/spring-util-3.1.xsd, http://www.springframework.org/schema/beans/spring-beans-2.0.xsd=org/springframework/beans/factory/xml/spring-beans-2.0.xsd, http://www.springframework.org/schema/cache/spring-cache.xsd=org/springframework/cache/config/spring-cache-4.1.xsd, http://www.springframework.org/schema/tx/spring-tx.xsd=org/springframework/transaction/config/spring-tx-4.1.xsd, http://www.springframework.org/schema/context/spring-context-4.1.xsd=org/springframework/context/config/spring-context-4.1.xsd, http://www.springframework.org/schema/beans/spring-beans-2.5.xsd=org/springframework/beans/factory/xml/spring-beans-2.5.xsd, http://www.springframework.org/schema/tx/spring-tx-2.0.xsd=org/springframework/transaction/config/spring-tx-2.0.xsd, http://www.springframework.org/schema/jdbc/spring-jdbc-3.2.xsd=org/springframework/jdbc/config/spring-jdbc-3.2.xsd, http://www.springframework.org/schema/aop/spring-aop.xsd=org/springframework/aop/config/spring-aop-4.1.xsd}
2015-04-04 18:11:12,797 [main] [org.springframework.beans.factory.xml.PluggableSchemaResolver]-[DEBUG] Found XML schema [http://www.springframework.org/schema/beans/spring-beans-4.0.xsd] in classpath: org/springframework/beans/factory/xml/spring-beans-4.0.xsd
2015-04-04 18:11:12,805 [main] [org.springframework.beans.factory.xml.DefaultBeanDefinitionDocumentReader]-[DEBUG] Loading bean definitions
2015-04-04 18:11:12,806 [main] [org.springframework.beans.factory.xml.BeanDefinitionParserDelegate]-[DEBUG] Neither XML &apos;id&apos; nor &apos;name&apos; specified - using generated bean name [org.mybatis.spring.mapper.MapperScannerConfigurer#0]
2015-04-04 18:11:12,807 [main] [org.springframework.beans.factory.xml.XmlBeanDefinitionReader]-[INFO] Loading XML bean definitions from file [D:\work0326\eclipse-workspace\taotao-manage\taotao-manage-web\target\classes\spring\applicationContext-transaction.xml]
2015-04-04 18:11:12,808 [main] [org.springframework.beans.factory.xml.DefaultDocumentLoader]-[DEBUG] Using JAXP provider [com.sun.org.apache.xerces.internal.jaxp.DocumentBuilderFactoryImpl]
2015-04-04 18:11:12,809 [main] [org.springframework.beans.factory.xml.PluggableSchemaResolver]-[DEBUG] Found XML schema [http://www.springframework.org/schema/beans/spring-beans-4.0.xsd] in classpath: org/springframework/beans/factory/xml/spring-beans-4.0.xsd
2015-04-04 18:11:12,816 [main] [org.springframework.beans.factory.xml.PluggableSchemaResolver]-[DEBUG] Found XML schema [http://www.springframework.org/schema/tx/spring-tx-4.0.xsd] in classpath: org/springframework/transaction/config/spring-tx-4.0.xsd
2015-04-04 18:11:12,817 [main] [org.springframework.beans.factory.xml.PluggableSchemaResolver]-[DEBUG] Found XML schema [http://www.springframework.org/schema/tool/spring-tool-4.0.xsd] in classpath: org/springframework/beans/factory/xml/spring-tool-4.0.xsd
2015-04-04 18:11:12,820 [main] [org.springframework.beans.factory.xml.PluggableSchemaResolver]-[DEBUG] Found XML schema [http://www.springframework.org/schema/aop/spring-aop-4.0.xsd] in classpath: org/springframework/aop/config/spring-aop-4.0.xsd
2015-04-04 18:11:12,822 [main] [org.springframework.beans.factory.xml.DefaultBeanDefinitionDocumentReader]-[DEBUG] Loading bean definitions
2015-04-04 18:11:12,824 [main] [org.springframework.beans.factory.xml.DefaultNamespaceHandlerResolver]-[DEBUG] Loaded NamespaceHandler mappings: {http://www.springframework.org/schema/p=org.springframework.beans.factory.xml.SimplePropertyNamespaceHandler, http://www.springframework.org/schema/mvc=org.springframework.web.servlet.config.MvcNamespaceHandler, http://www.springframework.org/schema/util=org.springframework.beans.factory.xml.UtilNamespaceHandler, http://www.springframework.org/schema/jee=org.springframework.ejb.config.JeeNamespaceHandler, http://www.springframework.org/schema/aop=org.springframework.aop.config.AopNamespaceHandler, http://www.springframework.org/schema/jdbc=org.springframework.jdbc.config.JdbcNamespaceHandler, http://www.springframework.org/schema/cache=org.springframework.cache.config.CacheNamespaceHandler, http://mybatis.org/schema/mybatis-spring=org.mybatis.spring.config.NamespaceHandler, http://www.springframework.org/schema/c=org.springframework.beans.factory.xml.SimpleConstructorNamespaceHandler, http://www.springframework.org/schema/tx=org.springframework.transaction.config.TxNamespaceHandler, http://www.springframework.org/schema/task=org.springframework.scheduling.config.TaskNamespaceHandler, http://www.springframework.org/schema/lang=org.springframework.scripting.config.LangNamespaceHandler, http://www.springframework.org/schema/context=org.springframework.context.config.ContextNamespaceHandler}
2015-04-04 18:11:12,825 [main] [org.springframework.beans.factory.xml.XmlBeanDefinitionReader]-[INFO] Loading XML bean definitions from file [D:\work0326\eclipse-workspace\taotao-manage\taotao-manage-web\target\classes\spring\applicationContext.xml]
2015-04-04 18:11:12,826 [main] [org.springframework.beans.factory.xml.DefaultDocumentLoader]-[DEBUG] Using JAXP provider [com.sun.org.apache.xerces.internal.jaxp.DocumentBuilderFactoryImpl]
2015-04-04 18:11:12,827 [main] [org.springframework.beans.factory.xml.PluggableSchemaResolver]-[DEBUG] Found XML schema [http://www.springframework.org/schema/beans/spring-beans-4.0.xsd] in classpath: org/springframework/beans/factory/xml/spring-beans-4.0.xsd
2015-04-04 18:11:12,832 [main] [org.springframework.beans.factory.xml.PluggableSchemaResolver]-[DEBUG] Found XML schema [http://www.springframework.org/schema/context/spring-context-4.0.xsd] in classpath: org/springframework/context/config/spring-context-4.0.xsd
2015-04-04 18:11:12,834 [main] [org.springframework.beans.factory.xml.PluggableSchemaResolver]-[DEBUG] Found XML schema [http://www.springframework.org/schema/tool/spring-tool-4.0.xsd] in classpath: org/springframework/beans/factory/xml/spring-tool-4.0.xsd
2015-04-04 18:11:12,837 [main] [org.springframework.beans.factory.xml.DefaultBeanDefinitionDocumentReader]-[DEBUG] Loading bean definitions
2015-04-04 18:11:12,838 [main] [org.springframework.beans.factory.xml.BeanDefinitionParserDelegate]-[DEBUG] Neither XML &apos;id&apos; nor &apos;name&apos; specified - using generated bean name [org.springframework.beans.factory.config.PropertyPlaceholderConfigurer#0]
2015-04-04 18:11:12,839 [main] [org.springframework.core.env.StandardEnvironment]-[DEBUG] Adding [systemProperties] PropertySource with lowest search precedence
2015-04-04 18:11:12,839 [main] [org.springframework.core.env.StandardEnvironment]-[DEBUG] Adding [systemEnvironment] PropertySource with lowest search precedence
2015-04-04 18:11:12,839 [main] [org.springframework.core.env.StandardEnvironment]-[DEBUG] Initialized StandardEnvironment with PropertySources [systemProperties,systemEnvironment]
2015-04-04 18:11:12,840 [main] [org.springframework.core.io.support.PathMatchingResourcePatternResolver]-[DEBUG] Looking for matching resources in directory tree [D:\work0326\eclipse-workspace\taotao-manage\taotao-manage-web\target\test-classes\com\taotao]
2015-04-04 18:11:12,840 [main] [org.springframework.core.io.support.PathMatchingResourcePatternResolver]-[DEBUG] Searching directory [D:\work0326\eclipse-workspace\taotao-manage\taotao-manage-web\target\test-classes\com\taotao] for files matching pattern [D:/work0326/eclipse-workspace/taotao-manage/taotao-manage-web/target/test-classes/com/taotao/**/*.class]
2015-04-04 18:11:12,840 [main] [org.springframework.core.io.support.PathMatchingResourcePatternResolver]-[DEBUG] Searching directory [D:\work0326\eclipse-workspace\taotao-manage\taotao-manage-web\target\test-classes\com\taotao\manage] for files matching pattern [D:/work0326/eclipse-workspace/taotao-manage/taotao-manage-web/target/test-classes/com/taotao/**/*.class]
2015-04-04 18:11:12,841 [main] [org.springframework.core.io.support.PathMatchingResourcePatternResolver]-[DEBUG] Searching directory [D:\work0326\eclipse-workspace\taotao-manage\taotao-manage-web\target\test-classes\com\taotao\manage\mapper] for files matching pattern [D:/work0326/eclipse-workspace/taotao-manage/taotao-manage-web/target/test-classes/com/taotao/**/*.class]
2015-04-04 18:11:12,841 [main] [org.springframework.core.io.support.PathMatchingResourcePatternResolver]-[DEBUG] Looking for matching resources in directory tree [D:\work0326\eclipse-workspace\taotao-manage\taotao-manage-web\target\classes\com\taotao]
2015-04-04 18:11:12,841 [main] [org.springframework.core.io.support.PathMatchingResourcePatternResolver]-[DEBUG] Searching directory [D:\work0326\eclipse-workspace\taotao-manage\taotao-manage-web\target\classes\com\taotao] for files matching pattern [D:/work0326/eclipse-workspace/taotao-manage/taotao-manage-web/target/classes/com/taotao/**/*.class]
2015-04-04 18:11:12,841 [main] [org.springframework.core.io.support.PathMatchingResourcePatternResolver]-[DEBUG] Searching directory [D:\work0326\eclipse-workspace\taotao-manage\taotao-manage-web\target\classes\com\taotao\manage] for files matching pattern [D:/work0326/eclipse-workspace/taotao-manage/taotao-manage-web/target/classes/com/taotao/**/*.class]
2015-04-04 18:11:12,841 [main] [org.springframework.core.io.support.PathMatchingResourcePatternResolver]-[DEBUG] Searching directory [D:\work0326\eclipse-workspace\taotao-manage\taotao-manage-web\target\classes\com\taotao\manage\controller] for files matching pattern [D:/work0326/eclipse-workspace/taotao-manage/taotao-manage-web/target/classes/com/taotao/**/*.class]
2015-04-04 18:11:12,842 [main] [org.springframework.core.io.support.PathMatchingResourcePatternResolver]-[DEBUG] Searching directory [D:\work0326\eclipse-workspace\taotao-manage\taotao-manage-web\target\classes\com\taotao\manage\controller\web] for files matching pattern [D:/work0326/eclipse-workspace/taotao-manage/taotao-manage-web/target/classes/com/taotao/**/*.class]
2015-04-04 18:11:12,842 [main] [org.springframework.core.io.support.PathMatchingResourcePatternResolver]-[DEBUG] Looking for matching resources in jar file [file:/D:/work0326/eclipse-workspace/taotao-manage/taotao-manage-service/target/taotao-manage-service.jar]
2015-04-04 18:11:12,843 [main] [org.springframework.core.io.support.PathMatchingResourcePatternResolver]-[DEBUG] Looking for matching resources in jar file [file:/D:/work0326/eclipse-workspace/taotao-manage/taotao-manage-mapper/target/taotao-manage-mapper.jar]
2015-04-04 18:11:12,843 [main] [org.springframework.core.io.support.PathMatchingResourcePatternResolver]-[DEBUG] Looking for matching resources in jar file [file:/D:/work0326/eclipse-workspace/taotao-manage/taotao-manage-pojo/target/taotao-manage-pojo.jar]
2015-04-04 18:11:12,844 [main] [org.springframework.core.io.support.PathMatchingResourcePatternResolver]-[DEBUG] Looking for matching resources in jar file [file:/D:/work0326/repository/com/taotao/common/taotao-common/1.0.0-SNAPSHOT/taotao-common-1.0.0-SNAPSHOT.jar]
2015-04-04 18:11:12,845 [main] [org.springframework.core.io.support.PathMatchingResourcePatternResolver]-[DEBUG] Resolved location pattern [classpath*:com/taotao/**/*.class] to resources [file [D:\work0326\eclipse-workspace\taotao-manage\taotao-manage-web\target\test-classes\com\taotao\manage\mapper\ItemMapperTest.class], file [D:\work0326\eclipse-workspace\taotao-manage\taotao-manage-web\target\classes\com\taotao\manage\controller\ContentCategoryController.class], file [D:\work0326\eclipse-workspace\taotao-manage\taotao-manage-web\target\classes\com\taotao\manage\controller\ContentController.class], file [D:\work0326\eclipse-workspace\taotao-manage\taotao-manage-web\target\classes\com\taotao\manage\controller\ItemCatController.class], file [D:\work0326\eclipse-workspace\taotao-manage\taotao-manage-web\target\classes\com\taotao\manage\controller\ItemController.class], file [D:\work0326\eclipse-workspace\taotao-manage\taotao-manage-web\target\classes\com\taotao\manage\controller\ItemParamController.class], file [D:\work0326\eclipse-workspace\taotao-manage\taotao-manage-web\target\classes\com\taotao\manage\controller\PageController.class], file [D:\work0326\eclipse-workspace\taotao-manage\taotao-manage-web\target\classes\com\taotao\manage\controller\PicUploadController.class], file [D:\work0326\eclipse-workspace\taotao-manage\taotao-manage-web\target\classes\com\taotao\manage\controller\web\WebItemCatController.class], URL [jar:file:/D:/work0326/eclipse-workspace/taotao-manage/taotao-manage-service/target/taotao-manage-service.jar!/com/taotao/manage/service/BaseService.class], URL [jar:file:/D:/work0326/eclipse-workspace/taotao-manage/taotao-manage-service/target/taotao-manage-service.jar!/com/taotao/manage/service/ContentCategoryService.class], URL [jar:file:/D:/work0326/eclipse-workspace/taotao-manage/taotao-manage-service/target/taotao-manage-service.jar!/com/taotao/manage/service/ContentService.class], URL [jar:file:/D:/work0326/eclipse-workspace/taotao-manage/taotao-manage-service/target/taotao-manage-service.jar!/com/taotao/manage/service/ItemCatService.class], URL [jar:file:/D:/work0326/eclipse-workspace/taotao-manage/taotao-manage-service/target/taotao-manage-service.jar!/com/taotao/manage/service/ItemDescService.class], URL [jar:file:/D:/work0326/eclipse-workspace/taotao-manage/taotao-manage-service/target/taotao-manage-service.jar!/com/taotao/manage/service/ItemParamItemService.class], URL [jar:file:/D:/work0326/eclipse-workspace/taotao-manage/taotao-manage-service/target/taotao-manage-service.jar!/com/taotao/manage/service/ItemParamService.class], URL [jar:file:/D:/work0326/eclipse-workspace/taotao-manage/taotao-manage-service/target/taotao-manage-service.jar!/com/taotao/manage/service/ItemService.class], URL [jar:file:/D:/work0326/eclipse-workspace/taotao-manage/taotao-manage-service/target/taotao-manage-service.jar!/com/taotao/manage/service/PicUploadService.class], URL [jar:file:/D:/work0326/eclipse-workspace/taotao-manage/taotao-manage-mapper/target/taotao-manage-mapper.jar!/com/taotao/manage/base/mapper/TaotaoMapper.class], URL [jar:file:/D:/work0326/eclipse-workspace/taotao-manage/taotao-manage-mapper/target/taotao-manage-mapper.jar!/com/taotao/manage/base/mapper/TaotaoMapperProvider.class], URL [jar:file:/D:/work0326/eclipse-workspace/taotao-manage/taotao-manage-mapper/target/taotao-manage-mapper.jar!/com/taotao/manage/mapper/ContentCategoryMapper.class], URL [jar:file:/D:/work0326/eclipse-workspace/taotao-manage/taotao-manage-mapper/target/taotao-manage-mapper.jar!/com/taotao/manage/mapper/ContentMapper.class], URL [jar:file:/D:/work0326/eclipse-workspace/taotao-manage/taotao-manage-mapper/target/taotao-manage-mapper.jar!/com/taotao/manage/mapper/ItemCatMapper.class], URL [jar:file:/D:/work0326/eclipse-workspace/taotao-manage/taotao-manage-mapper/target/taotao-manage-mapper.jar!/com/taotao/manage/mapper/ItemDescMapper.class], URL [jar:file:/D:/work0326/eclipse-workspace/taotao-manage/taotao-manage-mapper/target/taotao-manage-mapper.jar!/com/taotao/manage/mapper/ItemMapper.class], URL [jar:file:/D:/work0326/eclipse-workspace/taotao-manage/taotao-manage-mapper/target/taotao-manage-mapper.jar!/com/taotao/manage/mapper/ItemParamItemMapper.class], URL [jar:file:/D:/work0326/eclipse-workspace/taotao-manage/taotao-manage-mapper/target/taotao-manage-mapper.jar!/com/taotao/manage/mapper/ItemParamMapper.class], URL [jar:file:/D:/work0326/eclipse-workspace/taotao-manage/taotao-manage-pojo/target/taotao-manage-pojo.jar!/com/taotao/manage/pojo/BasePojo.class], URL [jar:file:/D:/work0326/eclipse-workspace/taotao-manage/taotao-manage-pojo/target/taotao-manage-pojo.jar!/com/taotao/manage/pojo/Content.class], URL [jar:file:/D:/work0326/eclipse-workspace/taotao-manage/taotao-manage-pojo/target/taotao-manage-pojo.jar!/com/taotao/manage/pojo/ContentCategory.class], URL [jar:file:/D:/work0326/eclipse-workspace/taotao-manage/taotao-manage-pojo/target/taotao-manage-pojo.jar!/com/taotao/manage/pojo/Item.class], URL [jar:file:/D:/work0326/eclipse-workspace/taotao-manage/taotao-manage-pojo/target/taotao-manage-pojo.jar!/com/taotao/manage/pojo/ItemCat.class], URL [jar:file:/D:/work0326/eclipse-workspace/taotao-manage/taotao-manage-pojo/target/taotao-manage-pojo.jar!/com/taotao/manage/pojo/ItemDesc.class], URL [jar:file:/D:/work0326/eclipse-workspace/taotao-manage/taotao-manage-pojo/target/taotao-manage-pojo.jar!/com/taotao/manage/pojo/ItemParam.class], URL [jar:file:/D:/work0326/eclipse-workspace/taotao-manage/taotao-manage-pojo/target/taotao-manage-pojo.jar!/com/taotao/manage/pojo/ItemParamItem.class], URL [jar:file:/D:/work0326/repository/com/taotao/common/taotao-common/1.0.0-SNAPSHOT/taotao-common-1.0.0-SNAPSHOT.jar!/com/taotao/common/spring/exetend/converter/json/CallbackMappingJackson2HttpMessageConverter.class], URL [jar:file:/D:/work0326/repository/com/taotao/common/taotao-common/1.0.0-SNAPSHOT/taotao-common-1.0.0-SNAPSHOT.jar!/com/taotao/common/vo/EasyUIResult.class], URL [jar:file:/D:/work0326/repository/com/taotao/common/taotao-common/1.0.0-SNAPSHOT/taotao-common-1.0.0-SNAPSHOT.jar!/com/taotao/common/vo/ItemCatData.class], URL [jar:file:/D:/work0326/repository/com/taotao/common/taotao-common/1.0.0-SNAPSHOT/taotao-common-1.0.0-SNAPSHOT.jar!/com/taotao/common/vo/ItemCatResult.class], URL [jar:file:/D:/work0326/repository/com/taotao/common/taotao-common/1.0.0-SNAPSHOT/taotao-common-1.0.0-SNAPSHOT.jar!/com/taotao/common/vo/PicUploadResult.class], URL [jar:file:/D:/work0326/repository/com/taotao/common/taotao-common/1.0.0-SNAPSHOT/taotao-common-1.0.0-SNAPSHOT.jar!/com/taotao/common/vo/TaotaoResult.class]]
2015-04-04 18:11:12,847 [main] [org.springframework.context.annotation.ClassPathBeanDefinitionScanner]-[DEBUG] Identified candidate component class: file [D:\work0326\eclipse-workspace\taotao-manage\taotao-manage-web\target\classes\com\taotao\manage\controller\ContentCategoryController.class]
2015-04-04 18:11:12,847 [main] [org.springframework.context.annotation.ClassPathBeanDefinitionScanner]-[DEBUG] Identified candidate component class: file [D:\work0326\eclipse-workspace\taotao-manage\taotao-manage-web\target\classes\com\taotao\manage\controller\ContentController.class]
2015-04-04 18:11:12,848 [main] [org.springframework.context.annotation.ClassPathBeanDefinitionScanner]-[DEBUG] Identified candidate component class: file [D:\work0326\eclipse-workspace\taotao-manage\taotao-manage-web\target\classes\com\taotao\manage\controller\ItemCatController.class]
2015-04-04 18:11:12,849 [main] [org.springframework.context.annotation.ClassPathBeanDefinitionScanner]-[DEBUG] Identified candidate component class: file [D:\work0326\eclipse-workspace\taotao-manage\taotao-manage-web\target\classes\com\taotao\manage\controller\ItemController.class]
2015-04-04 18:11:12,849 [main] [org.springframework.context.annotation.ClassPathBeanDefinitionScanner]-[DEBUG] Identified candidate component class: file [D:\work0326\eclipse-workspace\taotao-manage\taotao-manage-web\target\classes\com\taotao\manage\controller\ItemParamController.class]
2015-04-04 18:11:12,850 [main] [org.springframework.context.annotation.ClassPathBeanDefinitionScanner]-[DEBUG] Identified candidate component class: file [D:\work0326\eclipse-workspace\taotao-manage\taotao-manage-web\target\classes\com\taotao\manage\controller\PageController.class]
2015-04-04 18:11:12,850 [main] [org.springframework.context.annotation.ClassPathBeanDefinitionScanner]-[DEBUG] Identified candidate component class: file [D:\work0326\eclipse-workspace\taotao-manage\taotao-manage-web\target\classes\com\taotao\manage\controller\PicUploadController.class]
2015-04-04 18:11:12,850 [main] [org.springframework.context.annotation.ClassPathBeanDefinitionScanner]-[DEBUG] Identified candidate component class: file [D:\work0326\eclipse-workspace\taotao-manage\taotao-manage-web\target\classes\com\taotao\manage\controller\web\WebItemCatController.class]
2015-04-04 18:11:12,851 [main] [org.springframework.context.annotation.ClassPathBeanDefinitionScanner]-[DEBUG] Ignored because not a concrete top-level class: URL [jar:file:/D:/work0326/eclipse-workspace/taotao-manage/taotao-manage-service/target/taotao-manage-service.jar!/com/taotao/manage/service/BaseService.class]
2015-04-04 18:11:12,851 [main] [org.springframework.context.annotation.ClassPathBeanDefinitionScanner]-[DEBUG] Identified candidate component class: URL [jar:file:/D:/work0326/eclipse-workspace/taotao-manage/taotao-manage-service/target/taotao-manage-service.jar!/com/taotao/manage/service/ContentCategoryService.class]
2015-04-04 18:11:12,852 [main] [org.springframework.context.annotation.ClassPathBeanDefinitionScanner]-[DEBUG] Identified candidate component class: URL [jar:file:/D:/work0326/eclipse-workspace/taotao-manage/taotao-manage-service/target/taotao-manage-service.jar!/com/taotao/manage/service/ContentService.class]
2015-04-04 18:11:12,852 [main] [org.springframework.context.annotation.ClassPathBeanDefinitionScanner]-[DEBUG] Identified candidate component class: URL [jar:file:/D:/work0326/eclipse-workspace/taotao-manage/taotao-manage-service/target/taotao-manage-service.jar!/com/taotao/manage/service/ItemCatService.class]
2015-04-04 18:11:12,852 [main] [org.springframework.context.annotation.ClassPathBeanDefinitionScanner]-[DEBUG] Identified candidate component class: URL [jar:file:/D:/work0326/eclipse-workspace/taotao-manage/taotao-manage-service/target/taotao-manage-service.jar!/com/taotao/manage/service/ItemDescService.class]
2015-04-04 18:11:12,853 [main] [org.springframework.context.annotation.ClassPathBeanDefinitionScanner]-[DEBUG] Identified candidate component class: URL [jar:file:/D:/work0326/eclipse-workspace/taotao-manage/taotao-manage-service/target/taotao-manage-service.jar!/com/taotao/manage/service/ItemParamItemService.class]
2015-04-04 18:11:12,853 [main] [org.springframework.context.annotation.ClassPathBeanDefinitionScanner]-[DEBUG] Identified candidate component class: URL [jar:file:/D:/work0326/eclipse-workspace/taotao-manage/taotao-manage-service/target/taotao-manage-service.jar!/com/taotao/manage/service/ItemParamService.class]
2015-04-04 18:11:12,854 [main] [org.springframework.context.annotation.ClassPathBeanDefinitionScanner]-[DEBUG] Identified candidate component class: URL [jar:file:/D:/work0326/eclipse-workspace/taotao-manage/taotao-manage-service/target/taotao-manage-service.jar!/com/taotao/manage/service/ItemService.class]
2015-04-04 18:11:12,854 [main] [org.springframework.context.annotation.ClassPathBeanDefinitionScanner]-[DEBUG] Identified candidate component class: URL [jar:file:/D:/work0326/eclipse-workspace/taotao-manage/taotao-manage-service/target/taotao-manage-service.jar!/com/taotao/manage/service/PicUploadService.class]
2015-04-04 18:11:12,863 [main] [org.springframework.beans.factory.xml.XmlBeanDefinitionReader]-[DEBUG] Loaded 29 bean definitions from location pattern [spring/applicationContext*.xml]
2015-04-04 18:11:12,863 [main] [org.springframework.context.support.ClassPathXmlApplicationContext]-[DEBUG] Bean factory for org.springframework.context.support.ClassPathXmlApplicationContext@76f74015: org.springframework.beans.factory.support.DefaultListableBeanFactory@5829e2c6: defining beans [sqlSessionFactory,org.mybatis.spring.mapper.MapperScannerConfigurer#0,transactionManager,txAdvice,org.springframework.aop.config.internalAutoProxyCreator,myPointcut,org.springframework.aop.support.DefaultBeanFactoryPointcutAdvisor#0,org.springframework.beans.factory.config.PropertyPlaceholderConfigurer#0,contentCategoryController,contentController,itemCatController,itemController,itemParamController,pageController,picUploadController,webItemCatController,contentCategoryService,contentService,itemCatService,itemDescService,itemParamItemService,itemParamService,itemService,picUploadService,org.springframework.context.annotation.internalConfigurationAnnotationProcessor,org.springframework.context.annotation.internalAutowiredAnnotationProcessor,org.springframework.context.annotation.internalRequiredAnnotationProcessor,org.springframework.context.annotation.internalCommonAnnotationProcessor,dataSource]; root of factory hierarchy
2015-04-04 18:11:12,865 [main] [org.springframework.beans.factory.support.DefaultListableBeanFactory]-[DEBUG] Creating shared instance of singleton bean &apos;org.springframework.context.annotation.internalConfigurationAnnotationProcessor&apos;
2015-04-04 18:11:12,865 [main] [org.springframework.beans.factory.support.DefaultListableBeanFactory]-[DEBUG] Creating instance of bean &apos;org.springframework.context.annotation.internalConfigurationAnnotationProcessor&apos;
2015-04-04 18:11:12,865 [main] [org.springframework.beans.factory.support.DefaultListableBeanFactory]-[DEBUG] Eagerly caching bean &apos;org.springframework.context.annotation.internalConfigurationAnnotationProcessor&apos; to allow for resolving potential circular references
2015-04-04 18:11:12,865 [main] [org.springframework.beans.factory.support.DefaultListableBeanFactory]-[DEBUG] Finished creating instance of bean &apos;org.springframework.context.annotation.internalConfigurationAnnotationProcessor&apos;
2015-04-04 18:11:12,885 [main] [org.springframework.beans.factory.support.DefaultListableBeanFactory]-[DEBUG] Creating shared instance of singleton bean &apos;org.mybatis.spring.mapper.MapperScannerConfigurer#0&apos;
2015-04-04 18:11:12,885 [main] [org.springframework.beans.factory.support.DefaultListableBeanFactory]-[DEBUG] Creating instance of bean &apos;org.mybatis.spring.mapper.MapperScannerConfigurer#0&apos;
2015-04-04 18:11:12,885 [main] [org.springframework.beans.factory.support.DefaultListableBeanFactory]-[DEBUG] Eagerly caching bean &apos;org.mybatis.spring.mapper.MapperScannerConfigurer#0&apos; to allow for resolving potential circular references
2015-04-04 18:11:12,885 [main] [org.springframework.beans.factory.support.DefaultListableBeanFactory]-[DEBUG] Invoking afterPropertiesSet() on bean with name &apos;org.mybatis.spring.mapper.MapperScannerConfigurer#0&apos;
2015-04-04 18:11:12,885 [main] [org.springframework.beans.factory.support.DefaultListableBeanFactory]-[DEBUG] Finished creating instance of bean &apos;org.mybatis.spring.mapper.MapperScannerConfigurer#0&apos;
2015-04-04 18:11:12,886 [main] [org.springframework.core.env.StandardEnvironment]-[DEBUG] Adding [systemProperties] PropertySource with lowest search precedence
2015-04-04 18:11:12,886 [main] [org.springframework.core.env.StandardEnvironment]-[DEBUG] Adding [systemEnvironment] PropertySource with lowest search precedence
2015-04-04 18:11:12,886 [main] [org.springframework.core.env.StandardEnvironment]-[DEBUG] Initialized StandardEnvironment with PropertySources [systemProperties,systemEnvironment]
2015-04-04 18:11:12,887 [main] [org.springframework.core.io.support.PathMatchingResourcePatternResolver]-[DEBUG] Looking for matching resources in directory tree [D:\work0326\eclipse-workspace\taotao-manage\taotao-manage-web\target\test-classes\com\taotao\manage\mapper]
2015-04-04 18:11:12,887 [main] [org.springframework.core.io.support.PathMatchingResourcePatternResolver]-[DEBUG] Searching directory [D:\work0326\eclipse-workspace\taotao-manage\taotao-manage-web\target\test-classes\com\taotao\manage\mapper] for files matching pattern [D:/work0326/eclipse-workspace/taotao-manage/taotao-manage-web/target/test-classes/com/taotao/manage/mapper/**/*.class]
2015-04-04 18:11:12,887 [main] [org.springframework.core.io.support.PathMatchingResourcePatternResolver]-[DEBUG] Looking for matching resources in jar file [file:/D:/work0326/eclipse-workspace/taotao-manage/taotao-manage-mapper/target/taotao-manage-mapper.jar]
2015-04-04 18:11:12,888 [main] [org.springframework.core.io.support.PathMatchingResourcePatternResolver]-[DEBUG] Resolved location pattern [classpath*:com/taotao/manage/mapper/**/*.class] to resources [file [D:\work0326\eclipse-workspace\taotao-manage\taotao-manage-web\target\test-classes\com\taotao\manage\mapper\ItemMapperTest.class], URL [jar:file:/D:/work0326/eclipse-workspace/taotao-manage/taotao-manage-mapper/target/taotao-manage-mapper.jar!/com/taotao/manage/mapper/ContentCategoryMapper.class], URL [jar:file:/D:/work0326/eclipse-workspace/taotao-manage/taotao-manage-mapper/target/taotao-manage-mapper.jar!/com/taotao/manage/mapper/ContentMapper.class], URL [jar:file:/D:/work0326/eclipse-workspace/taotao-manage/taotao-manage-mapper/target/taotao-manage-mapper.jar!/com/taotao/manage/mapper/ItemCatMapper.class], URL [jar:file:/D:/work0326/eclipse-workspace/taotao-manage/taotao-manage-mapper/target/taotao-manage-mapper.jar!/com/taotao/manage/mapper/ItemDescMapper.class], URL [jar:file:/D:/work0326/eclipse-workspace/taotao-manage/taotao-manage-mapper/target/taotao-manage-mapper.jar!/com/taotao/manage/mapper/ItemMapper.class], URL [jar:file:/D:/work0326/eclipse-workspace/taotao-manage/taotao-manage-mapper/target/taotao-manage-mapper.jar!/com/taotao/manage/mapper/ItemParamItemMapper.class], URL [jar:file:/D:/work0326/eclipse-workspace/taotao-manage/taotao-manage-mapper/target/taotao-manage-mapper.jar!/com/taotao/manage/mapper/ItemParamMapper.class]]
2015-04-04 18:11:12,889 [main] [org.mybatis.spring.mapper.ClassPathMapperScanner]-[DEBUG] Ignored because not a concrete top-level class: file [D:\work0326\eclipse-workspace\taotao-manage\taotao-manage-web\target\test-classes\com\taotao\manage\mapper\ItemMapperTest.class]
2015-04-04 18:11:12,889 [main] [org.mybatis.spring.mapper.ClassPathMapperScanner]-[DEBUG] Identified candidate component class: URL [jar:file:/D:/work0326/eclipse-workspace/taotao-manage/taotao-manage-mapper/target/taotao-manage-mapper.jar!/com/taotao/manage/mapper/ContentCategoryMapper.class]
2015-04-04 18:11:12,889 [main] [org.mybatis.spring.mapper.ClassPathMapperScanner]-[DEBUG] Identified candidate component class: URL [jar:file:/D:/work0326/eclipse-workspace/taotao-manage/taotao-manage-mapper/target/taotao-manage-mapper.jar!/com/taotao/manage/mapper/ContentMapper.class]
2015-04-04 18:11:12,890 [main] [org.mybatis.spring.mapper.ClassPathMapperScanner]-[DEBUG] Identified candidate component class: URL [jar:file:/D:/work0326/eclipse-workspace/taotao-manage/taotao-manage-mapper/target/taotao-manage-mapper.jar!/com/taotao/manage/mapper/ItemCatMapper.class]
2015-04-04 18:11:12,890 [main] [org.mybatis.spring.mapper.ClassPathMapperScanner]-[DEBUG] Identified candidate component class: URL [jar:file:/D:/work0326/eclipse-workspace/taotao-manage/taotao-manage-mapper/target/taotao-manage-mapper.jar!/com/taotao/manage/mapper/ItemDescMapper.class]
2015-04-04 18:11:12,890 [main] [org.mybatis.spring.mapper.ClassPathMapperScanner]-[DEBUG] Identified candidate component class: URL [jar:file:/D:/work0326/eclipse-workspace/taotao-manage/taotao-manage-mapper/target/taotao-manage-mapper.jar!/com/taotao/manage/mapper/ItemMapper.class]
2015-04-04 18:11:12,891 [main] [org.mybatis.spring.mapper.ClassPathMapperScanner]-[DEBUG] Identified candidate component class: URL [jar:file:/D:/work0326/eclipse-workspace/taotao-manage/taotao-manage-mapper/target/taotao-manage-mapper.jar!/com/taotao/manage/mapper/ItemParamItemMapper.class]
2015-04-04 18:11:12,891 [main] [org.mybatis.spring.mapper.ClassPathMapperScanner]-[DEBUG] Identified candidate component class: URL [jar:file:/D:/work0326/eclipse-workspace/taotao-manage/taotao-manage-mapper/target/taotao-manage-mapper.jar!/com/taotao/manage/mapper/ItemParamMapper.class]
2015-04-04 18:11:12,891 [main] [org.mybatis.spring.mapper.ClassPathMapperScanner]-[DEBUG] Creating MapperFactoryBean with name &apos;contentCategoryMapper&apos; and &apos;com.taotao.manage.mapper.ContentCategoryMapper&apos; mapperInterface
2015-04-04 18:11:12,891 [main] [org.mybatis.spring.mapper.ClassPathMapperScanner]-[DEBUG] Enabling autowire by type for MapperFactoryBean with name &apos;contentCategoryMapper&apos;.
2015-04-04 18:11:12,891 [main] [org.mybatis.spring.mapper.ClassPathMapperScanner]-[DEBUG] Creating MapperFactoryBean with name &apos;contentMapper&apos; and &apos;com.taotao.manage.mapper.ContentMapper&apos; mapperInterface
2015-04-04 18:11:12,891 [main] [org.mybatis.spring.mapper.ClassPathMapperScanner]-[DEBUG] Enabling autowire by type for MapperFactoryBean with name &apos;contentMapper&apos;.
2015-04-04 18:11:12,892 [main] [org.mybatis.spring.mapper.ClassPathMapperScanner]-[DEBUG] Creating MapperFactoryBean with name &apos;itemCatMapper&apos; and &apos;com.taotao.manage.mapper.ItemCatMapper&apos; mapperInterface
2015-04-04 18:11:12,892 [main] [org.mybatis.spring.mapper.ClassPathMapperScanner]-[DEBUG] Enabling autowire by type for MapperFactoryBean with name &apos;itemCatMapper&apos;.
2015-04-04 18:11:12,892 [main] [org.mybatis.spring.mapper.ClassPathMapperScanner]-[DEBUG] Creating MapperFactoryBean with name &apos;itemDescMapper&apos; and &apos;com.taotao.manage.mapper.ItemDescMapper&apos; mapperInterface
2015-04-04 18:11:12,892 [main] [org.mybatis.spring.mapper.ClassPathMapperScanner]-[DEBUG] Enabling autowire by type for MapperFactoryBean with name &apos;itemDescMapper&apos;.
2015-04-04 18:11:12,892 [main] [org.mybatis.spring.mapper.ClassPathMapperScanner]-[DEBUG] Creating MapperFactoryBean with name &apos;itemMapper&apos; and &apos;com.taotao.manage.mapper.ItemMapper&apos; mapperInterface
2015-04-04 18:11:12,892 [main] [org.mybatis.spring.mapper.ClassPathMapperScanner]-[DEBUG] Enabling autowire by type for MapperFactoryBean with name &apos;itemMapper&apos;.
2015-04-04 18:11:12,892 [main] [org.mybatis.spring.mapper.ClassPathMapperScanner]-[DEBUG] Creating MapperFactoryBean with name &apos;itemParamItemMapper&apos; and &apos;com.taotao.manage.mapper.ItemParamItemMapper&apos; mapperInterface
2015-04-04 18:11:12,892 [main] [org.mybatis.spring.mapper.ClassPathMapperScanner]-[DEBUG] Enabling autowire by type for MapperFactoryBean with name &apos;itemParamItemMapper&apos;.
2015-04-04 18:11:12,892 [main] [org.mybatis.spring.mapper.ClassPathMapperScanner]-[DEBUG] Creating MapperFactoryBean with name &apos;itemParamMapper&apos; and &apos;com.taotao.manage.mapper.ItemParamMapper&apos; mapperInterface
2015-04-04 18:11:12,892 [main] [org.mybatis.spring.mapper.ClassPathMapperScanner]-[DEBUG] Enabling autowire by type for MapperFactoryBean with name &apos;itemParamMapper&apos;.
2015-04-04 18:11:12,894 [main] [org.springframework.beans.factory.support.DefaultListableBeanFactory]-[DEBUG] Creating shared instance of singleton bean &apos;org.springframework.beans.factory.config.PropertyPlaceholderConfigurer#0&apos;
2015-04-04 18:11:12,895 [main] [org.springframework.beans.factory.support.DefaultListableBeanFactory]-[DEBUG] Creating instance of bean &apos;org.springframework.beans.factory.config.PropertyPlaceholderConfigurer#0&apos;
2015-04-04 18:11:12,895 [main] [org.springframework.beans.factory.support.DefaultListableBeanFactory]-[DEBUG] Eagerly caching bean &apos;org.springframework.beans.factory.config.PropertyPlaceholderConfigurer#0&apos; to allow for resolving potential circular references
2015-04-04 18:11:12,895 [main] [org.springframework.beans.factory.support.DefaultListableBeanFactory]-[DEBUG] Finished creating instance of bean &apos;org.springframework.beans.factory.config.PropertyPlaceholderConfigurer#0&apos;
2015-04-04 18:11:12,895 [main] [org.springframework.beans.factory.config.PropertyPlaceholderConfigurer]-[INFO] Loading properties file from class path resource [jdbc.properties]
2015-04-04 18:11:12,896 [main] [org.springframework.beans.factory.config.PropertyPlaceholderConfigurer]-[INFO] Loading properties file from class path resource [env.properties]
2015-04-04 18:11:12,898 [main] [org.springframework.beans.factory.support.DefaultListableBeanFactory]-[DEBUG] Creating shared instance of singleton bean &apos;org.springframework.context.annotation.internalAutowiredAnnotationProcessor&apos;
2015-04-04 18:11:12,898 [main] [org.springframework.beans.factory.support.DefaultListableBeanFactory]-[DEBUG] Creating instance of bean &apos;org.springframework.context.annotation.internalAutowiredAnnotationProcessor&apos;
2015-04-04 18:11:12,899 [main] [org.springframework.beans.factory.support.DefaultListableBeanFactory]-[DEBUG] Eagerly caching bean &apos;org.springframework.context.annotation.internalAutowiredAnnotationProcessor&apos; to allow for resolving potential circular references
2015-04-04 18:11:12,899 [main] [org.springframework.beans.factory.support.DefaultListableBeanFactory]-[DEBUG] Finished creating instance of bean &apos;org.springframework.context.annotation.internalAutowiredAnnotationProcessor&apos;
2015-04-04 18:11:12,899 [main] [org.springframework.beans.factory.support.DefaultListableBeanFactory]-[DEBUG] Creating shared instance of singleton bean &apos;org.springframework.context.annotation.internalRequiredAnnotationProcessor&apos;
2015-04-04 18:11:12,899 [main] [org.springframework.beans.factory.support.DefaultListableBeanFactory]-[DEBUG] Creating instance of bean &apos;org.springframework.context.annotation.internalRequiredAnnotationProcessor&apos;
2015-04-04 18:11:12,900 [main] [org.springframework.beans.factory.support.DefaultListableBeanFactory]-[DEBUG] Eagerly caching bean &apos;org.springframework.context.annotation.internalRequiredAnnotationProcessor&apos; to allow for resolving potential circular references
2015-04-04 18:11:12,900 [main] [org.springframework.beans.factory.support.DefaultListableBeanFactory]-[DEBUG] Finished creating instance of bean &apos;org.springframework.context.annotation.internalRequiredAnnotationProcessor&apos;
2015-04-04 18:11:12,900 [main] [org.springframework.beans.factory.support.DefaultListableBeanFactory]-[DEBUG] Creating shared instance of singleton bean &apos;org.springframework.context.annotation.internalCommonAnnotationProcessor&apos;
2015-04-04 18:11:12,900 [main] [org.springframework.beans.factory.support.DefaultListableBeanFactory]-[DEBUG] Creating instance of bean &apos;org.springframework.context.annotation.internalCommonAnnotationProcessor&apos;
2015-04-04 18:11:12,900 [main] [org.springframework.beans.factory.support.DefaultListableBeanFactory]-[DEBUG] Eagerly caching bean &apos;org.springframework.context.annotation.internalCommonAnnotationProcessor&apos; to allow for resolving potential circular references
2015-04-04 18:11:12,900 [main] [org.springframework.beans.factory.support.DefaultListableBeanFactory]-[DEBUG] Finished creating instance of bean &apos;org.springframework.context.annotation.internalCommonAnnotationProcessor&apos;
2015-04-04 18:11:12,900 [main] [org.springframework.beans.factory.support.DefaultListableBeanFactory]-[DEBUG] Creating shared instance of singleton bean &apos;org.springframework.context.annotation.ConfigurationClassPostProcessor.importAwareProcessor&apos;
2015-04-04 18:11:12,900 [main] [org.springframework.beans.factory.support.DefaultListableBeanFactory]-[DEBUG] Creating instance of bean &apos;org.springframework.context.annotation.ConfigurationClassPostProcessor.importAwareProcessor&apos;
2015-04-04 18:11:12,900 [main] [org.springframework.beans.factory.support.DefaultListableBeanFactory]-[DEBUG] Eagerly caching bean &apos;org.springframework.context.annotation.ConfigurationClassPostProcessor.importAwareProcessor&apos; to allow for resolving potential circular references
2015-04-04 18:11:12,900 [main] [org.springframework.beans.factory.support.DefaultListableBeanFactory]-[DEBUG] Finished creating instance of bean &apos;org.springframework.context.annotation.ConfigurationClassPostProcessor.importAwareProcessor&apos;
2015-04-04 18:11:12,900 [main] [org.springframework.beans.factory.support.DefaultListableBeanFactory]-[DEBUG] Creating shared instance of singleton bean &apos;org.springframework.context.annotation.ConfigurationClassPostProcessor.enhancedConfigurationProcessor&apos;
2015-04-04 18:11:12,901 [main] [org.springframework.beans.factory.support.DefaultListableBeanFactory]-[DEBUG] Creating instance of bean &apos;org.springframework.context.annotation.ConfigurationClassPostProcessor.enhancedConfigurationProcessor&apos;
2015-04-04 18:11:12,901 [main] [org.springframework.beans.factory.support.DefaultListableBeanFactory]-[DEBUG] Eagerly caching bean &apos;org.springframework.context.annotation.ConfigurationClassPostProcessor.enhancedConfigurationProcessor&apos; to allow for resolving potential circular references
2015-04-04 18:11:12,901 [main] [org.springframework.beans.factory.support.DefaultListableBeanFactory]-[DEBUG] Finished creating instance of bean &apos;org.springframework.context.annotation.ConfigurationClassPostProcessor.enhancedConfigurationProcessor&apos;
2015-04-04 18:11:12,901 [main] [org.springframework.beans.factory.support.DefaultListableBeanFactory]-[DEBUG] Creating shared instance of singleton bean &apos;org.springframework.aop.config.internalAutoProxyCreator&apos;
2015-04-04 18:11:12,901 [main] [org.springframework.beans.factory.support.DefaultListableBeanFactory]-[DEBUG] Creating instance of bean &apos;org.springframework.aop.config.internalAutoProxyCreator&apos;
2015-04-04 18:11:12,902 [main] [org.springframework.beans.factory.support.DefaultListableBeanFactory]-[DEBUG] Eagerly caching bean &apos;org.springframework.aop.config.internalAutoProxyCreator&apos; to allow for resolving potential circular references
2015-04-04 18:11:12,902 [main] [org.springframework.beans.factory.support.DefaultListableBeanFactory]-[DEBUG] Finished creating instance of bean &apos;org.springframework.aop.config.internalAutoProxyCreator&apos;
2015-04-04 18:11:12,903 [main] [org.springframework.context.support.ClassPathXmlApplicationContext]-[DEBUG] Unable to locate MessageSource with name &apos;messageSource&apos;: using default [org.springframework.context.support.DelegatingMessageSource@3bcc7247]
2015-04-04 18:11:12,903 [main] [org.springframework.context.support.ClassPathXmlApplicationContext]-[DEBUG] Unable to locate ApplicationEventMulticaster with name &apos;applicationEventMulticaster&apos;: using default [org.springframework.context.event.SimpleApplicationEventMulticaster@6b62b1fc]
2015-04-04 18:11:12,905 [main] [org.springframework.beans.factory.support.DefaultListableBeanFactory]-[DEBUG] Pre-instantiating singletons in org.springframework.beans.factory.support.DefaultListableBeanFactory@5829e2c6: defining beans [sqlSessionFactory,org.mybatis.spring.mapper.MapperScannerConfigurer#0,transactionManager,txAdvice,org.springframework.aop.config.internalAutoProxyCreator,myPointcut,org.springframework.aop.support.DefaultBeanFactoryPointcutAdvisor#0,org.springframework.beans.factory.config.PropertyPlaceholderConfigurer#0,contentCategoryController,contentController,itemCatController,itemController,itemParamController,pageController,picUploadController,webItemCatController,contentCategoryService,contentService,itemCatService,itemDescService,itemParamItemService,itemParamService,itemService,picUploadService,org.springframework.context.annotation.internalConfigurationAnnotationProcessor,org.springframework.context.annotation.internalAutowiredAnnotationProcessor,org.springframework.context.annotation.internalRequiredAnnotationProcessor,org.springframework.context.annotation.internalCommonAnnotationProcessor,dataSource,org.springframework.context.annotation.ConfigurationClassPostProcessor.importAwareProcessor,org.springframework.context.annotation.ConfigurationClassPostProcessor.enhancedConfigurationProcessor,contentCategoryMapper,contentMapper,itemCatMapper,itemDescMapper,itemMapper,itemParamItemMapper,itemParamMapper]; root of factory hierarchy
2015-04-04 18:11:12,906 [main] [org.springframework.beans.factory.support.DefaultListableBeanFactory]-[DEBUG] Creating shared instance of singleton bean &apos;sqlSessionFactory&apos;
2015-04-04 18:11:12,906 [main] [org.springframework.beans.factory.support.DefaultListableBeanFactory]-[DEBUG] Creating instance of bean &apos;sqlSessionFactory&apos;
2015-04-04 18:11:12,907 [main] [org.springframework.beans.factory.support.DefaultListableBeanFactory]-[DEBUG] Creating shared instance of singleton bean &apos;org.springframework.aop.support.DefaultBeanFactoryPointcutAdvisor#0&apos;
2015-04-04 18:11:12,907 [main] [org.springframework.beans.factory.support.DefaultListableBeanFactory]-[DEBUG] Creating instance of bean &apos;org.springframework.aop.support.DefaultBeanFactoryPointcutAdvisor#0&apos;
2015-04-04 18:11:12,907 [main] [org.springframework.beans.factory.support.DefaultListableBeanFactory]-[DEBUG] Eagerly caching bean &apos;org.springframework.aop.support.DefaultBeanFactoryPointcutAdvisor#0&apos; to allow for resolving potential circular references
2015-04-04 18:11:12,908 [main] [org.springframework.beans.factory.support.DefaultListableBeanFactory]-[DEBUG] Creating instance of bean &apos;myPointcut&apos;
2015-04-04 18:11:12,908 [main] [org.springframework.beans.factory.support.DefaultListableBeanFactory]-[DEBUG] Finished creating instance of bean &apos;myPointcut&apos;
2015-04-04 18:11:12,909 [main] [org.springframework.beans.factory.support.DefaultListableBeanFactory]-[DEBUG] Finished creating instance of bean &apos;org.springframework.aop.support.DefaultBeanFactoryPointcutAdvisor#0&apos;
2015-04-04 18:11:12,909 [main] [org.springframework.beans.factory.support.DefaultListableBeanFactory]-[DEBUG] Eagerly caching bean &apos;sqlSessionFactory&apos; to allow for resolving potential circular references
2015-04-04 18:11:12,910 [main] [org.springframework.beans.factory.support.DefaultListableBeanFactory]-[DEBUG] Creating shared instance of singleton bean &apos;dataSource&apos;
2015-04-04 18:11:12,910 [main] [org.springframework.beans.factory.support.DefaultListableBeanFactory]-[DEBUG] Creating instance of bean &apos;dataSource&apos;
2015-04-04 18:11:12,910 [main] [org.springframework.beans.factory.support.DefaultListableBeanFactory]-[DEBUG] Returning cached instance of singleton bean &apos;org.springframework.aop.support.DefaultBeanFactoryPointcutAdvisor#0&apos;
2015-04-04 18:11:12,919 [main] [org.springframework.beans.factory.support.DefaultListableBeanFactory]-[DEBUG] Eagerly caching bean &apos;dataSource&apos; to allow for resolving potential circular references
2015-04-04 18:11:12,920 [main] [com.jolbox.bonecp.BoneCPConfig]-[WARN] Please use setIdleConnectionTestPeriodInMinutes in place of setIdleConnectionTestPeriod. This method has been deprecated.
2015-04-04 18:11:12,920 [main] [com.jolbox.bonecp.BoneCPConfig]-[WARN] Please use setIdleMaxAgeInMinutes in place of setIdleMaxAge. This method has been deprecated.
2015-04-04 18:11:12,920 [main] [org.springframework.beans.factory.support.DefaultListableBeanFactory]-[DEBUG] Returning cached instance of singleton bean &apos;org.springframework.aop.support.DefaultBeanFactoryPointcutAdvisor#0&apos;
2015-04-04 18:11:12,920 [main] [org.springframework.beans.factory.support.DefaultListableBeanFactory]-[DEBUG] Returning cached instance of singleton bean &apos;org.springframework.aop.support.DefaultBeanFactoryPointcutAdvisor#0&apos;
2015-04-04 18:11:12,936 [main] [org.springframework.beans.factory.support.DefaultListableBeanFactory]-[DEBUG] Finished creating instance of bean &apos;dataSource&apos;
2015-04-04 18:11:12,937 [main] [org.springframework.core.io.support.PathMatchingResourcePatternResolver]-[DEBUG] Looking for matching resources in directory tree [D:\work0326\eclipse-workspace\taotao-manage\taotao-manage-web\target\classes\mybatis\mappers]
2015-04-04 18:11:12,937 [main] [org.springframework.core.io.support.PathMatchingResourcePatternResolver]-[DEBUG] Searching directory [D:\work0326\eclipse-workspace\taotao-manage\taotao-manage-web\target\classes\mybatis\mappers] for files matching pattern [D:/work0326/eclipse-workspace/taotao-manage/taotao-manage-web/target/classes/mybatis/mappers/**/*.xml]
2015-04-04 18:11:12,937 [main] [org.springframework.core.io.support.PathMatchingResourcePatternResolver]-[DEBUG] Resolved location pattern [classpath:mybatis/mappers/**/*.xml] to resources [file [D:\work0326\eclipse-workspace\taotao-manage\taotao-manage-web\target\classes\mybatis\mappers\ContentMapper.xml], file [D:\work0326\eclipse-workspace\taotao-manage\taotao-manage-web\target\classes\mybatis\mappers\ItemCatMapper.xml]]
2015-04-04 18:11:12,938 [main] [org.springframework.beans.factory.support.DefaultListableBeanFactory]-[DEBUG] Invoking afterPropertiesSet() on bean with name &apos;sqlSessionFactory&apos;
2015-04-04 18:11:12,943 [main] [org.apache.ibatis.io.ResolverUtil]-[DEBUG] Find JAR URL: jar:file:/D:/work0326/eclipse-workspace/taotao-manage/taotao-manage-pojo/target/taotao-manage-pojo.jar!/com/taotao/manage/pojo
2015-04-04 18:11:12,943 [main] [org.apache.ibatis.io.ResolverUtil]-[DEBUG] Inner URL: file:/D:/work0326/eclipse-workspace/taotao-manage/taotao-manage-pojo/target/taotao-manage-pojo.jar!/com/taotao/manage/pojo
2015-04-04 18:11:12,943 [main] [org.apache.ibatis.io.ResolverUtil]-[DEBUG] Extracted JAR URL: file:/D:/work0326/eclipse-workspace/taotao-manage/taotao-manage-pojo/target/taotao-manage-pojo.jar
2015-04-04 18:11:12,943 [main] [org.apache.ibatis.io.ResolverUtil]-[DEBUG] Found JAR: file:/D:/work0326/eclipse-workspace/taotao-manage/taotao-manage-pojo/target/taotao-manage-pojo.jar
2015-04-04 18:11:12,943 [main] [org.apache.ibatis.io.ResolverUtil]-[DEBUG] Listing jar:file:/D:/work0326/eclipse-workspace/taotao-manage/taotao-manage-pojo/target/taotao-manage-pojo.jar!/com/taotao/manage/pojo
2015-04-04 18:11:12,944 [main] [org.apache.ibatis.io.ResolverUtil]-[DEBUG] Found resource: /com/taotao/manage/pojo/BasePojo.class
2015-04-04 18:11:12,944 [main] [org.apache.ibatis.io.ResolverUtil]-[DEBUG] Found resource: /com/taotao/manage/pojo/Content.class
2015-04-04 18:11:12,944 [main] [org.apache.ibatis.io.ResolverUtil]-[DEBUG] Found resource: /com/taotao/manage/pojo/ContentCategory.class
2015-04-04 18:11:12,944 [main] [org.apache.ibatis.io.ResolverUtil]-[DEBUG] Found resource: /com/taotao/manage/pojo/Item.class
2015-04-04 18:11:12,944 [main] [org.apache.ibatis.io.ResolverUtil]-[DEBUG] Found resource: /com/taotao/manage/pojo/ItemCat.class
2015-04-04 18:11:12,944 [main] [org.apache.ibatis.io.ResolverUtil]-[DEBUG] Found resource: /com/taotao/manage/pojo/ItemDesc.class
2015-04-04 18:11:12,945 [main] [org.apache.ibatis.io.ResolverUtil]-[DEBUG] Found resource: /com/taotao/manage/pojo/ItemParam.class
2015-04-04 18:11:12,945 [main] [org.apache.ibatis.io.ResolverUtil]-[DEBUG] Found resource: /com/taotao/manage/pojo/ItemParamItem.class
2015-04-04 18:11:12,945 [main] [org.apache.ibatis.io.ResolverUtil]-[DEBUG] Checking to see if class com.taotao.manage.pojo.BasePojo matches criteria [is assignable to Object]
2015-04-04 18:11:12,945 [main] [org.apache.ibatis.io.ResolverUtil]-[DEBUG] Checking to see if class com.taotao.manage.pojo.Content matches criteria [is assignable to Object]
2015-04-04 18:11:12,945 [main] [org.apache.ibatis.io.ResolverUtil]-[DEBUG] Checking to see if class com.taotao.manage.pojo.ContentCategory matches criteria [is assignable to Object]
2015-04-04 18:11:12,945 [main] [org.apache.ibatis.io.ResolverUtil]-[DEBUG] Checking to see if class com.taotao.manage.pojo.Item matches criteria [is assignable to Object]
2015-04-04 18:11:12,945 [main] [org.apache.ibatis.io.ResolverUtil]-[DEBUG] Checking to see if class com.taotao.manage.pojo.ItemCat matches criteria [is assignable to Object]
2015-04-04 18:11:12,945 [main] [org.apache.ibatis.io.ResolverUtil]-[DEBUG] Checking to see if class com.taotao.manage.pojo.ItemDesc matches criteria [is assignable to Object]
2015-04-04 18:11:12,945 [main] [org.apache.ibatis.io.ResolverUtil]-[DEBUG] Checking to see if class com.taotao.manage.pojo.ItemParam matches criteria [is assignable to Object]
2015-04-04 18:11:12,946 [main] [org.apache.ibatis.io.ResolverUtil]-[DEBUG] Checking to see if class com.taotao.manage.pojo.ItemParamItem matches criteria [is assignable to Object]
2015-04-04 18:11:12,946 [main] [org.mybatis.spring.SqlSessionFactoryBean]-[DEBUG] Scanned package: &apos;com.taotao.manage.pojo&apos; for aliases
2015-04-04 18:11:12,958 [main] [org.mybatis.spring.SqlSessionFactoryBean]-[DEBUG] Parsed configuration file: &apos;class path resource [mybatis/mybatis-config.xml]&apos;
2015-04-04 18:11:12,973 [main] [org.mybatis.spring.SqlSessionFactoryBean]-[DEBUG] Parsed mapper file: &apos;file [D:\work0326\eclipse-workspace\taotao-manage\taotao-manage-web\target\classes\mybatis\mappers\ContentMapper.xml]&apos;
2015-04-04 18:11:12,987 [main] [org.mybatis.spring.SqlSessionFactoryBean]-[DEBUG] Parsed mapper file: &apos;file [D:\work0326\eclipse-workspace\taotao-manage\taotao-manage-web\target\classes\mybatis\mappers\ItemCatMapper.xml]&apos;
2015-04-04 18:11:12,987 [main] [org.springframework.beans.factory.support.DefaultListableBeanFactory]-[DEBUG] Returning cached instance of singleton bean &apos;org.springframework.aop.support.DefaultBeanFactoryPointcutAdvisor#0&apos;
2015-04-04 18:11:12,987 [main] [org.springframework.beans.factory.support.DefaultListableBeanFactory]-[DEBUG] Returning cached instance of singleton bean &apos;org.springframework.aop.support.DefaultBeanFactoryPointcutAdvisor#0&apos;
2015-04-04 18:11:12,990 [main] [org.springframework.beans.factory.support.DefaultListableBeanFactory]-[DEBUG] Finished creating instance of bean &apos;sqlSessionFactory&apos;
2015-04-04 18:11:12,991 [main] [org.springframework.beans.factory.support.DefaultListableBeanFactory]-[DEBUG] Returning cached instance of singleton bean &apos;org.mybatis.spring.mapper.MapperScannerConfigurer#0&apos;
2015-04-04 18:11:12,991 [main] [org.springframework.beans.factory.support.DefaultListableBeanFactory]-[DEBUG] Creating shared instance of singleton bean &apos;transactionManager&apos;
2015-04-04 18:11:12,991 [main] [org.springframework.beans.factory.support.DefaultListableBeanFactory]-[DEBUG] Creating instance of bean &apos;transactionManager&apos;
2015-04-04 18:11:12,991 [main] [org.springframework.beans.factory.support.DefaultListableBeanFactory]-[DEBUG] Returning cached instance of singleton bean &apos;org.springframework.aop.support.DefaultBeanFactoryPointcutAdvisor#0&apos;
2015-04-04 18:11:12,991 [main] [org.springframework.beans.factory.support.DefaultListableBeanFactory]-[DEBUG] Eagerly caching bean &apos;transactionManager&apos; to allow for resolving potential circular references
2015-04-04 18:11:12,995 [main] [org.springframework.beans.factory.support.DefaultListableBeanFactory]-[DEBUG] Returning cached instance of singleton bean &apos;dataSource&apos;
2015-04-04 18:11:12,995 [main] [org.springframework.beans.factory.support.DefaultListableBeanFactory]-[DEBUG] Invoking afterPropertiesSet() on bean with name &apos;transactionManager&apos;
2015-04-04 18:11:12,995 [main] [org.springframework.beans.factory.support.DefaultListableBeanFactory]-[DEBUG] Returning cached instance of singleton bean &apos;org.springframework.aop.support.DefaultBeanFactoryPointcutAdvisor#0&apos;
2015-04-04 18:11:12,995 [main] [org.springframework.beans.factory.support.DefaultListableBeanFactory]-[DEBUG] Returning cached instance of singleton bean &apos;org.springframework.aop.support.DefaultBeanFactoryPointcutAdvisor#0&apos;
2015-04-04 18:11:12,998 [main] [org.springframework.beans.factory.support.DefaultListableBeanFactory]-[DEBUG] Finished creating instance of bean &apos;transactionManager&apos;
2015-04-04 18:11:12,998 [main] [org.springframework.beans.factory.support.DefaultListableBeanFactory]-[DEBUG] Creating shared instance of singleton bean &apos;txAdvice&apos;
2015-04-04 18:11:12,998 [main] [org.springframework.beans.factory.support.DefaultListableBeanFactory]-[DEBUG] Creating instance of bean &apos;txAdvice&apos;
2015-04-04 18:11:12,999 [main] [org.springframework.beans.factory.support.DefaultListableBeanFactory]-[DEBUG] Eagerly caching bean &apos;txAdvice&apos; to allow for resolving potential circular references
2015-04-04 18:11:12,999 [main] [org.springframework.beans.factory.support.DefaultListableBeanFactory]-[DEBUG] Returning cached instance of singleton bean &apos;transactionManager&apos;
2015-04-04 18:11:12,999 [main] [org.springframework.beans.factory.support.DefaultListableBeanFactory]-[DEBUG] Creating instance of bean &apos;(inner bean)#456a1dc6&apos;
2015-04-04 18:11:12,999 [main] [org.springframework.beans.factory.support.DefaultListableBeanFactory]-[DEBUG] Returning cached instance of singleton bean &apos;org.springframework.aop.support.DefaultBeanFactoryPointcutAdvisor#0&apos;
2015-04-04 18:11:13,000 [main] [org.springframework.transaction.interceptor.NameMatchTransactionAttributeSource]-[DEBUG] Adding transactional method [query*] with attribute [PROPAGATION_REQUIRED,ISOLATION_DEFAULT,readOnly]
2015-04-04 18:11:13,000 [main] [org.springframework.transaction.interceptor.NameMatchTransactionAttributeSource]-[DEBUG] Adding transactional method [*] with attribute [PROPAGATION_REQUIRED,ISOLATION_DEFAULT]
2015-04-04 18:11:13,000 [main] [org.springframework.beans.factory.support.DefaultListableBeanFactory]-[DEBUG] Returning cached instance of singleton bean &apos;org.springframework.aop.support.DefaultBeanFactoryPointcutAdvisor#0&apos;
2015-04-04 18:11:13,000 [main] [org.springframework.beans.factory.support.DefaultListableBeanFactory]-[DEBUG] Returning cached instance of singleton bean &apos;org.springframework.aop.support.DefaultBeanFactoryPointcutAdvisor#0&apos;
2015-04-04 18:11:13,002 [main] [org.springframework.beans.factory.support.DefaultListableBeanFactory]-[DEBUG] Finished creating instance of bean &apos;(inner bean)#456a1dc6&apos;
2015-04-04 18:11:13,003 [main] [org.springframework.beans.factory.support.DefaultListableBeanFactory]-[DEBUG] Invoking afterPropertiesSet() on bean with name &apos;txAdvice&apos;
2015-04-04 18:11:13,003 [main] [org.springframework.beans.factory.support.DefaultListableBeanFactory]-[DEBUG] Finished creating instance of bean &apos;txAdvice&apos;
2015-04-04 18:11:13,003 [main] [org.springframework.beans.factory.support.DefaultListableBeanFactory]-[DEBUG] Returning cached instance of singleton bean &apos;org.springframework.aop.config.internalAutoProxyCreator&apos;
2015-04-04 18:11:13,003 [main] [org.springframework.beans.factory.support.DefaultListableBeanFactory]-[DEBUG] Returning cached instance of singleton bean &apos;org.springframework.aop.support.DefaultBeanFactoryPointcutAdvisor#0&apos;
2015-04-04 18:11:13,003 [main] [org.springframework.beans.factory.support.DefaultListableBeanFactory]-[DEBUG] Returning cached instance of singleton bean &apos;org.springframework.beans.factory.config.PropertyPlaceholderConfigurer#0&apos;
2015-04-04 18:11:13,003 [main] [org.springframework.beans.factory.support.DefaultListableBeanFactory]-[DEBUG] Creating shared instance of singleton bean &apos;contentCategoryController&apos;
2015-04-04 18:11:13,003 [main] [org.springframework.beans.factory.support.DefaultListableBeanFactory]-[DEBUG] Creating instance of bean &apos;contentCategoryController&apos;
2015-04-04 18:11:13,003 [main] [org.springframework.beans.factory.support.DefaultListableBeanFactory]-[DEBUG] Returning cached instance of singleton bean &apos;org.springframework.aop.support.DefaultBeanFactoryPointcutAdvisor#0&apos;
2015-04-04 18:11:13,005 [main] [org.springframework.beans.factory.annotation.InjectionMetadata]-[DEBUG] Registered injected element on class [com.taotao.manage.controller.ContentCategoryController]: AutowiredFieldElement for private com.taotao.manage.service.ContentCategoryService com.taotao.manage.controller.ContentCategoryController.contentCategoryService
2015-04-04 18:11:13,005 [main] [org.springframework.beans.factory.support.DefaultListableBeanFactory]-[DEBUG] Eagerly caching bean &apos;contentCategoryController&apos; to allow for resolving potential circular references
2015-04-04 18:11:13,005 [main] [org.springframework.beans.factory.annotation.InjectionMetadata]-[DEBUG] Processing injected method of bean &apos;contentCategoryController&apos;: AutowiredFieldElement for private com.taotao.manage.service.ContentCategoryService com.taotao.manage.controller.ContentCategoryController.contentCategoryService
2015-04-04 18:11:13,005 [main] [org.springframework.beans.factory.support.DefaultListableBeanFactory]-[DEBUG] Returning cached instance of singleton bean &apos;org.springframework.aop.support.DefaultBeanFactoryPointcutAdvisor#0&apos;
2015-04-04 18:11:13,006 [main] [org.springframework.beans.factory.support.DefaultListableBeanFactory]-[DEBUG] Creating shared instance of singleton bean &apos;contentCategoryMapper&apos;
2015-04-04 18:11:13,006 [main] [org.springframework.beans.factory.support.DefaultListableBeanFactory]-[DEBUG] Creating instance of bean &apos;contentCategoryMapper&apos;
2015-04-04 18:11:13,006 [main] [org.springframework.beans.factory.support.DefaultListableBeanFactory]-[DEBUG] Eagerly caching bean &apos;contentCategoryMapper&apos; to allow for resolving potential circular references
2015-04-04 18:11:13,006 [main] [org.springframework.beans.factory.support.DefaultListableBeanFactory]-[DEBUG] Returning cached instance of singleton bean &apos;org.springframework.aop.support.DefaultBeanFactoryPointcutAdvisor#0&apos;
2015-04-04 18:11:13,007 [main] [org.springframework.beans.factory.support.DefaultListableBeanFactory]-[DEBUG] Returning cached instance of singleton bean &apos;org.springframework.aop.support.DefaultBeanFactoryPointcutAdvisor#0&apos;
2015-04-04 18:11:13,008 [main] [org.springframework.beans.factory.support.DefaultListableBeanFactory]-[DEBUG] Returning eagerly cached instance of singleton bean &apos;contentCategoryMapper&apos; that is not fully initialized yet - a consequence of a circular reference
2015-04-04 18:11:13,008 [main] [org.springframework.beans.factory.support.DefaultListableBeanFactory]-[DEBUG] Returning cached instance of singleton bean &apos;org.springframework.aop.support.DefaultBeanFactoryPointcutAdvisor#0&apos;
2015-04-04 18:11:13,009 [main] [org.springframework.beans.factory.support.DefaultListableBeanFactory]-[DEBUG] Creating shared instance of singleton bean &apos;contentMapper&apos;
2015-04-04 18:11:13,009 [main] [org.springframework.beans.factory.support.DefaultListableBeanFactory]-[DEBUG] Creating instance of bean &apos;contentMapper&apos;
2015-04-04 18:11:13,009 [main] [org.springframework.beans.factory.support.DefaultListableBeanFactory]-[DEBUG] Eagerly caching bean &apos;contentMapper&apos; to allow for resolving potential circular references
2015-04-04 18:11:13,009 [main] [org.springframework.beans.factory.support.DefaultListableBeanFactory]-[DEBUG] Returning cached instance of singleton bean &apos;org.springframework.aop.support.DefaultBeanFactoryPointcutAdvisor#0&apos;
2015-04-04 18:11:13,009 [main] [org.springframework.beans.factory.support.DefaultListableBeanFactory]-[DEBUG] Returning cached instance of singleton bean &apos;org.springframework.aop.support.DefaultBeanFactoryPointcutAdvisor#0&apos;
2015-04-04 18:11:13,010 [main] [org.springframework.beans.factory.support.DefaultListableBeanFactory]-[DEBUG] Returning eagerly cached instance of singleton bean &apos;contentMapper&apos; that is not fully initialized yet - a consequence of a circular reference
2015-04-04 18:11:13,010 [main] [org.springframework.beans.factory.support.DefaultListableBeanFactory]-[DEBUG] Returning cached instance of singleton bean &apos;org.springframework.aop.support.DefaultBeanFactoryPointcutAdvisor#0&apos;
2015-04-04 18:11:13,010 [main] [org.springframework.beans.factory.support.DefaultListableBeanFactory]-[DEBUG] Creating shared instance of singleton bean &apos;itemCatMapper&apos;
2015-04-04 18:11:13,010 [main] [org.springframework.beans.factory.support.DefaultListableBeanFactory]-[DEBUG] Creating instance of bean &apos;itemCatMapper&apos;
2015-04-04 18:11:13,010 [main] [org.springframework.beans.factory.support.DefaultListableBeanFactory]-[DEBUG] Eagerly caching bean &apos;itemCatMapper&apos; to allow for resolving potential circular references
2015-04-04 18:11:13,011 [main] [org.springframework.beans.factory.support.DefaultListableBeanFactory]-[DEBUG] Returning cached instance of singleton bean &apos;org.springframework.aop.support.DefaultBeanFactoryPointcutAdvisor#0&apos;
2015-04-04 18:11:13,011 [main] [org.springframework.beans.factory.support.DefaultListableBeanFactory]-[DEBUG] Returning cached instance of singleton bean &apos;org.springframework.aop.support.DefaultBeanFactoryPointcutAdvisor#0&apos;
2015-04-04 18:11:13,011 [main] [org.springframework.beans.factory.support.DefaultListableBeanFactory]-[DEBUG] Returning eagerly cached instance of singleton bean &apos;itemCatMapper&apos; that is not fully initialized yet - a consequence of a circular reference
2015-04-04 18:11:13,011 [main] [org.springframework.beans.factory.support.DefaultListableBeanFactory]-[DEBUG] Returning cached instance of singleton bean &apos;org.springframework.aop.support.DefaultBeanFactoryPointcutAdvisor#0&apos;
2015-04-04 18:11:13,011 [main] [org.springframework.beans.factory.support.DefaultListableBeanFactory]-[DEBUG] Creating shared instance of singleton bean &apos;itemDescMapper&apos;
2015-04-04 18:11:13,011 [main] [org.springframework.beans.factory.support.DefaultListableBeanFactory]-[DEBUG] Creating instance of bean &apos;itemDescMapper&apos;
2015-04-04 18:11:13,012 [main] [org.springframework.beans.factory.support.DefaultListableBeanFactory]-[DEBUG] Eagerly caching bean &apos;itemDescMapper&apos; to allow for resolving potential circular references
2015-04-04 18:11:13,012 [main] [org.springframework.beans.factory.support.DefaultListableBeanFactory]-[DEBUG] Returning cached instance of singleton bean &apos;org.springframework.aop.support.DefaultBeanFactoryPointcutAdvisor#0&apos;
2015-04-04 18:11:13,012 [main] [org.springframework.beans.factory.support.DefaultListableBeanFactory]-[DEBUG] Returning cached instance of singleton bean &apos;org.springframework.aop.support.DefaultBeanFactoryPointcutAdvisor#0&apos;
2015-04-04 18:11:13,012 [main] [org.springframework.beans.factory.support.DefaultListableBeanFactory]-[DEBUG] Returning eagerly cached instance of singleton bean &apos;itemDescMapper&apos; that is not fully initialized yet - a consequence of a circular reference
2015-04-04 18:11:13,012 [main] [org.springframework.beans.factory.support.DefaultListableBeanFactory]-[DEBUG] Returning cached instance of singleton bean &apos;org.springframework.aop.support.DefaultBeanFactoryPointcutAdvisor#0&apos;
2015-04-04 18:11:13,012 [main] [org.springframework.beans.factory.support.DefaultListableBeanFactory]-[DEBUG] Creating shared instance of singleton bean &apos;itemMapper&apos;
2015-04-04 18:11:13,012 [main] [org.springframework.beans.factory.support.DefaultListableBeanFactory]-[DEBUG] Creating instance of bean &apos;itemMapper&apos;
2015-04-04 18:11:13,012 [main] [org.springframework.beans.factory.support.DefaultListableBeanFactory]-[DEBUG] Eagerly caching bean &apos;itemMapper&apos; to allow for resolving potential circular references
2015-04-04 18:11:13,013 [main] [org.springframework.beans.factory.support.DefaultListableBeanFactory]-[DEBUG] Returning cached instance of singleton bean &apos;org.springframework.aop.support.DefaultBeanFactoryPointcutAdvisor#0&apos;
2015-04-04 18:11:13,013 [main] [org.springframework.beans.factory.support.DefaultListableBeanFactory]-[DEBUG] Returning cached instance of singleton bean &apos;org.springframework.aop.support.DefaultBeanFactoryPointcutAdvisor#0&apos;
2015-04-04 18:11:13,013 [main] [org.springframework.beans.factory.support.DefaultListableBeanFactory]-[DEBUG] Returning eagerly cached instance of singleton bean &apos;itemMapper&apos; that is not fully initialized yet - a consequence of a circular reference
2015-04-04 18:11:13,013 [main] [org.springframework.beans.factory.support.DefaultListableBeanFactory]-[DEBUG] Returning cached instance of singleton bean &apos;org.springframework.aop.support.DefaultBeanFactoryPointcutAdvisor#0&apos;
2015-04-04 18:11:13,013 [main] [org.springframework.beans.factory.support.DefaultListableBeanFactory]-[DEBUG] Creating shared instance of singleton bean &apos;itemParamItemMapper&apos;
2015-04-04 18:11:13,013 [main] [org.springframework.beans.factory.support.DefaultListableBeanFactory]-[DEBUG] Creating instance of bean &apos;itemParamItemMapper&apos;
2015-04-04 18:11:13,014 [main] [org.springframework.beans.factory.support.DefaultListableBeanFactory]-[DEBUG] Eagerly caching bean &apos;itemParamItemMapper&apos; to allow for resolving potential circular references
2015-04-04 18:11:13,014 [main] [org.springframework.beans.factory.support.DefaultListableBeanFactory]-[DEBUG] Returning cached instance of singleton bean &apos;org.springframework.aop.support.DefaultBeanFactoryPointcutAdvisor#0&apos;
2015-04-04 18:11:13,014 [main] [org.springframework.beans.factory.support.DefaultListableBeanFactory]-[DEBUG] Returning cached instance of singleton bean &apos;org.springframework.aop.support.DefaultBeanFactoryPointcutAdvisor#0&apos;
2015-04-04 18:11:13,014 [main] [org.springframework.beans.factory.support.DefaultListableBeanFactory]-[DEBUG] Returning eagerly cached instance of singleton bean &apos;itemParamItemMapper&apos; that is not fully initialized yet - a consequence of a circular reference
2015-04-04 18:11:13,014 [main] [org.springframework.beans.factory.support.DefaultListableBeanFactory]-[DEBUG] Returning cached instance of singleton bean &apos;org.springframework.aop.support.DefaultBeanFactoryPointcutAdvisor#0&apos;
2015-04-04 18:11:13,014 [main] [org.springframework.beans.factory.support.DefaultListableBeanFactory]-[DEBUG] Creating shared instance of singleton bean &apos;itemParamMapper&apos;
2015-04-04 18:11:13,015 [main] [org.springframework.beans.factory.support.DefaultListableBeanFactory]-[DEBUG] Creating instance of bean &apos;itemParamMapper&apos;
2015-04-04 18:11:13,015 [main] [org.springframework.beans.factory.support.DefaultListableBeanFactory]-[DEBUG] Eagerly caching bean &apos;itemParamMapper&apos; to allow for resolving potential circular references
2015-04-04 18:11:13,015 [main] [org.springframework.beans.factory.support.DefaultListableBeanFactory]-[DEBUG] Returning cached instance of singleton bean &apos;org.springframework.aop.support.DefaultBeanFactoryPointcutAdvisor#0&apos;
2015-04-04 18:11:13,015 [main] [org.springframework.beans.factory.support.DefaultListableBeanFactory]-[DEBUG] Returning cached instance of singleton bean &apos;org.springframework.aop.support.DefaultBeanFactoryPointcutAdvisor#0&apos;
2015-04-04 18:11:13,015 [main] [org.springframework.beans.factory.support.DefaultListableBeanFactory]-[DEBUG] Returning eagerly cached instance of singleton bean &apos;itemParamMapper&apos; that is not fully initialized yet - a consequence of a circular reference
2015-04-04 18:11:13,016 [main] [org.springframework.beans.factory.support.DefaultListableBeanFactory]-[DEBUG] Returning cached instance of singleton bean &apos;sqlSessionFactory&apos;
2015-04-04 18:11:13,016 [main] [org.springframework.beans.factory.support.DefaultListableBeanFactory]-[DEBUG] Returning cached instance of singleton bean &apos;org.springframework.aop.support.DefaultBeanFactoryPointcutAdvisor#0&apos;
2015-04-04 18:11:13,016 [main] [org.springframework.beans.factory.support.DefaultListableBeanFactory]-[DEBUG] Returning cached instance of singleton bean &apos;org.springframework.aop.support.DefaultBeanFactoryPointcutAdvisor#0&apos;
2015-04-04 18:11:13,017 [main] [org.springframework.beans.factory.support.DefaultListableBeanFactory]-[DEBUG] Autowiring by type from bean name &apos;itemParamMapper&apos; via property &apos;sqlSessionFactory&apos; to bean named &apos;sqlSessionFactory&apos;
2015-04-04 18:11:13,018 [main] [org.springframework.beans.factory.support.DefaultListableBeanFactory]-[DEBUG] Invoking afterPropertiesSet() on bean with name &apos;itemParamMapper&apos;
2015-04-04 18:11:13,020 [main] [org.springframework.beans.factory.support.DefaultListableBeanFactory]-[DEBUG] Finished creating instance of bean &apos;itemParamMapper&apos;
2015-04-04 18:11:13,020 [main] [org.springframework.beans.factory.support.DefaultListableBeanFactory]-[DEBUG] Returning cached instance of singleton bean &apos;sqlSessionFactory&apos;
2015-04-04 18:11:13,020 [main] [org.springframework.beans.factory.support.DefaultListableBeanFactory]-[DEBUG] Autowiring by type from bean name &apos;itemParamItemMapper&apos; via property &apos;sqlSessionFactory&apos; to bean named &apos;sqlSessionFactory&apos;
2015-04-04 18:11:13,020 [main] [org.springframework.beans.factory.support.DefaultListableBeanFactory]-[DEBUG] Invoking afterPropertiesSet() on bean with name &apos;itemParamItemMapper&apos;
2015-04-04 18:11:13,022 [main] [org.springframework.beans.factory.support.DefaultListableBeanFactory]-[DEBUG] Finished creating instance of bean &apos;itemParamItemMapper&apos;
2015-04-04 18:11:13,022 [main] [org.springframework.beans.factory.support.DefaultListableBeanFactory]-[DEBUG] Returning cached instance of singleton bean &apos;sqlSessionFactory&apos;
2015-04-04 18:11:13,022 [main] [org.springframework.beans.factory.support.DefaultListableBeanFactory]-[DEBUG] Autowiring by type from bean name &apos;itemMapper&apos; via property &apos;sqlSessionFactory&apos; to bean named &apos;sqlSessionFactory&apos;
2015-04-04 18:11:13,023 [main] [org.springframework.beans.factory.support.DefaultListableBeanFactory]-[DEBUG] Invoking afterPropertiesSet() on bean with name &apos;itemMapper&apos;
2015-04-04 18:11:13,024 [main] [org.springframework.beans.factory.support.DefaultListableBeanFactory]-[DEBUG] Finished creating instance of bean &apos;itemMapper&apos;
2015-04-04 18:11:13,025 [main] [org.springframework.beans.factory.support.DefaultListableBeanFactory]-[DEBUG] Returning cached instance of singleton bean &apos;sqlSessionFactory&apos;
2015-04-04 18:11:13,025 [main] [org.springframework.beans.factory.support.DefaultListableBeanFactory]-[DEBUG] Autowiring by type from bean name &apos;itemDescMapper&apos; via property &apos;sqlSessionFactory&apos; to bean named &apos;sqlSessionFactory&apos;
2015-04-04 18:11:13,025 [main] [org.springframework.beans.factory.support.DefaultListableBeanFactory]-[DEBUG] Invoking afterPropertiesSet() on bean with name &apos;itemDescMapper&apos;
2015-04-04 18:11:13,027 [main] [org.springframework.beans.factory.support.DefaultListableBeanFactory]-[DEBUG] Finished creating instance of bean &apos;itemDescMapper&apos;
2015-04-04 18:11:13,027 [main] [org.springframework.beans.factory.support.DefaultListableBeanFactory]-[DEBUG] Returning cached instance of singleton bean &apos;sqlSessionFactory&apos;
2015-04-04 18:11:13,027 [main] [org.springframework.beans.factory.support.DefaultListableBeanFactory]-[DEBUG] Autowiring by type from bean name &apos;itemCatMapper&apos; via property &apos;sqlSessionFactory&apos; to bean named &apos;sqlSessionFactory&apos;
2015-04-04 18:11:13,027 [main] [org.springframework.beans.factory.support.DefaultListableBeanFactory]-[DEBUG] Invoking afterPropertiesSet() on bean with name &apos;itemCatMapper&apos;
2015-04-04 18:11:13,028 [main] [org.springframework.beans.factory.support.DefaultListableBeanFactory]-[DEBUG] Finished creating instance of bean &apos;itemCatMapper&apos;
2015-04-04 18:11:13,028 [main] [org.springframework.beans.factory.support.DefaultListableBeanFactory]-[DEBUG] Returning cached instance of singleton bean &apos;sqlSessionFactory&apos;
2015-04-04 18:11:13,028 [main] [org.springframework.beans.factory.support.DefaultListableBeanFactory]-[DEBUG] Autowiring by type from bean name &apos;contentMapper&apos; via property &apos;sqlSessionFactory&apos; to bean named &apos;sqlSessionFactory&apos;
2015-04-04 18:11:13,028 [main] [org.springframework.beans.factory.support.DefaultListableBeanFactory]-[DEBUG] Invoking afterPropertiesSet() on bean with name &apos;contentMapper&apos;
2015-04-04 18:11:13,028 [main] [org.springframework.beans.factory.support.DefaultListableBeanFactory]-[DEBUG] Finished creating instance of bean &apos;contentMapper&apos;
2015-04-04 18:11:13,028 [main] [org.springframework.beans.factory.support.DefaultListableBeanFactory]-[DEBUG] Returning cached instance of singleton bean &apos;sqlSessionFactory&apos;
2015-04-04 18:11:13,028 [main] [org.springframework.beans.factory.support.DefaultListableBeanFactory]-[DEBUG] Autowiring by type from bean name &apos;contentCategoryMapper&apos; via property &apos;sqlSessionFactory&apos; to bean named &apos;sqlSessionFactory&apos;
2015-04-04 18:11:13,028 [main] [org.springframework.beans.factory.support.DefaultListableBeanFactory]-[DEBUG] Invoking afterPropertiesSet() on bean with name &apos;contentCategoryMapper&apos;
2015-04-04 18:11:13,030 [main] [org.springframework.beans.factory.support.DefaultListableBeanFactory]-[DEBUG] Finished creating instance of bean &apos;contentCategoryMapper&apos;
2015-04-04 18:11:13,030 [main] [org.springframework.beans.factory.support.DefaultListableBeanFactory]-[DEBUG] Creating shared instance of singleton bean &apos;contentCategoryService&apos;
2015-04-04 18:11:13,030 [main] [org.springframework.beans.factory.support.DefaultListableBeanFactory]-[DEBUG] Creating instance of bean &apos;contentCategoryService&apos;
2015-04-04 18:11:13,031 [main] [org.springframework.beans.factory.support.DefaultListableBeanFactory]-[DEBUG] Returning cached instance of singleton bean &apos;org.springframework.aop.support.DefaultBeanFactoryPointcutAdvisor#0&apos;
2015-04-04 18:11:13,031 [main] [org.springframework.beans.factory.annotation.InjectionMetadata]-[DEBUG] Registered injected element on class [com.taotao.manage.service.ContentCategoryService]: AutowiredFieldElement for private com.taotao.manage.base.mapper.TaotaoMapper com.taotao.manage.service.BaseService.taotaoMapper
2015-04-04 18:11:13,031 [main] [org.springframework.beans.factory.support.DefaultListableBeanFactory]-[DEBUG] Eagerly caching bean &apos;contentCategoryService&apos; to allow for resolving potential circular references
2015-04-04 18:11:13,031 [main] [org.springframework.beans.factory.annotation.InjectionMetadata]-[DEBUG] Processing injected method of bean &apos;contentCategoryService&apos;: AutowiredFieldElement for private com.taotao.manage.base.mapper.TaotaoMapper com.taotao.manage.service.BaseService.taotaoMapper
2015-04-04 18:11:13,032 [main] [org.springframework.beans.factory.support.DefaultListableBeanFactory]-[DEBUG] Returning cached instance of singleton bean &apos;contentCategoryMapper&apos;
2015-04-04 18:11:13,032 [main] [org.springframework.beans.factory.support.DefaultListableBeanFactory]-[DEBUG] Returning cached instance of singleton bean &apos;org.springframework.aop.support.DefaultBeanFactoryPointcutAdvisor#0&apos;
2015-04-04 18:11:13,032 [main] [org.springframework.beans.factory.support.DefaultListableBeanFactory]-[DEBUG] Returning cached instance of singleton bean &apos;org.springframework.aop.support.DefaultBeanFactoryPointcutAdvisor#0&apos;
2015-04-04 18:11:13,035 [main] [org.springframework.beans.factory.annotation.AutowiredAnnotationBeanPostProcessor]-[DEBUG] Autowiring by type from bean name &apos;contentCategoryService&apos; to bean named &apos;contentCategoryMapper&apos;
2015-04-04 18:11:13,035 [main] [org.springframework.beans.factory.support.DefaultListableBeanFactory]-[DEBUG] Returning cached instance of singleton bean &apos;org.springframework.aop.support.DefaultBeanFactoryPointcutAdvisor#0&apos;
2015-04-04 18:11:13,035 [main] [org.springframework.beans.factory.support.DefaultListableBeanFactory]-[DEBUG] Returning cached instance of singleton bean &apos;org.springframework.aop.support.DefaultBeanFactoryPointcutAdvisor#0&apos;
2015-04-04 18:11:13,036 [main] [org.springframework.beans.factory.support.DefaultListableBeanFactory]-[DEBUG] Returning cached instance of singleton bean &apos;txAdvice&apos;
2015-04-04 18:11:13,036 [main] [org.springframework.aop.aspectj.autoproxy.AspectJAwareAdvisorAutoProxyCreator]-[DEBUG] Creating implicit proxy for bean &apos;contentCategoryService&apos; with 0 common interceptors and 2 specific interceptors
2015-04-04 18:11:13,036 [main] [org.springframework.aop.framework.CglibAopProxy]-[DEBUG] Creating CGLIB proxy: target source is SingletonTargetSource for target object [com.taotao.manage.service.ContentCategoryService@6f9301b9]
2015-04-04 18:11:13,037 [main] [org.springframework.beans.factory.support.DefaultListableBeanFactory]-[DEBUG] Finished creating instance of bean &apos;contentCategoryService&apos;
2015-04-04 18:11:13,037 [main] [org.springframework.beans.factory.annotation.AutowiredAnnotationBeanPostProcessor]-[DEBUG] Autowiring by type from bean name &apos;contentCategoryController&apos; to bean named &apos;contentCategoryService&apos;
2015-04-04 18:11:13,037 [main] [org.springframework.beans.factory.support.DefaultListableBeanFactory]-[DEBUG] Returning cached instance of singleton bean &apos;org.springframework.aop.support.DefaultBeanFactoryPointcutAdvisor#0&apos;
2015-04-04 18:11:13,037 [main] [org.springframework.beans.factory.support.DefaultListableBeanFactory]-[DEBUG] Returning cached instance of singleton bean &apos;org.springframework.aop.support.DefaultBeanFactoryPointcutAdvisor#0&apos;
2015-04-04 18:11:13,038 [main] [org.springframework.beans.factory.support.DefaultListableBeanFactory]-[DEBUG] Finished creating instance of bean &apos;contentCategoryController&apos;
2015-04-04 18:11:13,038 [main] [org.springframework.beans.factory.support.DefaultListableBeanFactory]-[DEBUG] Creating shared instance of singleton bean &apos;contentController&apos;
2015-04-04 18:11:13,038 [main] [org.springframework.beans.factory.support.DefaultListableBeanFactory]-[DEBUG] Creating instance of bean &apos;contentController&apos;
2015-04-04 18:11:13,038 [main] [org.springframework.beans.factory.support.DefaultListableBeanFactory]-[DEBUG] Returning cached instance of singleton bean &apos;org.springframework.aop.support.DefaultBeanFactoryPointcutAdvisor#0&apos;
2015-04-04 18:11:13,039 [main] [org.springframework.beans.factory.annotation.InjectionMetadata]-[DEBUG] Registered injected element on class [com.taotao.manage.controller.ContentController]: AutowiredFieldElement for private com.taotao.manage.service.ContentService com.taotao.manage.controller.ContentController.contentService
2015-04-04 18:11:13,039 [main] [org.springframework.beans.factory.support.DefaultListableBeanFactory]-[DEBUG] Eagerly caching bean &apos;contentController&apos; to allow for resolving potential circular references
2015-04-04 18:11:13,040 [main] [org.springframework.beans.factory.annotation.InjectionMetadata]-[DEBUG] Processing injected method of bean &apos;contentController&apos;: AutowiredFieldElement for private com.taotao.manage.service.ContentService com.taotao.manage.controller.ContentController.contentService
2015-04-04 18:11:13,040 [main] [org.springframework.beans.factory.support.DefaultListableBeanFactory]-[DEBUG] Creating shared instance of singleton bean &apos;contentService&apos;
2015-04-04 18:11:13,040 [main] [org.springframework.beans.factory.support.DefaultListableBeanFactory]-[DEBUG] Creating instance of bean &apos;contentService&apos;
2015-04-04 18:11:13,040 [main] [org.springframework.beans.factory.support.DefaultListableBeanFactory]-[DEBUG] Returning cached instance of singleton bean &apos;org.springframework.aop.support.DefaultBeanFactoryPointcutAdvisor#0&apos;
2015-04-04 18:11:13,041 [main] [org.springframework.beans.factory.annotation.InjectionMetadata]-[DEBUG] Registered injected element on class [com.taotao.manage.service.ContentService]: AutowiredFieldElement for private com.taotao.manage.base.mapper.TaotaoMapper com.taotao.manage.service.BaseService.taotaoMapper
2015-04-04 18:11:13,041 [main] [org.springframework.beans.factory.annotation.InjectionMetadata]-[DEBUG] Registered injected element on class [com.taotao.manage.service.ContentService]: AutowiredFieldElement for private com.taotao.manage.mapper.ContentMapper com.taotao.manage.service.ContentService.contentMapper
2015-04-04 18:11:13,041 [main] [org.springframework.beans.factory.support.DefaultListableBeanFactory]-[DEBUG] Eagerly caching bean &apos;contentService&apos; to allow for resolving potential circular references
2015-04-04 18:11:13,041 [main] [org.springframework.beans.factory.annotation.InjectionMetadata]-[DEBUG] Processing injected method of bean &apos;contentService&apos;: AutowiredFieldElement for private com.taotao.manage.base.mapper.TaotaoMapper com.taotao.manage.service.BaseService.taotaoMapper
2015-04-04 18:11:13,042 [main] [org.springframework.beans.factory.support.DefaultListableBeanFactory]-[DEBUG] Returning cached instance of singleton bean &apos;contentMapper&apos;
2015-04-04 18:11:13,042 [main] [org.springframework.beans.factory.support.DefaultListableBeanFactory]-[DEBUG] Returning cached instance of singleton bean &apos;org.springframework.aop.support.DefaultBeanFactoryPointcutAdvisor#0&apos;
2015-04-04 18:11:13,042 [main] [org.springframework.beans.factory.support.DefaultListableBeanFactory]-[DEBUG] Returning cached instance of singleton bean &apos;org.springframework.aop.support.DefaultBeanFactoryPointcutAdvisor#0&apos;
2015-04-04 18:11:13,045 [main] [org.springframework.beans.factory.annotation.AutowiredAnnotationBeanPostProcessor]-[DEBUG] Autowiring by type from bean name &apos;contentService&apos; to bean named &apos;contentMapper&apos;
2015-04-04 18:11:13,046 [main] [org.springframework.beans.factory.annotation.InjectionMetadata]-[DEBUG] Processing injected method of bean &apos;contentService&apos;: AutowiredFieldElement for private com.taotao.manage.mapper.ContentMapper com.taotao.manage.service.ContentService.contentMapper
2015-04-04 18:11:13,046 [main] [org.springframework.beans.factory.support.DefaultListableBeanFactory]-[DEBUG] Returning cached instance of singleton bean &apos;contentMapper&apos;
2015-04-04 18:11:13,046 [main] [org.springframework.beans.factory.annotation.AutowiredAnnotationBeanPostProcessor]-[DEBUG] Autowiring by type from bean name &apos;contentService&apos; to bean named &apos;contentMapper&apos;
2015-04-04 18:11:13,046 [main] [org.springframework.beans.factory.support.DefaultListableBeanFactory]-[DEBUG] Returning cached instance of singleton bean &apos;org.springframework.aop.support.DefaultBeanFactoryPointcutAdvisor#0&apos;
2015-04-04 18:11:13,046 [main] [org.springframework.beans.factory.support.DefaultListableBeanFactory]-[DEBUG] Returning cached instance of singleton bean &apos;org.springframework.aop.support.DefaultBeanFactoryPointcutAdvisor#0&apos;
2015-04-04 18:11:13,047 [main] [org.springframework.aop.aspectj.autoproxy.AspectJAwareAdvisorAutoProxyCreator]-[DEBUG] Creating implicit proxy for bean &apos;contentService&apos; with 0 common interceptors and 2 specific interceptors
2015-04-04 18:11:13,047 [main] [org.springframework.aop.framework.CglibAopProxy]-[DEBUG] Creating CGLIB proxy: target source is SingletonTargetSource for target object [com.taotao.manage.service.ContentService@48521df3]
2015-04-04 18:11:13,048 [main] [org.springframework.beans.factory.support.DefaultListableBeanFactory]-[DEBUG] Finished creating instance of bean &apos;contentService&apos;
2015-04-04 18:11:13,048 [main] [org.springframework.beans.factory.annotation.AutowiredAnnotationBeanPostProcessor]-[DEBUG] Autowiring by type from bean name &apos;contentController&apos; to bean named &apos;contentService&apos;
2015-04-04 18:11:13,048 [main] [org.springframework.beans.factory.support.DefaultListableBeanFactory]-[DEBUG] Returning cached instance of singleton bean &apos;org.springframework.aop.support.DefaultBeanFactoryPointcutAdvisor#0&apos;
2015-04-04 18:11:13,048 [main] [org.springframework.beans.factory.support.DefaultListableBeanFactory]-[DEBUG] Returning cached instance of singleton bean &apos;org.springframework.aop.support.DefaultBeanFactoryPointcutAdvisor#0&apos;
2015-04-04 18:11:13,048 [main] [org.springframework.beans.factory.support.DefaultListableBeanFactory]-[DEBUG] Finished creating instance of bean &apos;contentController&apos;
2015-04-04 18:11:13,049 [main] [org.springframework.beans.factory.support.DefaultListableBeanFactory]-[DEBUG] Creating shared instance of singleton bean &apos;itemCatController&apos;
2015-04-04 18:11:13,049 [main] [org.springframework.beans.factory.support.DefaultListableBeanFactory]-[DEBUG] Creating instance of bean &apos;itemCatController&apos;
2015-04-04 18:11:13,049 [main] [org.springframework.beans.factory.support.DefaultListableBeanFactory]-[DEBUG] Returning cached instance of singleton bean &apos;org.springframework.aop.support.DefaultBeanFactoryPointcutAdvisor#0&apos;
2015-04-04 18:11:13,050 [main] [org.springframework.beans.factory.annotation.InjectionMetadata]-[DEBUG] Registered injected element on class [com.taotao.manage.controller.ItemCatController]: AutowiredFieldElement for private com.taotao.manage.service.ItemCatService com.taotao.manage.controller.ItemCatController.itemCatService
2015-04-04 18:11:13,050 [main] [org.springframework.beans.factory.support.DefaultListableBeanFactory]-[DEBUG] Eagerly caching bean &apos;itemCatController&apos; to allow for resolving potential circular references
2015-04-04 18:11:13,050 [main] [org.springframework.beans.factory.annotation.InjectionMetadata]-[DEBUG] Processing injected method of bean &apos;itemCatController&apos;: AutowiredFieldElement for private com.taotao.manage.service.ItemCatService com.taotao.manage.controller.ItemCatController.itemCatService
2015-04-04 18:11:13,050 [main] [org.springframework.beans.factory.support.DefaultListableBeanFactory]-[DEBUG] Creating shared instance of singleton bean &apos;itemCatService&apos;
2015-04-04 18:11:13,051 [main] [org.springframework.beans.factory.support.DefaultListableBeanFactory]-[DEBUG] Creating instance of bean &apos;itemCatService&apos;
2015-04-04 18:11:13,051 [main] [org.springframework.beans.factory.support.DefaultListableBeanFactory]-[DEBUG] Returning cached instance of singleton bean &apos;org.springframework.aop.support.DefaultBeanFactoryPointcutAdvisor#0&apos;
2015-04-04 18:11:13,051 [main] [org.springframework.beans.factory.annotation.InjectionMetadata]-[DEBUG] Registered injected element on class [com.taotao.manage.service.ItemCatService]: AutowiredFieldElement for private com.taotao.manage.base.mapper.TaotaoMapper com.taotao.manage.service.BaseService.taotaoMapper
2015-04-04 18:11:13,051 [main] [org.springframework.beans.factory.support.DefaultListableBeanFactory]-[DEBUG] Eagerly caching bean &apos;itemCatService&apos; to allow for resolving potential circular references
2015-04-04 18:11:13,052 [main] [org.springframework.beans.factory.annotation.InjectionMetadata]-[DEBUG] Processing injected method of bean &apos;itemCatService&apos;: AutowiredFieldElement for private com.taotao.manage.base.mapper.TaotaoMapper com.taotao.manage.service.BaseService.taotaoMapper
2015-04-04 18:11:13,052 [main] [org.springframework.beans.factory.support.DefaultListableBeanFactory]-[DEBUG] Returning cached instance of singleton bean &apos;itemCatMapper&apos;
2015-04-04 18:11:13,053 [main] [org.springframework.beans.factory.support.DefaultListableBeanFactory]-[DEBUG] Returning cached instance of singleton bean &apos;org.springframework.aop.support.DefaultBeanFactoryPointcutAdvisor#0&apos;
2015-04-04 18:11:13,053 [main] [org.springframework.beans.factory.support.DefaultListableBeanFactory]-[DEBUG] Returning cached instance of singleton bean &apos;org.springframework.aop.support.DefaultBeanFactoryPointcutAdvisor#0&apos;
2015-04-04 18:11:13,061 [main] [org.springframework.beans.factory.annotation.AutowiredAnnotationBeanPostProcessor]-[DEBUG] Autowiring by type from bean name &apos;itemCatService&apos; to bean named &apos;itemCatMapper&apos;
2015-04-04 18:11:13,061 [main] [org.springframework.beans.factory.support.DefaultListableBeanFactory]-[DEBUG] Returning cached instance of singleton bean &apos;org.springframework.aop.support.DefaultBeanFactoryPointcutAdvisor#0&apos;
2015-04-04 18:11:13,061 [main] [org.springframework.beans.factory.support.DefaultListableBeanFactory]-[DEBUG] Returning cached instance of singleton bean &apos;org.springframework.aop.support.DefaultBeanFactoryPointcutAdvisor#0&apos;
2015-04-04 18:11:13,061 [main] [org.springframework.aop.aspectj.autoproxy.AspectJAwareAdvisorAutoProxyCreator]-[DEBUG] Creating implicit proxy for bean &apos;itemCatService&apos; with 0 common interceptors and 2 specific interceptors
2015-04-04 18:11:13,062 [main] [org.springframework.aop.framework.CglibAopProxy]-[DEBUG] Creating CGLIB proxy: target source is SingletonTargetSource for target object [com.taotao.manage.service.ItemCatService@39150481]
2015-04-04 18:11:13,062 [main] [org.springframework.beans.factory.support.DefaultListableBeanFactory]-[DEBUG] Finished creating instance of bean &apos;itemCatService&apos;
2015-04-04 18:11:13,062 [main] [org.springframework.beans.factory.annotation.AutowiredAnnotationBeanPostProcessor]-[DEBUG] Autowiring by type from bean name &apos;itemCatController&apos; to bean named &apos;itemCatService&apos;
2015-04-04 18:11:13,062 [main] [org.springframework.beans.factory.support.DefaultListableBeanFactory]-[DEBUG] Returning cached instance of singleton bean &apos;org.springframework.aop.support.DefaultBeanFactoryPointcutAdvisor#0&apos;
2015-04-04 18:11:13,062 [main] [org.springframework.beans.factory.support.DefaultListableBeanFactory]-[DEBUG] Returning cached instance of singleton bean &apos;org.springframework.aop.support.DefaultBeanFactoryPointcutAdvisor#0&apos;
2015-04-04 18:11:13,063 [main] [org.springframework.beans.factory.support.DefaultListableBeanFactory]-[DEBUG] Finished creating instance of bean &apos;itemCatController&apos;
2015-04-04 18:11:13,063 [main] [org.springframework.beans.factory.support.DefaultListableBeanFactory]-[DEBUG] Creating shared instance of singleton bean &apos;itemController&apos;
2015-04-04 18:11:13,063 [main] [org.springframework.beans.factory.support.DefaultListableBeanFactory]-[DEBUG] Creating instance of bean &apos;itemController&apos;
2015-04-04 18:11:13,063 [main] [org.springframework.beans.factory.support.DefaultListableBeanFactory]-[DEBUG] Returning cached instance of singleton bean &apos;org.springframework.aop.support.DefaultBeanFactoryPointcutAdvisor#0&apos;
2015-04-04 18:11:13,064 [main] [org.springframework.beans.factory.annotation.InjectionMetadata]-[DEBUG] Registered injected element on class [com.taotao.manage.controller.ItemController]: AutowiredFieldElement for private com.taotao.manage.service.ItemService com.taotao.manage.controller.ItemController.itemService
2015-04-04 18:11:13,064 [main] [org.springframework.beans.factory.support.DefaultListableBeanFactory]-[DEBUG] Eagerly caching bean &apos;itemController&apos; to allow for resolving potential circular references
2015-04-04 18:11:13,064 [main] [org.springframework.beans.factory.annotation.InjectionMetadata]-[DEBUG] Processing injected method of bean &apos;itemController&apos;: AutowiredFieldElement for private com.taotao.manage.service.ItemService com.taotao.manage.controller.ItemController.itemService
2015-04-04 18:11:13,065 [main] [org.springframework.beans.factory.support.DefaultListableBeanFactory]-[DEBUG] Creating shared instance of singleton bean &apos;itemService&apos;
2015-04-04 18:11:13,065 [main] [org.springframework.beans.factory.support.DefaultListableBeanFactory]-[DEBUG] Creating instance of bean &apos;itemService&apos;
2015-04-04 18:11:13,065 [main] [org.springframework.beans.factory.support.DefaultListableBeanFactory]-[DEBUG] Returning cached instance of singleton bean &apos;org.springframework.aop.support.DefaultBeanFactoryPointcutAdvisor#0&apos;
2015-04-04 18:11:13,066 [main] [org.springframework.beans.factory.annotation.InjectionMetadata]-[DEBUG] Registered injected element on class [com.taotao.manage.service.ItemService]: AutowiredFieldElement for private com.taotao.manage.base.mapper.TaotaoMapper com.taotao.manage.service.BaseService.taotaoMapper
2015-04-04 18:11:13,066 [main] [org.springframework.beans.factory.annotation.InjectionMetadata]-[DEBUG] Registered injected element on class [com.taotao.manage.service.ItemService]: AutowiredFieldElement for private com.taotao.manage.service.ItemDescService com.taotao.manage.service.ItemService.itemDescService
2015-04-04 18:11:13,066 [main] [org.springframework.beans.factory.annotation.InjectionMetadata]-[DEBUG] Registered injected element on class [com.taotao.manage.service.ItemService]: AutowiredFieldElement for private com.taotao.manage.service.ItemParamItemService com.taotao.manage.service.ItemService.itemParamItemService
2015-04-04 18:11:13,066 [main] [org.springframework.beans.factory.support.DefaultListableBeanFactory]-[DEBUG] Eagerly caching bean &apos;itemService&apos; to allow for resolving potential circular references
2015-04-04 18:11:13,066 [main] [org.springframework.beans.factory.annotation.InjectionMetadata]-[DEBUG] Processing injected method of bean &apos;itemService&apos;: AutowiredFieldElement for private com.taotao.manage.base.mapper.TaotaoMapper com.taotao.manage.service.BaseService.taotaoMapper
2015-04-04 18:11:13,067 [main] [org.springframework.beans.factory.support.DefaultListableBeanFactory]-[DEBUG] Returning cached instance of singleton bean &apos;itemMapper&apos;
2015-04-04 18:11:13,067 [main] [org.springframework.beans.factory.support.DefaultListableBeanFactory]-[DEBUG] Returning cached instance of singleton bean &apos;org.springframework.aop.support.DefaultBeanFactoryPointcutAdvisor#0&apos;
2015-04-04 18:11:13,067 [main] [org.springframework.beans.factory.support.DefaultListableBeanFactory]-[DEBUG] Returning cached instance of singleton bean &apos;org.springframework.aop.support.DefaultBeanFactoryPointcutAdvisor#0&apos;
2015-04-04 18:11:13,070 [main] [org.springframework.beans.factory.annotation.AutowiredAnnotationBeanPostProcessor]-[DEBUG] Autowiring by type from bean name &apos;itemService&apos; to bean named &apos;itemMapper&apos;
2015-04-04 18:11:13,070 [main] [org.springframework.beans.factory.annotation.InjectionMetadata]-[DEBUG] Processing injected method of bean &apos;itemService&apos;: AutowiredFieldElement for private com.taotao.manage.service.ItemDescService com.taotao.manage.service.ItemService.itemDescService
2015-04-04 18:11:13,071 [main] [org.springframework.beans.factory.support.DefaultListableBeanFactory]-[DEBUG] Creating shared instance of singleton bean &apos;itemDescService&apos;
2015-04-04 18:11:13,071 [main] [org.springframework.beans.factory.support.DefaultListableBeanFactory]-[DEBUG] Creating instance of bean &apos;itemDescService&apos;
2015-04-04 18:11:13,071 [main] [org.springframework.beans.factory.support.DefaultListableBeanFactory]-[DEBUG] Returning cached instance of singleton bean &apos;org.springframework.aop.support.DefaultBeanFactoryPointcutAdvisor#0&apos;
2015-04-04 18:11:13,071 [main] [org.springframework.beans.factory.annotation.InjectionMetadata]-[DEBUG] Registered injected element on class [com.taotao.manage.service.ItemDescService]: AutowiredFieldElement for private com.taotao.manage.base.mapper.TaotaoMapper com.taotao.manage.service.BaseService.taotaoMapper
2015-04-04 18:11:13,071 [main] [org.springframework.beans.factory.support.DefaultListableBeanFactory]-[DEBUG] Eagerly caching bean &apos;itemDescService&apos; to allow for resolving potential circular references
2015-04-04 18:11:13,072 [main] [org.springframework.beans.factory.annotation.InjectionMetadata]-[DEBUG] Processing injected method of bean &apos;itemDescService&apos;: AutowiredFieldElement for private com.taotao.manage.base.mapper.TaotaoMapper com.taotao.manage.service.BaseService.taotaoMapper
2015-04-04 18:11:13,072 [main] [org.springframework.beans.factory.support.DefaultListableBeanFactory]-[DEBUG] Returning cached instance of singleton bean &apos;itemDescMapper&apos;
2015-04-04 18:11:13,072 [main] [org.springframework.beans.factory.support.DefaultListableBeanFactory]-[DEBUG] Returning cached instance of singleton bean &apos;org.springframework.aop.support.DefaultBeanFactoryPointcutAdvisor#0&apos;
2015-04-04 18:11:13,072 [main] [org.springframework.beans.factory.support.DefaultListableBeanFactory]-[DEBUG] Returning cached instance of singleton bean &apos;org.springframework.aop.support.DefaultBeanFactoryPointcutAdvisor#0&apos;
2015-04-04 18:11:13,075 [main] [org.springframework.beans.factory.annotation.AutowiredAnnotationBeanPostProcessor]-[DEBUG] Autowiring by type from bean name &apos;itemDescService&apos; to bean named &apos;itemDescMapper&apos;
2015-04-04 18:11:13,075 [main] [org.springframework.beans.factory.support.DefaultListableBeanFactory]-[DEBUG] Returning cached instance of singleton bean &apos;org.springframework.aop.support.DefaultBeanFactoryPointcutAdvisor#0&apos;
2015-04-04 18:11:13,076 [main] [org.springframework.beans.factory.support.DefaultListableBeanFactory]-[DEBUG] Returning cached instance of singleton bean &apos;org.springframework.aop.support.DefaultBeanFactoryPointcutAdvisor#0&apos;
2015-04-04 18:11:13,076 [main] [org.springframework.aop.aspectj.autoproxy.AspectJAwareAdvisorAutoProxyCreator]-[DEBUG] Creating implicit proxy for bean &apos;itemDescService&apos; with 0 common interceptors and 2 specific interceptors
2015-04-04 18:11:13,076 [main] [org.springframework.aop.framework.CglibAopProxy]-[DEBUG] Creating CGLIB proxy: target source is SingletonTargetSource for target object [com.taotao.manage.service.ItemDescService@453029db]
2015-04-04 18:11:13,076 [main] [org.springframework.beans.factory.support.DefaultListableBeanFactory]-[DEBUG] Finished creating instance of bean &apos;itemDescService&apos;
2015-04-04 18:11:13,077 [main] [org.springframework.beans.factory.annotation.AutowiredAnnotationBeanPostProcessor]-[DEBUG] Autowiring by type from bean name &apos;itemService&apos; to bean named &apos;itemDescService&apos;
2015-04-04 18:11:13,077 [main] [org.springframework.beans.factory.annotation.InjectionMetadata]-[DEBUG] Processing injected method of bean &apos;itemService&apos;: AutowiredFieldElement for private com.taotao.manage.service.ItemParamItemService com.taotao.manage.service.ItemService.itemParamItemService
2015-04-04 18:11:13,077 [main] [org.springframework.beans.factory.support.DefaultListableBeanFactory]-[DEBUG] Creating shared instance of singleton bean &apos;itemParamItemService&apos;
2015-04-04 18:11:13,077 [main] [org.springframework.beans.factory.support.DefaultListableBeanFactory]-[DEBUG] Creating instance of bean &apos;itemParamItemService&apos;
2015-04-04 18:11:13,077 [main] [org.springframework.beans.factory.support.DefaultListableBeanFactory]-[DEBUG] Returning cached instance of singleton bean &apos;org.springframework.aop.support.DefaultBeanFactoryPointcutAdvisor#0&apos;
2015-04-04 18:11:13,078 [main] [org.springframework.beans.factory.annotation.InjectionMetadata]-[DEBUG] Registered injected element on class [com.taotao.manage.service.ItemParamItemService]: AutowiredFieldElement for private com.taotao.manage.base.mapper.TaotaoMapper com.taotao.manage.service.BaseService.taotaoMapper
2015-04-04 18:11:13,078 [main] [org.springframework.beans.factory.support.DefaultListableBeanFactory]-[DEBUG] Eagerly caching bean &apos;itemParamItemService&apos; to allow for resolving potential circular references
2015-04-04 18:11:13,078 [main] [org.springframework.beans.factory.annotation.InjectionMetadata]-[DEBUG] Processing injected method of bean &apos;itemParamItemService&apos;: AutowiredFieldElement for private com.taotao.manage.base.mapper.TaotaoMapper com.taotao.manage.service.BaseService.taotaoMapper
2015-04-04 18:11:13,079 [main] [org.springframework.beans.factory.support.DefaultListableBeanFactory]-[DEBUG] Returning cached instance of singleton bean &apos;itemParamItemMapper&apos;
2015-04-04 18:11:13,079 [main] [org.springframework.beans.factory.support.DefaultListableBeanFactory]-[DEBUG] Returning cached instance of singleton bean &apos;org.springframework.aop.support.DefaultBeanFactoryPointcutAdvisor#0&apos;
2015-04-04 18:11:13,079 [main] [org.springframework.beans.factory.support.DefaultListableBeanFactory]-[DEBUG] Returning cached instance of singleton bean &apos;org.springframework.aop.support.DefaultBeanFactoryPointcutAdvisor#0&apos;
2015-04-04 18:11:13,081 [main] [org.springframework.beans.factory.annotation.AutowiredAnnotationBeanPostProcessor]-[DEBUG] Autowiring by type from bean name &apos;itemParamItemService&apos; to bean named &apos;itemParamItemMapper&apos;
2015-04-04 18:11:13,081 [main] [org.springframework.beans.factory.support.DefaultListableBeanFactory]-[DEBUG] Returning cached instance of singleton bean &apos;org.springframework.aop.support.DefaultBeanFactoryPointcutAdvisor#0&apos;
2015-04-04 18:11:13,081 [main] [org.springframework.beans.factory.support.DefaultListableBeanFactory]-[DEBUG] Returning cached instance of singleton bean &apos;org.springframework.aop.support.DefaultBeanFactoryPointcutAdvisor#0&apos;
2015-04-04 18:11:13,081 [main] [org.springframework.aop.aspectj.autoproxy.AspectJAwareAdvisorAutoProxyCreator]-[DEBUG] Creating implicit proxy for bean &apos;itemParamItemService&apos; with 0 common interceptors and 2 specific interceptors
2015-04-04 18:11:13,082 [main] [org.springframework.aop.framework.CglibAopProxy]-[DEBUG] Creating CGLIB proxy: target source is SingletonTargetSource for target object [com.taotao.manage.service.ItemParamItemService@41c70651]
2015-04-04 18:11:13,082 [main] [org.springframework.beans.factory.support.DefaultListableBeanFactory]-[DEBUG] Finished creating instance of bean &apos;itemParamItemService&apos;
2015-04-04 18:11:13,082 [main] [org.springframework.beans.factory.annotation.AutowiredAnnotationBeanPostProcessor]-[DEBUG] Autowiring by type from bean name &apos;itemService&apos; to bean named &apos;itemParamItemService&apos;
2015-04-04 18:11:13,082 [main] [org.springframework.beans.factory.support.DefaultListableBeanFactory]-[DEBUG] Returning cached instance of singleton bean &apos;org.springframework.aop.support.DefaultBeanFactoryPointcutAdvisor#0&apos;
2015-04-04 18:11:13,082 [main] [org.springframework.beans.factory.support.DefaultListableBeanFactory]-[DEBUG] Returning cached instance of singleton bean &apos;org.springframework.aop.support.DefaultBeanFactoryPointcutAdvisor#0&apos;
2015-04-04 18:11:13,083 [main] [org.springframework.aop.aspectj.autoproxy.AspectJAwareAdvisorAutoProxyCreator]-[DEBUG] Creating implicit proxy for bean &apos;itemService&apos; with 0 common interceptors and 2 specific interceptors
2015-04-04 18:11:13,083 [main] [org.springframework.aop.framework.CglibAopProxy]-[DEBUG] Creating CGLIB proxy: target source is SingletonTargetSource for target object [com.taotao.manage.service.ItemService@f8d6ec4]
2015-04-04 18:11:13,083 [main] [org.springframework.beans.factory.support.DefaultListableBeanFactory]-[DEBUG] Finished creating instance of bean &apos;itemService&apos;
2015-04-04 18:11:13,083 [main] [org.springframework.beans.factory.annotation.AutowiredAnnotationBeanPostProcessor]-[DEBUG] Autowiring by type from bean name &apos;itemController&apos; to bean named &apos;itemService&apos;
2015-04-04 18:11:13,083 [main] [org.springframework.beans.factory.support.DefaultListableBeanFactory]-[DEBUG] Returning cached instance of singleton bean &apos;org.springframework.aop.support.DefaultBeanFactoryPointcutAdvisor#0&apos;
2015-04-04 18:11:13,083 [main] [org.springframework.beans.factory.support.DefaultListableBeanFactory]-[DEBUG] Returning cached instance of singleton bean &apos;org.springframework.aop.support.DefaultBeanFactoryPointcutAdvisor#0&apos;
2015-04-04 18:11:13,084 [main] [org.springframework.beans.factory.support.DefaultListableBeanFactory]-[DEBUG] Finished creating instance of bean &apos;itemController&apos;
2015-04-04 18:11:13,084 [main] [org.springframework.beans.factory.support.DefaultListableBeanFactory]-[DEBUG] Creating shared instance of singleton bean &apos;itemParamController&apos;
2015-04-04 18:11:13,084 [main] [org.springframework.beans.factory.support.DefaultListableBeanFactory]-[DEBUG] Creating instance of bean &apos;itemParamController&apos;
2015-04-04 18:11:13,084 [main] [org.springframework.beans.factory.support.DefaultListableBeanFactory]-[DEBUG] Returning cached instance of singleton bean &apos;org.springframework.aop.support.DefaultBeanFactoryPointcutAdvisor#0&apos;
2015-04-04 18:11:13,085 [main] [org.springframework.beans.factory.annotation.InjectionMetadata]-[DEBUG] Registered injected element on class [com.taotao.manage.controller.ItemParamController]: AutowiredFieldElement for private com.taotao.manage.service.ItemParamService com.taotao.manage.controller.ItemParamController.itemParamService
2015-04-04 18:11:13,085 [main] [org.springframework.beans.factory.support.DefaultListableBeanFactory]-[DEBUG] Eagerly caching bean &apos;itemParamController&apos; to allow for resolving potential circular references
2015-04-04 18:11:13,085 [main] [org.springframework.beans.factory.annotation.InjectionMetadata]-[DEBUG] Processing injected method of bean &apos;itemParamController&apos;: AutowiredFieldElement for private com.taotao.manage.service.ItemParamService com.taotao.manage.controller.ItemParamController.itemParamService
2015-04-04 18:11:13,085 [main] [org.springframework.beans.factory.support.DefaultListableBeanFactory]-[DEBUG] Creating shared instance of singleton bean &apos;itemParamService&apos;
2015-04-04 18:11:13,085 [main] [org.springframework.beans.factory.support.DefaultListableBeanFactory]-[DEBUG] Creating instance of bean &apos;itemParamService&apos;
2015-04-04 18:11:13,085 [main] [org.springframework.beans.factory.support.DefaultListableBeanFactory]-[DEBUG] Returning cached instance of singleton bean &apos;org.springframework.aop.support.DefaultBeanFactoryPointcutAdvisor#0&apos;
2015-04-04 18:11:13,086 [main] [org.springframework.beans.factory.annotation.InjectionMetadata]-[DEBUG] Registered injected element on class [com.taotao.manage.service.ItemParamService]: AutowiredFieldElement for private com.taotao.manage.base.mapper.TaotaoMapper com.taotao.manage.service.BaseService.taotaoMapper
2015-04-04 18:11:13,086 [main] [org.springframework.beans.factory.support.DefaultListableBeanFactory]-[DEBUG] Eagerly caching bean &apos;itemParamService&apos; to allow for resolving potential circular references
2015-04-04 18:11:13,086 [main] [org.springframework.beans.factory.annotation.InjectionMetadata]-[DEBUG] Processing injected method of bean &apos;itemParamService&apos;: AutowiredFieldElement for private com.taotao.manage.base.mapper.TaotaoMapper com.taotao.manage.service.BaseService.taotaoMapper
2015-04-04 18:11:13,087 [main] [org.springframework.beans.factory.support.DefaultListableBeanFactory]-[DEBUG] Returning cached instance of singleton bean &apos;itemParamMapper&apos;
2015-04-04 18:11:13,087 [main] [org.springframework.beans.factory.support.DefaultListableBeanFactory]-[DEBUG] Returning cached instance of singleton bean &apos;org.springframework.aop.support.DefaultBeanFactoryPointcutAdvisor#0&apos;
2015-04-04 18:11:13,087 [main] [org.springframework.beans.factory.support.DefaultListableBeanFactory]-[DEBUG] Returning cached instance of singleton bean &apos;org.springframework.aop.support.DefaultBeanFactoryPointcutAdvisor#0&apos;
2015-04-04 18:11:13,088 [main] [org.springframework.beans.factory.annotation.AutowiredAnnotationBeanPostProcessor]-[DEBUG] Autowiring by type from bean name &apos;itemParamService&apos; to bean named &apos;itemParamMapper&apos;
2015-04-04 18:11:13,089 [main] [org.springframework.beans.factory.support.DefaultListableBeanFactory]-[DEBUG] Returning cached instance of singleton bean &apos;org.springframework.aop.support.DefaultBeanFactoryPointcutAdvisor#0&apos;
2015-04-04 18:11:13,089 [main] [org.springframework.beans.factory.support.DefaultListableBeanFactory]-[DEBUG] Returning cached instance of singleton bean &apos;org.springframework.aop.support.DefaultBeanFactoryPointcutAdvisor#0&apos;
2015-04-04 18:11:13,089 [main] [org.springframework.aop.aspectj.autoproxy.AspectJAwareAdvisorAutoProxyCreator]-[DEBUG] Creating implicit proxy for bean &apos;itemParamService&apos; with 0 common interceptors and 2 specific interceptors
2015-04-04 18:11:13,089 [main] [org.springframework.aop.framework.CglibAopProxy]-[DEBUG] Creating CGLIB proxy: target source is SingletonTargetSource for target object [com.taotao.manage.service.ItemParamService@6f2af86b]
2015-04-04 18:11:13,089 [main] [org.springframework.beans.factory.support.DefaultListableBeanFactory]-[DEBUG] Finished creating instance of bean &apos;itemParamService&apos;
2015-04-04 18:11:13,089 [main] [org.springframework.beans.factory.annotation.AutowiredAnnotationBeanPostProcessor]-[DEBUG] Autowiring by type from bean name &apos;itemParamController&apos; to bean named &apos;itemParamService&apos;
2015-04-04 18:11:13,090 [main] [org.springframework.beans.factory.support.DefaultListableBeanFactory]-[DEBUG] Returning cached instance of singleton bean &apos;org.springframework.aop.support.DefaultBeanFactoryPointcutAdvisor#0&apos;
2015-04-04 18:11:13,090 [main] [org.springframework.beans.factory.support.DefaultListableBeanFactory]-[DEBUG] Returning cached instance of singleton bean &apos;org.springframework.aop.support.DefaultBeanFactoryPointcutAdvisor#0&apos;
2015-04-04 18:11:13,090 [main] [org.springframework.beans.factory.support.DefaultListableBeanFactory]-[DEBUG] Finished creating instance of bean &apos;itemParamController&apos;
2015-04-04 18:11:13,090 [main] [org.springframework.beans.factory.support.DefaultListableBeanFactory]-[DEBUG] Creating shared instance of singleton bean &apos;pageController&apos;
2015-04-04 18:11:13,090 [main] [org.springframework.beans.factory.support.DefaultListableBeanFactory]-[DEBUG] Creating instance of bean &apos;pageController&apos;
2015-04-04 18:11:13,090 [main] [org.springframework.beans.factory.support.DefaultListableBeanFactory]-[DEBUG] Returning cached instance of singleton bean &apos;org.springframework.aop.support.DefaultBeanFactoryPointcutAdvisor#0&apos;
2015-04-04 18:11:13,090 [main] [org.springframework.beans.factory.support.DefaultListableBeanFactory]-[DEBUG] Eagerly caching bean &apos;pageController&apos; to allow for resolving potential circular references
2015-04-04 18:11:13,091 [main] [org.springframework.beans.factory.support.DefaultListableBeanFactory]-[DEBUG] Returning cached instance of singleton bean &apos;org.springframework.aop.support.DefaultBeanFactoryPointcutAdvisor#0&apos;
2015-04-04 18:11:13,091 [main] [org.springframework.beans.factory.support.DefaultListableBeanFactory]-[DEBUG] Returning cached instance of singleton bean &apos;org.springframework.aop.support.DefaultBeanFactoryPointcutAdvisor#0&apos;
2015-04-04 18:11:13,091 [main] [org.springframework.beans.factory.support.DefaultListableBeanFactory]-[DEBUG] Finished creating instance of bean &apos;pageController&apos;
2015-04-04 18:11:13,091 [main] [org.springframework.beans.factory.support.DefaultListableBeanFactory]-[DEBUG] Creating shared instance of singleton bean &apos;picUploadController&apos;
2015-04-04 18:11:13,091 [main] [org.springframework.beans.factory.support.DefaultListableBeanFactory]-[DEBUG] Creating instance of bean &apos;picUploadController&apos;
2015-04-04 18:11:13,091 [main] [org.springframework.beans.factory.support.DefaultListableBeanFactory]-[DEBUG] Returning cached instance of singleton bean &apos;org.springframework.aop.support.DefaultBeanFactoryPointcutAdvisor#0&apos;
2015-04-04 18:11:13,092 [main] [org.springframework.beans.factory.annotation.InjectionMetadata]-[DEBUG] Registered injected element on class [com.taotao.manage.controller.PicUploadController]: AutowiredFieldElement for private com.taotao.manage.service.PicUploadService com.taotao.manage.controller.PicUploadController.picUploadService
2015-04-04 18:11:13,092 [main] [org.springframework.beans.factory.support.DefaultListableBeanFactory]-[DEBUG] Eagerly caching bean &apos;picUploadController&apos; to allow for resolving potential circular references
2015-04-04 18:11:13,092 [main] [org.springframework.beans.factory.annotation.InjectionMetadata]-[DEBUG] Processing injected method of bean &apos;picUploadController&apos;: AutowiredFieldElement for private com.taotao.manage.service.PicUploadService com.taotao.manage.controller.PicUploadController.picUploadService
2015-04-04 18:11:13,092 [main] [org.springframework.beans.factory.support.DefaultListableBeanFactory]-[DEBUG] Creating shared instance of singleton bean &apos;picUploadService&apos;
2015-04-04 18:11:13,092 [main] [org.springframework.beans.factory.support.DefaultListableBeanFactory]-[DEBUG] Creating instance of bean &apos;picUploadService&apos;
2015-04-04 18:11:13,093 [main] [org.springframework.beans.factory.support.DefaultListableBeanFactory]-[DEBUG] Returning cached instance of singleton bean &apos;org.springframework.aop.support.DefaultBeanFactoryPointcutAdvisor#0&apos;
2015-04-04 18:11:13,093 [main] [org.springframework.beans.factory.annotation.InjectionMetadata]-[DEBUG] Registered injected element on class [com.taotao.manage.service.PicUploadService]: AutowiredFieldElement for public java.lang.String com.taotao.manage.service.PicUploadService.REPOSITORY_PATH
2015-04-04 18:11:13,093 [main] [org.springframework.beans.factory.annotation.InjectionMetadata]-[DEBUG] Registered injected element on class [com.taotao.manage.service.PicUploadService]: AutowiredFieldElement for public java.lang.String com.taotao.manage.service.PicUploadService.IMAGE_BASE_URL
2015-04-04 18:11:13,093 [main] [org.springframework.beans.factory.support.DefaultListableBeanFactory]-[DEBUG] Eagerly caching bean &apos;picUploadService&apos; to allow for resolving potential circular references
2015-04-04 18:11:13,093 [main] [org.springframework.beans.factory.annotation.InjectionMetadata]-[DEBUG] Processing injected method of bean &apos;picUploadService&apos;: AutowiredFieldElement for public java.lang.String com.taotao.manage.service.PicUploadService.REPOSITORY_PATH
2015-04-04 18:11:13,094 [main] [org.springframework.beans.factory.annotation.InjectionMetadata]-[DEBUG] Processing injected method of bean &apos;picUploadService&apos;: AutowiredFieldElement for public java.lang.String com.taotao.manage.service.PicUploadService.IMAGE_BASE_URL
2015-04-04 18:11:13,094 [main] [org.springframework.beans.factory.support.DefaultListableBeanFactory]-[DEBUG] Returning cached instance of singleton bean &apos;org.springframework.aop.support.DefaultBeanFactoryPointcutAdvisor#0&apos;
2015-04-04 18:11:13,094 [main] [org.springframework.beans.factory.support.DefaultListableBeanFactory]-[DEBUG] Returning cached instance of singleton bean &apos;org.springframework.aop.support.DefaultBeanFactoryPointcutAdvisor#0&apos;
2015-04-04 18:11:13,095 [main] [org.springframework.beans.factory.support.DefaultListableBeanFactory]-[DEBUG] Finished creating instance of bean &apos;picUploadService&apos;
2015-04-04 18:11:13,095 [main] [org.springframework.beans.factory.annotation.AutowiredAnnotationBeanPostProcessor]-[DEBUG] Autowiring by type from bean name &apos;picUploadController&apos; to bean named &apos;picUploadService&apos;
2015-04-04 18:11:13,095 [main] [org.springframework.beans.factory.support.DefaultListableBeanFactory]-[DEBUG] Returning cached instance of singleton bean &apos;org.springframework.aop.support.DefaultBeanFactoryPointcutAdvisor#0&apos;
2015-04-04 18:11:13,095 [main] [org.springframework.beans.factory.support.DefaultListableBeanFactory]-[DEBUG] Returning cached instance of singleton bean &apos;org.springframework.aop.support.DefaultBeanFactoryPointcutAdvisor#0&apos;
2015-04-04 18:11:13,095 [main] [org.springframework.beans.factory.support.DefaultListableBeanFactory]-[DEBUG] Finished creating instance of bean &apos;picUploadController&apos;
2015-04-04 18:11:13,095 [main] [org.springframework.beans.factory.support.DefaultListableBeanFactory]-[DEBUG] Creating shared instance of singleton bean &apos;webItemCatController&apos;
2015-04-04 18:11:13,095 [main] [org.springframework.beans.factory.support.DefaultListableBeanFactory]-[DEBUG] Creating instance of bean &apos;webItemCatController&apos;
2015-04-04 18:11:13,095 [main] [org.springframework.beans.factory.support.DefaultListableBeanFactory]-[DEBUG] Returning cached instance of singleton bean &apos;org.springframework.aop.support.DefaultBeanFactoryPointcutAdvisor#0&apos;
2015-04-04 18:11:13,096 [main] [org.springframework.beans.factory.annotation.InjectionMetadata]-[DEBUG] Registered injected element on class [com.taotao.manage.controller.web.WebItemCatController]: AutowiredFieldElement for private com.taotao.manage.service.ItemCatService com.taotao.manage.controller.web.WebItemCatController.itemCatService
2015-04-04 18:11:13,096 [main] [org.springframework.beans.factory.support.DefaultListableBeanFactory]-[DEBUG] Eagerly caching bean &apos;webItemCatController&apos; to allow for resolving potential circular references
2015-04-04 18:11:13,096 [main] [org.springframework.beans.factory.annotation.InjectionMetadata]-[DEBUG] Processing injected method of bean &apos;webItemCatController&apos;: AutowiredFieldElement for private com.taotao.manage.service.ItemCatService com.taotao.manage.controller.web.WebItemCatController.itemCatService
2015-04-04 18:11:13,097 [main] [org.springframework.beans.factory.support.DefaultListableBeanFactory]-[DEBUG] Returning cached instance of singleton bean &apos;itemCatService&apos;
2015-04-04 18:11:13,097 [main] [org.springframework.beans.factory.annotation.AutowiredAnnotationBeanPostProcessor]-[DEBUG] Autowiring by type from bean name &apos;webItemCatController&apos; to bean named &apos;itemCatService&apos;
2015-04-04 18:11:13,097 [main] [org.springframework.beans.factory.support.DefaultListableBeanFactory]-[DEBUG] Returning cached instance of singleton bean &apos;org.springframework.aop.support.DefaultBeanFactoryPointcutAdvisor#0&apos;
2015-04-04 18:11:13,097 [main] [org.springframework.beans.factory.support.DefaultListableBeanFactory]-[DEBUG] Returning cached instance of singleton bean &apos;org.springframework.aop.support.DefaultBeanFactoryPointcutAdvisor#0&apos;
2015-04-04 18:11:13,097 [main] [org.springframework.beans.factory.support.DefaultListableBeanFactory]-[DEBUG] Finished creating instance of bean &apos;webItemCatController&apos;
2015-04-04 18:11:13,097 [main] [org.springframework.beans.factory.support.DefaultListableBeanFactory]-[DEBUG] Returning cached instance of singleton bean &apos;contentCategoryService&apos;
2015-04-04 18:11:13,097 [main] [org.springframework.beans.factory.support.DefaultListableBeanFactory]-[DEBUG] Returning cached instance of singleton bean &apos;contentService&apos;
2015-04-04 18:11:13,097 [main] [org.springframework.beans.factory.support.DefaultListableBeanFactory]-[DEBUG] Returning cached instance of singleton bean &apos;itemCatService&apos;
2015-04-04 18:11:13,097 [main] [org.springframework.beans.factory.support.DefaultListableBeanFactory]-[DEBUG] Returning cached instance of singleton bean &apos;itemDescService&apos;
2015-04-04 18:11:13,098 [main] [org.springframework.beans.factory.support.DefaultListableBeanFactory]-[DEBUG] Returning cached instance of singleton bean &apos;itemParamItemService&apos;
2015-04-04 18:11:13,098 [main] [org.springframework.beans.factory.support.DefaultListableBeanFactory]-[DEBUG] Returning cached instance of singleton bean &apos;itemParamService&apos;
2015-04-04 18:11:13,098 [main] [org.springframework.beans.factory.support.DefaultListableBeanFactory]-[DEBUG] Returning cached instance of singleton bean &apos;itemService&apos;
2015-04-04 18:11:13,098 [main] [org.springframework.beans.factory.support.DefaultListableBeanFactory]-[DEBUG] Returning cached instance of singleton bean &apos;picUploadService&apos;
2015-04-04 18:11:13,098 [main] [org.springframework.beans.factory.support.DefaultListableBeanFactory]-[DEBUG] Returning cached instance of singleton bean &apos;org.springframework.context.annotation.internalConfigurationAnnotationProcessor&apos;
2015-04-04 18:11:13,098 [main] [org.springframework.beans.factory.support.DefaultListableBeanFactory]-[DEBUG] Returning cached instance of singleton bean &apos;org.springframework.context.annotation.internalAutowiredAnnotationProcessor&apos;
2015-04-04 18:11:13,098 [main] [org.springframework.beans.factory.support.DefaultListableBeanFactory]-[DEBUG] Returning cached instance of singleton bean &apos;org.springframework.context.annotation.internalRequiredAnnotationProcessor&apos;
2015-04-04 18:11:13,098 [main] [org.springframework.beans.factory.support.DefaultListableBeanFactory]-[DEBUG] Returning cached instance of singleton bean &apos;org.springframework.context.annotation.internalCommonAnnotationProcessor&apos;
2015-04-04 18:11:13,098 [main] [org.springframework.beans.factory.support.DefaultListableBeanFactory]-[DEBUG] Returning cached instance of singleton bean &apos;dataSource&apos;
2015-04-04 18:11:13,098 [main] [org.springframework.beans.factory.support.DefaultListableBeanFactory]-[DEBUG] Returning cached instance of singleton bean &apos;org.springframework.context.annotation.ConfigurationClassPostProcessor.importAwareProcessor&apos;
2015-04-04 18:11:13,098 [main] [org.springframework.beans.factory.support.DefaultListableBeanFactory]-[DEBUG] Returning cached instance of singleton bean &apos;org.springframework.context.annotation.ConfigurationClassPostProcessor.enhancedConfigurationProcessor&apos;
2015-04-04 18:11:13,098 [main] [org.springframework.beans.factory.support.DefaultListableBeanFactory]-[DEBUG] Returning cached instance of singleton bean &apos;contentCategoryMapper&apos;
2015-04-04 18:11:13,098 [main] [org.springframework.beans.factory.support.DefaultListableBeanFactory]-[DEBUG] Returning cached instance of singleton bean &apos;contentMapper&apos;
2015-04-04 18:11:13,098 [main] [org.springframework.beans.factory.support.DefaultListableBeanFactory]-[DEBUG] Returning cached instance of singleton bean &apos;itemCatMapper&apos;
2015-04-04 18:11:13,098 [main] [org.springframework.beans.factory.support.DefaultListableBeanFactory]-[DEBUG] Returning cached instance of singleton bean &apos;itemDescMapper&apos;
2015-04-04 18:11:13,098 [main] [org.springframework.beans.factory.support.DefaultListableBeanFactory]-[DEBUG] Returning cached instance of singleton bean &apos;itemMapper&apos;
2015-04-04 18:11:13,099 [main] [org.springframework.beans.factory.support.DefaultListableBeanFactory]-[DEBUG] Returning cached instance of singleton bean &apos;itemParamItemMapper&apos;
2015-04-04 18:11:13,099 [main] [org.springframework.beans.factory.support.DefaultListableBeanFactory]-[DEBUG] Returning cached instance of singleton bean &apos;itemParamMapper&apos;
2015-04-04 18:11:13,099 [main] [org.springframework.context.support.ClassPathXmlApplicationContext]-[DEBUG] Unable to locate LifecycleProcessor with name &apos;lifecycleProcessor&apos;: using default [org.springframework.context.support.DefaultLifecycleProcessor@22d13691]
2015-04-04 18:11:13,099 [main] [org.springframework.beans.factory.support.DefaultListableBeanFactory]-[DEBUG] Returning cached instance of singleton bean &apos;lifecycleProcessor&apos;
2015-04-04 18:11:13,099 [main] [org.springframework.beans.factory.support.DefaultListableBeanFactory]-[DEBUG] Returning cached instance of singleton bean &apos;sqlSessionFactory&apos;
2015-04-04 18:11:13,099 [main] [org.springframework.core.env.PropertySourcesPropertyResolver]-[DEBUG] Searching for key &apos;spring.liveBeansView.mbeanDomain&apos; in [systemProperties]
2015-04-04 18:11:13,099 [main] [org.springframework.core.env.PropertySourcesPropertyResolver]-[DEBUG] Searching for key &apos;spring.liveBeansView.mbeanDomain&apos; in [systemEnvironment]
2015-04-04 18:11:13,100 [main] [org.springframework.core.env.PropertySourcesPropertyResolver]-[DEBUG] Could not find key &apos;spring.liveBeansView.mbeanDomain&apos; in any property source. Returning [null]
2015-04-04 18:11:13,100 [main] [org.springframework.beans.factory.support.DefaultListableBeanFactory]-[DEBUG] Returning cached instance of singleton bean &apos;itemMapper&apos;
</system-out>
  </testcase>
</testsuite>